

================================================================
== Vitis HLS Report for 'dense_latency_ap_fixed_16_6_5_3_0_ap_fixed_16_6_5_3_0_config4_s'
================================================================
* Date:           Fri Feb 20 14:05:37 2026

* Version:        2023.2 (Build 4023990 on Oct 11 2023)
* Project:        myproject_prj
* Solution:       solution1 (Vivado IP Flow Target)
* Product family: artix7
* Target device:  xc7a50t-csg324-1


================================================================
== Performance Estimates
================================================================
+ Timing: 
    * Summary: 
    +--------+---------+----------+------------+
    |  Clock |  Target | Estimated| Uncertainty|
    +--------+---------+----------+------------+
    |ap_clk  |  5.00 ns|  4.271 ns|     0.62 ns|
    +--------+---------+----------+------------+

+ Latency: 
    * Summary: 
    +---------+---------+-----------+-----------+-----+-----+---------+
    |  Latency (cycles) |   Latency (absolute)  |  Interval | Pipeline|
    |   min   |   max   |    min    |    max    | min | max |   Type  |
    +---------+---------+-----------+-----------+-----+-----+---------+
    |        5|        5|  25.000 ns|  25.000 ns|    4|    4|      yes|
    +---------+---------+-----------+-----------+-----+-----+---------+

    + Detail: 
        * Instance: 
        N/A

        * Loop: 
        N/A



================================================================
== Utilization Estimates
================================================================
* Summary: 
+-----------------+---------+-----+-------+-------+-----+
|       Name      | BRAM_18K| DSP |   FF  |  LUT  | URAM|
+-----------------+---------+-----+-------+-------+-----+
|DSP              |        -|    -|      -|      -|    -|
|Expression       |        -|    -|      0|    474|    -|
|FIFO             |        -|    -|      -|      -|    -|
|Instance         |        -|    5|    335|     10|    -|
|Memory           |        -|    -|      -|      -|    -|
|Multiplexer      |        -|    -|      -|    201|    -|
|Register         |        -|    -|    459|      -|    -|
+-----------------+---------+-----+-------+-------+-----+
|Total            |        0|    5|    794|    685|    0|
+-----------------+---------+-----+-------+-------+-----+
|Available        |      150|  120|  65200|  32600|    0|
+-----------------+---------+-----+-------+-------+-----+
|Utilization (%)  |        0|    4|      1|      2|    0|
+-----------------+---------+-----+-------+-------+-----+

+ Detail: 
    * Instance: 
    +-------------------------+---------------------+---------+----+----+----+-----+
    |         Instance        |        Module       | BRAM_18K| DSP| FF | LUT| URAM|
    +-------------------------+---------------------+---------+----+----+----+-----+
    |mul_16s_10s_26_2_1_U31   |mul_16s_10s_26_2_1   |        0|   1|  67|   2|    0|
    |mul_16s_11ns_26_2_1_U28  |mul_16s_11ns_26_2_1  |        0|   1|  67|   2|    0|
    |mul_16s_11s_26_2_1_U27   |mul_16s_11s_26_2_1   |        0|   1|  67|   2|    0|
    |mul_16s_12ns_26_2_1_U30  |mul_16s_12ns_26_2_1  |        0|   1|  67|   2|    0|
    |mul_16s_12s_26_2_1_U29   |mul_16s_12s_26_2_1   |        0|   1|  67|   2|    0|
    +-------------------------+---------------------+---------+----+----+----+-----+
    |Total                    |                     |        0|   5| 335|  10|    0|
    +-------------------------+---------------------+---------+----+----+----+-----+

    * DSP: 
    N/A

    * Memory: 
    N/A

    * FIFO: 
    N/A

    * Expression: 
    +-----------------------+----------+----+---+----+------------+------------+
    |     Variable Name     | Operation| DSP| FF| LUT| Bitwidth P0| Bitwidth P1|
    +-----------------------+----------+----+---+----+------------+------------+
    |add_ln58_61_fu_775_p2  |         +|   0|  0|  16|          16|          16|
    |add_ln58_62_fu_730_p2  |         +|   0|  0|  16|          16|          16|
    |add_ln58_63_fu_678_p2  |         +|   0|  0|  23|          16|           7|
    |add_ln58_64_fu_736_p2  |         +|   0|  0|  16|          16|          16|
    |add_ln58_65_fu_780_p2  |         +|   0|  0|  16|          16|          16|
    |add_ln58_66_fu_741_p2  |         +|   0|  0|  23|          16|          16|
    |add_ln58_67_fu_785_p2  |         +|   0|  0|  16|          16|          16|
    |add_ln58_68_fu_747_p2  |         +|   0|  0|  16|          16|          16|
    |add_ln58_69_fu_684_p2  |         +|   0|  0|  23|          16|           8|
    |add_ln58_70_fu_753_p2  |         +|   0|  0|  16|          16|          16|
    |add_ln58_71_fu_790_p2  |         +|   0|  0|  16|          16|          16|
    |add_ln58_72_fu_758_p2  |         +|   0|  0|  23|          16|          16|
    |add_ln58_73_fu_805_p2  |         +|   0|  0|  16|          16|          16|
    |add_ln58_74_fu_795_p2  |         +|   0|  0|  16|          16|          16|
    |add_ln58_75_fu_763_p2  |         +|   0|  0|  23|          16|           5|
    |add_ln58_76_fu_800_p2  |         +|   0|  0|  16|          16|          16|
    |add_ln58_77_fu_810_p2  |         +|   0|  0|  16|          16|          16|
    |add_ln58_fu_672_p2     |         +|   0|  0|  23|          16|          16|
    |add_ln73_1_fu_656_p2   |         +|   0|  0|  30|          23|          23|
    |add_ln73_fu_452_p2     |         +|   0|  0|  32|          25|          25|
    |sub_ln73_4_fu_515_p2   |         -|   0|  0|  24|          24|          24|
    |sub_ln73_5_fu_561_p2   |         -|   0|  0|  32|          25|          25|
    |sub_ln73_fu_497_p2     |         -|   0|  0|  24|           1|          24|
    |ap_enable_pp0          |       xor|   0|  0|   2|           1|           2|
    +-----------------------+----------+----+---+----+------------+------------+
    |Total                  |          |   0|  0| 474|         387|         383|
    +-----------------------+----------+----+---+----+------------+------------+

    * Multiplexer: 
    +-------------------------+----+-----------+-----+-----------+
    |           Name          | LUT| Input Size| Bits| Total Bits|
    +-------------------------+----+-----------+-----+-----------+
    |ap_NS_fsm                |  21|          5|    1|          5|
    |ap_enable_reg_pp0_iter0  |   9|          2|    1|          2|
    |ap_enable_reg_pp0_iter1  |   9|          2|    1|          2|
    |grp_fu_144_p0            |  13|          3|   16|         48|
    |grp_fu_144_p1            |  13|          3|   11|         33|
    |grp_fu_145_p0            |  17|          4|   16|         64|
    |grp_fu_145_p1            |  17|          4|   11|         44|
    |grp_fu_146_p0            |  17|          4|   16|         64|
    |grp_fu_146_p1            |  17|          4|   12|         48|
    |grp_fu_147_p0            |  17|          4|   16|         64|
    |grp_fu_147_p1            |  17|          4|   12|         48|
    |grp_fu_148_p0            |  17|          4|   16|         64|
    |grp_fu_148_p1            |  17|          4|   10|         40|
    +-------------------------+----+-----------+-----+-----------+
    |Total                    | 201|         47|  139|        526|
    +-------------------------+----+-----------+-----+-----------+

    * Register: 
    +-----------------------------+----+----+-----+-----------+
    |             Name            | FF | LUT| Bits| Const Bits|
    +-----------------------------+----+----+-----+-----------+
    |add_ln58_63_reg_928          |  16|   0|   16|          0|
    |add_ln58_64_reg_948          |  16|   0|   16|          0|
    |add_ln58_65_reg_973          |  16|   0|   16|          0|
    |add_ln58_66_reg_953          |  16|   0|   16|          0|
    |add_ln58_69_reg_933          |  16|   0|   16|          0|
    |add_ln58_70_reg_958          |  16|   0|   16|          0|
    |add_ln58_71_reg_978          |  16|   0|   16|          0|
    |add_ln58_72_reg_963          |  16|   0|   16|          0|
    |add_ln58_75_reg_968          |  16|   0|   16|          0|
    |add_ln58_76_reg_983          |  16|   0|   16|          0|
    |add_ln58_reg_923             |  16|   0|   16|          0|
    |ap_CS_fsm                    |   4|   0|    4|          0|
    |ap_enable_reg_pp0_iter0_reg  |   1|   0|    1|          0|
    |ap_enable_reg_pp0_iter1      |   1|   0|    1|          0|
    |ap_port_reg_data_0_val       |  16|   0|   16|          0|
    |ap_port_reg_data_2_val       |  16|   0|   16|          0|
    |ap_port_reg_data_3_val       |  16|   0|   16|          0|
    |ap_port_reg_data_4_val       |  16|   0|   16|          0|
    |data_4_val_read_reg_849      |  16|   0|   16|          0|
    |reg_406                      |  15|   0|   15|          0|
    |reg_410                      |  15|   0|   15|          0|
    |reg_414                      |  16|   0|   16|          0|
    |reg_418                      |  16|   0|   16|          0|
    |trunc_ln42_66_reg_837        |  15|   0|   15|          0|
    |trunc_ln42_67_reg_866        |  14|   0|   14|          0|
    |trunc_ln42_69_reg_903        |  16|   0|   16|          0|
    |trunc_ln42_70_reg_877        |  15|   0|   15|          0|
    |trunc_ln42_73_reg_913        |  15|   0|   15|          0|
    |trunc_ln42_74_reg_918        |  13|   0|   13|          0|
    |trunc_ln42_75_reg_943        |  16|   0|   16|          0|
    |trunc_ln42_78_reg_887        |  16|   0|   16|          0|
    |trunc_ln42_s_reg_938         |  15|   0|   15|          0|
    +-----------------------------+----+----+-----+-----------+
    |Total                        | 459|   0|  459|          0|
    +-----------------------------+----+----+-----+-----------+



================================================================
== Interface
================================================================
* Summary: 
+-------------+-----+-----+------------+----------------------------------------------------------------------------+--------------+
|  RTL Ports  | Dir | Bits|  Protocol  |                                Source Object                               |    C Type    |
+-------------+-----+-----+------------+----------------------------------------------------------------------------+--------------+
|ap_clk       |   in|    1|  ap_ctrl_hs|  dense_latency<ap_fixed<16, 6, 5, 3, 0>, ap_fixed<16, 6, 5, 3, 0>, config4>|  return value|
|ap_rst       |   in|    1|  ap_ctrl_hs|  dense_latency<ap_fixed<16, 6, 5, 3, 0>, ap_fixed<16, 6, 5, 3, 0>, config4>|  return value|
|ap_start     |   in|    1|  ap_ctrl_hs|  dense_latency<ap_fixed<16, 6, 5, 3, 0>, ap_fixed<16, 6, 5, 3, 0>, config4>|  return value|
|ap_done      |  out|    1|  ap_ctrl_hs|  dense_latency<ap_fixed<16, 6, 5, 3, 0>, ap_fixed<16, 6, 5, 3, 0>, config4>|  return value|
|ap_idle      |  out|    1|  ap_ctrl_hs|  dense_latency<ap_fixed<16, 6, 5, 3, 0>, ap_fixed<16, 6, 5, 3, 0>, config4>|  return value|
|ap_ready     |  out|    1|  ap_ctrl_hs|  dense_latency<ap_fixed<16, 6, 5, 3, 0>, ap_fixed<16, 6, 5, 3, 0>, config4>|  return value|
|ap_ce        |   in|    1|  ap_ctrl_hs|  dense_latency<ap_fixed<16, 6, 5, 3, 0>, ap_fixed<16, 6, 5, 3, 0>, config4>|  return value|
|ap_return_0  |  out|   16|  ap_ctrl_hs|  dense_latency<ap_fixed<16, 6, 5, 3, 0>, ap_fixed<16, 6, 5, 3, 0>, config4>|  return value|
|ap_return_1  |  out|   16|  ap_ctrl_hs|  dense_latency<ap_fixed<16, 6, 5, 3, 0>, ap_fixed<16, 6, 5, 3, 0>, config4>|  return value|
|ap_return_2  |  out|   16|  ap_ctrl_hs|  dense_latency<ap_fixed<16, 6, 5, 3, 0>, ap_fixed<16, 6, 5, 3, 0>, config4>|  return value|
|data_0_val   |   in|   16|     ap_none|                                                                  data_0_val|        scalar|
|data_1_val   |   in|   16|     ap_none|                                                                  data_1_val|        scalar|
|data_2_val   |   in|   16|     ap_none|                                                                  data_2_val|        scalar|
|data_3_val   |   in|   16|     ap_none|                                                                  data_3_val|        scalar|
|data_4_val   |   in|   16|     ap_none|                                                                  data_4_val|        scalar|
|data_5_val   |   in|   16|     ap_none|                                                                  data_5_val|        scalar|
+-------------+-----+-----+------------+----------------------------------------------------------------------------+--------------+

