

================================================================
== Vitis HLS Report for 'dense_latency_ap_fixed_16_6_5_3_0_ap_fixed_16_6_5_3_0_config2_s'
================================================================
* Date:           Fri Feb 20 14:05:36 2026

* Version:        2023.2 (Build 4023990 on Oct 11 2023)
* Project:        myproject_prj
* Solution:       solution1 (Vivado IP Flow Target)
* Product family: artix7
* Target device:  xc7a50t-csg324-1


================================================================
== Performance Estimates
================================================================
+ Timing: 
    * Summary: 
    +--------+---------+----------+------------+
    |  Clock |  Target | Estimated| Uncertainty|
    +--------+---------+----------+------------+
    |ap_clk  |  5.00 ns|  4.284 ns|     0.62 ns|
    +--------+---------+----------+------------+

+ Latency: 
    * Summary: 
    +---------+---------+-----------+-----------+-----+-----+---------+
    |  Latency (cycles) |   Latency (absolute)  |  Interval | Pipeline|
    |   min   |   max   |    min    |    max    | min | max |   Type  |
    +---------+---------+-----------+-----------+-----+-----+---------+
    |        6|        6|  30.000 ns|  30.000 ns|    4|    4|      yes|
    +---------+---------+-----------+-----------+-----+-----+---------+

    + Detail: 
        * Instance: 
        N/A

        * Loop: 
        N/A



================================================================
== Utilization Estimates
================================================================
* Summary: 
+-----------------+---------+-----+-------+-------+-----+
|       Name      | BRAM_18K| DSP |   FF  |  LUT  | URAM|
+-----------------+---------+-----+-------+-------+-----+
|DSP              |        -|    -|      -|      -|    -|
|Expression       |        -|    -|      0|   1001|    -|
|FIFO             |        -|    -|      -|      -|    -|
|Instance         |        -|   12|    804|     24|    -|
|Memory           |        -|    -|      -|      -|    -|
|Multiplexer      |        -|    -|      -|    507|    -|
|Register         |        -|    -|   1080|      -|    -|
+-----------------+---------+-----+-------+-------+-----+
|Total            |        0|   12|   1884|   1532|    0|
+-----------------+---------+-----+-------+-------+-----+
|Available        |      150|  120|  65200|  32600|    0|
+-----------------+---------+-----+-------+-------+-----+
|Utilization (%)  |        0|   10|      2|      4|    0|
+-----------------+---------+-----+-------+-------+-----+

+ Detail: 
    * Instance: 
    +-------------------------+---------------------+---------+----+----+----+-----+
    |         Instance        |        Module       | BRAM_18K| DSP| FF | LUT| URAM|
    +-------------------------+---------------------+---------+----+----+----+-----+
    |mul_16s_10ns_26_2_1_U10  |mul_16s_10ns_26_2_1  |        0|   1|  67|   2|    0|
    |mul_16s_10s_25_2_1_U3    |mul_16s_10s_25_2_1   |        0|   1|  67|   2|    0|
    |mul_16s_10s_26_2_1_U1    |mul_16s_10s_26_2_1   |        0|   1|  67|   2|    0|
    |mul_16s_10s_26_2_1_U7    |mul_16s_10s_26_2_1   |        0|   1|  67|   2|    0|
    |mul_16s_11s_26_2_1_U2    |mul_16s_11s_26_2_1   |        0|   1|  67|   2|    0|
    |mul_16s_11s_26_2_1_U6    |mul_16s_11s_26_2_1   |        0|   1|  67|   2|    0|
    |mul_16s_11s_26_2_1_U9    |mul_16s_11s_26_2_1   |        0|   1|  67|   2|    0|
    |mul_16s_11s_26_2_1_U12   |mul_16s_11s_26_2_1   |        0|   1|  67|   2|    0|
    |mul_16s_12s_26_2_1_U4    |mul_16s_12s_26_2_1   |        0|   1|  67|   2|    0|
    |mul_16s_12s_26_2_1_U11   |mul_16s_12s_26_2_1   |        0|   1|  67|   2|    0|
    |mul_16s_8s_24_2_1_U8     |mul_16s_8s_24_2_1    |        0|   1|  67|   2|    0|
    |mul_16s_9s_25_2_1_U5     |mul_16s_9s_25_2_1    |        0|   1|  67|   2|    0|
    +-------------------------+---------------------+---------+----+----+----+-----+
    |Total                    |                     |        0|  12| 804|  24|    0|
    +-------------------------+---------------------+---------+----+----+----+-----+

    * DSP: 
    N/A

    * Memory: 
    N/A

    * FIFO: 
    N/A

    * Expression: 
    +-------------------------+----------+----+---+----+------------+------------+
    |      Variable Name      | Operation| DSP| FF| LUT| Bitwidth P0| Bitwidth P1|
    +-------------------------+----------+----+---+----+------------+------------+
    |add_ln58_100_fu_2380_p2  |         +|   0|  0|  16|          16|          16|
    |add_ln58_101_fu_2152_p2  |         +|   0|  0|  22|          15|          15|
    |add_ln58_102_fu_2234_p2  |         +|   0|  0|  23|          16|          16|
    |add_ln58_103_fu_2388_p2  |         +|   0|  0|  16|          16|          16|
    |add_ln58_104_fu_2314_p2  |         +|   0|  0|  16|          16|          16|
    |add_ln58_105_fu_2012_p2  |         +|   0|  0|  18|          11|          10|
    |add_ln58_106_fu_2022_p2  |         +|   0|  0|  23|          16|          16|
    |add_ln58_107_fu_2319_p2  |         +|   0|  0|  16|          16|          16|
    |add_ln58_108_fu_2393_p2  |         +|   0|  0|  16|          16|          16|
    |add_ln58_109_fu_2158_p2  |         +|   0|  0|  22|          15|          15|
    |add_ln58_110_fu_2240_p2  |         +|   0|  0|  22|          15|          15|
    |add_ln58_111_fu_2404_p2  |         +|   0|  0|  16|          16|          16|
    |add_ln58_112_fu_2324_p2  |         +|   0|  0|  22|          15|          15|
    |add_ln58_113_fu_1854_p2  |         +|   0|  0|  20|          13|          10|
    |add_ln58_114_fu_1864_p2  |         +|   0|  0|  22|          15|          15|
    |add_ln58_115_fu_2337_p2  |         +|   0|  0|  23|          16|          16|
    |add_ln58_116_fu_2410_p2  |         +|   0|  0|  16|          16|          16|
    |add_ln58_117_fu_2164_p2  |         +|   0|  0|  23|          16|          16|
    |add_ln58_118_fu_2246_p2  |         +|   0|  0|  23|          16|          16|
    |add_ln58_119_fu_2415_p2  |         +|   0|  0|  16|          16|          16|
    |add_ln58_120_fu_2343_p2  |         +|   0|  0|  16|          16|          16|
    |add_ln58_121_fu_2028_p2  |         +|   0|  0|  22|          15|          10|
    |add_ln58_122_fu_2038_p2  |         +|   0|  0|  23|          16|          16|
    |add_ln58_123_fu_2349_p2  |         +|   0|  0|  16|          16|          16|
    |add_ln58_124_fu_2419_p2  |         +|   0|  0|  16|          16|          16|
    |add_ln58_78_fu_2216_p2   |         +|   0|  0|  23|          16|          16|
    |add_ln58_79_fu_2357_p2   |         +|   0|  0|  16|          16|          16|
    |add_ln58_80_fu_2281_p2   |         +|   0|  0|  16|          16|          16|
    |add_ln58_81_fu_1978_p2   |         +|   0|  0|  16|          16|          10|
    |add_ln58_82_fu_1983_p2   |         +|   0|  0|  16|          16|          16|
    |add_ln58_83_fu_2287_p2   |         +|   0|  0|  16|          16|          16|
    |add_ln58_84_fu_2362_p2   |         +|   0|  0|  16|          16|          16|
    |add_ln58_85_fu_2142_p2   |         +|   0|  0|  23|          16|          16|
    |add_ln58_86_fu_2222_p2   |         +|   0|  0|  23|          16|          16|
    |add_ln58_87_fu_2367_p2   |         +|   0|  0|  16|          16|          16|
    |add_ln58_88_fu_2292_p2   |         +|   0|  0|  16|          16|          16|
    |add_ln58_89_fu_1989_p2   |         +|   0|  0|  16|          16|           9|
    |add_ln58_90_fu_1994_p2   |         +|   0|  0|  16|          16|          16|
    |add_ln58_91_fu_2298_p2   |         +|   0|  0|  16|          16|          16|
    |add_ln58_92_fu_2371_p2   |         +|   0|  0|  16|          16|          16|
    |add_ln58_93_fu_2147_p2   |         +|   0|  0|  23|          16|          16|
    |add_ln58_94_fu_2228_p2   |         +|   0|  0|  23|          16|          16|
    |add_ln58_95_fu_2376_p2   |         +|   0|  0|  16|          16|          16|
    |add_ln58_96_fu_2303_p2   |         +|   0|  0|  16|          16|          16|
    |add_ln58_97_fu_2000_p2   |         +|   0|  0|  16|          16|           9|
    |add_ln58_98_fu_2006_p2   |         +|   0|  0|  16|          16|          16|
    |add_ln58_99_fu_2309_p2   |         +|   0|  0|  16|          16|          16|
    |add_ln58_fu_2136_p2      |         +|   0|  0|  22|          15|          15|
    |add_ln73_fu_1757_p2      |         +|   0|  0|  29|          22|          22|
    |sub_ln73_6_fu_1694_p2    |         -|   0|  0|  24|          24|          24|
    |sub_ln73_7_fu_1802_p2    |         -|   0|  0|  29|          22|          22|
    |sub_ln73_fu_1676_p2      |         -|   0|  0|  24|           1|          24|
    |ap_enable_pp0            |       xor|   0|  0|   2|           1|           2|
    +-------------------------+----------+----+---+----+------------+------------+
    |Total                    |          |   0|  0|1001|         823|         818|
    +-------------------------+----------+----+---+----+------------+------------+

    * Multiplexer: 
    +-------------------------+----+-----------+-----+-----------+
    |           Name          | LUT| Input Size| Bits| Total Bits|
    +-------------------------+----+-----------+-----+-----------+
    |ap_NS_fsm                |  21|          5|    1|          5|
    |ap_enable_reg_pp0_iter0  |   9|          2|    1|          2|
    |ap_enable_reg_pp0_iter1  |   9|          2|    1|          2|
    |grp_fu_198_p0            |  21|          5|   16|         80|
    |grp_fu_198_p1            |  21|          5|   10|         50|
    |grp_fu_199_p0            |  17|          4|   16|         64|
    |grp_fu_199_p1            |  17|          4|   11|         44|
    |grp_fu_200_p0            |  21|          5|   16|         80|
    |grp_fu_200_p1            |  21|          5|   10|         50|
    |grp_fu_201_p0            |  21|          5|   16|         80|
    |grp_fu_201_p1            |  21|          5|   12|         60|
    |grp_fu_202_p0            |  21|          5|   16|         80|
    |grp_fu_202_p1            |  21|          5|    9|         45|
    |grp_fu_203_p0            |  21|          5|   16|         80|
    |grp_fu_203_p1            |  21|          5|   11|         55|
    |grp_fu_204_p0            |  17|          4|   16|         64|
    |grp_fu_204_p1            |  17|          4|   10|         40|
    |grp_fu_205_p0            |  17|          4|   16|         64|
    |grp_fu_205_p1            |  17|          4|    8|         32|
    |grp_fu_206_p0            |  21|          5|   16|         80|
    |grp_fu_206_p1            |  17|          4|   11|         44|
    |grp_fu_207_p0            |  17|          4|   16|         64|
    |grp_fu_207_p1            |  17|          4|   10|         40|
    |grp_fu_208_p0            |  21|          5|   16|         80|
    |grp_fu_208_p1            |  21|          5|   12|         60|
    |grp_fu_209_p0            |  21|          5|   16|         80|
    |grp_fu_209_p1            |  21|          5|   11|         55|
    +-------------------------+----+-----------+-----+-----------+
    |Total                    | 507|        120|  320|       1480|
    +-------------------------+----+-----------+-----+-----------+

    * Register: 
    +-----------------------------+----+----+-----+-----------+
    |             Name            | FF | LUT| Bits| Const Bits|
    +-----------------------------+----+----+-----+-----------+
    |a_1_reg_2481                 |  16|   0|   16|          0|
    |a_2_reg_2489                 |  16|   0|   16|          0|
    |a_3_reg_2496                 |  16|   0|   16|          0|
    |a_4_reg_2503                 |  16|   0|   16|          0|
    |a_5_reg_2514                 |  16|   0|   16|          0|
    |a_reg_2460                   |  16|   0|   16|          0|
    |add_ln58_101_reg_2771        |  15|   0|   15|          0|
    |add_ln58_102_reg_2806        |  16|   0|   16|          0|
    |add_ln58_106_reg_2702        |  16|   0|   16|          0|
    |add_ln58_107_reg_2836        |  16|   0|   16|          0|
    |add_ln58_109_reg_2776        |  15|   0|   15|          0|
    |add_ln58_110_reg_2811        |  15|   0|   15|          0|
    |add_ln58_114_reg_2606        |  15|   0|   15|          0|
    |add_ln58_115_reg_2841        |  16|   0|   16|          0|
    |add_ln58_117_reg_2781        |  16|   0|   16|          0|
    |add_ln58_118_reg_2816        |  16|   0|   16|          0|
    |add_ln58_122_reg_2707        |  16|   0|   16|          0|
    |add_ln58_123_reg_2846        |  16|   0|   16|          0|
    |add_ln58_78_reg_2791         |  16|   0|   16|          0|
    |add_ln58_82_reg_2687         |  16|   0|   16|          0|
    |add_ln58_83_reg_2821         |  16|   0|   16|          0|
    |add_ln58_85_reg_2761         |  16|   0|   16|          0|
    |add_ln58_86_reg_2796         |  16|   0|   16|          0|
    |add_ln58_90_reg_2692         |  16|   0|   16|          0|
    |add_ln58_91_reg_2826         |  16|   0|   16|          0|
    |add_ln58_93_reg_2766         |  16|   0|   16|          0|
    |add_ln58_94_reg_2801         |  16|   0|   16|          0|
    |add_ln58_98_reg_2697         |  16|   0|   16|          0|
    |add_ln58_99_reg_2831         |  16|   0|   16|          0|
    |add_ln58_reg_2756            |  15|   0|   15|          0|
    |ap_CS_fsm                    |   4|   0|    4|          0|
    |ap_enable_reg_pp0_iter0_reg  |   1|   0|    1|          0|
    |ap_enable_reg_pp0_iter1      |   1|   0|    1|          0|
    |reg_1511                     |  14|   0|   14|          0|
    |reg_1515                     |  16|   0|   16|          0|
    |reg_1519                     |  15|   0|   15|          0|
    |reg_1523                     |  15|   0|   15|          0|
    |reg_1527                     |  14|   0|   14|          0|
    |reg_1531                     |  14|   0|   14|          0|
    |reg_1535                     |  16|   0|   16|          0|
    |reg_1539                     |  16|   0|   16|          0|
    |reg_1543                     |  16|   0|   16|          0|
    |reg_1547                     |  14|   0|   14|          0|
    |reg_1551                     |  14|   0|   14|          0|
    |reg_1555                     |  15|   0|   15|          0|
    |sext_ln70_26_reg_2465        |  25|   0|   25|          0|
    |sext_ln70_28_reg_2475        |  24|   0|   24|          0|
    |sext_ln70_34_reg_2589        |  25|   0|   25|          0|
    |sext_ln70_39_reg_2681        |  25|   0|   25|          0|
    |sext_ln70_44_reg_2531        |  25|   0|   25|          0|
    |trunc_ln42_101_reg_2727      |  15|   0|   15|          0|
    |trunc_ln42_102_reg_2732      |  14|   0|   14|          0|
    |trunc_ln42_103_reg_2737      |  14|   0|   14|          0|
    |trunc_ln42_104_reg_2509      |   8|   0|    8|          0|
    |trunc_ln42_110_reg_2786      |  16|   0|   16|          0|
    |trunc_ln42_117_reg_2537      |  14|   0|   14|          0|
    |trunc_ln42_119_reg_2596      |  16|   0|   16|          0|
    |trunc_ln42_120_reg_2601      |  16|   0|   16|          0|
    |trunc_ln42_123_reg_2555      |  12|   0|   12|          0|
    |trunc_ln42_80_reg_2611       |  12|   0|   12|          0|
    |trunc_ln42_81_reg_2616       |  14|   0|   14|          0|
    |trunc_ln42_82_reg_2621       |  15|   0|   15|          0|
    |trunc_ln42_83_reg_2626       |  14|   0|   14|          0|
    |trunc_ln42_84_reg_2631       |  16|   0|   16|          0|
    |trunc_ln42_85_reg_2636       |  16|   0|   16|          0|
    |trunc_ln42_86_reg_2641       |  14|   0|   14|          0|
    |trunc_ln42_87_reg_2578       |  12|   0|   12|          0|
    |trunc_ln42_89_reg_2651       |  15|   0|   15|          0|
    |trunc_ln42_94_reg_2712       |  15|   0|   15|          0|
    |trunc_ln42_97_reg_2717       |  15|   0|   15|          0|
    |trunc_ln42_99_reg_2722       |  13|   0|   13|          0|
    +-----------------------------+----+----+-----+-----------+
    |Total                        |1080|   0| 1080|          0|
    +-----------------------------+----+----+-----+-----------+



================================================================
== Interface
================================================================
* Summary: 
+-------------+-----+-----+------------+----------------------------------------------------------------------------+--------------+
|  RTL Ports  | Dir | Bits|  Protocol  |                                Source Object                               |    C Type    |
+-------------+-----+-----+------------+----------------------------------------------------------------------------+--------------+
|ap_clk       |   in|    1|  ap_ctrl_hs|  dense_latency<ap_fixed<16, 6, 5, 3, 0>, ap_fixed<16, 6, 5, 3, 0>, config2>|  return value|
|ap_rst       |   in|    1|  ap_ctrl_hs|  dense_latency<ap_fixed<16, 6, 5, 3, 0>, ap_fixed<16, 6, 5, 3, 0>, config2>|  return value|
|ap_start     |   in|    1|  ap_ctrl_hs|  dense_latency<ap_fixed<16, 6, 5, 3, 0>, ap_fixed<16, 6, 5, 3, 0>, config2>|  return value|
|ap_done      |  out|    1|  ap_ctrl_hs|  dense_latency<ap_fixed<16, 6, 5, 3, 0>, ap_fixed<16, 6, 5, 3, 0>, config2>|  return value|
|ap_idle      |  out|    1|  ap_ctrl_hs|  dense_latency<ap_fixed<16, 6, 5, 3, 0>, ap_fixed<16, 6, 5, 3, 0>, config2>|  return value|
|ap_ready     |  out|    1|  ap_ctrl_hs|  dense_latency<ap_fixed<16, 6, 5, 3, 0>, ap_fixed<16, 6, 5, 3, 0>, config2>|  return value|
|ap_ce        |   in|    1|  ap_ctrl_hs|  dense_latency<ap_fixed<16, 6, 5, 3, 0>, ap_fixed<16, 6, 5, 3, 0>, config2>|  return value|
|ap_return_0  |  out|   16|  ap_ctrl_hs|  dense_latency<ap_fixed<16, 6, 5, 3, 0>, ap_fixed<16, 6, 5, 3, 0>, config2>|  return value|
|ap_return_1  |  out|   16|  ap_ctrl_hs|  dense_latency<ap_fixed<16, 6, 5, 3, 0>, ap_fixed<16, 6, 5, 3, 0>, config2>|  return value|
|ap_return_2  |  out|   16|  ap_ctrl_hs|  dense_latency<ap_fixed<16, 6, 5, 3, 0>, ap_fixed<16, 6, 5, 3, 0>, config2>|  return value|
|ap_return_3  |  out|   16|  ap_ctrl_hs|  dense_latency<ap_fixed<16, 6, 5, 3, 0>, ap_fixed<16, 6, 5, 3, 0>, config2>|  return value|
|ap_return_4  |  out|   16|  ap_ctrl_hs|  dense_latency<ap_fixed<16, 6, 5, 3, 0>, ap_fixed<16, 6, 5, 3, 0>, config2>|  return value|
|ap_return_5  |  out|   16|  ap_ctrl_hs|  dense_latency<ap_fixed<16, 6, 5, 3, 0>, ap_fixed<16, 6, 5, 3, 0>, config2>|  return value|
|data_val     |   in|  128|     ap_none|                                                                    data_val|        scalar|
+-------------+-----+-----+------------+----------------------------------------------------------------------------+--------------+

