

================================================================
== Vitis HLS Report for 'dense_latency_ap_fixed_16_6_5_3_0_ap_fixed_16_6_5_3_0_config8_s'
================================================================
* Date:           Fri Feb 20 14:05:39 2026

* Version:        2023.2 (Build 4023990 on Oct 11 2023)
* Project:        myproject_prj
* Solution:       solution1 (Vivado IP Flow Target)
* Product family: artix7
* Target device:  xc7a50t-csg324-1


================================================================
== Performance Estimates
================================================================
+ Timing: 
    * Summary: 
    +--------+---------+----------+------------+
    |  Clock |  Target | Estimated| Uncertainty|
    +--------+---------+----------+------------+
    |ap_clk  |  5.00 ns|  4.373 ns|     0.62 ns|
    +--------+---------+----------+------------+

+ Latency: 
    * Summary: 
    +---------+---------+-----------+-----------+-----+-----+---------+
    |  Latency (cycles) |   Latency (absolute)  |  Interval | Pipeline|
    |   min   |   max   |    min    |    max    | min | max |   Type  |
    +---------+---------+-----------+-----------+-----+-----+---------+
    |        6|        6|  30.000 ns|  30.000 ns|    4|    4|      yes|
    +---------+---------+-----------+-----------+-----+-----+---------+

    + Detail: 
        * Instance: 
        N/A

        * Loop: 
        N/A



================================================================
== Utilization Estimates
================================================================
* Summary: 
+-----------------+---------+-----+-------+-------+-----+
|       Name      | BRAM_18K| DSP |   FF  |  LUT  | URAM|
+-----------------+---------+-----+-------+-------+-----+
|DSP              |        -|    -|      -|      -|    -|
|Expression       |        -|    -|      0|    923|    -|
|FIFO             |        -|    -|      -|      -|    -|
|Instance         |        -|   12|    804|     24|    -|
|Memory           |        -|    -|      -|      -|    -|
|Multiplexer      |        -|    -|      -|    527|    -|
|Register         |        -|    -|   1099|      -|    -|
+-----------------+---------+-----+-------+-------+-----+
|Total            |        0|   12|   1903|   1474|    0|
+-----------------+---------+-----+-------+-------+-----+
|Available        |      150|  120|  65200|  32600|    0|
+-----------------+---------+-----+-------+-------+-----+
|Utilization (%)  |        0|   10|      2|      4|    0|
+-----------------+---------+-----+-------+-------+-----+

+ Detail: 
    * Instance: 
    +-------------------------+---------------------+---------+----+----+----+-----+
    |         Instance        |        Module       | BRAM_18K| DSP| FF | LUT| URAM|
    +-------------------------+---------------------+---------+----+----+----+-----+
    |mul_16s_10s_26_2_1_U67   |mul_16s_10s_26_2_1   |        0|   1|  67|   2|    0|
    |mul_16s_11ns_26_2_1_U63  |mul_16s_11ns_26_2_1  |        0|   1|  67|   2|    0|
    |mul_16s_11s_26_2_1_U57   |mul_16s_11s_26_2_1   |        0|   1|  67|   2|    0|
    |mul_16s_11s_26_2_1_U58   |mul_16s_11s_26_2_1   |        0|   1|  67|   2|    0|
    |mul_16s_11s_26_2_1_U59   |mul_16s_11s_26_2_1   |        0|   1|  67|   2|    0|
    |mul_16s_11s_26_2_1_U61   |mul_16s_11s_26_2_1   |        0|   1|  67|   2|    0|
    |mul_16s_11s_26_2_1_U65   |mul_16s_11s_26_2_1   |        0|   1|  67|   2|    0|
    |mul_16s_12s_26_2_1_U60   |mul_16s_12s_26_2_1   |        0|   1|  67|   2|    0|
    |mul_16s_12s_26_2_1_U62   |mul_16s_12s_26_2_1   |        0|   1|  67|   2|    0|
    |mul_16s_12s_26_2_1_U64   |mul_16s_12s_26_2_1   |        0|   1|  67|   2|    0|
    |mul_16s_12s_26_2_1_U66   |mul_16s_12s_26_2_1   |        0|   1|  67|   2|    0|
    |mul_16s_12s_26_2_1_U68   |mul_16s_12s_26_2_1   |        0|   1|  67|   2|    0|
    +-------------------------+---------------------+---------+----+----+----+-----+
    |Total                    |                     |        0|  12| 804|  24|    0|
    +-------------------------+---------------------+---------+----+----+----+-----+

    * DSP: 
    N/A

    * Memory: 
    N/A

    * FIFO: 
    N/A

    * Expression: 
    +------------------------+----------+----+---+----+------------+------------+
    |      Variable Name     | Operation| DSP| FF| LUT| Bitwidth P0| Bitwidth P1|
    +------------------------+----------+----+---+----+------------+------------+
    |add_ln58_10_fu_1995_p2  |         +|   0|  0|  16|          16|          16|
    |add_ln58_11_fu_2082_p2  |         +|   0|  0|  16|          16|          16|
    |add_ln58_12_fu_1871_p2  |         +|   0|  0|  23|          16|          16|
    |add_ln58_13_fu_2087_p2  |         +|   0|  0|  16|          16|          16|
    |add_ln58_14_fu_2000_p2  |         +|   0|  0|  16|          16|          16|
    |add_ln58_15_fu_1877_p2  |         +|   0|  0|  23|          16|           6|
    |add_ln58_16_fu_2006_p2  |         +|   0|  0|  16|          16|          16|
    |add_ln58_17_fu_2092_p2  |         +|   0|  0|  16|          16|          16|
    |add_ln58_18_fu_1882_p2  |         +|   0|  0|  23|          16|          16|
    |add_ln58_19_fu_2153_p2  |         +|   0|  0|  16|          16|          16|
    |add_ln58_1_fu_2067_p2   |         +|   0|  0|  16|          16|          16|
    |add_ln58_20_fu_1888_p2  |         +|   0|  0|  20|          13|          13|
    |add_ln58_21_fu_2100_p2  |         +|   0|  0|  15|          15|           5|
    |add_ln58_22_fu_2106_p2  |         +|   0|  0|  15|          15|          15|
    |add_ln58_23_fu_2161_p2  |         +|   0|  0|  16|          16|          16|
    |add_ln58_24_fu_1894_p2  |         +|   0|  0|  23|          16|          16|
    |add_ln58_25_fu_2112_p2  |         +|   0|  0|  16|          16|          16|
    |add_ln58_26_fu_2011_p2  |         +|   0|  0|  16|          16|          16|
    |add_ln58_27_fu_1899_p2  |         +|   0|  0|  18|          11|           9|
    |add_ln58_28_fu_2020_p2  |         +|   0|  0|  16|          16|          16|
    |add_ln58_29_fu_2117_p2  |         +|   0|  0|  16|          16|          16|
    |add_ln58_2_fu_1979_p2   |         +|   0|  0|  16|          16|          16|
    |add_ln58_30_fu_1905_p2  |         +|   0|  0|  23|          16|          16|
    |add_ln58_31_fu_2122_p2  |         +|   0|  0|  16|          16|          16|
    |add_ln58_32_fu_2026_p2  |         +|   0|  0|  16|          16|          16|
    |add_ln58_33_fu_1910_p2  |         +|   0|  0|  23|          16|          12|
    |add_ln58_34_fu_2032_p2  |         +|   0|  0|  16|          16|          16|
    |add_ln58_35_fu_2127_p2  |         +|   0|  0|  16|          16|          16|
    |add_ln58_36_fu_1916_p2  |         +|   0|  0|  23|          16|          16|
    |add_ln58_37_fu_2132_p2  |         +|   0|  0|  16|          16|          16|
    |add_ln58_38_fu_2037_p2  |         +|   0|  0|  16|          16|          16|
    |add_ln58_39_fu_1921_p2  |         +|   0|  0|  23|          16|          11|
    |add_ln58_3_fu_1855_p2   |         +|   0|  0|  23|          16|          10|
    |add_ln58_40_fu_2043_p2  |         +|   0|  0|  16|          16|          16|
    |add_ln58_41_fu_2137_p2  |         +|   0|  0|  16|          16|          16|
    |add_ln58_42_fu_1927_p2  |         +|   0|  0|  23|          16|          16|
    |add_ln58_43_fu_2167_p2  |         +|   0|  0|  16|          16|          16|
    |add_ln58_44_fu_2142_p2  |         +|   0|  0|  16|          16|          16|
    |add_ln58_45_fu_2048_p2  |         +|   0|  0|  23|          16|           9|
    |add_ln58_46_fu_2148_p2  |         +|   0|  0|  16|          16|          16|
    |add_ln58_47_fu_2172_p2  |         +|   0|  0|  16|          16|          16|
    |add_ln58_4_fu_1984_p2   |         +|   0|  0|  16|          16|          16|
    |add_ln58_5_fu_2072_p2   |         +|   0|  0|  16|          16|          16|
    |add_ln58_6_fu_1860_p2   |         +|   0|  0|  23|          16|          16|
    |add_ln58_7_fu_2077_p2   |         +|   0|  0|  16|          16|          16|
    |add_ln58_8_fu_1989_p2   |         +|   0|  0|  16|          16|          16|
    |add_ln58_9_fu_1865_p2   |         +|   0|  0|  23|          16|           6|
    |add_ln58_fu_1850_p2     |         +|   0|  0|  23|          16|          16|
    |sub_ln73_1_fu_1830_p2   |         -|   0|  0|  27|          20|          20|
    |sub_ln73_fu_1774_p2     |         -|   0|  0|  24|           1|          17|
    |ap_enable_pp0           |       xor|   0|  0|   2|           1|           2|
    +------------------------+----------+----+---+----+------------+------------+
    |Total                   |          |   0|  0| 923|         780|         743|
    +------------------------+----------+----+---+----+------------+------------+

    * Multiplexer: 
    +-------------------------+----+-----------+-----+-----------+
    |           Name          | LUT| Input Size| Bits| Total Bits|
    +-------------------------+----+-----------+-----+-----------+
    |ap_NS_fsm                |  21|          5|    1|          5|
    |ap_enable_reg_pp0_iter0  |   9|          2|    1|          2|
    |ap_enable_reg_pp0_iter1  |   9|          2|    1|          2|
    |grp_fu_214_p0            |  21|          5|   16|         80|
    |grp_fu_214_p1            |  21|          5|   11|         55|
    |grp_fu_215_p0            |  21|          5|   16|         80|
    |grp_fu_215_p1            |  21|          5|   11|         55|
    |grp_fu_216_p0            |  21|          5|   16|         80|
    |grp_fu_216_p1            |  21|          5|   11|         55|
    |grp_fu_217_p0            |  21|          5|   16|         80|
    |grp_fu_217_p1            |  21|          5|   12|         60|
    |grp_fu_218_p0            |  21|          5|   16|         80|
    |grp_fu_218_p1            |  21|          5|   11|         55|
    |grp_fu_219_p0            |  21|          5|   16|         80|
    |grp_fu_219_p1            |  21|          5|   12|         60|
    |grp_fu_220_p0            |  17|          4|   16|         64|
    |grp_fu_220_p1            |  17|          4|   11|         44|
    |grp_fu_221_p0            |  21|          5|   16|         80|
    |grp_fu_221_p1            |  21|          5|   12|         60|
    |grp_fu_222_p0            |  17|          4|   16|         64|
    |grp_fu_222_p1            |  17|          4|   11|         44|
    |grp_fu_223_p0            |  21|          5|   16|         80|
    |grp_fu_223_p1            |  21|          5|   12|         60|
    |grp_fu_224_p0            |  21|          5|   16|         80|
    |grp_fu_224_p1            |  21|          5|   10|         50|
    |grp_fu_225_p0            |  21|          5|   16|         80|
    |grp_fu_225_p1            |  21|          5|   12|         60|
    +-------------------------+----+-----------+-----+-----------+
    |Total                    | 527|        125|  331|       1595|
    +-------------------------+----+-----------+-----+-----------+

    * Register: 
    +-----------------------------+----+----+-----+-----------+
    |             Name            | FF | LUT| Bits| Const Bits|
    +-----------------------------+----+----+-----+-----------+
    |add_ln58_10_reg_2520         |  16|   0|   16|          0|
    |add_ln58_11_reg_2555         |  16|   0|   16|          0|
    |add_ln58_12_reg_2445         |  16|   0|   16|          0|
    |add_ln58_15_reg_2450         |  16|   0|   16|          0|
    |add_ln58_16_reg_2525         |  16|   0|   16|          0|
    |add_ln58_17_reg_2560         |  16|   0|   16|          0|
    |add_ln58_18_reg_2455         |  16|   0|   16|          0|
    |add_ln58_20_reg_2460         |  13|   0|   13|          0|
    |add_ln58_22_reg_2565         |  15|   0|   15|          0|
    |add_ln58_24_reg_2465         |  16|   0|   16|          0|
    |add_ln58_27_reg_2470         |  11|   0|   11|          0|
    |add_ln58_28_reg_2530         |  16|   0|   16|          0|
    |add_ln58_29_reg_2570         |  16|   0|   16|          0|
    |add_ln58_30_reg_2475         |  16|   0|   16|          0|
    |add_ln58_33_reg_2480         |  16|   0|   16|          0|
    |add_ln58_34_reg_2535         |  16|   0|   16|          0|
    |add_ln58_35_reg_2575         |  16|   0|   16|          0|
    |add_ln58_36_reg_2485         |  16|   0|   16|          0|
    |add_ln58_39_reg_2490         |  16|   0|   16|          0|
    |add_ln58_3_reg_2430          |  16|   0|   16|          0|
    |add_ln58_40_reg_2540         |  16|   0|   16|          0|
    |add_ln58_41_reg_2580         |  16|   0|   16|          0|
    |add_ln58_42_reg_2495         |  16|   0|   16|          0|
    |add_ln58_45_reg_2545         |  16|   0|   16|          0|
    |add_ln58_46_reg_2585         |  16|   0|   16|          0|
    |add_ln58_4_reg_2515          |  16|   0|   16|          0|
    |add_ln58_5_reg_2550          |  16|   0|   16|          0|
    |add_ln58_6_reg_2435          |  16|   0|   16|          0|
    |add_ln58_9_reg_2440          |  16|   0|   16|          0|
    |add_ln58_reg_2425            |  16|   0|   16|          0|
    |ap_CS_fsm                    |   4|   0|    4|          0|
    |ap_enable_reg_pp0_iter0_reg  |   1|   0|    1|          0|
    |ap_enable_reg_pp0_iter1      |   1|   0|    1|          0|
    |ap_port_reg_data_0_val       |  16|   0|   16|          0|
    |ap_port_reg_data_2_val       |  16|   0|   16|          0|
    |ap_port_reg_data_4_val       |  16|   0|   16|          0|
    |data_1_val_read_reg_2232     |  16|   0|   16|          0|
    |data_3_val_read_reg_2226     |  16|   0|   16|          0|
    |data_4_val_read_reg_2311     |  16|   0|   16|          0|
    |data_5_val_read_reg_2219     |  16|   0|   16|          0|
    |reg_1551                     |  16|   0|   16|          0|
    |reg_1555                     |  16|   0|   16|          0|
    |reg_1559                     |  16|   0|   16|          0|
    |reg_1563                     |  16|   0|   16|          0|
    |reg_1567                     |  16|   0|   16|          0|
    |reg_1571                     |  16|   0|   16|          0|
    |reg_1575                     |  16|   0|   16|          0|
    |reg_1579                     |  16|   0|   16|          0|
    |reg_1583                     |  15|   0|   15|          0|
    |reg_1587                     |  16|   0|   16|          0|
    |reg_1591                     |  16|   0|   16|          0|
    |reg_1595                     |  16|   0|   16|          0|
    |reg_1599                     |  15|   0|   15|          0|
    |sext_ln70_4_reg_2237         |  26|   0|   26|          0|
    |sext_ln70_9_reg_2286         |  26|   0|   26|          0|
    |trunc_ln42_12_reg_2317       |  16|   0|   16|          0|
    |trunc_ln42_13_reg_2322       |  12|   0|   12|          0|
    |trunc_ln42_15_reg_2327       |  16|   0|   16|          0|
    |trunc_ln42_16_reg_2332       |  16|   0|   16|          0|
    |trunc_ln42_19_reg_2337       |  16|   0|   16|          0|
    |trunc_ln42_21_reg_2342       |  16|   0|   16|          0|
    |trunc_ln42_22_reg_2347       |  16|   0|   16|          0|
    |trunc_ln42_23_reg_2357       |  16|   0|   16|          0|
    |trunc_ln42_26_reg_2296       |  12|   0|   12|          0|
    |trunc_ln42_29_reg_2400       |  15|   0|   15|          0|
    |trunc_ln42_31_reg_2410       |  14|   0|   14|          0|
    |trunc_ln42_37_reg_2415       |  14|   0|   14|          0|
    |trunc_ln42_38_reg_2505       |  13|   0|   13|          0|
    |trunc_ln42_39_reg_2301       |  16|   0|   16|          0|
    |trunc_ln42_41_reg_2306       |  16|   0|   16|          0|
    |trunc_ln42_42_reg_2510       |  14|   0|   14|          0|
    |trunc_ln42_s_reg_2500        |  14|   0|   14|          0|
    +-----------------------------+----+----+-----+-----------+
    |Total                        |1099|   0| 1099|          0|
    +-----------------------------+----+----+-----+-----------+



================================================================
== Interface
================================================================
* Summary: 
+-------------+-----+-----+------------+----------------------------------------------------------------------------+--------------+
|  RTL Ports  | Dir | Bits|  Protocol  |                                Source Object                               |    C Type    |
+-------------+-----+-----+------------+----------------------------------------------------------------------------+--------------+
|ap_clk       |   in|    1|  ap_ctrl_hs|  dense_latency<ap_fixed<16, 6, 5, 3, 0>, ap_fixed<16, 6, 5, 3, 0>, config8>|  return value|
|ap_rst       |   in|    1|  ap_ctrl_hs|  dense_latency<ap_fixed<16, 6, 5, 3, 0>, ap_fixed<16, 6, 5, 3, 0>, config8>|  return value|
|ap_start     |   in|    1|  ap_ctrl_hs|  dense_latency<ap_fixed<16, 6, 5, 3, 0>, ap_fixed<16, 6, 5, 3, 0>, config8>|  return value|
|ap_done      |  out|    1|  ap_ctrl_hs|  dense_latency<ap_fixed<16, 6, 5, 3, 0>, ap_fixed<16, 6, 5, 3, 0>, config8>|  return value|
|ap_idle      |  out|    1|  ap_ctrl_hs|  dense_latency<ap_fixed<16, 6, 5, 3, 0>, ap_fixed<16, 6, 5, 3, 0>, config8>|  return value|
|ap_ready     |  out|    1|  ap_ctrl_hs|  dense_latency<ap_fixed<16, 6, 5, 3, 0>, ap_fixed<16, 6, 5, 3, 0>, config8>|  return value|
|ap_ce        |   in|    1|  ap_ctrl_hs|  dense_latency<ap_fixed<16, 6, 5, 3, 0>, ap_fixed<16, 6, 5, 3, 0>, config8>|  return value|
|ap_return_0  |  out|   16|  ap_ctrl_hs|  dense_latency<ap_fixed<16, 6, 5, 3, 0>, ap_fixed<16, 6, 5, 3, 0>, config8>|  return value|
|ap_return_1  |  out|   16|  ap_ctrl_hs|  dense_latency<ap_fixed<16, 6, 5, 3, 0>, ap_fixed<16, 6, 5, 3, 0>, config8>|  return value|
|ap_return_2  |  out|   16|  ap_ctrl_hs|  dense_latency<ap_fixed<16, 6, 5, 3, 0>, ap_fixed<16, 6, 5, 3, 0>, config8>|  return value|
|ap_return_3  |  out|   16|  ap_ctrl_hs|  dense_latency<ap_fixed<16, 6, 5, 3, 0>, ap_fixed<16, 6, 5, 3, 0>, config8>|  return value|
|ap_return_4  |  out|   16|  ap_ctrl_hs|  dense_latency<ap_fixed<16, 6, 5, 3, 0>, ap_fixed<16, 6, 5, 3, 0>, config8>|  return value|
|ap_return_5  |  out|   16|  ap_ctrl_hs|  dense_latency<ap_fixed<16, 6, 5, 3, 0>, ap_fixed<16, 6, 5, 3, 0>, config8>|  return value|
|ap_return_6  |  out|   16|  ap_ctrl_hs|  dense_latency<ap_fixed<16, 6, 5, 3, 0>, ap_fixed<16, 6, 5, 3, 0>, config8>|  return value|
|ap_return_7  |  out|   16|  ap_ctrl_hs|  dense_latency<ap_fixed<16, 6, 5, 3, 0>, ap_fixed<16, 6, 5, 3, 0>, config8>|  return value|
|data_0_val   |   in|   16|     ap_none|                                                                  data_0_val|        scalar|
|data_1_val   |   in|   16|     ap_none|                                                                  data_1_val|        scalar|
|data_2_val   |   in|   16|     ap_none|                                                                  data_2_val|        scalar|
|data_3_val   |   in|   16|     ap_none|                                                                  data_3_val|        scalar|
|data_4_val   |   in|   16|     ap_none|                                                                  data_4_val|        scalar|
|data_5_val   |   in|   16|     ap_none|                                                                  data_5_val|        scalar|
+-------------+-----+-----+------------+----------------------------------------------------------------------------+--------------+

