

================================================================
== Vitis HLS Report for 'dense_latency_ap_fixed_16_6_5_3_0_ap_fixed_16_6_5_3_0_config2_s'
================================================================
* Date:           Fri Feb 20 14:05:32 2026

* Version:        2023.2 (Build 4023990 on Oct 11 2023)
* Project:        myproject_prj
* Solution:       solution1 (Vivado IP Flow Target)
* Product family: artix7
* Target device:  xc7a50t-csg324-1


================================================================
== Performance Estimates
================================================================
+ Timing: 
    * Summary: 
    +--------+---------+----------+------------+
    |  Clock |  Target | Estimated| Uncertainty|
    +--------+---------+----------+------------+
    |ap_clk  |  5.00 ns|  4.284 ns|     0.62 ns|
    +--------+---------+----------+------------+

+ Latency: 
    * Summary: 
    +---------+---------+-----------+-----------+-----+-----+---------+
    |  Latency (cycles) |   Latency (absolute)  |  Interval | Pipeline|
    |   min   |   max   |    min    |    max    | min | max |   Type  |
    +---------+---------+-----------+-----------+-----+-----+---------+
    |        6|        6|  30.000 ns|  30.000 ns|    4|    4|      yes|
    +---------+---------+-----------+-----------+-----+-----+---------+

    + Detail: 
        * Instance: 
        N/A

        * Loop: 
        N/A

============================================================
+ Verbose Summary: Synthesis Manager
============================================================
InlineROM: 1
ExposeGlobal: 0
============================================================
+ Verbose Summary: CDFG Model
============================================================
IsTopModel: 0
ResetActiveHigh: 1
IsCombinational: 0
IsDatapathOnly: 0
HasWiredReturn: 1
HasMFsm: 2
HasVarLatency: 0
IsPipeline: 1
IsRtlPipelined: 1
IsInstanceOverlapped: 0
IsDontTouch: 0
HasImplIP: 0
IsGatedGlobalClock: 0

+ Individual pipeline summary: 
  * Pipeline-0: initiation interval (II) = 4, depth = 7


============================================================
+ Verbose Summary: Schedule
============================================================
* Number of FSM states : 7
* Pipeline : 1
  Pipeline-0 : II = 4, D = 7, States = { 1 2 3 4 5 6 7 }
* Dataflow Pipeline: 0

* FSM state transitions: 
1 --> 2 
2 --> 3 
3 --> 4 
4 --> 5 
5 --> 6 
6 --> 7 
7 --> 

* FSM state operations: 

State 1 <SV = 0> <Delay = 4.27>
ST_1 : Operation 8 [1/1] (0.00ns)   --->   "%data_val_read = read i128 @_ssdm_op_Read.ap_auto.i128, i128 %data_val"   --->   Operation 8 'read' 'data_val_read' <Predicate = true> <Delay = 0.00>
ST_1 : Operation 9 [1/1] (0.00ns)   --->   "%a = trunc i128 %data_val_read"   --->   Operation 9 'trunc' 'a' <Predicate = true> <Delay = 0.00>
ST_1 : Operation 10 [1/1] (0.00ns)   --->   "%sext_ln70_26 = sext i16 %a" [firmware/nnet_utils/nnet_mult.h:70->firmware/nnet_utils/nnet_dense_latency.h:42]   --->   Operation 10 'sext' 'sext_ln70_26' <Predicate = true> <Delay = 0.00>
ST_1 : Operation 11 [1/1] (0.00ns)   --->   "%sext_ln70_27 = sext i16 %a" [firmware/nnet_utils/nnet_mult.h:70->firmware/nnet_utils/nnet_dense_latency.h:42]   --->   Operation 11 'sext' 'sext_ln70_27' <Predicate = true> <Delay = 0.00>
ST_1 : Operation 12 [1/1] (0.00ns)   --->   "%sext_ln70_28 = sext i16 %a" [firmware/nnet_utils/nnet_mult.h:70->firmware/nnet_utils/nnet_dense_latency.h:42]   --->   Operation 12 'sext' 'sext_ln70_28' <Predicate = true> <Delay = 0.00>
ST_1 : Operation 13 [2/2] (3.35ns)   --->   "%mul_ln73 = mul i24 %sext_ln70_28, i24 16777118" [firmware/nnet_utils/nnet_mult.h:73->firmware/nnet_utils/nnet_dense_latency.h:42]   --->   Operation 13 'mul' 'mul_ln73' <Predicate = true> <Delay = 3.35> <CoreInst = "Multiplier">   --->   Core 3 'Multiplier' <Latency = 1> <II = 1> <Delay = 3.35> <FuncUnit> <Opcode : 'mul'> <InPorts = 2> <OutPorts = 1>
ST_1 : Operation 14 [2/2] (3.35ns)   --->   "%mul_ln73_50 = mul i26 %sext_ln70_27, i26 67108590" [firmware/nnet_utils/nnet_mult.h:73->firmware/nnet_utils/nnet_dense_latency.h:42]   --->   Operation 14 'mul' 'mul_ln73_50' <Predicate = true> <Delay = 3.35> <CoreInst = "Multiplier">   --->   Core 3 'Multiplier' <Latency = 1> <II = 1> <Delay = 3.35> <FuncUnit> <Opcode : 'mul'> <InPorts = 2> <OutPorts = 1>
ST_1 : Operation 15 [2/2] (3.35ns)   --->   "%mul_ln73_51 = mul i25 %sext_ln70_26, i25 216" [firmware/nnet_utils/nnet_mult.h:73->firmware/nnet_utils/nnet_dense_latency.h:42]   --->   Operation 15 'mul' 'mul_ln73_51' <Predicate = true> <Delay = 3.35> <CoreInst = "Multiplier">   --->   Core 3 'Multiplier' <Latency = 1> <II = 1> <Delay = 3.35> <FuncUnit> <Opcode : 'mul'> <InPorts = 2> <OutPorts = 1>
ST_1 : Operation 16 [1/1] (0.00ns)   --->   "%a_1 = partselect i16 @_ssdm_op_PartSelect.i16.i128.i32.i32, i128 %data_val_read, i32 16, i32 31"   --->   Operation 16 'partselect' 'a_1' <Predicate = true> <Delay = 0.00>
ST_1 : Operation 17 [1/1] (0.00ns)   --->   "%a_2 = partselect i16 @_ssdm_op_PartSelect.i16.i128.i32.i32, i128 %data_val_read, i32 32, i32 47"   --->   Operation 17 'partselect' 'a_2' <Predicate = true> <Delay = 0.00>
ST_1 : Operation 18 [1/1] (0.00ns)   --->   "%a_3 = partselect i16 @_ssdm_op_PartSelect.i16.i128.i32.i32, i128 %data_val_read, i32 48, i32 63"   --->   Operation 18 'partselect' 'a_3' <Predicate = true> <Delay = 0.00>
ST_1 : Operation 19 [1/1] (0.00ns)   --->   "%a_4 = partselect i16 @_ssdm_op_PartSelect.i16.i128.i32.i32, i128 %data_val_read, i32 64, i32 79"   --->   Operation 19 'partselect' 'a_4' <Predicate = true> <Delay = 0.00>
ST_1 : Operation 20 [1/1] (0.00ns)   --->   "%trunc_ln42_104 = partselect i8 @_ssdm_op_PartSelect.i8.i128.i32.i32, i128 %data_val_read, i32 72, i32 79" [firmware/nnet_utils/nnet_dense_latency.h:42]   --->   Operation 20 'partselect' 'trunc_ln42_104' <Predicate = true> <Delay = 0.00>
ST_1 : Operation 21 [1/1] (0.00ns)   --->   "%a_5 = partselect i16 @_ssdm_op_PartSelect.i16.i128.i32.i32, i128 %data_val_read, i32 80, i32 95"   --->   Operation 21 'partselect' 'a_5' <Predicate = true> <Delay = 0.00>
ST_1 : Operation 22 [1/1] (0.00ns)   --->   "%a_6 = partselect i16 @_ssdm_op_PartSelect.i16.i128.i32.i32, i128 %data_val_read, i32 96, i32 111"   --->   Operation 22 'partselect' 'a_6' <Predicate = true> <Delay = 0.00>
ST_1 : Operation 23 [1/1] (0.00ns)   --->   "%sext_ln70_42 = sext i16 %a_6" [firmware/nnet_utils/nnet_mult.h:70->firmware/nnet_utils/nnet_dense_latency.h:42]   --->   Operation 23 'sext' 'sext_ln70_42' <Predicate = true> <Delay = 0.00>
ST_1 : Operation 24 [1/1] (0.00ns)   --->   "%sext_ln70_43 = sext i16 %a_6" [firmware/nnet_utils/nnet_mult.h:70->firmware/nnet_utils/nnet_dense_latency.h:42]   --->   Operation 24 'sext' 'sext_ln70_43' <Predicate = true> <Delay = 0.00>
ST_1 : Operation 25 [1/1] (0.00ns)   --->   "%sext_ln70_44 = sext i16 %a_6" [firmware/nnet_utils/nnet_mult.h:70->firmware/nnet_utils/nnet_dense_latency.h:42]   --->   Operation 25 'sext' 'sext_ln70_44' <Predicate = true> <Delay = 0.00>
ST_1 : Operation 26 [2/2] (3.35ns)   --->   "%mul_ln73_80 = mul i25 %sext_ln70_44, i25 33554249" [firmware/nnet_utils/nnet_mult.h:73->firmware/nnet_utils/nnet_dense_latency.h:42]   --->   Operation 26 'mul' 'mul_ln73_80' <Predicate = true> <Delay = 3.35> <CoreInst = "Multiplier">   --->   Core 3 'Multiplier' <Latency = 1> <II = 1> <Delay = 3.35> <FuncUnit> <Opcode : 'mul'> <InPorts = 2> <OutPorts = 1>
ST_1 : Operation 27 [2/2] (3.35ns)   --->   "%mul_ln73_81 = mul i24 %sext_ln70_43, i24 113" [firmware/nnet_utils/nnet_mult.h:73->firmware/nnet_utils/nnet_dense_latency.h:42]   --->   Operation 27 'mul' 'mul_ln73_81' <Predicate = true> <Delay = 3.35> <CoreInst = "Multiplier">   --->   Core 3 'Multiplier' <Latency = 1> <II = 1> <Delay = 3.35> <FuncUnit> <Opcode : 'mul'> <InPorts = 2> <OutPorts = 1>
ST_1 : Operation 28 [2/2] (3.35ns)   --->   "%mul_ln73_82 = mul i24 %sext_ln70_43, i24 16777126" [firmware/nnet_utils/nnet_mult.h:73->firmware/nnet_utils/nnet_dense_latency.h:42]   --->   Operation 28 'mul' 'mul_ln73_82' <Predicate = true> <Delay = 3.35> <CoreInst = "Multiplier">   --->   Core 3 'Multiplier' <Latency = 1> <II = 1> <Delay = 3.35> <FuncUnit> <Opcode : 'mul'> <InPorts = 2> <OutPorts = 1>
ST_1 : Operation 29 [1/1] (0.00ns)   --->   "%shl_ln = bitconcatenate i23 @_ssdm_op_BitConcatenate.i23.i16.i7, i16 %a_6, i7 0" [firmware/nnet_utils/nnet_mult.h:73->firmware/nnet_utils/nnet_dense_latency.h:42]   --->   Operation 29 'bitconcatenate' 'shl_ln' <Predicate = true> <Delay = 0.00>
ST_1 : Operation 30 [1/1] (0.00ns)   --->   "%sext_ln73_13 = sext i23 %shl_ln" [firmware/nnet_utils/nnet_mult.h:73->firmware/nnet_utils/nnet_dense_latency.h:42]   --->   Operation 30 'sext' 'sext_ln73_13' <Predicate = true> <Delay = 0.00>
ST_1 : Operation 31 [1/1] (0.00ns) (grouped into TernaryAdder)   --->   "%sub_ln73 = sub i24 0, i24 %sext_ln73_13" [firmware/nnet_utils/nnet_mult.h:73->firmware/nnet_utils/nnet_dense_latency.h:42]   --->   Operation 31 'sub' 'sub_ln73' <Predicate = true> <Delay = 0.00> <CoreInst = "TAddSub">   --->   Core 10 'TAddSub' <Latency = 0> <II = 1> <Delay = 2.01> <IPBlock> <Opcode : '' 'add' 'sub'> <InPorts = 3> <OutPorts = 1> <Sync> <CReg>
ST_1 : Operation 32 [1/1] (0.00ns)   --->   "%shl_ln73_s = bitconcatenate i17 @_ssdm_op_BitConcatenate.i17.i16.i1, i16 %a_6, i1 0" [firmware/nnet_utils/nnet_mult.h:73->firmware/nnet_utils/nnet_dense_latency.h:42]   --->   Operation 32 'bitconcatenate' 'shl_ln73_s' <Predicate = true> <Delay = 0.00>
ST_1 : Operation 33 [1/1] (0.00ns)   --->   "%sext_ln73_14 = sext i17 %shl_ln73_s" [firmware/nnet_utils/nnet_mult.h:73->firmware/nnet_utils/nnet_dense_latency.h:42]   --->   Operation 33 'sext' 'sext_ln73_14' <Predicate = true> <Delay = 0.00>
ST_1 : Operation 34 [1/1] (4.27ns) (root node of TernaryAdder)   --->   "%sub_ln73_6 = sub i24 %sub_ln73, i24 %sext_ln73_14" [firmware/nnet_utils/nnet_mult.h:73->firmware/nnet_utils/nnet_dense_latency.h:42]   --->   Operation 34 'sub' 'sub_ln73_6' <Predicate = true> <Delay = 4.27> <CoreInst = "TAddSub">   --->   Core 10 'TAddSub' <Latency = 0> <II = 1> <Delay = 2.01> <IPBlock> <Opcode : '' 'add' 'sub'> <InPorts = 3> <OutPorts = 1> <Sync> <CReg>
ST_1 : Operation 35 [1/1] (0.00ns)   --->   "%trunc_ln42_117 = partselect i14 @_ssdm_op_PartSelect.i14.i24.i32.i32, i24 %sub_ln73_6, i32 10, i32 23" [firmware/nnet_utils/nnet_dense_latency.h:42]   --->   Operation 35 'partselect' 'trunc_ln42_117' <Predicate = true> <Delay = 0.00>
ST_1 : Operation 36 [2/2] (3.35ns)   --->   "%mul_ln73_84 = mul i26 %sext_ln70_42, i26 368" [firmware/nnet_utils/nnet_mult.h:73->firmware/nnet_utils/nnet_dense_latency.h:42]   --->   Operation 36 'mul' 'mul_ln73_84' <Predicate = true> <Delay = 3.35> <CoreInst = "Multiplier">   --->   Core 3 'Multiplier' <Latency = 1> <II = 1> <Delay = 3.35> <FuncUnit> <Opcode : 'mul'> <InPorts = 2> <OutPorts = 1>
ST_1 : Operation 37 [1/1] (0.00ns)   --->   "%a_7 = partselect i16 @_ssdm_op_PartSelect.i16.i128.i32.i32, i128 %data_val_read, i32 112, i32 127"   --->   Operation 37 'partselect' 'a_7' <Predicate = true> <Delay = 0.00>
ST_1 : Operation 38 [1/1] (0.00ns)   --->   "%sext_ln70_45 = sext i16 %a_7" [firmware/nnet_utils/nnet_mult.h:70->firmware/nnet_utils/nnet_dense_latency.h:42]   --->   Operation 38 'sext' 'sext_ln70_45' <Predicate = true> <Delay = 0.00>
ST_1 : Operation 39 [1/1] (0.00ns)   --->   "%sext_ln70_46 = sext i16 %a_7" [firmware/nnet_utils/nnet_mult.h:70->firmware/nnet_utils/nnet_dense_latency.h:42]   --->   Operation 39 'sext' 'sext_ln70_46' <Predicate = true> <Delay = 0.00>
ST_1 : Operation 40 [2/2] (3.35ns)   --->   "%mul_ln73_85 = mul i26 %sext_ln70_46, i26 373" [firmware/nnet_utils/nnet_mult.h:73->firmware/nnet_utils/nnet_dense_latency.h:42]   --->   Operation 40 'mul' 'mul_ln73_85' <Predicate = true> <Delay = 3.35> <CoreInst = "Multiplier">   --->   Core 3 'Multiplier' <Latency = 1> <II = 1> <Delay = 3.35> <FuncUnit> <Opcode : 'mul'> <InPorts = 2> <OutPorts = 1>
ST_1 : Operation 41 [2/2] (3.35ns)   --->   "%mul_ln73_86 = mul i26 %sext_ln70_46, i26 499" [firmware/nnet_utils/nnet_mult.h:73->firmware/nnet_utils/nnet_dense_latency.h:42]   --->   Operation 41 'mul' 'mul_ln73_86' <Predicate = true> <Delay = 3.35> <CoreInst = "Multiplier">   --->   Core 3 'Multiplier' <Latency = 1> <II = 1> <Delay = 3.35> <FuncUnit> <Opcode : 'mul'> <InPorts = 2> <OutPorts = 1>
ST_1 : Operation 42 [2/2] (3.35ns)   --->   "%mul_ln73_87 = mul i26 %sext_ln70_46, i26 67108466" [firmware/nnet_utils/nnet_mult.h:73->firmware/nnet_utils/nnet_dense_latency.h:42]   --->   Operation 42 'mul' 'mul_ln73_87' <Predicate = true> <Delay = 3.35> <CoreInst = "Multiplier">   --->   Core 3 'Multiplier' <Latency = 1> <II = 1> <Delay = 3.35> <FuncUnit> <Opcode : 'mul'> <InPorts = 2> <OutPorts = 1>
ST_1 : Operation 43 [2/2] (3.35ns)   --->   "%mul_ln73_88 = mul i26 %sext_ln70_46, i26 354" [firmware/nnet_utils/nnet_mult.h:73->firmware/nnet_utils/nnet_dense_latency.h:42]   --->   Operation 43 'mul' 'mul_ln73_88' <Predicate = true> <Delay = 3.35> <CoreInst = "Multiplier">   --->   Core 3 'Multiplier' <Latency = 1> <II = 1> <Delay = 3.35> <FuncUnit> <Opcode : 'mul'> <InPorts = 2> <OutPorts = 1>
ST_1 : Operation 44 [1/1] (0.00ns)   --->   "%shl_ln73_1 = bitconcatenate i21 @_ssdm_op_BitConcatenate.i21.i16.i5, i16 %a_7, i5 0" [firmware/nnet_utils/nnet_mult.h:73->firmware/nnet_utils/nnet_dense_latency.h:42]   --->   Operation 44 'bitconcatenate' 'shl_ln73_1' <Predicate = true> <Delay = 0.00>
ST_1 : Operation 45 [1/1] (0.00ns)   --->   "%sext_ln73_15 = sext i21 %shl_ln73_1" [firmware/nnet_utils/nnet_mult.h:73->firmware/nnet_utils/nnet_dense_latency.h:42]   --->   Operation 45 'sext' 'sext_ln73_15' <Predicate = true> <Delay = 0.00>
ST_1 : Operation 46 [1/1] (0.00ns)   --->   "%shl_ln73_2 = bitconcatenate i18 @_ssdm_op_BitConcatenate.i18.i16.i2, i16 %a_7, i2 0" [firmware/nnet_utils/nnet_mult.h:73->firmware/nnet_utils/nnet_dense_latency.h:42]   --->   Operation 46 'bitconcatenate' 'shl_ln73_2' <Predicate = true> <Delay = 0.00>
ST_1 : Operation 47 [1/1] (0.00ns)   --->   "%sext_ln73_16 = sext i18 %shl_ln73_2" [firmware/nnet_utils/nnet_mult.h:73->firmware/nnet_utils/nnet_dense_latency.h:42]   --->   Operation 47 'sext' 'sext_ln73_16' <Predicate = true> <Delay = 0.00>
ST_1 : Operation 48 [1/1] (2.31ns)   --->   "%add_ln73 = add i22 %sext_ln73_15, i22 %sext_ln73_16" [firmware/nnet_utils/nnet_mult.h:73->firmware/nnet_utils/nnet_dense_latency.h:42]   --->   Operation 48 'add' 'add_ln73' <Predicate = true> <Delay = 2.31> <CoreInst = "Adder">   --->   Core 1 'Adder' <Latency = 0> <II = 1> <Delay = 2.31> <FuncUnit> <Opcode : 'add' 'sub'> <InPorts = 2> <OutPorts = 1>
ST_1 : Operation 49 [1/1] (0.00ns)   --->   "%trunc_ln42_123 = partselect i12 @_ssdm_op_PartSelect.i12.i22.i32.i32, i22 %add_ln73, i32 10, i32 21" [firmware/nnet_utils/nnet_dense_latency.h:42]   --->   Operation 49 'partselect' 'trunc_ln42_123' <Predicate = true> <Delay = 0.00>
ST_1 : Operation 50 [2/2] (3.35ns)   --->   "%mul_ln73_89 = mul i24 %sext_ln70_45, i24 16777107" [firmware/nnet_utils/nnet_mult.h:73->firmware/nnet_utils/nnet_dense_latency.h:42]   --->   Operation 50 'mul' 'mul_ln73_89' <Predicate = true> <Delay = 3.35> <CoreInst = "Multiplier">   --->   Core 3 'Multiplier' <Latency = 1> <II = 1> <Delay = 3.35> <FuncUnit> <Opcode : 'mul'> <InPorts = 2> <OutPorts = 1>

State 2 <SV = 1> <Delay = 4.26>
ST_2 : Operation 51 [1/1] (0.00ns)   --->   "%sext_ln70 = sext i16 %a" [firmware/nnet_utils/nnet_mult.h:70->firmware/nnet_utils/nnet_dense_latency.h:42]   --->   Operation 51 'sext' 'sext_ln70' <Predicate = true> <Delay = 0.00>
ST_2 : Operation 52 [1/2] (3.35ns)   --->   "%mul_ln73 = mul i24 %sext_ln70_28, i24 16777118" [firmware/nnet_utils/nnet_mult.h:73->firmware/nnet_utils/nnet_dense_latency.h:42]   --->   Operation 52 'mul' 'mul_ln73' <Predicate = true> <Delay = 3.35> <CoreInst = "Multiplier">   --->   Core 3 'Multiplier' <Latency = 1> <II = 1> <Delay = 3.35> <FuncUnit> <Opcode : 'mul'> <InPorts = 2> <OutPorts = 1>
ST_2 : Operation 53 [1/1] (0.00ns)   --->   "%trunc_ln = partselect i14 @_ssdm_op_PartSelect.i14.i24.i32.i32, i24 %mul_ln73, i32 10, i32 23" [firmware/nnet_utils/nnet_dense_latency.h:42]   --->   Operation 53 'partselect' 'trunc_ln' <Predicate = true> <Delay = 0.00>
ST_2 : Operation 54 [1/2] (3.35ns)   --->   "%mul_ln73_50 = mul i26 %sext_ln70_27, i26 67108590" [firmware/nnet_utils/nnet_mult.h:73->firmware/nnet_utils/nnet_dense_latency.h:42]   --->   Operation 54 'mul' 'mul_ln73_50' <Predicate = true> <Delay = 3.35> <CoreInst = "Multiplier">   --->   Core 3 'Multiplier' <Latency = 1> <II = 1> <Delay = 3.35> <FuncUnit> <Opcode : 'mul'> <InPorts = 2> <OutPorts = 1>
ST_2 : Operation 55 [1/1] (0.00ns)   --->   "%trunc_ln42_s = partselect i16 @_ssdm_op_PartSelect.i16.i26.i32.i32, i26 %mul_ln73_50, i32 10, i32 25" [firmware/nnet_utils/nnet_dense_latency.h:42]   --->   Operation 55 'partselect' 'trunc_ln42_s' <Predicate = true> <Delay = 0.00>
ST_2 : Operation 56 [1/2] (3.35ns)   --->   "%mul_ln73_51 = mul i25 %sext_ln70_26, i25 216" [firmware/nnet_utils/nnet_mult.h:73->firmware/nnet_utils/nnet_dense_latency.h:42]   --->   Operation 56 'mul' 'mul_ln73_51' <Predicate = true> <Delay = 3.35> <CoreInst = "Multiplier">   --->   Core 3 'Multiplier' <Latency = 1> <II = 1> <Delay = 3.35> <FuncUnit> <Opcode : 'mul'> <InPorts = 2> <OutPorts = 1>
ST_2 : Operation 57 [1/1] (0.00ns)   --->   "%trunc_ln42_79 = partselect i15 @_ssdm_op_PartSelect.i15.i25.i32.i32, i25 %mul_ln73_51, i32 10, i32 24" [firmware/nnet_utils/nnet_dense_latency.h:42]   --->   Operation 57 'partselect' 'trunc_ln42_79' <Predicate = true> <Delay = 0.00>
ST_2 : Operation 58 [2/2] (3.35ns)   --->   "%mul_ln73_52 = mul i22 %sext_ln70, i22 26" [firmware/nnet_utils/nnet_mult.h:73->firmware/nnet_utils/nnet_dense_latency.h:42]   --->   Operation 58 'mul' 'mul_ln73_52' <Predicate = true> <Delay = 3.35> <CoreInst = "Multiplier">   --->   Core 3 'Multiplier' <Latency = 1> <II = 1> <Delay = 3.35> <FuncUnit> <Opcode : 'mul'> <InPorts = 2> <OutPorts = 1>
ST_2 : Operation 59 [2/2] (3.35ns)   --->   "%mul_ln73_53 = mul i24 %sext_ln70_28, i24 16777134" [firmware/nnet_utils/nnet_mult.h:73->firmware/nnet_utils/nnet_dense_latency.h:42]   --->   Operation 59 'mul' 'mul_ln73_53' <Predicate = true> <Delay = 3.35> <CoreInst = "Multiplier">   --->   Core 3 'Multiplier' <Latency = 1> <II = 1> <Delay = 3.35> <FuncUnit> <Opcode : 'mul'> <InPorts = 2> <OutPorts = 1>
ST_2 : Operation 60 [2/2] (3.35ns)   --->   "%mul_ln73_54 = mul i25 %sext_ln70_26, i25 228" [firmware/nnet_utils/nnet_mult.h:73->firmware/nnet_utils/nnet_dense_latency.h:42]   --->   Operation 60 'mul' 'mul_ln73_54' <Predicate = true> <Delay = 3.35> <CoreInst = "Multiplier">   --->   Core 3 'Multiplier' <Latency = 1> <II = 1> <Delay = 3.35> <FuncUnit> <Opcode : 'mul'> <InPorts = 2> <OutPorts = 1>
ST_2 : Operation 61 [1/1] (0.00ns)   --->   "%sext_ln70_29 = sext i16 %a_1" [firmware/nnet_utils/nnet_mult.h:70->firmware/nnet_utils/nnet_dense_latency.h:42]   --->   Operation 61 'sext' 'sext_ln70_29' <Predicate = true> <Delay = 0.00>
ST_2 : Operation 62 [1/1] (0.00ns)   --->   "%sext_ln70_30 = sext i16 %a_1" [firmware/nnet_utils/nnet_mult.h:70->firmware/nnet_utils/nnet_dense_latency.h:42]   --->   Operation 62 'sext' 'sext_ln70_30' <Predicate = true> <Delay = 0.00>
ST_2 : Operation 63 [1/1] (0.00ns)   --->   "%sext_ln70_31 = sext i16 %a_1" [firmware/nnet_utils/nnet_mult.h:70->firmware/nnet_utils/nnet_dense_latency.h:42]   --->   Operation 63 'sext' 'sext_ln70_31' <Predicate = true> <Delay = 0.00>
ST_2 : Operation 64 [2/2] (3.35ns)   --->   "%mul_ln73_55 = mul i24 %sext_ln70_31, i24 16777108" [firmware/nnet_utils/nnet_mult.h:73->firmware/nnet_utils/nnet_dense_latency.h:42]   --->   Operation 64 'mul' 'mul_ln73_55' <Predicate = true> <Delay = 3.35> <CoreInst = "Multiplier">   --->   Core 3 'Multiplier' <Latency = 1> <II = 1> <Delay = 3.35> <FuncUnit> <Opcode : 'mul'> <InPorts = 2> <OutPorts = 1>
ST_2 : Operation 65 [2/2] (3.35ns)   --->   "%mul_ln73_56 = mul i26 %sext_ln70_30, i26 67108522" [firmware/nnet_utils/nnet_mult.h:73->firmware/nnet_utils/nnet_dense_latency.h:42]   --->   Operation 65 'mul' 'mul_ln73_56' <Predicate = true> <Delay = 3.35> <CoreInst = "Multiplier">   --->   Core 3 'Multiplier' <Latency = 1> <II = 1> <Delay = 3.35> <FuncUnit> <Opcode : 'mul'> <InPorts = 2> <OutPorts = 1>
ST_2 : Operation 66 [2/2] (3.35ns)   --->   "%mul_ln73_57 = mul i26 %sext_ln70_30, i26 271" [firmware/nnet_utils/nnet_mult.h:73->firmware/nnet_utils/nnet_dense_latency.h:42]   --->   Operation 66 'mul' 'mul_ln73_57' <Predicate = true> <Delay = 3.35> <CoreInst = "Multiplier">   --->   Core 3 'Multiplier' <Latency = 1> <II = 1> <Delay = 3.35> <FuncUnit> <Opcode : 'mul'> <InPorts = 2> <OutPorts = 1>
ST_2 : Operation 67 [2/2] (3.35ns)   --->   "%mul_ln73_58 = mul i24 %sext_ln70_31, i24 16777099" [firmware/nnet_utils/nnet_mult.h:73->firmware/nnet_utils/nnet_dense_latency.h:42]   --->   Operation 67 'mul' 'mul_ln73_58' <Predicate = true> <Delay = 3.35> <CoreInst = "Multiplier">   --->   Core 3 'Multiplier' <Latency = 1> <II = 1> <Delay = 3.35> <FuncUnit> <Opcode : 'mul'> <InPorts = 2> <OutPorts = 1>
ST_2 : Operation 68 [1/1] (0.00ns)   --->   "%tmp_1 = bitconcatenate i21 @_ssdm_op_BitConcatenate.i21.i16.i5, i16 %a_1, i5 0" [firmware/nnet_utils/nnet_mult.h:73->firmware/nnet_utils/nnet_dense_latency.h:42]   --->   Operation 68 'bitconcatenate' 'tmp_1' <Predicate = true> <Delay = 0.00>
ST_2 : Operation 69 [1/1] (0.00ns)   --->   "%sext_ln73_12 = sext i21 %tmp_1" [firmware/nnet_utils/nnet_mult.h:73->firmware/nnet_utils/nnet_dense_latency.h:42]   --->   Operation 69 'sext' 'sext_ln73_12' <Predicate = true> <Delay = 0.00>
ST_2 : Operation 70 [1/1] (2.31ns)   --->   "%sub_ln73_7 = sub i22 %sext_ln70_29, i22 %sext_ln73_12" [firmware/nnet_utils/nnet_mult.h:73->firmware/nnet_utils/nnet_dense_latency.h:42]   --->   Operation 70 'sub' 'sub_ln73_7' <Predicate = true> <Delay = 2.31> <CoreInst = "Adder">   --->   Core 1 'Adder' <Latency = 0> <II = 1> <Delay = 2.31> <FuncUnit> <Opcode : 'add' 'sub'> <InPorts = 2> <OutPorts = 1>
ST_2 : Operation 71 [1/1] (0.00ns)   --->   "%trunc_ln42_87 = partselect i12 @_ssdm_op_PartSelect.i12.i22.i32.i32, i22 %sub_ln73_7, i32 10, i32 21" [firmware/nnet_utils/nnet_dense_latency.h:42]   --->   Operation 71 'partselect' 'trunc_ln42_87' <Predicate = true> <Delay = 0.00>
ST_2 : Operation 72 [2/2] (3.35ns)   --->   "%mul_ln73_59 = mul i24 %sext_ln70_31, i24 74" [firmware/nnet_utils/nnet_mult.h:73->firmware/nnet_utils/nnet_dense_latency.h:42]   --->   Operation 72 'mul' 'mul_ln73_59' <Predicate = true> <Delay = 3.35> <CoreInst = "Multiplier">   --->   Core 3 'Multiplier' <Latency = 1> <II = 1> <Delay = 3.35> <FuncUnit> <Opcode : 'mul'> <InPorts = 2> <OutPorts = 1>
ST_2 : Operation 73 [1/1] (0.00ns)   --->   "%sext_ln70_33 = sext i16 %a_2" [firmware/nnet_utils/nnet_mult.h:70->firmware/nnet_utils/nnet_dense_latency.h:42]   --->   Operation 73 'sext' 'sext_ln70_33' <Predicate = true> <Delay = 0.00>
ST_2 : Operation 74 [1/1] (0.00ns)   --->   "%sext_ln70_34 = sext i16 %a_2" [firmware/nnet_utils/nnet_mult.h:70->firmware/nnet_utils/nnet_dense_latency.h:42]   --->   Operation 74 'sext' 'sext_ln70_34' <Predicate = true> <Delay = 0.00>
ST_2 : Operation 75 [2/2] (3.35ns)   --->   "%mul_ln73_60 = mul i25 %sext_ln70_34, i25 33554212" [firmware/nnet_utils/nnet_mult.h:73->firmware/nnet_utils/nnet_dense_latency.h:42]   --->   Operation 75 'mul' 'mul_ln73_60' <Predicate = true> <Delay = 3.35> <CoreInst = "Multiplier">   --->   Core 3 'Multiplier' <Latency = 1> <II = 1> <Delay = 3.35> <FuncUnit> <Opcode : 'mul'> <InPorts = 2> <OutPorts = 1>
ST_2 : Operation 76 [2/2] (3.35ns)   --->   "%mul_ln73_61 = mul i26 %sext_ln70_33, i26 67108518" [firmware/nnet_utils/nnet_mult.h:73->firmware/nnet_utils/nnet_dense_latency.h:42]   --->   Operation 76 'mul' 'mul_ln73_61' <Predicate = true> <Delay = 3.35> <CoreInst = "Multiplier">   --->   Core 3 'Multiplier' <Latency = 1> <II = 1> <Delay = 3.35> <FuncUnit> <Opcode : 'mul'> <InPorts = 2> <OutPorts = 1>
ST_2 : Operation 77 [2/2] (3.35ns)   --->   "%mul_ln73_62 = mul i26 %sext_ln70_33, i26 274" [firmware/nnet_utils/nnet_mult.h:73->firmware/nnet_utils/nnet_dense_latency.h:42]   --->   Operation 77 'mul' 'mul_ln73_62' <Predicate = true> <Delay = 3.35> <CoreInst = "Multiplier">   --->   Core 3 'Multiplier' <Latency = 1> <II = 1> <Delay = 3.35> <FuncUnit> <Opcode : 'mul'> <InPorts = 2> <OutPorts = 1>
ST_2 : Operation 78 [2/2] (3.35ns)   --->   "%mul_ln73_63 = mul i25 %sext_ln70_34, i25 33554193" [firmware/nnet_utils/nnet_mult.h:73->firmware/nnet_utils/nnet_dense_latency.h:42]   --->   Operation 78 'mul' 'mul_ln73_63' <Predicate = true> <Delay = 3.35> <CoreInst = "Multiplier">   --->   Core 3 'Multiplier' <Latency = 1> <II = 1> <Delay = 3.35> <FuncUnit> <Opcode : 'mul'> <InPorts = 2> <OutPorts = 1>
ST_2 : Operation 79 [1/2] (3.35ns)   --->   "%mul_ln73_80 = mul i25 %sext_ln70_44, i25 33554249" [firmware/nnet_utils/nnet_mult.h:73->firmware/nnet_utils/nnet_dense_latency.h:42]   --->   Operation 79 'mul' 'mul_ln73_80' <Predicate = true> <Delay = 3.35> <CoreInst = "Multiplier">   --->   Core 3 'Multiplier' <Latency = 1> <II = 1> <Delay = 3.35> <FuncUnit> <Opcode : 'mul'> <InPorts = 2> <OutPorts = 1>
ST_2 : Operation 80 [1/1] (0.00ns)   --->   "%trunc_ln42_113 = partselect i15 @_ssdm_op_PartSelect.i15.i25.i32.i32, i25 %mul_ln73_80, i32 10, i32 24" [firmware/nnet_utils/nnet_dense_latency.h:42]   --->   Operation 80 'partselect' 'trunc_ln42_113' <Predicate = true> <Delay = 0.00>
ST_2 : Operation 81 [1/2] (3.35ns)   --->   "%mul_ln73_81 = mul i24 %sext_ln70_43, i24 113" [firmware/nnet_utils/nnet_mult.h:73->firmware/nnet_utils/nnet_dense_latency.h:42]   --->   Operation 81 'mul' 'mul_ln73_81' <Predicate = true> <Delay = 3.35> <CoreInst = "Multiplier">   --->   Core 3 'Multiplier' <Latency = 1> <II = 1> <Delay = 3.35> <FuncUnit> <Opcode : 'mul'> <InPorts = 2> <OutPorts = 1>
ST_2 : Operation 82 [1/1] (0.00ns)   --->   "%trunc_ln42_114 = partselect i14 @_ssdm_op_PartSelect.i14.i24.i32.i32, i24 %mul_ln73_81, i32 10, i32 23" [firmware/nnet_utils/nnet_dense_latency.h:42]   --->   Operation 82 'partselect' 'trunc_ln42_114' <Predicate = true> <Delay = 0.00>
ST_2 : Operation 83 [1/2] (3.35ns)   --->   "%mul_ln73_82 = mul i24 %sext_ln70_43, i24 16777126" [firmware/nnet_utils/nnet_mult.h:73->firmware/nnet_utils/nnet_dense_latency.h:42]   --->   Operation 83 'mul' 'mul_ln73_82' <Predicate = true> <Delay = 3.35> <CoreInst = "Multiplier">   --->   Core 3 'Multiplier' <Latency = 1> <II = 1> <Delay = 3.35> <FuncUnit> <Opcode : 'mul'> <InPorts = 2> <OutPorts = 1>
ST_2 : Operation 84 [1/1] (0.00ns)   --->   "%trunc_ln42_115 = partselect i14 @_ssdm_op_PartSelect.i14.i24.i32.i32, i24 %mul_ln73_82, i32 10, i32 23" [firmware/nnet_utils/nnet_dense_latency.h:42]   --->   Operation 84 'partselect' 'trunc_ln42_115' <Predicate = true> <Delay = 0.00>
ST_2 : Operation 85 [1/1] (0.00ns)   --->   "%sext_ln73_27 = sext i14 %trunc_ln42_117" [firmware/nnet_utils/nnet_mult.h:73->firmware/nnet_utils/nnet_dense_latency.h:42]   --->   Operation 85 'sext' 'sext_ln73_27' <Predicate = true> <Delay = 0.00>
ST_2 : Operation 86 [1/2] (3.35ns)   --->   "%mul_ln73_84 = mul i26 %sext_ln70_42, i26 368" [firmware/nnet_utils/nnet_mult.h:73->firmware/nnet_utils/nnet_dense_latency.h:42]   --->   Operation 86 'mul' 'mul_ln73_84' <Predicate = true> <Delay = 3.35> <CoreInst = "Multiplier">   --->   Core 3 'Multiplier' <Latency = 1> <II = 1> <Delay = 3.35> <FuncUnit> <Opcode : 'mul'> <InPorts = 2> <OutPorts = 1>
ST_2 : Operation 87 [1/1] (0.00ns)   --->   "%trunc_ln42_118 = partselect i16 @_ssdm_op_PartSelect.i16.i26.i32.i32, i26 %mul_ln73_84, i32 10, i32 25" [firmware/nnet_utils/nnet_dense_latency.h:42]   --->   Operation 87 'partselect' 'trunc_ln42_118' <Predicate = true> <Delay = 0.00>
ST_2 : Operation 88 [1/2] (3.35ns)   --->   "%mul_ln73_85 = mul i26 %sext_ln70_46, i26 373" [firmware/nnet_utils/nnet_mult.h:73->firmware/nnet_utils/nnet_dense_latency.h:42]   --->   Operation 88 'mul' 'mul_ln73_85' <Predicate = true> <Delay = 3.35> <CoreInst = "Multiplier">   --->   Core 3 'Multiplier' <Latency = 1> <II = 1> <Delay = 3.35> <FuncUnit> <Opcode : 'mul'> <InPorts = 2> <OutPorts = 1>
ST_2 : Operation 89 [1/1] (0.00ns)   --->   "%trunc_ln42_119 = partselect i16 @_ssdm_op_PartSelect.i16.i26.i32.i32, i26 %mul_ln73_85, i32 10, i32 25" [firmware/nnet_utils/nnet_dense_latency.h:42]   --->   Operation 89 'partselect' 'trunc_ln42_119' <Predicate = true> <Delay = 0.00>
ST_2 : Operation 90 [1/2] (3.35ns)   --->   "%mul_ln73_86 = mul i26 %sext_ln70_46, i26 499" [firmware/nnet_utils/nnet_mult.h:73->firmware/nnet_utils/nnet_dense_latency.h:42]   --->   Operation 90 'mul' 'mul_ln73_86' <Predicate = true> <Delay = 3.35> <CoreInst = "Multiplier">   --->   Core 3 'Multiplier' <Latency = 1> <II = 1> <Delay = 3.35> <FuncUnit> <Opcode : 'mul'> <InPorts = 2> <OutPorts = 1>
ST_2 : Operation 91 [1/1] (0.00ns)   --->   "%trunc_ln42_120 = partselect i16 @_ssdm_op_PartSelect.i16.i26.i32.i32, i26 %mul_ln73_86, i32 10, i32 25" [firmware/nnet_utils/nnet_dense_latency.h:42]   --->   Operation 91 'partselect' 'trunc_ln42_120' <Predicate = true> <Delay = 0.00>
ST_2 : Operation 92 [1/2] (3.35ns)   --->   "%mul_ln73_87 = mul i26 %sext_ln70_46, i26 67108466" [firmware/nnet_utils/nnet_mult.h:73->firmware/nnet_utils/nnet_dense_latency.h:42]   --->   Operation 92 'mul' 'mul_ln73_87' <Predicate = true> <Delay = 3.35> <CoreInst = "Multiplier">   --->   Core 3 'Multiplier' <Latency = 1> <II = 1> <Delay = 3.35> <FuncUnit> <Opcode : 'mul'> <InPorts = 2> <OutPorts = 1>
ST_2 : Operation 93 [1/1] (0.00ns)   --->   "%trunc_ln42_121 = partselect i16 @_ssdm_op_PartSelect.i16.i26.i32.i32, i26 %mul_ln73_87, i32 10, i32 25" [firmware/nnet_utils/nnet_dense_latency.h:42]   --->   Operation 93 'partselect' 'trunc_ln42_121' <Predicate = true> <Delay = 0.00>
ST_2 : Operation 94 [1/2] (3.35ns)   --->   "%mul_ln73_88 = mul i26 %sext_ln70_46, i26 354" [firmware/nnet_utils/nnet_mult.h:73->firmware/nnet_utils/nnet_dense_latency.h:42]   --->   Operation 94 'mul' 'mul_ln73_88' <Predicate = true> <Delay = 3.35> <CoreInst = "Multiplier">   --->   Core 3 'Multiplier' <Latency = 1> <II = 1> <Delay = 3.35> <FuncUnit> <Opcode : 'mul'> <InPorts = 2> <OutPorts = 1>
ST_2 : Operation 95 [1/1] (0.00ns)   --->   "%trunc_ln42_122 = partselect i16 @_ssdm_op_PartSelect.i16.i26.i32.i32, i26 %mul_ln73_88, i32 10, i32 25" [firmware/nnet_utils/nnet_dense_latency.h:42]   --->   Operation 95 'partselect' 'trunc_ln42_122' <Predicate = true> <Delay = 0.00>
ST_2 : Operation 96 [1/1] (0.00ns)   --->   "%sext_ln73_28 = sext i12 %trunc_ln42_123" [firmware/nnet_utils/nnet_mult.h:73->firmware/nnet_utils/nnet_dense_latency.h:42]   --->   Operation 96 'sext' 'sext_ln73_28' <Predicate = true> <Delay = 0.00>
ST_2 : Operation 97 [1/2] (3.35ns)   --->   "%mul_ln73_89 = mul i24 %sext_ln70_45, i24 16777107" [firmware/nnet_utils/nnet_mult.h:73->firmware/nnet_utils/nnet_dense_latency.h:42]   --->   Operation 97 'mul' 'mul_ln73_89' <Predicate = true> <Delay = 3.35> <CoreInst = "Multiplier">   --->   Core 3 'Multiplier' <Latency = 1> <II = 1> <Delay = 3.35> <FuncUnit> <Opcode : 'mul'> <InPorts = 2> <OutPorts = 1>
ST_2 : Operation 98 [1/1] (0.00ns)   --->   "%trunc_ln42_124 = partselect i14 @_ssdm_op_PartSelect.i14.i24.i32.i32, i24 %mul_ln73_89, i32 10, i32 23" [firmware/nnet_utils/nnet_dense_latency.h:42]   --->   Operation 98 'partselect' 'trunc_ln42_124' <Predicate = true> <Delay = 0.00>
ST_2 : Operation 99 [1/1] (2.13ns)   --->   "%add_ln58_113 = add i13 %sext_ln73_28, i13 7922" [firmware/nnet_utils/nnet_dense_latency.h:58]   --->   Operation 99 'add' 'add_ln58_113' <Predicate = true> <Delay = 2.13> <CoreInst = "Adder">   --->   Core 1 'Adder' <Latency = 0> <II = 1> <Delay = 2.13> <FuncUnit> <Opcode : 'add' 'sub'> <InPorts = 2> <OutPorts = 1>
ST_2 : Operation 100 [1/1] (0.00ns)   --->   "%sext_ln58_8 = sext i13 %add_ln58_113" [firmware/nnet_utils/nnet_dense_latency.h:58]   --->   Operation 100 'sext' 'sext_ln58_8' <Predicate = true> <Delay = 0.00>
ST_2 : Operation 101 [1/1] (2.13ns)   --->   "%add_ln58_114 = add i15 %sext_ln58_8, i15 %sext_ln73_27" [firmware/nnet_utils/nnet_dense_latency.h:58]   --->   Operation 101 'add' 'add_ln58_114' <Predicate = true> <Delay = 2.13> <CoreInst = "Adder">   --->   Core 1 'Adder' <Latency = 0> <II = 1> <Delay = 2.13> <FuncUnit> <Opcode : 'add' 'sub'> <InPorts = 2> <OutPorts = 1>

State 3 <SV = 2> <Delay = 4.28>
ST_3 : Operation 102 [1/2] (3.35ns)   --->   "%mul_ln73_52 = mul i22 %sext_ln70, i22 26" [firmware/nnet_utils/nnet_mult.h:73->firmware/nnet_utils/nnet_dense_latency.h:42]   --->   Operation 102 'mul' 'mul_ln73_52' <Predicate = true> <Delay = 3.35> <CoreInst = "Multiplier">   --->   Core 3 'Multiplier' <Latency = 1> <II = 1> <Delay = 3.35> <FuncUnit> <Opcode : 'mul'> <InPorts = 2> <OutPorts = 1>
ST_3 : Operation 103 [1/1] (0.00ns)   --->   "%trunc_ln42_80 = partselect i12 @_ssdm_op_PartSelect.i12.i22.i32.i32, i22 %mul_ln73_52, i32 10, i32 21" [firmware/nnet_utils/nnet_dense_latency.h:42]   --->   Operation 103 'partselect' 'trunc_ln42_80' <Predicate = true> <Delay = 0.00>
ST_3 : Operation 104 [1/2] (3.35ns)   --->   "%mul_ln73_53 = mul i24 %sext_ln70_28, i24 16777134" [firmware/nnet_utils/nnet_mult.h:73->firmware/nnet_utils/nnet_dense_latency.h:42]   --->   Operation 104 'mul' 'mul_ln73_53' <Predicate = true> <Delay = 3.35> <CoreInst = "Multiplier">   --->   Core 3 'Multiplier' <Latency = 1> <II = 1> <Delay = 3.35> <FuncUnit> <Opcode : 'mul'> <InPorts = 2> <OutPorts = 1>
ST_3 : Operation 105 [1/1] (0.00ns)   --->   "%trunc_ln42_81 = partselect i14 @_ssdm_op_PartSelect.i14.i24.i32.i32, i24 %mul_ln73_53, i32 10, i32 23" [firmware/nnet_utils/nnet_dense_latency.h:42]   --->   Operation 105 'partselect' 'trunc_ln42_81' <Predicate = true> <Delay = 0.00>
ST_3 : Operation 106 [1/2] (3.35ns)   --->   "%mul_ln73_54 = mul i25 %sext_ln70_26, i25 228" [firmware/nnet_utils/nnet_mult.h:73->firmware/nnet_utils/nnet_dense_latency.h:42]   --->   Operation 106 'mul' 'mul_ln73_54' <Predicate = true> <Delay = 3.35> <CoreInst = "Multiplier">   --->   Core 3 'Multiplier' <Latency = 1> <II = 1> <Delay = 3.35> <FuncUnit> <Opcode : 'mul'> <InPorts = 2> <OutPorts = 1>
ST_3 : Operation 107 [1/1] (0.00ns)   --->   "%trunc_ln42_82 = partselect i15 @_ssdm_op_PartSelect.i15.i25.i32.i32, i25 %mul_ln73_54, i32 10, i32 24" [firmware/nnet_utils/nnet_dense_latency.h:42]   --->   Operation 107 'partselect' 'trunc_ln42_82' <Predicate = true> <Delay = 0.00>
ST_3 : Operation 108 [1/2] (3.35ns)   --->   "%mul_ln73_55 = mul i24 %sext_ln70_31, i24 16777108" [firmware/nnet_utils/nnet_mult.h:73->firmware/nnet_utils/nnet_dense_latency.h:42]   --->   Operation 108 'mul' 'mul_ln73_55' <Predicate = true> <Delay = 3.35> <CoreInst = "Multiplier">   --->   Core 3 'Multiplier' <Latency = 1> <II = 1> <Delay = 3.35> <FuncUnit> <Opcode : 'mul'> <InPorts = 2> <OutPorts = 1>
ST_3 : Operation 109 [1/1] (0.00ns)   --->   "%trunc_ln42_83 = partselect i14 @_ssdm_op_PartSelect.i14.i24.i32.i32, i24 %mul_ln73_55, i32 10, i32 23" [firmware/nnet_utils/nnet_dense_latency.h:42]   --->   Operation 109 'partselect' 'trunc_ln42_83' <Predicate = true> <Delay = 0.00>
ST_3 : Operation 110 [1/2] (3.35ns)   --->   "%mul_ln73_56 = mul i26 %sext_ln70_30, i26 67108522" [firmware/nnet_utils/nnet_mult.h:73->firmware/nnet_utils/nnet_dense_latency.h:42]   --->   Operation 110 'mul' 'mul_ln73_56' <Predicate = true> <Delay = 3.35> <CoreInst = "Multiplier">   --->   Core 3 'Multiplier' <Latency = 1> <II = 1> <Delay = 3.35> <FuncUnit> <Opcode : 'mul'> <InPorts = 2> <OutPorts = 1>
ST_3 : Operation 111 [1/1] (0.00ns)   --->   "%trunc_ln42_84 = partselect i16 @_ssdm_op_PartSelect.i16.i26.i32.i32, i26 %mul_ln73_56, i32 10, i32 25" [firmware/nnet_utils/nnet_dense_latency.h:42]   --->   Operation 111 'partselect' 'trunc_ln42_84' <Predicate = true> <Delay = 0.00>
ST_3 : Operation 112 [1/2] (3.35ns)   --->   "%mul_ln73_57 = mul i26 %sext_ln70_30, i26 271" [firmware/nnet_utils/nnet_mult.h:73->firmware/nnet_utils/nnet_dense_latency.h:42]   --->   Operation 112 'mul' 'mul_ln73_57' <Predicate = true> <Delay = 3.35> <CoreInst = "Multiplier">   --->   Core 3 'Multiplier' <Latency = 1> <II = 1> <Delay = 3.35> <FuncUnit> <Opcode : 'mul'> <InPorts = 2> <OutPorts = 1>
ST_3 : Operation 113 [1/1] (0.00ns)   --->   "%trunc_ln42_85 = partselect i16 @_ssdm_op_PartSelect.i16.i26.i32.i32, i26 %mul_ln73_57, i32 10, i32 25" [firmware/nnet_utils/nnet_dense_latency.h:42]   --->   Operation 113 'partselect' 'trunc_ln42_85' <Predicate = true> <Delay = 0.00>
ST_3 : Operation 114 [1/2] (3.35ns)   --->   "%mul_ln73_58 = mul i24 %sext_ln70_31, i24 16777099" [firmware/nnet_utils/nnet_mult.h:73->firmware/nnet_utils/nnet_dense_latency.h:42]   --->   Operation 114 'mul' 'mul_ln73_58' <Predicate = true> <Delay = 3.35> <CoreInst = "Multiplier">   --->   Core 3 'Multiplier' <Latency = 1> <II = 1> <Delay = 3.35> <FuncUnit> <Opcode : 'mul'> <InPorts = 2> <OutPorts = 1>
ST_3 : Operation 115 [1/1] (0.00ns)   --->   "%trunc_ln42_86 = partselect i14 @_ssdm_op_PartSelect.i14.i24.i32.i32, i24 %mul_ln73_58, i32 10, i32 23" [firmware/nnet_utils/nnet_dense_latency.h:42]   --->   Operation 115 'partselect' 'trunc_ln42_86' <Predicate = true> <Delay = 0.00>
ST_3 : Operation 116 [1/2] (3.35ns)   --->   "%mul_ln73_59 = mul i24 %sext_ln70_31, i24 74" [firmware/nnet_utils/nnet_mult.h:73->firmware/nnet_utils/nnet_dense_latency.h:42]   --->   Operation 116 'mul' 'mul_ln73_59' <Predicate = true> <Delay = 3.35> <CoreInst = "Multiplier">   --->   Core 3 'Multiplier' <Latency = 1> <II = 1> <Delay = 3.35> <FuncUnit> <Opcode : 'mul'> <InPorts = 2> <OutPorts = 1>
ST_3 : Operation 117 [1/1] (0.00ns)   --->   "%trunc_ln42_88 = partselect i14 @_ssdm_op_PartSelect.i14.i24.i32.i32, i24 %mul_ln73_59, i32 10, i32 23" [firmware/nnet_utils/nnet_dense_latency.h:42]   --->   Operation 117 'partselect' 'trunc_ln42_88' <Predicate = true> <Delay = 0.00>
ST_3 : Operation 118 [1/1] (0.00ns)   --->   "%sext_ln70_32 = sext i16 %a_2" [firmware/nnet_utils/nnet_mult.h:70->firmware/nnet_utils/nnet_dense_latency.h:42]   --->   Operation 118 'sext' 'sext_ln70_32' <Predicate = true> <Delay = 0.00>
ST_3 : Operation 119 [1/2] (3.35ns)   --->   "%mul_ln73_60 = mul i25 %sext_ln70_34, i25 33554212" [firmware/nnet_utils/nnet_mult.h:73->firmware/nnet_utils/nnet_dense_latency.h:42]   --->   Operation 119 'mul' 'mul_ln73_60' <Predicate = true> <Delay = 3.35> <CoreInst = "Multiplier">   --->   Core 3 'Multiplier' <Latency = 1> <II = 1> <Delay = 3.35> <FuncUnit> <Opcode : 'mul'> <InPorts = 2> <OutPorts = 1>
ST_3 : Operation 120 [1/1] (0.00ns)   --->   "%trunc_ln42_89 = partselect i15 @_ssdm_op_PartSelect.i15.i25.i32.i32, i25 %mul_ln73_60, i32 10, i32 24" [firmware/nnet_utils/nnet_dense_latency.h:42]   --->   Operation 120 'partselect' 'trunc_ln42_89' <Predicate = true> <Delay = 0.00>
ST_3 : Operation 121 [1/2] (3.35ns)   --->   "%mul_ln73_61 = mul i26 %sext_ln70_33, i26 67108518" [firmware/nnet_utils/nnet_mult.h:73->firmware/nnet_utils/nnet_dense_latency.h:42]   --->   Operation 121 'mul' 'mul_ln73_61' <Predicate = true> <Delay = 3.35> <CoreInst = "Multiplier">   --->   Core 3 'Multiplier' <Latency = 1> <II = 1> <Delay = 3.35> <FuncUnit> <Opcode : 'mul'> <InPorts = 2> <OutPorts = 1>
ST_3 : Operation 122 [1/1] (0.00ns)   --->   "%trunc_ln42_90 = partselect i16 @_ssdm_op_PartSelect.i16.i26.i32.i32, i26 %mul_ln73_61, i32 10, i32 25" [firmware/nnet_utils/nnet_dense_latency.h:42]   --->   Operation 122 'partselect' 'trunc_ln42_90' <Predicate = true> <Delay = 0.00>
ST_3 : Operation 123 [1/2] (3.35ns)   --->   "%mul_ln73_62 = mul i26 %sext_ln70_33, i26 274" [firmware/nnet_utils/nnet_mult.h:73->firmware/nnet_utils/nnet_dense_latency.h:42]   --->   Operation 123 'mul' 'mul_ln73_62' <Predicate = true> <Delay = 3.35> <CoreInst = "Multiplier">   --->   Core 3 'Multiplier' <Latency = 1> <II = 1> <Delay = 3.35> <FuncUnit> <Opcode : 'mul'> <InPorts = 2> <OutPorts = 1>
ST_3 : Operation 124 [1/1] (0.00ns)   --->   "%trunc_ln42_91 = partselect i16 @_ssdm_op_PartSelect.i16.i26.i32.i32, i26 %mul_ln73_62, i32 10, i32 25" [firmware/nnet_utils/nnet_dense_latency.h:42]   --->   Operation 124 'partselect' 'trunc_ln42_91' <Predicate = true> <Delay = 0.00>
ST_3 : Operation 125 [1/2] (3.35ns)   --->   "%mul_ln73_63 = mul i25 %sext_ln70_34, i25 33554193" [firmware/nnet_utils/nnet_mult.h:73->firmware/nnet_utils/nnet_dense_latency.h:42]   --->   Operation 125 'mul' 'mul_ln73_63' <Predicate = true> <Delay = 3.35> <CoreInst = "Multiplier">   --->   Core 3 'Multiplier' <Latency = 1> <II = 1> <Delay = 3.35> <FuncUnit> <Opcode : 'mul'> <InPorts = 2> <OutPorts = 1>
ST_3 : Operation 126 [1/1] (0.00ns)   --->   "%trunc_ln42_92 = partselect i15 @_ssdm_op_PartSelect.i15.i25.i32.i32, i25 %mul_ln73_63, i32 10, i32 24" [firmware/nnet_utils/nnet_dense_latency.h:42]   --->   Operation 126 'partselect' 'trunc_ln42_92' <Predicate = true> <Delay = 0.00>
ST_3 : Operation 127 [2/2] (3.35ns)   --->   "%mul_ln73_64 = mul i24 %sext_ln70_32, i24 16777141" [firmware/nnet_utils/nnet_mult.h:73->firmware/nnet_utils/nnet_dense_latency.h:42]   --->   Operation 127 'mul' 'mul_ln73_64' <Predicate = true> <Delay = 3.35> <CoreInst = "Multiplier">   --->   Core 3 'Multiplier' <Latency = 1> <II = 1> <Delay = 3.35> <FuncUnit> <Opcode : 'mul'> <InPorts = 2> <OutPorts = 1>
ST_3 : Operation 128 [2/2] (3.35ns)   --->   "%mul_ln73_65 = mul i25 %sext_ln70_34, i25 131" [firmware/nnet_utils/nnet_mult.h:73->firmware/nnet_utils/nnet_dense_latency.h:42]   --->   Operation 128 'mul' 'mul_ln73_65' <Predicate = true> <Delay = 3.35> <CoreInst = "Multiplier">   --->   Core 3 'Multiplier' <Latency = 1> <II = 1> <Delay = 3.35> <FuncUnit> <Opcode : 'mul'> <InPorts = 2> <OutPorts = 1>
ST_3 : Operation 129 [1/1] (0.00ns)   --->   "%sext_ln70_35 = sext i16 %a_3" [firmware/nnet_utils/nnet_mult.h:70->firmware/nnet_utils/nnet_dense_latency.h:42]   --->   Operation 129 'sext' 'sext_ln70_35' <Predicate = true> <Delay = 0.00>
ST_3 : Operation 130 [1/1] (0.00ns)   --->   "%sext_ln70_36 = sext i16 %a_3" [firmware/nnet_utils/nnet_mult.h:70->firmware/nnet_utils/nnet_dense_latency.h:42]   --->   Operation 130 'sext' 'sext_ln70_36' <Predicate = true> <Delay = 0.00>
ST_3 : Operation 131 [1/1] (0.00ns)   --->   "%sext_ln70_37 = sext i16 %a_3" [firmware/nnet_utils/nnet_mult.h:70->firmware/nnet_utils/nnet_dense_latency.h:42]   --->   Operation 131 'sext' 'sext_ln70_37' <Predicate = true> <Delay = 0.00>
ST_3 : Operation 132 [2/2] (3.35ns)   --->   "%mul_ln73_66 = mul i25 %sext_ln70_37, i25 33554274" [firmware/nnet_utils/nnet_mult.h:73->firmware/nnet_utils/nnet_dense_latency.h:42]   --->   Operation 132 'mul' 'mul_ln73_66' <Predicate = true> <Delay = 3.35> <CoreInst = "Multiplier">   --->   Core 3 'Multiplier' <Latency = 1> <II = 1> <Delay = 3.35> <FuncUnit> <Opcode : 'mul'> <InPorts = 2> <OutPorts = 1>
ST_3 : Operation 133 [2/2] (3.35ns)   --->   "%mul_ln73_67 = mul i25 %sext_ln70_37, i25 33554200" [firmware/nnet_utils/nnet_mult.h:73->firmware/nnet_utils/nnet_dense_latency.h:42]   --->   Operation 133 'mul' 'mul_ln73_67' <Predicate = true> <Delay = 3.35> <CoreInst = "Multiplier">   --->   Core 3 'Multiplier' <Latency = 1> <II = 1> <Delay = 3.35> <FuncUnit> <Opcode : 'mul'> <InPorts = 2> <OutPorts = 1>
ST_3 : Operation 134 [2/2] (3.35ns)   --->   "%mul_ln73_68 = mul i25 %sext_ln70_37, i25 181" [firmware/nnet_utils/nnet_mult.h:73->firmware/nnet_utils/nnet_dense_latency.h:42]   --->   Operation 134 'mul' 'mul_ln73_68' <Predicate = true> <Delay = 3.35> <CoreInst = "Multiplier">   --->   Core 3 'Multiplier' <Latency = 1> <II = 1> <Delay = 3.35> <FuncUnit> <Opcode : 'mul'> <InPorts = 2> <OutPorts = 1>
ST_3 : Operation 135 [2/2] (3.35ns)   --->   "%mul_ln73_69 = mul i24 %sext_ln70_36, i24 16777121" [firmware/nnet_utils/nnet_mult.h:73->firmware/nnet_utils/nnet_dense_latency.h:42]   --->   Operation 135 'mul' 'mul_ln73_69' <Predicate = true> <Delay = 3.35> <CoreInst = "Multiplier">   --->   Core 3 'Multiplier' <Latency = 1> <II = 1> <Delay = 3.35> <FuncUnit> <Opcode : 'mul'> <InPorts = 2> <OutPorts = 1>
ST_3 : Operation 136 [2/2] (3.35ns)   --->   "%mul_ln73_70 = mul i23 %sext_ln70_35, i23 8388553" [firmware/nnet_utils/nnet_mult.h:73->firmware/nnet_utils/nnet_dense_latency.h:42]   --->   Operation 136 'mul' 'mul_ln73_70' <Predicate = true> <Delay = 3.35> <CoreInst = "Multiplier">   --->   Core 3 'Multiplier' <Latency = 1> <II = 1> <Delay = 3.35> <FuncUnit> <Opcode : 'mul'> <InPorts = 2> <OutPorts = 1>
ST_3 : Operation 137 [2/2] (3.35ns)   --->   "%mul_ln73_71 = mul i24 %sext_ln70_36, i24 73" [firmware/nnet_utils/nnet_mult.h:73->firmware/nnet_utils/nnet_dense_latency.h:42]   --->   Operation 137 'mul' 'mul_ln73_71' <Predicate = true> <Delay = 3.35> <CoreInst = "Multiplier">   --->   Core 3 'Multiplier' <Latency = 1> <II = 1> <Delay = 3.35> <FuncUnit> <Opcode : 'mul'> <InPorts = 2> <OutPorts = 1>
ST_3 : Operation 138 [1/1] (0.00ns)   --->   "%sext_ln70_38 = sext i16 %a_4" [firmware/nnet_utils/nnet_mult.h:70->firmware/nnet_utils/nnet_dense_latency.h:42]   --->   Operation 138 'sext' 'sext_ln70_38' <Predicate = true> <Delay = 0.00>
ST_3 : Operation 139 [1/1] (0.00ns)   --->   "%sext_ln70_39 = sext i16 %a_4" [firmware/nnet_utils/nnet_mult.h:70->firmware/nnet_utils/nnet_dense_latency.h:42]   --->   Operation 139 'sext' 'sext_ln70_39' <Predicate = true> <Delay = 0.00>
ST_3 : Operation 140 [2/2] (3.35ns)   --->   "%mul_ln73_72 = mul i25 %sext_ln70_39, i25 193" [firmware/nnet_utils/nnet_mult.h:73->firmware/nnet_utils/nnet_dense_latency.h:42]   --->   Operation 140 'mul' 'mul_ln73_72' <Predicate = true> <Delay = 3.35> <CoreInst = "Multiplier">   --->   Core 3 'Multiplier' <Latency = 1> <II = 1> <Delay = 3.35> <FuncUnit> <Opcode : 'mul'> <InPorts = 2> <OutPorts = 1>
ST_3 : Operation 141 [2/2] (3.35ns)   --->   "%mul_ln73_73 = mul i24 %sext_ln70_38, i24 119" [firmware/nnet_utils/nnet_mult.h:73->firmware/nnet_utils/nnet_dense_latency.h:42]   --->   Operation 141 'mul' 'mul_ln73_73' <Predicate = true> <Delay = 3.35> <CoreInst = "Multiplier">   --->   Core 3 'Multiplier' <Latency = 1> <II = 1> <Delay = 3.35> <FuncUnit> <Opcode : 'mul'> <InPorts = 2> <OutPorts = 1>
ST_3 : Operation 142 [2/2] (3.35ns)   --->   "%mul_ln73_74 = mul i24 %sext_ln70_38, i24 16777122" [firmware/nnet_utils/nnet_mult.h:73->firmware/nnet_utils/nnet_dense_latency.h:42]   --->   Operation 142 'mul' 'mul_ln73_74' <Predicate = true> <Delay = 3.35> <CoreInst = "Multiplier">   --->   Core 3 'Multiplier' <Latency = 1> <II = 1> <Delay = 3.35> <FuncUnit> <Opcode : 'mul'> <InPorts = 2> <OutPorts = 1>
ST_3 : Operation 143 [1/1] (0.00ns)   --->   "%sext_ln73 = sext i8 %trunc_ln42_104" [firmware/nnet_utils/nnet_mult.h:73->firmware/nnet_utils/nnet_dense_latency.h:42]   --->   Operation 143 'sext' 'sext_ln73' <Predicate = true> <Delay = 0.00>
ST_3 : Operation 144 [2/2] (3.35ns)   --->   "%mul_ln73_75 = mul i24 %sext_ln70_38, i24 84" [firmware/nnet_utils/nnet_mult.h:73->firmware/nnet_utils/nnet_dense_latency.h:42]   --->   Operation 144 'mul' 'mul_ln73_75' <Predicate = true> <Delay = 3.35> <CoreInst = "Multiplier">   --->   Core 3 'Multiplier' <Latency = 1> <II = 1> <Delay = 3.35> <FuncUnit> <Opcode : 'mul'> <InPorts = 2> <OutPorts = 1>
ST_3 : Operation 145 [1/1] (0.00ns)   --->   "%sext_ln42_43 = sext i15 %trunc_ln42_113" [firmware/nnet_utils/nnet_dense_latency.h:42]   --->   Operation 145 'sext' 'sext_ln42_43' <Predicate = true> <Delay = 0.00>
ST_3 : Operation 146 [1/1] (0.00ns)   --->   "%sext_ln42_44 = sext i14 %trunc_ln42_114" [firmware/nnet_utils/nnet_dense_latency.h:42]   --->   Operation 146 'sext' 'sext_ln42_44' <Predicate = true> <Delay = 0.00>
ST_3 : Operation 147 [1/1] (0.00ns)   --->   "%sext_ln42_45 = sext i14 %trunc_ln42_115" [firmware/nnet_utils/nnet_dense_latency.h:42]   --->   Operation 147 'sext' 'sext_ln42_45' <Predicate = true> <Delay = 0.00>
ST_3 : Operation 148 [1/1] (0.00ns)   --->   "%sext_ln58 = sext i14 %trunc_ln42_124" [firmware/nnet_utils/nnet_dense_latency.h:58]   --->   Operation 148 'sext' 'sext_ln58' <Predicate = true> <Delay = 0.00>
ST_3 : Operation 149 [1/1] (0.00ns) (grouped into TernaryAdder)   --->   "%add_ln58_81 = add i16 %trunc_ln42_119, i16 1020" [firmware/nnet_utils/nnet_dense_latency.h:58]   --->   Operation 149 'add' 'add_ln58_81' <Predicate = true> <Delay = 0.00> <CoreInst = "TAddSub">   --->   Core 10 'TAddSub' <Latency = 0> <II = 1> <Delay = 2.01> <IPBlock> <Opcode : '' 'add' 'sub'> <InPorts = 3> <OutPorts = 1> <Sync> <CReg>
ST_3 : Operation 150 [1/1] (4.03ns) (root node of TernaryAdder)   --->   "%add_ln58_82 = add i16 %add_ln58_81, i16 %sext_ln42_43" [firmware/nnet_utils/nnet_dense_latency.h:58]   --->   Operation 150 'add' 'add_ln58_82' <Predicate = true> <Delay = 4.03> <CoreInst = "TAddSub">   --->   Core 10 'TAddSub' <Latency = 0> <II = 1> <Delay = 2.01> <IPBlock> <Opcode : '' 'add' 'sub'> <InPorts = 3> <OutPorts = 1> <Sync> <CReg>
ST_3 : Operation 151 [1/1] (0.00ns) (grouped into TernaryAdder)   --->   "%add_ln58_89 = add i16 %trunc_ln42_120, i16 301" [firmware/nnet_utils/nnet_dense_latency.h:58]   --->   Operation 151 'add' 'add_ln58_89' <Predicate = true> <Delay = 0.00> <CoreInst = "TAddSub">   --->   Core 10 'TAddSub' <Latency = 0> <II = 1> <Delay = 2.01> <IPBlock> <Opcode : '' 'add' 'sub'> <InPorts = 3> <OutPorts = 1> <Sync> <CReg>
ST_3 : Operation 152 [1/1] (4.03ns) (root node of TernaryAdder)   --->   "%add_ln58_90 = add i16 %add_ln58_89, i16 %sext_ln42_44" [firmware/nnet_utils/nnet_dense_latency.h:58]   --->   Operation 152 'add' 'add_ln58_90' <Predicate = true> <Delay = 4.03> <CoreInst = "TAddSub">   --->   Core 10 'TAddSub' <Latency = 0> <II = 1> <Delay = 2.01> <IPBlock> <Opcode : '' 'add' 'sub'> <InPorts = 3> <OutPorts = 1> <Sync> <CReg>
ST_3 : Operation 153 [1/1] (0.00ns) (grouped into TernaryAdder)   --->   "%add_ln58_97 = add i16 %trunc_ln42_121, i16 65295" [firmware/nnet_utils/nnet_dense_latency.h:58]   --->   Operation 153 'add' 'add_ln58_97' <Predicate = true> <Delay = 0.00> <CoreInst = "TAddSub">   --->   Core 10 'TAddSub' <Latency = 0> <II = 1> <Delay = 2.01> <IPBlock> <Opcode : '' 'add' 'sub'> <InPorts = 3> <OutPorts = 1> <Sync> <CReg>
ST_3 : Operation 154 [1/1] (4.03ns) (root node of TernaryAdder)   --->   "%add_ln58_98 = add i16 %add_ln58_97, i16 %sext_ln42_45" [firmware/nnet_utils/nnet_dense_latency.h:58]   --->   Operation 154 'add' 'add_ln58_98' <Predicate = true> <Delay = 4.03> <CoreInst = "TAddSub">   --->   Core 10 'TAddSub' <Latency = 0> <II = 1> <Delay = 2.01> <IPBlock> <Opcode : '' 'add' 'sub'> <InPorts = 3> <OutPorts = 1> <Sync> <CReg>
ST_3 : Operation 155 [1/1] (2.12ns)   --->   "%add_ln58_105 = add i11 %sext_ln73, i11 955" [firmware/nnet_utils/nnet_dense_latency.h:58]   --->   Operation 155 'add' 'add_ln58_105' <Predicate = true> <Delay = 2.12> <CoreInst = "Adder">   --->   Core 1 'Adder' <Latency = 0> <II = 1> <Delay = 2.12> <FuncUnit> <Opcode : 'add' 'sub'> <InPorts = 2> <OutPorts = 1>
ST_3 : Operation 156 [1/1] (0.00ns)   --->   "%zext_ln58 = zext i11 %add_ln58_105" [firmware/nnet_utils/nnet_dense_latency.h:58]   --->   Operation 156 'zext' 'zext_ln58' <Predicate = true> <Delay = 0.00>
ST_3 : Operation 157 [1/1] (2.14ns)   --->   "%add_ln58_106 = add i16 %zext_ln58, i16 %trunc_ln42_122" [firmware/nnet_utils/nnet_dense_latency.h:58]   --->   Operation 157 'add' 'add_ln58_106' <Predicate = true> <Delay = 2.14> <CoreInst = "Adder">   --->   Core 1 'Adder' <Latency = 0> <II = 1> <Delay = 2.14> <FuncUnit> <Opcode : 'add' 'sub'> <InPorts = 2> <OutPorts = 1>
ST_3 : Operation 158 [1/1] (2.13ns)   --->   "%add_ln58_121 = add i15 %sext_ln58, i15 849" [firmware/nnet_utils/nnet_dense_latency.h:58]   --->   Operation 158 'add' 'add_ln58_121' <Predicate = true> <Delay = 2.13> <CoreInst = "Adder">   --->   Core 1 'Adder' <Latency = 0> <II = 1> <Delay = 2.13> <FuncUnit> <Opcode : 'add' 'sub'> <InPorts = 2> <OutPorts = 1>
ST_3 : Operation 159 [1/1] (0.00ns)   --->   "%sext_ln58_10 = sext i15 %add_ln58_121" [firmware/nnet_utils/nnet_dense_latency.h:58]   --->   Operation 159 'sext' 'sext_ln58_10' <Predicate = true> <Delay = 0.00>
ST_3 : Operation 160 [1/1] (2.14ns)   --->   "%add_ln58_122 = add i16 %sext_ln58_10, i16 %trunc_ln42_118" [firmware/nnet_utils/nnet_dense_latency.h:58]   --->   Operation 160 'add' 'add_ln58_122' <Predicate = true> <Delay = 2.14> <CoreInst = "Adder">   --->   Core 1 'Adder' <Latency = 0> <II = 1> <Delay = 2.14> <FuncUnit> <Opcode : 'add' 'sub'> <InPorts = 2> <OutPorts = 1>

State 4 <SV = 3> <Delay = 3.35>
ST_4 : Operation 161 [1/1] (0.00ns)   --->   "%sext_ln73_17 = sext i14 %trunc_ln" [firmware/nnet_utils/nnet_mult.h:73->firmware/nnet_utils/nnet_dense_latency.h:42]   --->   Operation 161 'sext' 'sext_ln73_17' <Predicate = true> <Delay = 0.00>
ST_4 : Operation 162 [1/1] (0.00ns)   --->   "%sext_ln42 = sext i15 %trunc_ln42_79" [firmware/nnet_utils/nnet_dense_latency.h:42]   --->   Operation 162 'sext' 'sext_ln42' <Predicate = true> <Delay = 0.00>
ST_4 : Operation 163 [1/1] (0.00ns)   --->   "%sext_ln73_18 = sext i12 %trunc_ln42_80" [firmware/nnet_utils/nnet_mult.h:73->firmware/nnet_utils/nnet_dense_latency.h:42]   --->   Operation 163 'sext' 'sext_ln73_18' <Predicate = true> <Delay = 0.00>
ST_4 : Operation 164 [1/1] (0.00ns)   --->   "%sext_ln73_19 = sext i14 %trunc_ln42_81" [firmware/nnet_utils/nnet_mult.h:73->firmware/nnet_utils/nnet_dense_latency.h:42]   --->   Operation 164 'sext' 'sext_ln73_19' <Predicate = true> <Delay = 0.00>
ST_4 : Operation 165 [1/1] (0.00ns)   --->   "%sext_ln42_28 = sext i15 %trunc_ln42_82" [firmware/nnet_utils/nnet_dense_latency.h:42]   --->   Operation 165 'sext' 'sext_ln42_28' <Predicate = true> <Delay = 0.00>
ST_4 : Operation 166 [1/1] (0.00ns)   --->   "%sext_ln73_20 = sext i14 %trunc_ln42_83" [firmware/nnet_utils/nnet_mult.h:73->firmware/nnet_utils/nnet_dense_latency.h:42]   --->   Operation 166 'sext' 'sext_ln73_20' <Predicate = true> <Delay = 0.00>
ST_4 : Operation 167 [1/1] (0.00ns)   --->   "%sext_ln73_21 = sext i14 %trunc_ln42_86" [firmware/nnet_utils/nnet_mult.h:73->firmware/nnet_utils/nnet_dense_latency.h:42]   --->   Operation 167 'sext' 'sext_ln73_21' <Predicate = true> <Delay = 0.00>
ST_4 : Operation 168 [1/1] (0.00ns)   --->   "%sext_ln73_22 = sext i12 %trunc_ln42_87" [firmware/nnet_utils/nnet_mult.h:73->firmware/nnet_utils/nnet_dense_latency.h:42]   --->   Operation 168 'sext' 'sext_ln73_22' <Predicate = true> <Delay = 0.00>
ST_4 : Operation 169 [1/1] (0.00ns)   --->   "%sext_ln42_29 = sext i14 %trunc_ln42_88" [firmware/nnet_utils/nnet_dense_latency.h:42]   --->   Operation 169 'sext' 'sext_ln42_29' <Predicate = true> <Delay = 0.00>
ST_4 : Operation 170 [1/2] (3.35ns)   --->   "%mul_ln73_64 = mul i24 %sext_ln70_32, i24 16777141" [firmware/nnet_utils/nnet_mult.h:73->firmware/nnet_utils/nnet_dense_latency.h:42]   --->   Operation 170 'mul' 'mul_ln73_64' <Predicate = true> <Delay = 3.35> <CoreInst = "Multiplier">   --->   Core 3 'Multiplier' <Latency = 1> <II = 1> <Delay = 3.35> <FuncUnit> <Opcode : 'mul'> <InPorts = 2> <OutPorts = 1>
ST_4 : Operation 171 [1/1] (0.00ns)   --->   "%trunc_ln42_93 = partselect i14 @_ssdm_op_PartSelect.i14.i24.i32.i32, i24 %mul_ln73_64, i32 10, i32 23" [firmware/nnet_utils/nnet_dense_latency.h:42]   --->   Operation 171 'partselect' 'trunc_ln42_93' <Predicate = true> <Delay = 0.00>
ST_4 : Operation 172 [1/2] (3.35ns)   --->   "%mul_ln73_65 = mul i25 %sext_ln70_34, i25 131" [firmware/nnet_utils/nnet_mult.h:73->firmware/nnet_utils/nnet_dense_latency.h:42]   --->   Operation 172 'mul' 'mul_ln73_65' <Predicate = true> <Delay = 3.35> <CoreInst = "Multiplier">   --->   Core 3 'Multiplier' <Latency = 1> <II = 1> <Delay = 3.35> <FuncUnit> <Opcode : 'mul'> <InPorts = 2> <OutPorts = 1>
ST_4 : Operation 173 [1/1] (0.00ns)   --->   "%trunc_ln42_94 = partselect i15 @_ssdm_op_PartSelect.i15.i25.i32.i32, i25 %mul_ln73_65, i32 10, i32 24" [firmware/nnet_utils/nnet_dense_latency.h:42]   --->   Operation 173 'partselect' 'trunc_ln42_94' <Predicate = true> <Delay = 0.00>
ST_4 : Operation 174 [1/2] (3.35ns)   --->   "%mul_ln73_66 = mul i25 %sext_ln70_37, i25 33554274" [firmware/nnet_utils/nnet_mult.h:73->firmware/nnet_utils/nnet_dense_latency.h:42]   --->   Operation 174 'mul' 'mul_ln73_66' <Predicate = true> <Delay = 3.35> <CoreInst = "Multiplier">   --->   Core 3 'Multiplier' <Latency = 1> <II = 1> <Delay = 3.35> <FuncUnit> <Opcode : 'mul'> <InPorts = 2> <OutPorts = 1>
ST_4 : Operation 175 [1/1] (0.00ns)   --->   "%trunc_ln42_95 = partselect i15 @_ssdm_op_PartSelect.i15.i25.i32.i32, i25 %mul_ln73_66, i32 10, i32 24" [firmware/nnet_utils/nnet_dense_latency.h:42]   --->   Operation 175 'partselect' 'trunc_ln42_95' <Predicate = true> <Delay = 0.00>
ST_4 : Operation 176 [1/2] (3.35ns)   --->   "%mul_ln73_67 = mul i25 %sext_ln70_37, i25 33554200" [firmware/nnet_utils/nnet_mult.h:73->firmware/nnet_utils/nnet_dense_latency.h:42]   --->   Operation 176 'mul' 'mul_ln73_67' <Predicate = true> <Delay = 3.35> <CoreInst = "Multiplier">   --->   Core 3 'Multiplier' <Latency = 1> <II = 1> <Delay = 3.35> <FuncUnit> <Opcode : 'mul'> <InPorts = 2> <OutPorts = 1>
ST_4 : Operation 177 [1/1] (0.00ns)   --->   "%trunc_ln42_96 = partselect i15 @_ssdm_op_PartSelect.i15.i25.i32.i32, i25 %mul_ln73_67, i32 10, i32 24" [firmware/nnet_utils/nnet_dense_latency.h:42]   --->   Operation 177 'partselect' 'trunc_ln42_96' <Predicate = true> <Delay = 0.00>
ST_4 : Operation 178 [1/2] (3.35ns)   --->   "%mul_ln73_68 = mul i25 %sext_ln70_37, i25 181" [firmware/nnet_utils/nnet_mult.h:73->firmware/nnet_utils/nnet_dense_latency.h:42]   --->   Operation 178 'mul' 'mul_ln73_68' <Predicate = true> <Delay = 3.35> <CoreInst = "Multiplier">   --->   Core 3 'Multiplier' <Latency = 1> <II = 1> <Delay = 3.35> <FuncUnit> <Opcode : 'mul'> <InPorts = 2> <OutPorts = 1>
ST_4 : Operation 179 [1/1] (0.00ns)   --->   "%trunc_ln42_97 = partselect i15 @_ssdm_op_PartSelect.i15.i25.i32.i32, i25 %mul_ln73_68, i32 10, i32 24" [firmware/nnet_utils/nnet_dense_latency.h:42]   --->   Operation 179 'partselect' 'trunc_ln42_97' <Predicate = true> <Delay = 0.00>
ST_4 : Operation 180 [1/2] (3.35ns)   --->   "%mul_ln73_69 = mul i24 %sext_ln70_36, i24 16777121" [firmware/nnet_utils/nnet_mult.h:73->firmware/nnet_utils/nnet_dense_latency.h:42]   --->   Operation 180 'mul' 'mul_ln73_69' <Predicate = true> <Delay = 3.35> <CoreInst = "Multiplier">   --->   Core 3 'Multiplier' <Latency = 1> <II = 1> <Delay = 3.35> <FuncUnit> <Opcode : 'mul'> <InPorts = 2> <OutPorts = 1>
ST_4 : Operation 181 [1/1] (0.00ns)   --->   "%trunc_ln42_98 = partselect i14 @_ssdm_op_PartSelect.i14.i24.i32.i32, i24 %mul_ln73_69, i32 10, i32 23" [firmware/nnet_utils/nnet_dense_latency.h:42]   --->   Operation 181 'partselect' 'trunc_ln42_98' <Predicate = true> <Delay = 0.00>
ST_4 : Operation 182 [1/2] (3.35ns)   --->   "%mul_ln73_70 = mul i23 %sext_ln70_35, i23 8388553" [firmware/nnet_utils/nnet_mult.h:73->firmware/nnet_utils/nnet_dense_latency.h:42]   --->   Operation 182 'mul' 'mul_ln73_70' <Predicate = true> <Delay = 3.35> <CoreInst = "Multiplier">   --->   Core 3 'Multiplier' <Latency = 1> <II = 1> <Delay = 3.35> <FuncUnit> <Opcode : 'mul'> <InPorts = 2> <OutPorts = 1>
ST_4 : Operation 183 [1/1] (0.00ns)   --->   "%trunc_ln42_99 = partselect i13 @_ssdm_op_PartSelect.i13.i23.i32.i32, i23 %mul_ln73_70, i32 10, i32 22" [firmware/nnet_utils/nnet_dense_latency.h:42]   --->   Operation 183 'partselect' 'trunc_ln42_99' <Predicate = true> <Delay = 0.00>
ST_4 : Operation 184 [1/2] (3.35ns)   --->   "%mul_ln73_71 = mul i24 %sext_ln70_36, i24 73" [firmware/nnet_utils/nnet_mult.h:73->firmware/nnet_utils/nnet_dense_latency.h:42]   --->   Operation 184 'mul' 'mul_ln73_71' <Predicate = true> <Delay = 3.35> <CoreInst = "Multiplier">   --->   Core 3 'Multiplier' <Latency = 1> <II = 1> <Delay = 3.35> <FuncUnit> <Opcode : 'mul'> <InPorts = 2> <OutPorts = 1>
ST_4 : Operation 185 [1/1] (0.00ns)   --->   "%trunc_ln42_100 = partselect i14 @_ssdm_op_PartSelect.i14.i24.i32.i32, i24 %mul_ln73_71, i32 10, i32 23" [firmware/nnet_utils/nnet_dense_latency.h:42]   --->   Operation 185 'partselect' 'trunc_ln42_100' <Predicate = true> <Delay = 0.00>
ST_4 : Operation 186 [1/2] (3.35ns)   --->   "%mul_ln73_72 = mul i25 %sext_ln70_39, i25 193" [firmware/nnet_utils/nnet_mult.h:73->firmware/nnet_utils/nnet_dense_latency.h:42]   --->   Operation 186 'mul' 'mul_ln73_72' <Predicate = true> <Delay = 3.35> <CoreInst = "Multiplier">   --->   Core 3 'Multiplier' <Latency = 1> <II = 1> <Delay = 3.35> <FuncUnit> <Opcode : 'mul'> <InPorts = 2> <OutPorts = 1>
ST_4 : Operation 187 [1/1] (0.00ns)   --->   "%trunc_ln42_101 = partselect i15 @_ssdm_op_PartSelect.i15.i25.i32.i32, i25 %mul_ln73_72, i32 10, i32 24" [firmware/nnet_utils/nnet_dense_latency.h:42]   --->   Operation 187 'partselect' 'trunc_ln42_101' <Predicate = true> <Delay = 0.00>
ST_4 : Operation 188 [1/2] (3.35ns)   --->   "%mul_ln73_73 = mul i24 %sext_ln70_38, i24 119" [firmware/nnet_utils/nnet_mult.h:73->firmware/nnet_utils/nnet_dense_latency.h:42]   --->   Operation 188 'mul' 'mul_ln73_73' <Predicate = true> <Delay = 3.35> <CoreInst = "Multiplier">   --->   Core 3 'Multiplier' <Latency = 1> <II = 1> <Delay = 3.35> <FuncUnit> <Opcode : 'mul'> <InPorts = 2> <OutPorts = 1>
ST_4 : Operation 189 [1/1] (0.00ns)   --->   "%trunc_ln42_102 = partselect i14 @_ssdm_op_PartSelect.i14.i24.i32.i32, i24 %mul_ln73_73, i32 10, i32 23" [firmware/nnet_utils/nnet_dense_latency.h:42]   --->   Operation 189 'partselect' 'trunc_ln42_102' <Predicate = true> <Delay = 0.00>
ST_4 : Operation 190 [1/2] (3.35ns)   --->   "%mul_ln73_74 = mul i24 %sext_ln70_38, i24 16777122" [firmware/nnet_utils/nnet_mult.h:73->firmware/nnet_utils/nnet_dense_latency.h:42]   --->   Operation 190 'mul' 'mul_ln73_74' <Predicate = true> <Delay = 3.35> <CoreInst = "Multiplier">   --->   Core 3 'Multiplier' <Latency = 1> <II = 1> <Delay = 3.35> <FuncUnit> <Opcode : 'mul'> <InPorts = 2> <OutPorts = 1>
ST_4 : Operation 191 [1/1] (0.00ns)   --->   "%trunc_ln42_103 = partselect i14 @_ssdm_op_PartSelect.i14.i24.i32.i32, i24 %mul_ln73_74, i32 10, i32 23" [firmware/nnet_utils/nnet_dense_latency.h:42]   --->   Operation 191 'partselect' 'trunc_ln42_103' <Predicate = true> <Delay = 0.00>
ST_4 : Operation 192 [1/2] (3.35ns)   --->   "%mul_ln73_75 = mul i24 %sext_ln70_38, i24 84" [firmware/nnet_utils/nnet_mult.h:73->firmware/nnet_utils/nnet_dense_latency.h:42]   --->   Operation 192 'mul' 'mul_ln73_75' <Predicate = true> <Delay = 3.35> <CoreInst = "Multiplier">   --->   Core 3 'Multiplier' <Latency = 1> <II = 1> <Delay = 3.35> <FuncUnit> <Opcode : 'mul'> <InPorts = 2> <OutPorts = 1>
ST_4 : Operation 193 [1/1] (0.00ns)   --->   "%trunc_ln42_105 = partselect i14 @_ssdm_op_PartSelect.i14.i24.i32.i32, i24 %mul_ln73_75, i32 10, i32 23" [firmware/nnet_utils/nnet_dense_latency.h:42]   --->   Operation 193 'partselect' 'trunc_ln42_105' <Predicate = true> <Delay = 0.00>
ST_4 : Operation 194 [2/2] (3.35ns)   --->   "%mul_ln73_76 = mul i25 %sext_ln70_39, i25 33554214" [firmware/nnet_utils/nnet_mult.h:73->firmware/nnet_utils/nnet_dense_latency.h:42]   --->   Operation 194 'mul' 'mul_ln73_76' <Predicate = true> <Delay = 3.35> <CoreInst = "Multiplier">   --->   Core 3 'Multiplier' <Latency = 1> <II = 1> <Delay = 3.35> <FuncUnit> <Opcode : 'mul'> <InPorts = 2> <OutPorts = 1>
ST_4 : Operation 195 [1/1] (0.00ns)   --->   "%sext_ln70_40 = sext i16 %a_5" [firmware/nnet_utils/nnet_mult.h:70->firmware/nnet_utils/nnet_dense_latency.h:42]   --->   Operation 195 'sext' 'sext_ln70_40' <Predicate = true> <Delay = 0.00>
ST_4 : Operation 196 [1/1] (0.00ns)   --->   "%sext_ln70_41 = sext i16 %a_5" [firmware/nnet_utils/nnet_mult.h:70->firmware/nnet_utils/nnet_dense_latency.h:42]   --->   Operation 196 'sext' 'sext_ln70_41' <Predicate = true> <Delay = 0.00>
ST_4 : Operation 197 [2/2] (3.35ns)   --->   "%mul_ln73_77 = mul i24 %sext_ln70_41, i24 121" [firmware/nnet_utils/nnet_mult.h:73->firmware/nnet_utils/nnet_dense_latency.h:42]   --->   Operation 197 'mul' 'mul_ln73_77' <Predicate = true> <Delay = 3.35> <CoreInst = "Multiplier">   --->   Core 3 'Multiplier' <Latency = 1> <II = 1> <Delay = 3.35> <FuncUnit> <Opcode : 'mul'> <InPorts = 2> <OutPorts = 1>
ST_4 : Operation 198 [2/2] (3.35ns)   --->   "%mul_ln42 = mul i26 %sext_ln70_40, i26 672" [firmware/nnet_utils/nnet_dense_latency.h:42]   --->   Operation 198 'mul' 'mul_ln42' <Predicate = true> <Delay = 3.35> <CoreInst = "Multiplier">   --->   Core 3 'Multiplier' <Latency = 1> <II = 1> <Delay = 3.35> <FuncUnit> <Opcode : 'mul'> <InPorts = 2> <OutPorts = 1>
ST_4 : Operation 199 [2/2] (3.35ns)   --->   "%mul_ln42_22 = mul i26 %sext_ln70_40, i26 67108331" [firmware/nnet_utils/nnet_dense_latency.h:42]   --->   Operation 199 'mul' 'mul_ln42_22' <Predicate = true> <Delay = 3.35> <CoreInst = "Multiplier">   --->   Core 3 'Multiplier' <Latency = 1> <II = 1> <Delay = 3.35> <FuncUnit> <Opcode : 'mul'> <InPorts = 2> <OutPorts = 1>
ST_4 : Operation 200 [2/2] (3.35ns)   --->   "%mul_ln42_23 = mul i26 %sext_ln70_40, i26 596" [firmware/nnet_utils/nnet_dense_latency.h:42]   --->   Operation 200 'mul' 'mul_ln42_23' <Predicate = true> <Delay = 3.35> <CoreInst = "Multiplier">   --->   Core 3 'Multiplier' <Latency = 1> <II = 1> <Delay = 3.35> <FuncUnit> <Opcode : 'mul'> <InPorts = 2> <OutPorts = 1>
ST_4 : Operation 201 [2/2] (3.35ns)   --->   "%mul_ln73_78 = mul i24 %sext_ln70_41, i24 16777121" [firmware/nnet_utils/nnet_mult.h:73->firmware/nnet_utils/nnet_dense_latency.h:42]   --->   Operation 201 'mul' 'mul_ln73_78' <Predicate = true> <Delay = 3.35> <CoreInst = "Multiplier">   --->   Core 3 'Multiplier' <Latency = 1> <II = 1> <Delay = 3.35> <FuncUnit> <Opcode : 'mul'> <InPorts = 2> <OutPorts = 1>
ST_4 : Operation 202 [2/2] (3.35ns)   --->   "%mul_ln73_79 = mul i26 %sext_ln70_40, i26 325" [firmware/nnet_utils/nnet_mult.h:73->firmware/nnet_utils/nnet_dense_latency.h:42]   --->   Operation 202 'mul' 'mul_ln73_79' <Predicate = true> <Delay = 3.35> <CoreInst = "Multiplier">   --->   Core 3 'Multiplier' <Latency = 1> <II = 1> <Delay = 3.35> <FuncUnit> <Opcode : 'mul'> <InPorts = 2> <OutPorts = 1>
ST_4 : Operation 203 [2/2] (3.35ns)   --->   "%mul_ln73_83 = mul i25 %sext_ln70_44, i25 253" [firmware/nnet_utils/nnet_mult.h:73->firmware/nnet_utils/nnet_dense_latency.h:42]   --->   Operation 203 'mul' 'mul_ln73_83' <Predicate = true> <Delay = 3.35> <CoreInst = "Multiplier">   --->   Core 3 'Multiplier' <Latency = 1> <II = 1> <Delay = 3.35> <FuncUnit> <Opcode : 'mul'> <InPorts = 2> <OutPorts = 1>
ST_4 : Operation 204 [1/1] (2.13ns)   --->   "%add_ln58 = add i15 %sext_ln73_17, i15 %sext_ln73_20" [firmware/nnet_utils/nnet_dense_latency.h:58]   --->   Operation 204 'add' 'add_ln58' <Predicate = true> <Delay = 2.13> <CoreInst = "Adder">   --->   Core 1 'Adder' <Latency = 0> <II = 1> <Delay = 2.13> <FuncUnit> <Opcode : 'add' 'sub'> <InPorts = 2> <OutPorts = 1>
ST_4 : Operation 205 [1/1] (2.14ns)   --->   "%add_ln58_85 = add i16 %trunc_ln42_s, i16 %trunc_ln42_84" [firmware/nnet_utils/nnet_dense_latency.h:58]   --->   Operation 205 'add' 'add_ln58_85' <Predicate = true> <Delay = 2.14> <CoreInst = "Adder">   --->   Core 1 'Adder' <Latency = 0> <II = 1> <Delay = 2.14> <FuncUnit> <Opcode : 'add' 'sub'> <InPorts = 2> <OutPorts = 1>
ST_4 : Operation 206 [1/1] (2.14ns)   --->   "%add_ln58_93 = add i16 %sext_ln42, i16 %trunc_ln42_85" [firmware/nnet_utils/nnet_dense_latency.h:58]   --->   Operation 206 'add' 'add_ln58_93' <Predicate = true> <Delay = 2.14> <CoreInst = "Adder">   --->   Core 1 'Adder' <Latency = 0> <II = 1> <Delay = 2.14> <FuncUnit> <Opcode : 'add' 'sub'> <InPorts = 2> <OutPorts = 1>
ST_4 : Operation 207 [1/1] (2.13ns)   --->   "%add_ln58_101 = add i15 %sext_ln73_18, i15 %sext_ln73_21" [firmware/nnet_utils/nnet_dense_latency.h:58]   --->   Operation 207 'add' 'add_ln58_101' <Predicate = true> <Delay = 2.13> <CoreInst = "Adder">   --->   Core 1 'Adder' <Latency = 0> <II = 1> <Delay = 2.13> <FuncUnit> <Opcode : 'add' 'sub'> <InPorts = 2> <OutPorts = 1>
ST_4 : Operation 208 [1/1] (2.13ns)   --->   "%add_ln58_109 = add i15 %sext_ln73_19, i15 %sext_ln73_22" [firmware/nnet_utils/nnet_dense_latency.h:58]   --->   Operation 208 'add' 'add_ln58_109' <Predicate = true> <Delay = 2.13> <CoreInst = "Adder">   --->   Core 1 'Adder' <Latency = 0> <II = 1> <Delay = 2.13> <FuncUnit> <Opcode : 'add' 'sub'> <InPorts = 2> <OutPorts = 1>
ST_4 : Operation 209 [1/1] (2.14ns)   --->   "%add_ln58_117 = add i16 %sext_ln42_28, i16 %sext_ln42_29" [firmware/nnet_utils/nnet_dense_latency.h:58]   --->   Operation 209 'add' 'add_ln58_117' <Predicate = true> <Delay = 2.14> <CoreInst = "Adder">   --->   Core 1 'Adder' <Latency = 0> <II = 1> <Delay = 2.14> <FuncUnit> <Opcode : 'add' 'sub'> <InPorts = 2> <OutPorts = 1>

State 5 <SV = 4> <Delay = 3.35>
ST_5 : Operation 210 [1/1] (0.00ns)   --->   "%sext_ln42_30 = sext i15 %trunc_ln42_89" [firmware/nnet_utils/nnet_dense_latency.h:42]   --->   Operation 210 'sext' 'sext_ln42_30' <Predicate = true> <Delay = 0.00>
ST_5 : Operation 211 [1/1] (0.00ns)   --->   "%sext_ln42_31 = sext i15 %trunc_ln42_92" [firmware/nnet_utils/nnet_dense_latency.h:42]   --->   Operation 211 'sext' 'sext_ln42_31' <Predicate = true> <Delay = 0.00>
ST_5 : Operation 212 [1/1] (0.00ns)   --->   "%sext_ln73_23 = sext i14 %trunc_ln42_93" [firmware/nnet_utils/nnet_mult.h:73->firmware/nnet_utils/nnet_dense_latency.h:42]   --->   Operation 212 'sext' 'sext_ln73_23' <Predicate = true> <Delay = 0.00>
ST_5 : Operation 213 [1/1] (0.00ns)   --->   "%sext_ln42_32 = sext i15 %trunc_ln42_94" [firmware/nnet_utils/nnet_dense_latency.h:42]   --->   Operation 213 'sext' 'sext_ln42_32' <Predicate = true> <Delay = 0.00>
ST_5 : Operation 214 [1/1] (0.00ns)   --->   "%sext_ln42_33 = sext i15 %trunc_ln42_95" [firmware/nnet_utils/nnet_dense_latency.h:42]   --->   Operation 214 'sext' 'sext_ln42_33' <Predicate = true> <Delay = 0.00>
ST_5 : Operation 215 [1/1] (0.00ns)   --->   "%sext_ln42_34 = sext i15 %trunc_ln42_96" [firmware/nnet_utils/nnet_dense_latency.h:42]   --->   Operation 215 'sext' 'sext_ln42_34' <Predicate = true> <Delay = 0.00>
ST_5 : Operation 216 [1/1] (0.00ns)   --->   "%sext_ln42_35 = sext i15 %trunc_ln42_97" [firmware/nnet_utils/nnet_dense_latency.h:42]   --->   Operation 216 'sext' 'sext_ln42_35' <Predicate = true> <Delay = 0.00>
ST_5 : Operation 217 [1/1] (0.00ns)   --->   "%sext_ln42_36 = sext i14 %trunc_ln42_98" [firmware/nnet_utils/nnet_dense_latency.h:42]   --->   Operation 217 'sext' 'sext_ln42_36' <Predicate = true> <Delay = 0.00>
ST_5 : Operation 218 [1/1] (0.00ns)   --->   "%sext_ln73_24 = sext i13 %trunc_ln42_99" [firmware/nnet_utils/nnet_mult.h:73->firmware/nnet_utils/nnet_dense_latency.h:42]   --->   Operation 218 'sext' 'sext_ln73_24' <Predicate = true> <Delay = 0.00>
ST_5 : Operation 219 [1/1] (0.00ns)   --->   "%sext_ln42_37 = sext i14 %trunc_ln42_100" [firmware/nnet_utils/nnet_dense_latency.h:42]   --->   Operation 219 'sext' 'sext_ln42_37' <Predicate = true> <Delay = 0.00>
ST_5 : Operation 220 [1/2] (3.35ns)   --->   "%mul_ln73_76 = mul i25 %sext_ln70_39, i25 33554214" [firmware/nnet_utils/nnet_mult.h:73->firmware/nnet_utils/nnet_dense_latency.h:42]   --->   Operation 220 'mul' 'mul_ln73_76' <Predicate = true> <Delay = 3.35> <CoreInst = "Multiplier">   --->   Core 3 'Multiplier' <Latency = 1> <II = 1> <Delay = 3.35> <FuncUnit> <Opcode : 'mul'> <InPorts = 2> <OutPorts = 1>
ST_5 : Operation 221 [1/1] (0.00ns)   --->   "%trunc_ln42_106 = partselect i15 @_ssdm_op_PartSelect.i15.i25.i32.i32, i25 %mul_ln73_76, i32 10, i32 24" [firmware/nnet_utils/nnet_dense_latency.h:42]   --->   Operation 221 'partselect' 'trunc_ln42_106' <Predicate = true> <Delay = 0.00>
ST_5 : Operation 222 [1/2] (3.35ns)   --->   "%mul_ln73_77 = mul i24 %sext_ln70_41, i24 121" [firmware/nnet_utils/nnet_mult.h:73->firmware/nnet_utils/nnet_dense_latency.h:42]   --->   Operation 222 'mul' 'mul_ln73_77' <Predicate = true> <Delay = 3.35> <CoreInst = "Multiplier">   --->   Core 3 'Multiplier' <Latency = 1> <II = 1> <Delay = 3.35> <FuncUnit> <Opcode : 'mul'> <InPorts = 2> <OutPorts = 1>
ST_5 : Operation 223 [1/1] (0.00ns)   --->   "%trunc_ln42_107 = partselect i14 @_ssdm_op_PartSelect.i14.i24.i32.i32, i24 %mul_ln73_77, i32 10, i32 23" [firmware/nnet_utils/nnet_dense_latency.h:42]   --->   Operation 223 'partselect' 'trunc_ln42_107' <Predicate = true> <Delay = 0.00>
ST_5 : Operation 224 [1/2] (3.35ns)   --->   "%mul_ln42 = mul i26 %sext_ln70_40, i26 672" [firmware/nnet_utils/nnet_dense_latency.h:42]   --->   Operation 224 'mul' 'mul_ln42' <Predicate = true> <Delay = 3.35> <CoreInst = "Multiplier">   --->   Core 3 'Multiplier' <Latency = 1> <II = 1> <Delay = 3.35> <FuncUnit> <Opcode : 'mul'> <InPorts = 2> <OutPorts = 1>
ST_5 : Operation 225 [1/1] (0.00ns)   --->   "%trunc_ln42_108 = partselect i16 @_ssdm_op_PartSelect.i16.i26.i32.i32, i26 %mul_ln42, i32 10, i32 25" [firmware/nnet_utils/nnet_dense_latency.h:42]   --->   Operation 225 'partselect' 'trunc_ln42_108' <Predicate = true> <Delay = 0.00>
ST_5 : Operation 226 [1/2] (3.35ns)   --->   "%mul_ln42_22 = mul i26 %sext_ln70_40, i26 67108331" [firmware/nnet_utils/nnet_dense_latency.h:42]   --->   Operation 226 'mul' 'mul_ln42_22' <Predicate = true> <Delay = 3.35> <CoreInst = "Multiplier">   --->   Core 3 'Multiplier' <Latency = 1> <II = 1> <Delay = 3.35> <FuncUnit> <Opcode : 'mul'> <InPorts = 2> <OutPorts = 1>
ST_5 : Operation 227 [1/1] (0.00ns)   --->   "%trunc_ln42_109 = partselect i16 @_ssdm_op_PartSelect.i16.i26.i32.i32, i26 %mul_ln42_22, i32 10, i32 25" [firmware/nnet_utils/nnet_dense_latency.h:42]   --->   Operation 227 'partselect' 'trunc_ln42_109' <Predicate = true> <Delay = 0.00>
ST_5 : Operation 228 [1/2] (3.35ns)   --->   "%mul_ln42_23 = mul i26 %sext_ln70_40, i26 596" [firmware/nnet_utils/nnet_dense_latency.h:42]   --->   Operation 228 'mul' 'mul_ln42_23' <Predicate = true> <Delay = 3.35> <CoreInst = "Multiplier">   --->   Core 3 'Multiplier' <Latency = 1> <II = 1> <Delay = 3.35> <FuncUnit> <Opcode : 'mul'> <InPorts = 2> <OutPorts = 1>
ST_5 : Operation 229 [1/1] (0.00ns)   --->   "%trunc_ln42_110 = partselect i16 @_ssdm_op_PartSelect.i16.i26.i32.i32, i26 %mul_ln42_23, i32 10, i32 25" [firmware/nnet_utils/nnet_dense_latency.h:42]   --->   Operation 229 'partselect' 'trunc_ln42_110' <Predicate = true> <Delay = 0.00>
ST_5 : Operation 230 [1/2] (3.35ns)   --->   "%mul_ln73_78 = mul i24 %sext_ln70_41, i24 16777121" [firmware/nnet_utils/nnet_mult.h:73->firmware/nnet_utils/nnet_dense_latency.h:42]   --->   Operation 230 'mul' 'mul_ln73_78' <Predicate = true> <Delay = 3.35> <CoreInst = "Multiplier">   --->   Core 3 'Multiplier' <Latency = 1> <II = 1> <Delay = 3.35> <FuncUnit> <Opcode : 'mul'> <InPorts = 2> <OutPorts = 1>
ST_5 : Operation 231 [1/1] (0.00ns)   --->   "%trunc_ln42_111 = partselect i14 @_ssdm_op_PartSelect.i14.i24.i32.i32, i24 %mul_ln73_78, i32 10, i32 23" [firmware/nnet_utils/nnet_dense_latency.h:42]   --->   Operation 231 'partselect' 'trunc_ln42_111' <Predicate = true> <Delay = 0.00>
ST_5 : Operation 232 [1/2] (3.35ns)   --->   "%mul_ln73_79 = mul i26 %sext_ln70_40, i26 325" [firmware/nnet_utils/nnet_mult.h:73->firmware/nnet_utils/nnet_dense_latency.h:42]   --->   Operation 232 'mul' 'mul_ln73_79' <Predicate = true> <Delay = 3.35> <CoreInst = "Multiplier">   --->   Core 3 'Multiplier' <Latency = 1> <II = 1> <Delay = 3.35> <FuncUnit> <Opcode : 'mul'> <InPorts = 2> <OutPorts = 1>
ST_5 : Operation 233 [1/1] (0.00ns)   --->   "%trunc_ln42_112 = partselect i16 @_ssdm_op_PartSelect.i16.i26.i32.i32, i26 %mul_ln73_79, i32 10, i32 25" [firmware/nnet_utils/nnet_dense_latency.h:42]   --->   Operation 233 'partselect' 'trunc_ln42_112' <Predicate = true> <Delay = 0.00>
ST_5 : Operation 234 [1/2] (3.35ns)   --->   "%mul_ln73_83 = mul i25 %sext_ln70_44, i25 253" [firmware/nnet_utils/nnet_mult.h:73->firmware/nnet_utils/nnet_dense_latency.h:42]   --->   Operation 234 'mul' 'mul_ln73_83' <Predicate = true> <Delay = 3.35> <CoreInst = "Multiplier">   --->   Core 3 'Multiplier' <Latency = 1> <II = 1> <Delay = 3.35> <FuncUnit> <Opcode : 'mul'> <InPorts = 2> <OutPorts = 1>
ST_5 : Operation 235 [1/1] (0.00ns)   --->   "%trunc_ln42_116 = partselect i15 @_ssdm_op_PartSelect.i15.i25.i32.i32, i25 %mul_ln73_83, i32 10, i32 24" [firmware/nnet_utils/nnet_dense_latency.h:42]   --->   Operation 235 'partselect' 'trunc_ln42_116' <Predicate = true> <Delay = 0.00>
ST_5 : Operation 236 [1/1] (2.14ns)   --->   "%add_ln58_78 = add i16 %sext_ln42_30, i16 %sext_ln42_33" [firmware/nnet_utils/nnet_dense_latency.h:58]   --->   Operation 236 'add' 'add_ln58_78' <Predicate = true> <Delay = 2.14> <CoreInst = "Adder">   --->   Core 1 'Adder' <Latency = 0> <II = 1> <Delay = 2.14> <FuncUnit> <Opcode : 'add' 'sub'> <InPorts = 2> <OutPorts = 1>
ST_5 : Operation 237 [1/1] (2.14ns)   --->   "%add_ln58_86 = add i16 %trunc_ln42_90, i16 %sext_ln42_34" [firmware/nnet_utils/nnet_dense_latency.h:58]   --->   Operation 237 'add' 'add_ln58_86' <Predicate = true> <Delay = 2.14> <CoreInst = "Adder">   --->   Core 1 'Adder' <Latency = 0> <II = 1> <Delay = 2.14> <FuncUnit> <Opcode : 'add' 'sub'> <InPorts = 2> <OutPorts = 1>
ST_5 : Operation 238 [1/1] (2.14ns)   --->   "%add_ln58_94 = add i16 %trunc_ln42_91, i16 %sext_ln42_35" [firmware/nnet_utils/nnet_dense_latency.h:58]   --->   Operation 238 'add' 'add_ln58_94' <Predicate = true> <Delay = 2.14> <CoreInst = "Adder">   --->   Core 1 'Adder' <Latency = 0> <II = 1> <Delay = 2.14> <FuncUnit> <Opcode : 'add' 'sub'> <InPorts = 2> <OutPorts = 1>
ST_5 : Operation 239 [1/1] (2.14ns)   --->   "%add_ln58_102 = add i16 %sext_ln42_31, i16 %sext_ln42_36" [firmware/nnet_utils/nnet_dense_latency.h:58]   --->   Operation 239 'add' 'add_ln58_102' <Predicate = true> <Delay = 2.14> <CoreInst = "Adder">   --->   Core 1 'Adder' <Latency = 0> <II = 1> <Delay = 2.14> <FuncUnit> <Opcode : 'add' 'sub'> <InPorts = 2> <OutPorts = 1>
ST_5 : Operation 240 [1/1] (2.13ns)   --->   "%add_ln58_110 = add i15 %sext_ln73_23, i15 %sext_ln73_24" [firmware/nnet_utils/nnet_dense_latency.h:58]   --->   Operation 240 'add' 'add_ln58_110' <Predicate = true> <Delay = 2.13> <CoreInst = "Adder">   --->   Core 1 'Adder' <Latency = 0> <II = 1> <Delay = 2.13> <FuncUnit> <Opcode : 'add' 'sub'> <InPorts = 2> <OutPorts = 1>
ST_5 : Operation 241 [1/1] (2.14ns)   --->   "%add_ln58_118 = add i16 %sext_ln42_32, i16 %sext_ln42_37" [firmware/nnet_utils/nnet_dense_latency.h:58]   --->   Operation 241 'add' 'add_ln58_118' <Predicate = true> <Delay = 2.14> <CoreInst = "Adder">   --->   Core 1 'Adder' <Latency = 0> <II = 1> <Delay = 2.14> <FuncUnit> <Opcode : 'add' 'sub'> <InPorts = 2> <OutPorts = 1>

State 6 <SV = 5> <Delay = 4.28>
ST_6 : Operation 242 [1/1] (0.00ns)   --->   "%sext_ln42_38 = sext i15 %trunc_ln42_101" [firmware/nnet_utils/nnet_dense_latency.h:42]   --->   Operation 242 'sext' 'sext_ln42_38' <Predicate = true> <Delay = 0.00>
ST_6 : Operation 243 [1/1] (0.00ns)   --->   "%sext_ln42_39 = sext i14 %trunc_ln42_102" [firmware/nnet_utils/nnet_dense_latency.h:42]   --->   Operation 243 'sext' 'sext_ln42_39' <Predicate = true> <Delay = 0.00>
ST_6 : Operation 244 [1/1] (0.00ns)   --->   "%sext_ln42_40 = sext i14 %trunc_ln42_103" [firmware/nnet_utils/nnet_dense_latency.h:42]   --->   Operation 244 'sext' 'sext_ln42_40' <Predicate = true> <Delay = 0.00>
ST_6 : Operation 245 [1/1] (0.00ns)   --->   "%sext_ln73_25 = sext i14 %trunc_ln42_105" [firmware/nnet_utils/nnet_mult.h:73->firmware/nnet_utils/nnet_dense_latency.h:42]   --->   Operation 245 'sext' 'sext_ln73_25' <Predicate = true> <Delay = 0.00>
ST_6 : Operation 246 [1/1] (0.00ns)   --->   "%sext_ln42_41 = sext i15 %trunc_ln42_106" [firmware/nnet_utils/nnet_dense_latency.h:42]   --->   Operation 246 'sext' 'sext_ln42_41' <Predicate = true> <Delay = 0.00>
ST_6 : Operation 247 [1/1] (0.00ns)   --->   "%sext_ln42_42 = sext i14 %trunc_ln42_107" [firmware/nnet_utils/nnet_dense_latency.h:42]   --->   Operation 247 'sext' 'sext_ln42_42' <Predicate = true> <Delay = 0.00>
ST_6 : Operation 248 [1/1] (0.00ns)   --->   "%sext_ln73_26 = sext i14 %trunc_ln42_111" [firmware/nnet_utils/nnet_mult.h:73->firmware/nnet_utils/nnet_dense_latency.h:42]   --->   Operation 248 'sext' 'sext_ln73_26' <Predicate = true> <Delay = 0.00>
ST_6 : Operation 249 [1/1] (0.00ns)   --->   "%sext_ln42_46 = sext i15 %trunc_ln42_116" [firmware/nnet_utils/nnet_dense_latency.h:42]   --->   Operation 249 'sext' 'sext_ln42_46' <Predicate = true> <Delay = 0.00>
ST_6 : Operation 250 [1/1] (0.00ns) (grouped into TernaryAdder)   --->   "%add_ln58_80 = add i16 %sext_ln42_38, i16 %sext_ln42_42" [firmware/nnet_utils/nnet_dense_latency.h:58]   --->   Operation 250 'add' 'add_ln58_80' <Predicate = true> <Delay = 0.00> <CoreInst = "TAddSub">   --->   Core 10 'TAddSub' <Latency = 0> <II = 1> <Delay = 2.01> <IPBlock> <Opcode : '' 'add' 'sub'> <InPorts = 3> <OutPorts = 1> <Sync> <CReg>
ST_6 : Operation 251 [1/1] (4.03ns) (root node of TernaryAdder)   --->   "%add_ln58_83 = add i16 %add_ln58_82, i16 %add_ln58_80" [firmware/nnet_utils/nnet_dense_latency.h:58]   --->   Operation 251 'add' 'add_ln58_83' <Predicate = true> <Delay = 4.03> <CoreInst = "TAddSub">   --->   Core 10 'TAddSub' <Latency = 0> <II = 1> <Delay = 2.01> <IPBlock> <Opcode : '' 'add' 'sub'> <InPorts = 3> <OutPorts = 1> <Sync> <CReg>
ST_6 : Operation 252 [1/1] (0.00ns) (grouped into TernaryAdder)   --->   "%add_ln58_88 = add i16 %sext_ln42_39, i16 %trunc_ln42_108" [firmware/nnet_utils/nnet_dense_latency.h:58]   --->   Operation 252 'add' 'add_ln58_88' <Predicate = true> <Delay = 0.00> <CoreInst = "TAddSub">   --->   Core 10 'TAddSub' <Latency = 0> <II = 1> <Delay = 2.01> <IPBlock> <Opcode : '' 'add' 'sub'> <InPorts = 3> <OutPorts = 1> <Sync> <CReg>
ST_6 : Operation 253 [1/1] (4.03ns) (root node of TernaryAdder)   --->   "%add_ln58_91 = add i16 %add_ln58_90, i16 %add_ln58_88" [firmware/nnet_utils/nnet_dense_latency.h:58]   --->   Operation 253 'add' 'add_ln58_91' <Predicate = true> <Delay = 4.03> <CoreInst = "TAddSub">   --->   Core 10 'TAddSub' <Latency = 0> <II = 1> <Delay = 2.01> <IPBlock> <Opcode : '' 'add' 'sub'> <InPorts = 3> <OutPorts = 1> <Sync> <CReg>
ST_6 : Operation 254 [1/1] (0.00ns) (grouped into TernaryAdder)   --->   "%add_ln58_96 = add i16 %sext_ln42_40, i16 %trunc_ln42_109" [firmware/nnet_utils/nnet_dense_latency.h:58]   --->   Operation 254 'add' 'add_ln58_96' <Predicate = true> <Delay = 0.00> <CoreInst = "TAddSub">   --->   Core 10 'TAddSub' <Latency = 0> <II = 1> <Delay = 2.01> <IPBlock> <Opcode : '' 'add' 'sub'> <InPorts = 3> <OutPorts = 1> <Sync> <CReg>
ST_6 : Operation 255 [1/1] (4.03ns) (root node of TernaryAdder)   --->   "%add_ln58_99 = add i16 %add_ln58_98, i16 %add_ln58_96" [firmware/nnet_utils/nnet_dense_latency.h:58]   --->   Operation 255 'add' 'add_ln58_99' <Predicate = true> <Delay = 4.03> <CoreInst = "TAddSub">   --->   Core 10 'TAddSub' <Latency = 0> <II = 1> <Delay = 2.01> <IPBlock> <Opcode : '' 'add' 'sub'> <InPorts = 3> <OutPorts = 1> <Sync> <CReg>
ST_6 : Operation 256 [1/1] (0.00ns) (grouped into TernaryAdder)   --->   "%add_ln58_104 = add i16 %trunc_ln42_110, i16 %sext_ln42_46" [firmware/nnet_utils/nnet_dense_latency.h:58]   --->   Operation 256 'add' 'add_ln58_104' <Predicate = true> <Delay = 0.00> <CoreInst = "TAddSub">   --->   Core 10 'TAddSub' <Latency = 0> <II = 1> <Delay = 2.01> <IPBlock> <Opcode : '' 'add' 'sub'> <InPorts = 3> <OutPorts = 1> <Sync> <CReg>
ST_6 : Operation 257 [1/1] (4.03ns) (root node of TernaryAdder)   --->   "%add_ln58_107 = add i16 %add_ln58_106, i16 %add_ln58_104" [firmware/nnet_utils/nnet_dense_latency.h:58]   --->   Operation 257 'add' 'add_ln58_107' <Predicate = true> <Delay = 4.03> <CoreInst = "TAddSub">   --->   Core 10 'TAddSub' <Latency = 0> <II = 1> <Delay = 2.01> <IPBlock> <Opcode : '' 'add' 'sub'> <InPorts = 3> <OutPorts = 1> <Sync> <CReg>
ST_6 : Operation 258 [1/1] (2.13ns)   --->   "%add_ln58_112 = add i15 %sext_ln73_25, i15 %sext_ln73_26" [firmware/nnet_utils/nnet_dense_latency.h:58]   --->   Operation 258 'add' 'add_ln58_112' <Predicate = true> <Delay = 2.13> <CoreInst = "Adder">   --->   Core 1 'Adder' <Latency = 0> <II = 1> <Delay = 2.13> <FuncUnit> <Opcode : 'add' 'sub'> <InPorts = 2> <OutPorts = 1>
ST_6 : Operation 259 [1/1] (0.00ns)   --->   "%sext_ln58_7 = sext i15 %add_ln58_112" [firmware/nnet_utils/nnet_dense_latency.h:58]   --->   Operation 259 'sext' 'sext_ln58_7' <Predicate = true> <Delay = 0.00>
ST_6 : Operation 260 [1/1] (0.00ns)   --->   "%sext_ln58_9 = sext i15 %add_ln58_114" [firmware/nnet_utils/nnet_dense_latency.h:58]   --->   Operation 260 'sext' 'sext_ln58_9' <Predicate = true> <Delay = 0.00>
ST_6 : Operation 261 [1/1] (2.14ns)   --->   "%add_ln58_115 = add i16 %sext_ln58_9, i16 %sext_ln58_7" [firmware/nnet_utils/nnet_dense_latency.h:58]   --->   Operation 261 'add' 'add_ln58_115' <Predicate = true> <Delay = 2.14> <CoreInst = "Adder">   --->   Core 1 'Adder' <Latency = 0> <II = 1> <Delay = 2.14> <FuncUnit> <Opcode : 'add' 'sub'> <InPorts = 2> <OutPorts = 1>
ST_6 : Operation 262 [1/1] (0.00ns) (grouped into TernaryAdder)   --->   "%add_ln58_120 = add i16 %sext_ln42_41, i16 %trunc_ln42_112" [firmware/nnet_utils/nnet_dense_latency.h:58]   --->   Operation 262 'add' 'add_ln58_120' <Predicate = true> <Delay = 0.00> <CoreInst = "TAddSub">   --->   Core 10 'TAddSub' <Latency = 0> <II = 1> <Delay = 2.01> <IPBlock> <Opcode : '' 'add' 'sub'> <InPorts = 3> <OutPorts = 1> <Sync> <CReg>
ST_6 : Operation 263 [1/1] (4.03ns) (root node of TernaryAdder)   --->   "%add_ln58_123 = add i16 %add_ln58_122, i16 %add_ln58_120" [firmware/nnet_utils/nnet_dense_latency.h:58]   --->   Operation 263 'add' 'add_ln58_123' <Predicate = true> <Delay = 4.03> <CoreInst = "TAddSub">   --->   Core 10 'TAddSub' <Latency = 0> <II = 1> <Delay = 2.01> <IPBlock> <Opcode : '' 'add' 'sub'> <InPorts = 3> <OutPorts = 1> <Sync> <CReg>

State 7 <SV = 6> <Delay = 4.03>
ST_7 : Operation 264 [1/1] (0.00ns)   --->   "%specpipeline_ln33 = specpipeline void @_ssdm_op_SpecPipeline, i32 4, i32 0, i32 0, i32 0, void @empty_0" [firmware/nnet_utils/nnet_dense_latency.h:33]   --->   Operation 264 'specpipeline' 'specpipeline_ln33' <Predicate = true> <Delay = 0.00>
ST_7 : Operation 265 [1/1] (0.00ns)   --->   "%specresourcelimit_ln33 = specresourcelimit void @_ssdm_op_SpecResourceLimit, i64 12, void @empty_1, void @empty_0, void @empty_0, void @empty_0" [firmware/nnet_utils/nnet_dense_latency.h:33]   --->   Operation 265 'specresourcelimit' 'specresourcelimit_ln33' <Predicate = true> <Delay = 0.00>
ST_7 : Operation 266 [1/1] (0.00ns)   --->   "%sext_ln58_3 = sext i15 %add_ln58" [firmware/nnet_utils/nnet_dense_latency.h:58]   --->   Operation 266 'sext' 'sext_ln58_3' <Predicate = true> <Delay = 0.00>
ST_7 : Operation 267 [1/1] (0.00ns) (grouped into TernaryAdder)   --->   "%add_ln58_79 = add i16 %add_ln58_78, i16 %sext_ln58_3" [firmware/nnet_utils/nnet_dense_latency.h:58]   --->   Operation 267 'add' 'add_ln58_79' <Predicate = true> <Delay = 0.00> <CoreInst = "TAddSub">   --->   Core 10 'TAddSub' <Latency = 0> <II = 1> <Delay = 2.01> <IPBlock> <Opcode : '' 'add' 'sub'> <InPorts = 3> <OutPorts = 1> <Sync> <CReg>
ST_7 : Operation 268 [1/1] (4.03ns) (root node of TernaryAdder)   --->   "%add_ln58_84 = add i16 %add_ln58_83, i16 %add_ln58_79" [firmware/nnet_utils/nnet_dense_latency.h:58]   --->   Operation 268 'add' 'add_ln58_84' <Predicate = true> <Delay = 4.03> <CoreInst = "TAddSub">   --->   Core 10 'TAddSub' <Latency = 0> <II = 1> <Delay = 2.01> <IPBlock> <Opcode : '' 'add' 'sub'> <InPorts = 3> <OutPorts = 1> <Sync> <CReg>
ST_7 : Operation 269 [1/1] (0.00ns) (grouped into TernaryAdder)   --->   "%add_ln58_87 = add i16 %add_ln58_86, i16 %add_ln58_85" [firmware/nnet_utils/nnet_dense_latency.h:58]   --->   Operation 269 'add' 'add_ln58_87' <Predicate = true> <Delay = 0.00> <CoreInst = "TAddSub">   --->   Core 10 'TAddSub' <Latency = 0> <II = 1> <Delay = 2.01> <IPBlock> <Opcode : '' 'add' 'sub'> <InPorts = 3> <OutPorts = 1> <Sync> <CReg>
ST_7 : Operation 270 [1/1] (4.03ns) (root node of TernaryAdder)   --->   "%add_ln58_92 = add i16 %add_ln58_91, i16 %add_ln58_87" [firmware/nnet_utils/nnet_dense_latency.h:58]   --->   Operation 270 'add' 'add_ln58_92' <Predicate = true> <Delay = 4.03> <CoreInst = "TAddSub">   --->   Core 10 'TAddSub' <Latency = 0> <II = 1> <Delay = 2.01> <IPBlock> <Opcode : '' 'add' 'sub'> <InPorts = 3> <OutPorts = 1> <Sync> <CReg>
ST_7 : Operation 271 [1/1] (0.00ns) (grouped into TernaryAdder)   --->   "%add_ln58_95 = add i16 %add_ln58_94, i16 %add_ln58_93" [firmware/nnet_utils/nnet_dense_latency.h:58]   --->   Operation 271 'add' 'add_ln58_95' <Predicate = true> <Delay = 0.00> <CoreInst = "TAddSub">   --->   Core 10 'TAddSub' <Latency = 0> <II = 1> <Delay = 2.01> <IPBlock> <Opcode : '' 'add' 'sub'> <InPorts = 3> <OutPorts = 1> <Sync> <CReg>
ST_7 : Operation 272 [1/1] (4.03ns) (root node of TernaryAdder)   --->   "%add_ln58_100 = add i16 %add_ln58_99, i16 %add_ln58_95" [firmware/nnet_utils/nnet_dense_latency.h:58]   --->   Operation 272 'add' 'add_ln58_100' <Predicate = true> <Delay = 4.03> <CoreInst = "TAddSub">   --->   Core 10 'TAddSub' <Latency = 0> <II = 1> <Delay = 2.01> <IPBlock> <Opcode : '' 'add' 'sub'> <InPorts = 3> <OutPorts = 1> <Sync> <CReg>
ST_7 : Operation 273 [1/1] (0.00ns)   --->   "%sext_ln58_4 = sext i15 %add_ln58_101" [firmware/nnet_utils/nnet_dense_latency.h:58]   --->   Operation 273 'sext' 'sext_ln58_4' <Predicate = true> <Delay = 0.00>
ST_7 : Operation 274 [1/1] (0.00ns) (grouped into TernaryAdder)   --->   "%add_ln58_103 = add i16 %add_ln58_102, i16 %sext_ln58_4" [firmware/nnet_utils/nnet_dense_latency.h:58]   --->   Operation 274 'add' 'add_ln58_103' <Predicate = true> <Delay = 0.00> <CoreInst = "TAddSub">   --->   Core 10 'TAddSub' <Latency = 0> <II = 1> <Delay = 2.01> <IPBlock> <Opcode : '' 'add' 'sub'> <InPorts = 3> <OutPorts = 1> <Sync> <CReg>
ST_7 : Operation 275 [1/1] (4.03ns) (root node of TernaryAdder)   --->   "%add_ln58_108 = add i16 %add_ln58_107, i16 %add_ln58_103" [firmware/nnet_utils/nnet_dense_latency.h:58]   --->   Operation 275 'add' 'add_ln58_108' <Predicate = true> <Delay = 4.03> <CoreInst = "TAddSub">   --->   Core 10 'TAddSub' <Latency = 0> <II = 1> <Delay = 2.01> <IPBlock> <Opcode : '' 'add' 'sub'> <InPorts = 3> <OutPorts = 1> <Sync> <CReg>
ST_7 : Operation 276 [1/1] (0.00ns)   --->   "%sext_ln58_5 = sext i15 %add_ln58_109" [firmware/nnet_utils/nnet_dense_latency.h:58]   --->   Operation 276 'sext' 'sext_ln58_5' <Predicate = true> <Delay = 0.00>
ST_7 : Operation 277 [1/1] (0.00ns)   --->   "%sext_ln58_6 = sext i15 %add_ln58_110" [firmware/nnet_utils/nnet_dense_latency.h:58]   --->   Operation 277 'sext' 'sext_ln58_6' <Predicate = true> <Delay = 0.00>
ST_7 : Operation 278 [1/1] (0.00ns) (grouped into TernaryAdder)   --->   "%add_ln58_111 = add i16 %sext_ln58_6, i16 %sext_ln58_5" [firmware/nnet_utils/nnet_dense_latency.h:58]   --->   Operation 278 'add' 'add_ln58_111' <Predicate = true> <Delay = 0.00> <CoreInst = "TAddSub">   --->   Core 10 'TAddSub' <Latency = 0> <II = 1> <Delay = 2.01> <IPBlock> <Opcode : '' 'add' 'sub'> <InPorts = 3> <OutPorts = 1> <Sync> <CReg>
ST_7 : Operation 279 [1/1] (4.03ns) (root node of TernaryAdder)   --->   "%add_ln58_116 = add i16 %add_ln58_115, i16 %add_ln58_111" [firmware/nnet_utils/nnet_dense_latency.h:58]   --->   Operation 279 'add' 'add_ln58_116' <Predicate = true> <Delay = 4.03> <CoreInst = "TAddSub">   --->   Core 10 'TAddSub' <Latency = 0> <II = 1> <Delay = 2.01> <IPBlock> <Opcode : '' 'add' 'sub'> <InPorts = 3> <OutPorts = 1> <Sync> <CReg>
ST_7 : Operation 280 [1/1] (0.00ns) (grouped into TernaryAdder)   --->   "%add_ln58_119 = add i16 %add_ln58_118, i16 %add_ln58_117" [firmware/nnet_utils/nnet_dense_latency.h:58]   --->   Operation 280 'add' 'add_ln58_119' <Predicate = true> <Delay = 0.00> <CoreInst = "TAddSub">   --->   Core 10 'TAddSub' <Latency = 0> <II = 1> <Delay = 2.01> <IPBlock> <Opcode : '' 'add' 'sub'> <InPorts = 3> <OutPorts = 1> <Sync> <CReg>
ST_7 : Operation 281 [1/1] (4.03ns) (root node of TernaryAdder)   --->   "%add_ln58_124 = add i16 %add_ln58_123, i16 %add_ln58_119" [firmware/nnet_utils/nnet_dense_latency.h:58]   --->   Operation 281 'add' 'add_ln58_124' <Predicate = true> <Delay = 4.03> <CoreInst = "TAddSub">   --->   Core 10 'TAddSub' <Latency = 0> <II = 1> <Delay = 2.01> <IPBlock> <Opcode : '' 'add' 'sub'> <InPorts = 3> <OutPorts = 1> <Sync> <CReg>
ST_7 : Operation 282 [1/1] (0.00ns)   --->   "%mrv = insertvalue i96 <undef>, i16 %add_ln58_84" [firmware/nnet_utils/nnet_dense_latency.h:68]   --->   Operation 282 'insertvalue' 'mrv' <Predicate = true> <Delay = 0.00>
ST_7 : Operation 283 [1/1] (0.00ns)   --->   "%mrv_1 = insertvalue i96 %mrv, i16 %add_ln58_92" [firmware/nnet_utils/nnet_dense_latency.h:68]   --->   Operation 283 'insertvalue' 'mrv_1' <Predicate = true> <Delay = 0.00>
ST_7 : Operation 284 [1/1] (0.00ns)   --->   "%mrv_2 = insertvalue i96 %mrv_1, i16 %add_ln58_100" [firmware/nnet_utils/nnet_dense_latency.h:68]   --->   Operation 284 'insertvalue' 'mrv_2' <Predicate = true> <Delay = 0.00>
ST_7 : Operation 285 [1/1] (0.00ns)   --->   "%mrv_3 = insertvalue i96 %mrv_2, i16 %add_ln58_108" [firmware/nnet_utils/nnet_dense_latency.h:68]   --->   Operation 285 'insertvalue' 'mrv_3' <Predicate = true> <Delay = 0.00>
ST_7 : Operation 286 [1/1] (0.00ns)   --->   "%mrv_4 = insertvalue i96 %mrv_3, i16 %add_ln58_116" [firmware/nnet_utils/nnet_dense_latency.h:68]   --->   Operation 286 'insertvalue' 'mrv_4' <Predicate = true> <Delay = 0.00>
ST_7 : Operation 287 [1/1] (0.00ns)   --->   "%mrv_5 = insertvalue i96 %mrv_4, i16 %add_ln58_124" [firmware/nnet_utils/nnet_dense_latency.h:68]   --->   Operation 287 'insertvalue' 'mrv_5' <Predicate = true> <Delay = 0.00>
ST_7 : Operation 288 [1/1] (0.00ns)   --->   "%ret_ln68 = ret i96 %mrv_5" [firmware/nnet_utils/nnet_dense_latency.h:68]   --->   Operation 288 'ret' 'ret_ln68' <Predicate = true> <Delay = 0.00>


============================================================
+ Verbose Summary: Timing violations
============================================================
Target clock period: 5.000ns, clock uncertainty: 0.625ns.

 <State 1>: 4.271ns
The critical path consists of the following:
	wire read operation ('data_val_read') on port 'data_val' [4]  (0.000 ns)
	'sub' operation 24 bit ('sub_ln73', firmware/nnet_utils/nnet_mult.h:73->firmware/nnet_utils/nnet_dense_latency.h:42) [146]  (0.000 ns)
	'sub' operation 24 bit ('sub_ln73_6', firmware/nnet_utils/nnet_mult.h:73->firmware/nnet_utils/nnet_dense_latency.h:42) [149]  (4.271 ns)

 <State 2>: 4.269ns
The critical path consists of the following:
	'add' operation 13 bit ('add_ln58_113', firmware/nnet_utils/nnet_dense_latency.h:58) [217]  (2.131 ns)
	'add' operation 15 bit ('add_ln58_114', firmware/nnet_utils/nnet_dense_latency.h:58) [219]  (2.138 ns)

 <State 3>: 4.284ns
The critical path consists of the following:
	'add' operation 15 bit ('add_ln58_121', firmware/nnet_utils/nnet_dense_latency.h:58) [227]  (2.138 ns)
	'add' operation 16 bit ('add_ln58_122', firmware/nnet_utils/nnet_dense_latency.h:58) [229]  (2.146 ns)

 <State 4>: 3.352ns
The critical path consists of the following:
	'mul' operation 24 bit ('mul_ln73_64', firmware/nnet_utils/nnet_mult.h:73->firmware/nnet_utils/nnet_dense_latency.h:42) [63]  (3.352 ns)

 <State 5>: 3.352ns
The critical path consists of the following:
	'mul' operation 25 bit ('mul_ln73_76', firmware/nnet_utils/nnet_mult.h:73->firmware/nnet_utils/nnet_dense_latency.h:42) [108]  (3.352 ns)

 <State 6>: 4.280ns
The critical path consists of the following:
	'add' operation 15 bit ('add_ln58_112', firmware/nnet_utils/nnet_dense_latency.h:58) [215]  (2.138 ns)
	'add' operation 16 bit ('add_ln58_115', firmware/nnet_utils/nnet_dense_latency.h:58) [221]  (2.142 ns)

 <State 7>: 4.037ns
The critical path consists of the following:
	'add' operation 16 bit ('add_ln58_79', firmware/nnet_utils/nnet_dense_latency.h:58) [178]  (0.000 ns)
	'add' operation 16 bit ('add_ln58_84', firmware/nnet_utils/nnet_dense_latency.h:58) [183]  (4.037 ns)


============================================================
+ Verbose Summary: Binding
============================================================
N/A
* FSMD analyzer results:
  - Output states:
 - Input state : 
  - Chain level:
	State 1
	State 2
	State 3
	State 4
	State 5
	State 6
	State 7


============================================================
+ Verbose Summary: Datapath Resource usage 
============================================================
N/A
