

================================================================
== Vitis HLS Report for 'dense_latency_ap_fixed_16_6_5_3_0_ap_fixed_16_6_5_3_0_config8_s'
================================================================
* Date:           Fri Feb 20 14:05:35 2026

* Version:        2023.2 (Build 4023990 on Oct 11 2023)
* Project:        myproject_prj
* Solution:       solution1 (Vivado IP Flow Target)
* Product family: artix7
* Target device:  xc7a50t-csg324-1


================================================================
== Performance Estimates
================================================================
+ Timing: 
    * Summary: 
    +--------+---------+----------+------------+
    |  Clock |  Target | Estimated| Uncertainty|
    +--------+---------+----------+------------+
    |ap_clk  |  5.00 ns|  4.373 ns|     0.62 ns|
    +--------+---------+----------+------------+

+ Latency: 
    * Summary: 
    +---------+---------+-----------+-----------+-----+-----+---------+
    |  Latency (cycles) |   Latency (absolute)  |  Interval | Pipeline|
    |   min   |   max   |    min    |    max    | min | max |   Type  |
    +---------+---------+-----------+-----------+-----+-----+---------+
    |        6|        6|  30.000 ns|  30.000 ns|    4|    4|      yes|
    +---------+---------+-----------+-----------+-----+-----+---------+

    + Detail: 
        * Instance: 
        N/A

        * Loop: 
        N/A

============================================================
+ Verbose Summary: Synthesis Manager
============================================================
InlineROM: 1
ExposeGlobal: 0
============================================================
+ Verbose Summary: CDFG Model
============================================================
IsTopModel: 0
ResetActiveHigh: 1
IsCombinational: 0
IsDatapathOnly: 0
HasWiredReturn: 1
HasMFsm: 2
HasVarLatency: 0
IsPipeline: 1
IsRtlPipelined: 1
IsInstanceOverlapped: 0
IsDontTouch: 0
HasImplIP: 0
IsGatedGlobalClock: 0

+ Individual pipeline summary: 
  * Pipeline-0: initiation interval (II) = 4, depth = 7


============================================================
+ Verbose Summary: Schedule
============================================================
* Number of FSM states : 7
* Pipeline : 1
  Pipeline-0 : II = 4, D = 7, States = { 1 2 3 4 5 6 7 }
* Dataflow Pipeline: 0

* FSM state transitions: 
1 --> 2 
2 --> 3 
3 --> 4 
4 --> 5 
5 --> 6 
6 --> 7 
7 --> 

* FSM state operations: 

State 1 <SV = 0> <Delay = 3.35>
ST_1 : Operation 8 [1/1] (0.00ns)   --->   "%data_5_val_read = read i16 @_ssdm_op_Read.ap_auto.i16, i16 %data_5_val" [firmware/nnet_utils/nnet_mult.h:70->firmware/nnet_utils/nnet_dense_latency.h:42]   --->   Operation 8 'read' 'data_5_val_read' <Predicate = true> <Delay = 0.00>
ST_1 : Operation 9 [1/1] (0.00ns)   --->   "%data_3_val_read = read i16 @_ssdm_op_Read.ap_auto.i16, i16 %data_3_val" [firmware/nnet_utils/nnet_mult.h:70->firmware/nnet_utils/nnet_dense_latency.h:42]   --->   Operation 9 'read' 'data_3_val_read' <Predicate = true> <Delay = 0.00>
ST_1 : Operation 10 [1/1] (0.00ns)   --->   "%data_1_val_read = read i16 @_ssdm_op_Read.ap_auto.i16, i16 %data_1_val" [firmware/nnet_utils/nnet_mult.h:70->firmware/nnet_utils/nnet_dense_latency.h:42]   --->   Operation 10 'read' 'data_1_val_read' <Predicate = true> <Delay = 0.00>
ST_1 : Operation 11 [1/1] (0.00ns)   --->   "%sext_ln70_4 = sext i16 %data_1_val_read" [firmware/nnet_utils/nnet_mult.h:70->firmware/nnet_utils/nnet_dense_latency.h:42]   --->   Operation 11 'sext' 'sext_ln70_4' <Predicate = true> <Delay = 0.00>
ST_1 : Operation 12 [2/2] (3.35ns)   --->   "%mul_ln73_6 = mul i26 %sext_ln70_4, i26 67108545" [firmware/nnet_utils/nnet_mult.h:73->firmware/nnet_utils/nnet_dense_latency.h:42]   --->   Operation 12 'mul' 'mul_ln73_6' <Predicate = true> <Delay = 3.35> <CoreInst = "Multiplier">   --->   Core 3 'Multiplier' <Latency = 1> <II = 1> <Delay = 3.35> <FuncUnit> <Opcode : 'mul'> <InPorts = 2> <OutPorts = 1>
ST_1 : Operation 13 [2/2] (3.35ns)   --->   "%mul_ln73_7 = mul i26 %sext_ln70_4, i26 67108424" [firmware/nnet_utils/nnet_mult.h:73->firmware/nnet_utils/nnet_dense_latency.h:42]   --->   Operation 13 'mul' 'mul_ln73_7' <Predicate = true> <Delay = 3.35> <CoreInst = "Multiplier">   --->   Core 3 'Multiplier' <Latency = 1> <II = 1> <Delay = 3.35> <FuncUnit> <Opcode : 'mul'> <InPorts = 2> <OutPorts = 1>
ST_1 : Operation 14 [2/2] (3.35ns)   --->   "%mul_ln42_2 = mul i26 %sext_ln70_4, i26 67108211" [firmware/nnet_utils/nnet_dense_latency.h:42]   --->   Operation 14 'mul' 'mul_ln42_2' <Predicate = true> <Delay = 3.35> <CoreInst = "Multiplier">   --->   Core 3 'Multiplier' <Latency = 1> <II = 1> <Delay = 3.35> <FuncUnit> <Opcode : 'mul'> <InPorts = 2> <OutPorts = 1>
ST_1 : Operation 15 [2/2] (3.35ns)   --->   "%mul_ln73_8 = mul i26 %sext_ln70_4, i26 67108464" [firmware/nnet_utils/nnet_mult.h:73->firmware/nnet_utils/nnet_dense_latency.h:42]   --->   Operation 15 'mul' 'mul_ln73_8' <Predicate = true> <Delay = 3.35> <CoreInst = "Multiplier">   --->   Core 3 'Multiplier' <Latency = 1> <II = 1> <Delay = 3.35> <FuncUnit> <Opcode : 'mul'> <InPorts = 2> <OutPorts = 1>
ST_1 : Operation 16 [2/2] (3.35ns)   --->   "%mul_ln73_9 = mul i26 %sext_ln70_4, i26 332" [firmware/nnet_utils/nnet_mult.h:73->firmware/nnet_utils/nnet_dense_latency.h:42]   --->   Operation 16 'mul' 'mul_ln73_9' <Predicate = true> <Delay = 3.35> <CoreInst = "Multiplier">   --->   Core 3 'Multiplier' <Latency = 1> <II = 1> <Delay = 3.35> <FuncUnit> <Opcode : 'mul'> <InPorts = 2> <OutPorts = 1>
ST_1 : Operation 17 [1/1] (0.00ns)   --->   "%sext_ln70_8 = sext i16 %data_3_val_read" [firmware/nnet_utils/nnet_mult.h:70->firmware/nnet_utils/nnet_dense_latency.h:42]   --->   Operation 17 'sext' 'sext_ln70_8' <Predicate = true> <Delay = 0.00>
ST_1 : Operation 18 [2/2] (3.35ns)   --->   "%mul_ln73_18 = mul i22 %sext_ln70_8, i22 29" [firmware/nnet_utils/nnet_mult.h:73->firmware/nnet_utils/nnet_dense_latency.h:42]   --->   Operation 18 'mul' 'mul_ln73_18' <Predicate = true> <Delay = 3.35> <CoreInst = "Multiplier">   --->   Core 3 'Multiplier' <Latency = 1> <II = 1> <Delay = 3.35> <FuncUnit> <Opcode : 'mul'> <InPorts = 2> <OutPorts = 1>
ST_1 : Operation 19 [1/1] (0.00ns)   --->   "%sext_ln70_15 = sext i16 %data_5_val_read" [firmware/nnet_utils/nnet_mult.h:70->firmware/nnet_utils/nnet_dense_latency.h:42]   --->   Operation 19 'sext' 'sext_ln70_15' <Predicate = true> <Delay = 0.00>
ST_1 : Operation 20 [1/1] (0.00ns)   --->   "%sext_ln70_17 = sext i16 %data_5_val_read" [firmware/nnet_utils/nnet_mult.h:70->firmware/nnet_utils/nnet_dense_latency.h:42]   --->   Operation 20 'sext' 'sext_ln70_17' <Predicate = true> <Delay = 0.00>
ST_1 : Operation 21 [2/2] (3.35ns)   --->   "%mul_ln42_11 = mul i26 %sext_ln70_17, i26 518" [firmware/nnet_utils/nnet_dense_latency.h:42]   --->   Operation 21 'mul' 'mul_ln42_11' <Predicate = true> <Delay = 3.35> <CoreInst = "Multiplier">   --->   Core 3 'Multiplier' <Latency = 1> <II = 1> <Delay = 3.35> <FuncUnit> <Opcode : 'mul'> <InPorts = 2> <OutPorts = 1>
ST_1 : Operation 22 [2/2] (3.35ns)   --->   "%mul_ln73_28 = mul i26 %sext_ln70_17, i26 67108401" [firmware/nnet_utils/nnet_mult.h:73->firmware/nnet_utils/nnet_dense_latency.h:42]   --->   Operation 22 'mul' 'mul_ln73_28' <Predicate = true> <Delay = 3.35> <CoreInst = "Multiplier">   --->   Core 3 'Multiplier' <Latency = 1> <II = 1> <Delay = 3.35> <FuncUnit> <Opcode : 'mul'> <InPorts = 2> <OutPorts = 1>
ST_1 : Operation 23 [2/2] (3.35ns)   --->   "%mul_ln73_29 = mul i26 %sext_ln70_17, i26 428" [firmware/nnet_utils/nnet_mult.h:73->firmware/nnet_utils/nnet_dense_latency.h:42]   --->   Operation 23 'mul' 'mul_ln73_29' <Predicate = true> <Delay = 3.35> <CoreInst = "Multiplier">   --->   Core 3 'Multiplier' <Latency = 1> <II = 1> <Delay = 3.35> <FuncUnit> <Opcode : 'mul'> <InPorts = 2> <OutPorts = 1>
ST_1 : Operation 24 [2/2] (3.35ns)   --->   "%mul_ln73_31 = mul i26 %sext_ln70_17, i26 326" [firmware/nnet_utils/nnet_mult.h:73->firmware/nnet_utils/nnet_dense_latency.h:42]   --->   Operation 24 'mul' 'mul_ln73_31' <Predicate = true> <Delay = 3.35> <CoreInst = "Multiplier">   --->   Core 3 'Multiplier' <Latency = 1> <II = 1> <Delay = 3.35> <FuncUnit> <Opcode : 'mul'> <InPorts = 2> <OutPorts = 1>
ST_1 : Operation 25 [2/2] (3.35ns)   --->   "%mul_ln42_12 = mul i26 %sext_ln70_17, i26 67108262" [firmware/nnet_utils/nnet_dense_latency.h:42]   --->   Operation 25 'mul' 'mul_ln42_12' <Predicate = true> <Delay = 3.35> <CoreInst = "Multiplier">   --->   Core 3 'Multiplier' <Latency = 1> <II = 1> <Delay = 3.35> <FuncUnit> <Opcode : 'mul'> <InPorts = 2> <OutPorts = 1>
ST_1 : Operation 26 [2/2] (3.35ns)   --->   "%mul_ln73_32 = mul i25 %sext_ln70_15, i25 146" [firmware/nnet_utils/nnet_mult.h:73->firmware/nnet_utils/nnet_dense_latency.h:42]   --->   Operation 26 'mul' 'mul_ln73_32' <Predicate = true> <Delay = 3.35> <CoreInst = "Multiplier">   --->   Core 3 'Multiplier' <Latency = 1> <II = 1> <Delay = 3.35> <FuncUnit> <Opcode : 'mul'> <InPorts = 2> <OutPorts = 1>

State 2 <SV = 1> <Delay = 3.35>
ST_2 : Operation 27 [1/1] (0.00ns)   --->   "%data_2_val_read = read i16 @_ssdm_op_Read.ap_auto.i16, i16 %data_2_val" [firmware/nnet_utils/nnet_mult.h:70->firmware/nnet_utils/nnet_dense_latency.h:42]   --->   Operation 27 'read' 'data_2_val_read' <Predicate = true> <Delay = 0.00>
ST_2 : Operation 28 [1/1] (0.00ns)   --->   "%sext_ln70_3 = sext i16 %data_1_val_read" [firmware/nnet_utils/nnet_mult.h:70->firmware/nnet_utils/nnet_dense_latency.h:42]   --->   Operation 28 'sext' 'sext_ln70_3' <Predicate = true> <Delay = 0.00>
ST_2 : Operation 29 [1/2] (3.35ns)   --->   "%mul_ln73_6 = mul i26 %sext_ln70_4, i26 67108545" [firmware/nnet_utils/nnet_mult.h:73->firmware/nnet_utils/nnet_dense_latency.h:42]   --->   Operation 29 'mul' 'mul_ln73_6' <Predicate = true> <Delay = 3.35> <CoreInst = "Multiplier">   --->   Core 3 'Multiplier' <Latency = 1> <II = 1> <Delay = 3.35> <FuncUnit> <Opcode : 'mul'> <InPorts = 2> <OutPorts = 1>
ST_2 : Operation 30 [1/1] (0.00ns)   --->   "%trunc_ln42_8 = partselect i16 @_ssdm_op_PartSelect.i16.i26.i32.i32, i26 %mul_ln73_6, i32 10, i32 25" [firmware/nnet_utils/nnet_dense_latency.h:42]   --->   Operation 30 'partselect' 'trunc_ln42_8' <Predicate = true> <Delay = 0.00>
ST_2 : Operation 31 [1/2] (3.35ns)   --->   "%mul_ln73_7 = mul i26 %sext_ln70_4, i26 67108424" [firmware/nnet_utils/nnet_mult.h:73->firmware/nnet_utils/nnet_dense_latency.h:42]   --->   Operation 31 'mul' 'mul_ln73_7' <Predicate = true> <Delay = 3.35> <CoreInst = "Multiplier">   --->   Core 3 'Multiplier' <Latency = 1> <II = 1> <Delay = 3.35> <FuncUnit> <Opcode : 'mul'> <InPorts = 2> <OutPorts = 1>
ST_2 : Operation 32 [1/1] (0.00ns)   --->   "%trunc_ln42_9 = partselect i16 @_ssdm_op_PartSelect.i16.i26.i32.i32, i26 %mul_ln73_7, i32 10, i32 25" [firmware/nnet_utils/nnet_dense_latency.h:42]   --->   Operation 32 'partselect' 'trunc_ln42_9' <Predicate = true> <Delay = 0.00>
ST_2 : Operation 33 [1/2] (3.35ns)   --->   "%mul_ln42_2 = mul i26 %sext_ln70_4, i26 67108211" [firmware/nnet_utils/nnet_dense_latency.h:42]   --->   Operation 33 'mul' 'mul_ln42_2' <Predicate = true> <Delay = 3.35> <CoreInst = "Multiplier">   --->   Core 3 'Multiplier' <Latency = 1> <II = 1> <Delay = 3.35> <FuncUnit> <Opcode : 'mul'> <InPorts = 2> <OutPorts = 1>
ST_2 : Operation 34 [1/1] (0.00ns)   --->   "%trunc_ln42_1 = partselect i16 @_ssdm_op_PartSelect.i16.i26.i32.i32, i26 %mul_ln42_2, i32 10, i32 25" [firmware/nnet_utils/nnet_dense_latency.h:42]   --->   Operation 34 'partselect' 'trunc_ln42_1' <Predicate = true> <Delay = 0.00>
ST_2 : Operation 35 [1/2] (3.35ns)   --->   "%mul_ln73_8 = mul i26 %sext_ln70_4, i26 67108464" [firmware/nnet_utils/nnet_mult.h:73->firmware/nnet_utils/nnet_dense_latency.h:42]   --->   Operation 35 'mul' 'mul_ln73_8' <Predicate = true> <Delay = 3.35> <CoreInst = "Multiplier">   --->   Core 3 'Multiplier' <Latency = 1> <II = 1> <Delay = 3.35> <FuncUnit> <Opcode : 'mul'> <InPorts = 2> <OutPorts = 1>
ST_2 : Operation 36 [1/1] (0.00ns)   --->   "%trunc_ln42_10 = partselect i16 @_ssdm_op_PartSelect.i16.i26.i32.i32, i26 %mul_ln73_8, i32 10, i32 25" [firmware/nnet_utils/nnet_dense_latency.h:42]   --->   Operation 36 'partselect' 'trunc_ln42_10' <Predicate = true> <Delay = 0.00>
ST_2 : Operation 37 [1/2] (3.35ns)   --->   "%mul_ln73_9 = mul i26 %sext_ln70_4, i26 332" [firmware/nnet_utils/nnet_mult.h:73->firmware/nnet_utils/nnet_dense_latency.h:42]   --->   Operation 37 'mul' 'mul_ln73_9' <Predicate = true> <Delay = 3.35> <CoreInst = "Multiplier">   --->   Core 3 'Multiplier' <Latency = 1> <II = 1> <Delay = 3.35> <FuncUnit> <Opcode : 'mul'> <InPorts = 2> <OutPorts = 1>
ST_2 : Operation 38 [1/1] (0.00ns)   --->   "%trunc_ln42_11 = partselect i16 @_ssdm_op_PartSelect.i16.i26.i32.i32, i26 %mul_ln73_9, i32 10, i32 25" [firmware/nnet_utils/nnet_dense_latency.h:42]   --->   Operation 38 'partselect' 'trunc_ln42_11' <Predicate = true> <Delay = 0.00>
ST_2 : Operation 39 [2/2] (3.35ns)   --->   "%mul_ln42_3 = mul i26 %sext_ln70_4, i26 914" [firmware/nnet_utils/nnet_dense_latency.h:42]   --->   Operation 39 'mul' 'mul_ln42_3' <Predicate = true> <Delay = 3.35> <CoreInst = "Multiplier">   --->   Core 3 'Multiplier' <Latency = 1> <II = 1> <Delay = 3.35> <FuncUnit> <Opcode : 'mul'> <InPorts = 2> <OutPorts = 1>
ST_2 : Operation 40 [2/2] (3.35ns)   --->   "%mul_ln73_10 = mul i22 %sext_ln70_3, i22 4194282" [firmware/nnet_utils/nnet_mult.h:73->firmware/nnet_utils/nnet_dense_latency.h:42]   --->   Operation 40 'mul' 'mul_ln73_10' <Predicate = true> <Delay = 3.35> <CoreInst = "Multiplier">   --->   Core 3 'Multiplier' <Latency = 1> <II = 1> <Delay = 3.35> <FuncUnit> <Opcode : 'mul'> <InPorts = 2> <OutPorts = 1>
ST_2 : Operation 41 [2/2] (3.35ns)   --->   "%mul_ln42_4 = mul i26 %sext_ln70_4, i26 985" [firmware/nnet_utils/nnet_dense_latency.h:42]   --->   Operation 41 'mul' 'mul_ln42_4' <Predicate = true> <Delay = 3.35> <CoreInst = "Multiplier">   --->   Core 3 'Multiplier' <Latency = 1> <II = 1> <Delay = 3.35> <FuncUnit> <Opcode : 'mul'> <InPorts = 2> <OutPorts = 1>
ST_2 : Operation 42 [1/1] (0.00ns)   --->   "%sext_ln70_5 = sext i16 %data_2_val_read" [firmware/nnet_utils/nnet_mult.h:70->firmware/nnet_utils/nnet_dense_latency.h:42]   --->   Operation 42 'sext' 'sext_ln70_5' <Predicate = true> <Delay = 0.00>
ST_2 : Operation 43 [1/1] (0.00ns)   --->   "%sext_ln70_6 = sext i16 %data_2_val_read" [firmware/nnet_utils/nnet_mult.h:70->firmware/nnet_utils/nnet_dense_latency.h:42]   --->   Operation 43 'sext' 'sext_ln70_6' <Predicate = true> <Delay = 0.00>
ST_2 : Operation 44 [2/2] (3.35ns)   --->   "%mul_ln73_11 = mul i26 %sext_ln70_6, i26 499" [firmware/nnet_utils/nnet_mult.h:73->firmware/nnet_utils/nnet_dense_latency.h:42]   --->   Operation 44 'mul' 'mul_ln73_11' <Predicate = true> <Delay = 3.35> <CoreInst = "Multiplier">   --->   Core 3 'Multiplier' <Latency = 1> <II = 1> <Delay = 3.35> <FuncUnit> <Opcode : 'mul'> <InPorts = 2> <OutPorts = 1>
ST_2 : Operation 45 [2/2] (3.35ns)   --->   "%mul_ln73_12 = mul i26 %sext_ln70_6, i26 302" [firmware/nnet_utils/nnet_mult.h:73->firmware/nnet_utils/nnet_dense_latency.h:42]   --->   Operation 45 'mul' 'mul_ln73_12' <Predicate = true> <Delay = 3.35> <CoreInst = "Multiplier">   --->   Core 3 'Multiplier' <Latency = 1> <II = 1> <Delay = 3.35> <FuncUnit> <Opcode : 'mul'> <InPorts = 2> <OutPorts = 1>
ST_2 : Operation 46 [2/2] (3.35ns)   --->   "%mul_ln73_13 = mul i26 %sext_ln70_6, i26 463" [firmware/nnet_utils/nnet_mult.h:73->firmware/nnet_utils/nnet_dense_latency.h:42]   --->   Operation 46 'mul' 'mul_ln73_13' <Predicate = true> <Delay = 3.35> <CoreInst = "Multiplier">   --->   Core 3 'Multiplier' <Latency = 1> <II = 1> <Delay = 3.35> <FuncUnit> <Opcode : 'mul'> <InPorts = 2> <OutPorts = 1>
ST_2 : Operation 47 [2/2] (3.35ns)   --->   "%mul_ln73_14 = mul i26 %sext_ln70_6, i26 297" [firmware/nnet_utils/nnet_mult.h:73->firmware/nnet_utils/nnet_dense_latency.h:42]   --->   Operation 47 'mul' 'mul_ln73_14' <Predicate = true> <Delay = 3.35> <CoreInst = "Multiplier">   --->   Core 3 'Multiplier' <Latency = 1> <II = 1> <Delay = 3.35> <FuncUnit> <Opcode : 'mul'> <InPorts = 2> <OutPorts = 1>
ST_2 : Operation 48 [2/2] (3.35ns)   --->   "%mul_ln73_15 = mul i26 %sext_ln70_6, i26 67108370" [firmware/nnet_utils/nnet_mult.h:73->firmware/nnet_utils/nnet_dense_latency.h:42]   --->   Operation 48 'mul' 'mul_ln73_15' <Predicate = true> <Delay = 3.35> <CoreInst = "Multiplier">   --->   Core 3 'Multiplier' <Latency = 1> <II = 1> <Delay = 3.35> <FuncUnit> <Opcode : 'mul'> <InPorts = 2> <OutPorts = 1>
ST_2 : Operation 49 [2/2] (3.35ns)   --->   "%mul_ln73_16 = mul i25 %sext_ln70_5, i25 173" [firmware/nnet_utils/nnet_mult.h:73->firmware/nnet_utils/nnet_dense_latency.h:42]   --->   Operation 49 'mul' 'mul_ln73_16' <Predicate = true> <Delay = 3.35> <CoreInst = "Multiplier">   --->   Core 3 'Multiplier' <Latency = 1> <II = 1> <Delay = 3.35> <FuncUnit> <Opcode : 'mul'> <InPorts = 2> <OutPorts = 1>
ST_2 : Operation 50 [2/2] (3.35ns)   --->   "%mul_ln42_5 = mul i26 %sext_ln70_6, i26 639" [firmware/nnet_utils/nnet_dense_latency.h:42]   --->   Operation 50 'mul' 'mul_ln42_5' <Predicate = true> <Delay = 3.35> <CoreInst = "Multiplier">   --->   Core 3 'Multiplier' <Latency = 1> <II = 1> <Delay = 3.35> <FuncUnit> <Opcode : 'mul'> <InPorts = 2> <OutPorts = 1>
ST_2 : Operation 51 [2/2] (3.35ns)   --->   "%mul_ln42_6 = mul i26 %sext_ln70_6, i26 67108273" [firmware/nnet_utils/nnet_dense_latency.h:42]   --->   Operation 51 'mul' 'mul_ln42_6' <Predicate = true> <Delay = 3.35> <CoreInst = "Multiplier">   --->   Core 3 'Multiplier' <Latency = 1> <II = 1> <Delay = 3.35> <FuncUnit> <Opcode : 'mul'> <InPorts = 2> <OutPorts = 1>
ST_2 : Operation 52 [1/1] (0.00ns)   --->   "%sext_ln70_9 = sext i16 %data_3_val_read" [firmware/nnet_utils/nnet_mult.h:70->firmware/nnet_utils/nnet_dense_latency.h:42]   --->   Operation 52 'sext' 'sext_ln70_9' <Predicate = true> <Delay = 0.00>
ST_2 : Operation 53 [2/2] (3.35ns)   --->   "%mul_ln42_7 = mul i26 %sext_ln70_9, i26 67108303" [firmware/nnet_utils/nnet_dense_latency.h:42]   --->   Operation 53 'mul' 'mul_ln42_7' <Predicate = true> <Delay = 3.35> <CoreInst = "Multiplier">   --->   Core 3 'Multiplier' <Latency = 1> <II = 1> <Delay = 3.35> <FuncUnit> <Opcode : 'mul'> <InPorts = 2> <OutPorts = 1>
ST_2 : Operation 54 [1/2] (3.35ns)   --->   "%mul_ln73_18 = mul i22 %sext_ln70_8, i22 29" [firmware/nnet_utils/nnet_mult.h:73->firmware/nnet_utils/nnet_dense_latency.h:42]   --->   Operation 54 'mul' 'mul_ln73_18' <Predicate = true> <Delay = 3.35> <CoreInst = "Multiplier">   --->   Core 3 'Multiplier' <Latency = 1> <II = 1> <Delay = 3.35> <FuncUnit> <Opcode : 'mul'> <InPorts = 2> <OutPorts = 1>
ST_2 : Operation 55 [1/1] (0.00ns)   --->   "%trunc_ln42_26 = partselect i12 @_ssdm_op_PartSelect.i12.i22.i32.i32, i22 %mul_ln73_18, i32 10, i32 21" [firmware/nnet_utils/nnet_dense_latency.h:42]   --->   Operation 55 'partselect' 'trunc_ln42_26' <Predicate = true> <Delay = 0.00>
ST_2 : Operation 56 [1/2] (3.35ns)   --->   "%mul_ln42_11 = mul i26 %sext_ln70_17, i26 518" [firmware/nnet_utils/nnet_dense_latency.h:42]   --->   Operation 56 'mul' 'mul_ln42_11' <Predicate = true> <Delay = 3.35> <CoreInst = "Multiplier">   --->   Core 3 'Multiplier' <Latency = 1> <II = 1> <Delay = 3.35> <FuncUnit> <Opcode : 'mul'> <InPorts = 2> <OutPorts = 1>
ST_2 : Operation 57 [1/1] (0.00ns)   --->   "%trunc_ln42_39 = partselect i16 @_ssdm_op_PartSelect.i16.i26.i32.i32, i26 %mul_ln42_11, i32 10, i32 25" [firmware/nnet_utils/nnet_dense_latency.h:42]   --->   Operation 57 'partselect' 'trunc_ln42_39' <Predicate = true> <Delay = 0.00>
ST_2 : Operation 58 [1/2] (3.35ns)   --->   "%mul_ln73_28 = mul i26 %sext_ln70_17, i26 67108401" [firmware/nnet_utils/nnet_mult.h:73->firmware/nnet_utils/nnet_dense_latency.h:42]   --->   Operation 58 'mul' 'mul_ln73_28' <Predicate = true> <Delay = 3.35> <CoreInst = "Multiplier">   --->   Core 3 'Multiplier' <Latency = 1> <II = 1> <Delay = 3.35> <FuncUnit> <Opcode : 'mul'> <InPorts = 2> <OutPorts = 1>
ST_2 : Operation 59 [1/1] (0.00ns)   --->   "%trunc_ln42_40 = partselect i16 @_ssdm_op_PartSelect.i16.i26.i32.i32, i26 %mul_ln73_28, i32 10, i32 25" [firmware/nnet_utils/nnet_dense_latency.h:42]   --->   Operation 59 'partselect' 'trunc_ln42_40' <Predicate = true> <Delay = 0.00>
ST_2 : Operation 60 [1/2] (3.35ns)   --->   "%mul_ln73_29 = mul i26 %sext_ln70_17, i26 428" [firmware/nnet_utils/nnet_mult.h:73->firmware/nnet_utils/nnet_dense_latency.h:42]   --->   Operation 60 'mul' 'mul_ln73_29' <Predicate = true> <Delay = 3.35> <CoreInst = "Multiplier">   --->   Core 3 'Multiplier' <Latency = 1> <II = 1> <Delay = 3.35> <FuncUnit> <Opcode : 'mul'> <InPorts = 2> <OutPorts = 1>
ST_2 : Operation 61 [1/1] (0.00ns)   --->   "%trunc_ln42_41 = partselect i16 @_ssdm_op_PartSelect.i16.i26.i32.i32, i26 %mul_ln73_29, i32 10, i32 25" [firmware/nnet_utils/nnet_dense_latency.h:42]   --->   Operation 61 'partselect' 'trunc_ln42_41' <Predicate = true> <Delay = 0.00>
ST_2 : Operation 62 [1/2] (3.35ns)   --->   "%mul_ln73_31 = mul i26 %sext_ln70_17, i26 326" [firmware/nnet_utils/nnet_mult.h:73->firmware/nnet_utils/nnet_dense_latency.h:42]   --->   Operation 62 'mul' 'mul_ln73_31' <Predicate = true> <Delay = 3.35> <CoreInst = "Multiplier">   --->   Core 3 'Multiplier' <Latency = 1> <II = 1> <Delay = 3.35> <FuncUnit> <Opcode : 'mul'> <InPorts = 2> <OutPorts = 1>
ST_2 : Operation 63 [1/1] (0.00ns)   --->   "%trunc_ln42_44 = partselect i16 @_ssdm_op_PartSelect.i16.i26.i32.i32, i26 %mul_ln73_31, i32 10, i32 25" [firmware/nnet_utils/nnet_dense_latency.h:42]   --->   Operation 63 'partselect' 'trunc_ln42_44' <Predicate = true> <Delay = 0.00>
ST_2 : Operation 64 [1/2] (3.35ns)   --->   "%mul_ln42_12 = mul i26 %sext_ln70_17, i26 67108262" [firmware/nnet_utils/nnet_dense_latency.h:42]   --->   Operation 64 'mul' 'mul_ln42_12' <Predicate = true> <Delay = 3.35> <CoreInst = "Multiplier">   --->   Core 3 'Multiplier' <Latency = 1> <II = 1> <Delay = 3.35> <FuncUnit> <Opcode : 'mul'> <InPorts = 2> <OutPorts = 1>
ST_2 : Operation 65 [1/1] (0.00ns)   --->   "%trunc_ln42_45 = partselect i16 @_ssdm_op_PartSelect.i16.i26.i32.i32, i26 %mul_ln42_12, i32 10, i32 25" [firmware/nnet_utils/nnet_dense_latency.h:42]   --->   Operation 65 'partselect' 'trunc_ln42_45' <Predicate = true> <Delay = 0.00>
ST_2 : Operation 66 [1/2] (3.35ns)   --->   "%mul_ln73_32 = mul i25 %sext_ln70_15, i25 146" [firmware/nnet_utils/nnet_mult.h:73->firmware/nnet_utils/nnet_dense_latency.h:42]   --->   Operation 66 'mul' 'mul_ln73_32' <Predicate = true> <Delay = 3.35> <CoreInst = "Multiplier">   --->   Core 3 'Multiplier' <Latency = 1> <II = 1> <Delay = 3.35> <FuncUnit> <Opcode : 'mul'> <InPorts = 2> <OutPorts = 1>
ST_2 : Operation 67 [1/1] (0.00ns)   --->   "%trunc_ln42_46 = partselect i15 @_ssdm_op_PartSelect.i15.i25.i32.i32, i25 %mul_ln73_32, i32 10, i32 24" [firmware/nnet_utils/nnet_dense_latency.h:42]   --->   Operation 67 'partselect' 'trunc_ln42_46' <Predicate = true> <Delay = 0.00>

State 3 <SV = 2> <Delay = 3.35>
ST_3 : Operation 68 [1/1] (0.00ns)   --->   "%data_4_val_read = read i16 @_ssdm_op_Read.ap_auto.i16, i16 %data_4_val" [firmware/nnet_utils/nnet_mult.h:70->firmware/nnet_utils/nnet_dense_latency.h:42]   --->   Operation 68 'read' 'data_4_val_read' <Predicate = true> <Delay = 0.00>
ST_3 : Operation 69 [1/2] (3.35ns)   --->   "%mul_ln42_3 = mul i26 %sext_ln70_4, i26 914" [firmware/nnet_utils/nnet_dense_latency.h:42]   --->   Operation 69 'mul' 'mul_ln42_3' <Predicate = true> <Delay = 3.35> <CoreInst = "Multiplier">   --->   Core 3 'Multiplier' <Latency = 1> <II = 1> <Delay = 3.35> <FuncUnit> <Opcode : 'mul'> <InPorts = 2> <OutPorts = 1>
ST_3 : Operation 70 [1/1] (0.00ns)   --->   "%trunc_ln42_12 = partselect i16 @_ssdm_op_PartSelect.i16.i26.i32.i32, i26 %mul_ln42_3, i32 10, i32 25" [firmware/nnet_utils/nnet_dense_latency.h:42]   --->   Operation 70 'partselect' 'trunc_ln42_12' <Predicate = true> <Delay = 0.00>
ST_3 : Operation 71 [1/2] (3.35ns)   --->   "%mul_ln73_10 = mul i22 %sext_ln70_3, i22 4194282" [firmware/nnet_utils/nnet_mult.h:73->firmware/nnet_utils/nnet_dense_latency.h:42]   --->   Operation 71 'mul' 'mul_ln73_10' <Predicate = true> <Delay = 3.35> <CoreInst = "Multiplier">   --->   Core 3 'Multiplier' <Latency = 1> <II = 1> <Delay = 3.35> <FuncUnit> <Opcode : 'mul'> <InPorts = 2> <OutPorts = 1>
ST_3 : Operation 72 [1/1] (0.00ns)   --->   "%trunc_ln42_13 = partselect i12 @_ssdm_op_PartSelect.i12.i22.i32.i32, i22 %mul_ln73_10, i32 10, i32 21" [firmware/nnet_utils/nnet_dense_latency.h:42]   --->   Operation 72 'partselect' 'trunc_ln42_13' <Predicate = true> <Delay = 0.00>
ST_3 : Operation 73 [1/2] (3.35ns)   --->   "%mul_ln42_4 = mul i26 %sext_ln70_4, i26 985" [firmware/nnet_utils/nnet_dense_latency.h:42]   --->   Operation 73 'mul' 'mul_ln42_4' <Predicate = true> <Delay = 3.35> <CoreInst = "Multiplier">   --->   Core 3 'Multiplier' <Latency = 1> <II = 1> <Delay = 3.35> <FuncUnit> <Opcode : 'mul'> <InPorts = 2> <OutPorts = 1>
ST_3 : Operation 74 [1/1] (0.00ns)   --->   "%trunc_ln42_14 = partselect i16 @_ssdm_op_PartSelect.i16.i26.i32.i32, i26 %mul_ln42_4, i32 10, i32 25" [firmware/nnet_utils/nnet_dense_latency.h:42]   --->   Operation 74 'partselect' 'trunc_ln42_14' <Predicate = true> <Delay = 0.00>
ST_3 : Operation 75 [1/2] (3.35ns)   --->   "%mul_ln73_11 = mul i26 %sext_ln70_6, i26 499" [firmware/nnet_utils/nnet_mult.h:73->firmware/nnet_utils/nnet_dense_latency.h:42]   --->   Operation 75 'mul' 'mul_ln73_11' <Predicate = true> <Delay = 3.35> <CoreInst = "Multiplier">   --->   Core 3 'Multiplier' <Latency = 1> <II = 1> <Delay = 3.35> <FuncUnit> <Opcode : 'mul'> <InPorts = 2> <OutPorts = 1>
ST_3 : Operation 76 [1/1] (0.00ns)   --->   "%trunc_ln42_15 = partselect i16 @_ssdm_op_PartSelect.i16.i26.i32.i32, i26 %mul_ln73_11, i32 10, i32 25" [firmware/nnet_utils/nnet_dense_latency.h:42]   --->   Operation 76 'partselect' 'trunc_ln42_15' <Predicate = true> <Delay = 0.00>
ST_3 : Operation 77 [1/2] (3.35ns)   --->   "%mul_ln73_12 = mul i26 %sext_ln70_6, i26 302" [firmware/nnet_utils/nnet_mult.h:73->firmware/nnet_utils/nnet_dense_latency.h:42]   --->   Operation 77 'mul' 'mul_ln73_12' <Predicate = true> <Delay = 3.35> <CoreInst = "Multiplier">   --->   Core 3 'Multiplier' <Latency = 1> <II = 1> <Delay = 3.35> <FuncUnit> <Opcode : 'mul'> <InPorts = 2> <OutPorts = 1>
ST_3 : Operation 78 [1/1] (0.00ns)   --->   "%trunc_ln42_16 = partselect i16 @_ssdm_op_PartSelect.i16.i26.i32.i32, i26 %mul_ln73_12, i32 10, i32 25" [firmware/nnet_utils/nnet_dense_latency.h:42]   --->   Operation 78 'partselect' 'trunc_ln42_16' <Predicate = true> <Delay = 0.00>
ST_3 : Operation 79 [1/2] (3.35ns)   --->   "%mul_ln73_13 = mul i26 %sext_ln70_6, i26 463" [firmware/nnet_utils/nnet_mult.h:73->firmware/nnet_utils/nnet_dense_latency.h:42]   --->   Operation 79 'mul' 'mul_ln73_13' <Predicate = true> <Delay = 3.35> <CoreInst = "Multiplier">   --->   Core 3 'Multiplier' <Latency = 1> <II = 1> <Delay = 3.35> <FuncUnit> <Opcode : 'mul'> <InPorts = 2> <OutPorts = 1>
ST_3 : Operation 80 [1/1] (0.00ns)   --->   "%trunc_ln42_17 = partselect i16 @_ssdm_op_PartSelect.i16.i26.i32.i32, i26 %mul_ln73_13, i32 10, i32 25" [firmware/nnet_utils/nnet_dense_latency.h:42]   --->   Operation 80 'partselect' 'trunc_ln42_17' <Predicate = true> <Delay = 0.00>
ST_3 : Operation 81 [1/2] (3.35ns)   --->   "%mul_ln73_14 = mul i26 %sext_ln70_6, i26 297" [firmware/nnet_utils/nnet_mult.h:73->firmware/nnet_utils/nnet_dense_latency.h:42]   --->   Operation 81 'mul' 'mul_ln73_14' <Predicate = true> <Delay = 3.35> <CoreInst = "Multiplier">   --->   Core 3 'Multiplier' <Latency = 1> <II = 1> <Delay = 3.35> <FuncUnit> <Opcode : 'mul'> <InPorts = 2> <OutPorts = 1>
ST_3 : Operation 82 [1/1] (0.00ns)   --->   "%trunc_ln42_18 = partselect i16 @_ssdm_op_PartSelect.i16.i26.i32.i32, i26 %mul_ln73_14, i32 10, i32 25" [firmware/nnet_utils/nnet_dense_latency.h:42]   --->   Operation 82 'partselect' 'trunc_ln42_18' <Predicate = true> <Delay = 0.00>
ST_3 : Operation 83 [1/2] (3.35ns)   --->   "%mul_ln73_15 = mul i26 %sext_ln70_6, i26 67108370" [firmware/nnet_utils/nnet_mult.h:73->firmware/nnet_utils/nnet_dense_latency.h:42]   --->   Operation 83 'mul' 'mul_ln73_15' <Predicate = true> <Delay = 3.35> <CoreInst = "Multiplier">   --->   Core 3 'Multiplier' <Latency = 1> <II = 1> <Delay = 3.35> <FuncUnit> <Opcode : 'mul'> <InPorts = 2> <OutPorts = 1>
ST_3 : Operation 84 [1/1] (0.00ns)   --->   "%trunc_ln42_19 = partselect i16 @_ssdm_op_PartSelect.i16.i26.i32.i32, i26 %mul_ln73_15, i32 10, i32 25" [firmware/nnet_utils/nnet_dense_latency.h:42]   --->   Operation 84 'partselect' 'trunc_ln42_19' <Predicate = true> <Delay = 0.00>
ST_3 : Operation 85 [1/2] (3.35ns)   --->   "%mul_ln73_16 = mul i25 %sext_ln70_5, i25 173" [firmware/nnet_utils/nnet_mult.h:73->firmware/nnet_utils/nnet_dense_latency.h:42]   --->   Operation 85 'mul' 'mul_ln73_16' <Predicate = true> <Delay = 3.35> <CoreInst = "Multiplier">   --->   Core 3 'Multiplier' <Latency = 1> <II = 1> <Delay = 3.35> <FuncUnit> <Opcode : 'mul'> <InPorts = 2> <OutPorts = 1>
ST_3 : Operation 86 [1/1] (0.00ns)   --->   "%trunc_ln42_20 = partselect i15 @_ssdm_op_PartSelect.i15.i25.i32.i32, i25 %mul_ln73_16, i32 10, i32 24" [firmware/nnet_utils/nnet_dense_latency.h:42]   --->   Operation 86 'partselect' 'trunc_ln42_20' <Predicate = true> <Delay = 0.00>
ST_3 : Operation 87 [1/2] (3.35ns)   --->   "%mul_ln42_5 = mul i26 %sext_ln70_6, i26 639" [firmware/nnet_utils/nnet_dense_latency.h:42]   --->   Operation 87 'mul' 'mul_ln42_5' <Predicate = true> <Delay = 3.35> <CoreInst = "Multiplier">   --->   Core 3 'Multiplier' <Latency = 1> <II = 1> <Delay = 3.35> <FuncUnit> <Opcode : 'mul'> <InPorts = 2> <OutPorts = 1>
ST_3 : Operation 88 [1/1] (0.00ns)   --->   "%trunc_ln42_21 = partselect i16 @_ssdm_op_PartSelect.i16.i26.i32.i32, i26 %mul_ln42_5, i32 10, i32 25" [firmware/nnet_utils/nnet_dense_latency.h:42]   --->   Operation 88 'partselect' 'trunc_ln42_21' <Predicate = true> <Delay = 0.00>
ST_3 : Operation 89 [1/2] (3.35ns)   --->   "%mul_ln42_6 = mul i26 %sext_ln70_6, i26 67108273" [firmware/nnet_utils/nnet_dense_latency.h:42]   --->   Operation 89 'mul' 'mul_ln42_6' <Predicate = true> <Delay = 3.35> <CoreInst = "Multiplier">   --->   Core 3 'Multiplier' <Latency = 1> <II = 1> <Delay = 3.35> <FuncUnit> <Opcode : 'mul'> <InPorts = 2> <OutPorts = 1>
ST_3 : Operation 90 [1/1] (0.00ns)   --->   "%trunc_ln42_22 = partselect i16 @_ssdm_op_PartSelect.i16.i26.i32.i32, i26 %mul_ln42_6, i32 10, i32 25" [firmware/nnet_utils/nnet_dense_latency.h:42]   --->   Operation 90 'partselect' 'trunc_ln42_22' <Predicate = true> <Delay = 0.00>
ST_3 : Operation 91 [1/1] (0.00ns)   --->   "%sext_ln70_7 = sext i16 %data_3_val_read" [firmware/nnet_utils/nnet_mult.h:70->firmware/nnet_utils/nnet_dense_latency.h:42]   --->   Operation 91 'sext' 'sext_ln70_7' <Predicate = true> <Delay = 0.00>
ST_3 : Operation 92 [1/2] (3.35ns)   --->   "%mul_ln42_7 = mul i26 %sext_ln70_9, i26 67108303" [firmware/nnet_utils/nnet_dense_latency.h:42]   --->   Operation 92 'mul' 'mul_ln42_7' <Predicate = true> <Delay = 3.35> <CoreInst = "Multiplier">   --->   Core 3 'Multiplier' <Latency = 1> <II = 1> <Delay = 3.35> <FuncUnit> <Opcode : 'mul'> <InPorts = 2> <OutPorts = 1>
ST_3 : Operation 93 [1/1] (0.00ns)   --->   "%trunc_ln42_23 = partselect i16 @_ssdm_op_PartSelect.i16.i26.i32.i32, i26 %mul_ln42_7, i32 10, i32 25" [firmware/nnet_utils/nnet_dense_latency.h:42]   --->   Operation 93 'partselect' 'trunc_ln42_23' <Predicate = true> <Delay = 0.00>
ST_3 : Operation 94 [2/2] (3.35ns)   --->   "%mul_ln42_8 = mul i26 %sext_ln70_9, i26 546" [firmware/nnet_utils/nnet_dense_latency.h:42]   --->   Operation 94 'mul' 'mul_ln42_8' <Predicate = true> <Delay = 3.35> <CoreInst = "Multiplier">   --->   Core 3 'Multiplier' <Latency = 1> <II = 1> <Delay = 3.35> <FuncUnit> <Opcode : 'mul'> <InPorts = 2> <OutPorts = 1>
ST_3 : Operation 95 [2/2] (3.35ns)   --->   "%mul_ln73_17 = mul i26 %sext_ln70_9, i26 67108527" [firmware/nnet_utils/nnet_mult.h:73->firmware/nnet_utils/nnet_dense_latency.h:42]   --->   Operation 95 'mul' 'mul_ln73_17' <Predicate = true> <Delay = 3.35> <CoreInst = "Multiplier">   --->   Core 3 'Multiplier' <Latency = 1> <II = 1> <Delay = 3.35> <FuncUnit> <Opcode : 'mul'> <InPorts = 2> <OutPorts = 1>
ST_3 : Operation 96 [2/2] (3.35ns)   --->   "%mul_ln73_19 = mul i26 %sext_ln70_9, i26 67108388" [firmware/nnet_utils/nnet_mult.h:73->firmware/nnet_utils/nnet_dense_latency.h:42]   --->   Operation 96 'mul' 'mul_ln73_19' <Predicate = true> <Delay = 3.35> <CoreInst = "Multiplier">   --->   Core 3 'Multiplier' <Latency = 1> <II = 1> <Delay = 3.35> <FuncUnit> <Opcode : 'mul'> <InPorts = 2> <OutPorts = 1>
ST_3 : Operation 97 [2/2] (3.35ns)   --->   "%mul_ln73_20 = mul i26 %sext_ln70_9, i26 295" [firmware/nnet_utils/nnet_mult.h:73->firmware/nnet_utils/nnet_dense_latency.h:42]   --->   Operation 97 'mul' 'mul_ln73_20' <Predicate = true> <Delay = 3.35> <CoreInst = "Multiplier">   --->   Core 3 'Multiplier' <Latency = 1> <II = 1> <Delay = 3.35> <FuncUnit> <Opcode : 'mul'> <InPorts = 2> <OutPorts = 1>
ST_3 : Operation 98 [2/2] (3.35ns)   --->   "%mul_ln73_21 = mul i25 %sext_ln70_7, i25 183" [firmware/nnet_utils/nnet_mult.h:73->firmware/nnet_utils/nnet_dense_latency.h:42]   --->   Operation 98 'mul' 'mul_ln73_21' <Predicate = true> <Delay = 3.35> <CoreInst = "Multiplier">   --->   Core 3 'Multiplier' <Latency = 1> <II = 1> <Delay = 3.35> <FuncUnit> <Opcode : 'mul'> <InPorts = 2> <OutPorts = 1>
ST_3 : Operation 99 [2/2] (3.35ns)   --->   "%mul_ln73_22 = mul i26 %sext_ln70_9, i26 67108371" [firmware/nnet_utils/nnet_mult.h:73->firmware/nnet_utils/nnet_dense_latency.h:42]   --->   Operation 99 'mul' 'mul_ln73_22' <Predicate = true> <Delay = 3.35> <CoreInst = "Multiplier">   --->   Core 3 'Multiplier' <Latency = 1> <II = 1> <Delay = 3.35> <FuncUnit> <Opcode : 'mul'> <InPorts = 2> <OutPorts = 1>
ST_3 : Operation 100 [1/1] (0.00ns)   --->   "%sext_ln70_11 = sext i16 %data_4_val_read" [firmware/nnet_utils/nnet_mult.h:70->firmware/nnet_utils/nnet_dense_latency.h:42]   --->   Operation 100 'sext' 'sext_ln70_11' <Predicate = true> <Delay = 0.00>
ST_3 : Operation 101 [1/1] (0.00ns)   --->   "%sext_ln70_13 = sext i16 %data_4_val_read" [firmware/nnet_utils/nnet_mult.h:70->firmware/nnet_utils/nnet_dense_latency.h:42]   --->   Operation 101 'sext' 'sext_ln70_13' <Predicate = true> <Delay = 0.00>
ST_3 : Operation 102 [1/1] (0.00ns)   --->   "%sext_ln70_14 = sext i16 %data_4_val_read" [firmware/nnet_utils/nnet_mult.h:70->firmware/nnet_utils/nnet_dense_latency.h:42]   --->   Operation 102 'sext' 'sext_ln70_14' <Predicate = true> <Delay = 0.00>
ST_3 : Operation 103 [2/2] (3.35ns)   --->   "%mul_ln73_23 = mul i24 %sext_ln70_14, i24 16777122" [firmware/nnet_utils/nnet_mult.h:73->firmware/nnet_utils/nnet_dense_latency.h:42]   --->   Operation 103 'mul' 'mul_ln73_23' <Predicate = true> <Delay = 3.35> <CoreInst = "Multiplier">   --->   Core 3 'Multiplier' <Latency = 1> <II = 1> <Delay = 3.35> <FuncUnit> <Opcode : 'mul'> <InPorts = 2> <OutPorts = 1>
ST_3 : Operation 104 [2/2] (3.35ns)   --->   "%mul_ln42_9 = mul i26 %sext_ln70_11, i26 611" [firmware/nnet_utils/nnet_dense_latency.h:42]   --->   Operation 104 'mul' 'mul_ln42_9' <Predicate = true> <Delay = 3.35> <CoreInst = "Multiplier">   --->   Core 3 'Multiplier' <Latency = 1> <II = 1> <Delay = 3.35> <FuncUnit> <Opcode : 'mul'> <InPorts = 2> <OutPorts = 1>
ST_3 : Operation 105 [2/2] (3.35ns)   --->   "%mul_ln73_24 = mul i25 %sext_ln70_13, i25 33554282" [firmware/nnet_utils/nnet_mult.h:73->firmware/nnet_utils/nnet_dense_latency.h:42]   --->   Operation 105 'mul' 'mul_ln73_24' <Predicate = true> <Delay = 3.35> <CoreInst = "Multiplier">   --->   Core 3 'Multiplier' <Latency = 1> <II = 1> <Delay = 3.35> <FuncUnit> <Opcode : 'mul'> <InPorts = 2> <OutPorts = 1>
ST_3 : Operation 106 [2/2] (3.35ns)   --->   "%mul_ln73_25 = mul i26 %sext_ln70_11, i26 503" [firmware/nnet_utils/nnet_mult.h:73->firmware/nnet_utils/nnet_dense_latency.h:42]   --->   Operation 106 'mul' 'mul_ln73_25' <Predicate = true> <Delay = 3.35> <CoreInst = "Multiplier">   --->   Core 3 'Multiplier' <Latency = 1> <II = 1> <Delay = 3.35> <FuncUnit> <Opcode : 'mul'> <InPorts = 2> <OutPorts = 1>
ST_3 : Operation 107 [2/2] (3.35ns)   --->   "%mul_ln42_10 = mul i26 %sext_ln70_11, i26 596" [firmware/nnet_utils/nnet_dense_latency.h:42]   --->   Operation 107 'mul' 'mul_ln42_10' <Predicate = true> <Delay = 3.35> <CoreInst = "Multiplier">   --->   Core 3 'Multiplier' <Latency = 1> <II = 1> <Delay = 3.35> <FuncUnit> <Opcode : 'mul'> <InPorts = 2> <OutPorts = 1>
ST_3 : Operation 108 [2/2] (3.35ns)   --->   "%mul_ln73_26 = mul i24 %sext_ln70_14, i24 103" [firmware/nnet_utils/nnet_mult.h:73->firmware/nnet_utils/nnet_dense_latency.h:42]   --->   Operation 108 'mul' 'mul_ln73_26' <Predicate = true> <Delay = 3.35> <CoreInst = "Multiplier">   --->   Core 3 'Multiplier' <Latency = 1> <II = 1> <Delay = 3.35> <FuncUnit> <Opcode : 'mul'> <InPorts = 2> <OutPorts = 1>

State 4 <SV = 3> <Delay = 4.37>
ST_4 : Operation 109 [1/1] (0.00ns)   --->   "%data_0_val_read = read i16 @_ssdm_op_Read.ap_auto.i16, i16 %data_0_val" [firmware/nnet_utils/nnet_mult.h:70->firmware/nnet_utils/nnet_dense_latency.h:42]   --->   Operation 109 'read' 'data_0_val_read' <Predicate = true> <Delay = 0.00>
ST_4 : Operation 110 [1/1] (0.00ns)   --->   "%sext_ln70 = sext i16 %data_0_val_read" [firmware/nnet_utils/nnet_mult.h:70->firmware/nnet_utils/nnet_dense_latency.h:42]   --->   Operation 110 'sext' 'sext_ln70' <Predicate = true> <Delay = 0.00>
ST_4 : Operation 111 [1/1] (0.00ns)   --->   "%sext_ln70_1 = sext i16 %data_0_val_read" [firmware/nnet_utils/nnet_mult.h:70->firmware/nnet_utils/nnet_dense_latency.h:42]   --->   Operation 111 'sext' 'sext_ln70_1' <Predicate = true> <Delay = 0.00>
ST_4 : Operation 112 [1/1] (0.00ns)   --->   "%sext_ln70_2 = sext i16 %data_0_val_read" [firmware/nnet_utils/nnet_mult.h:70->firmware/nnet_utils/nnet_dense_latency.h:42]   --->   Operation 112 'sext' 'sext_ln70_2' <Predicate = true> <Delay = 0.00>
ST_4 : Operation 113 [2/2] (3.35ns)   --->   "%mul_ln73 = mul i26 %sext_ln70_2, i26 67108427" [firmware/nnet_utils/nnet_mult.h:73->firmware/nnet_utils/nnet_dense_latency.h:42]   --->   Operation 113 'mul' 'mul_ln73' <Predicate = true> <Delay = 3.35> <CoreInst = "Multiplier">   --->   Core 3 'Multiplier' <Latency = 1> <II = 1> <Delay = 3.35> <FuncUnit> <Opcode : 'mul'> <InPorts = 2> <OutPorts = 1>
ST_4 : Operation 114 [2/2] (3.35ns)   --->   "%mul_ln73_1 = mul i24 %sext_ln70_1, i24 16777093" [firmware/nnet_utils/nnet_mult.h:73->firmware/nnet_utils/nnet_dense_latency.h:42]   --->   Operation 114 'mul' 'mul_ln73_1' <Predicate = true> <Delay = 3.35> <CoreInst = "Multiplier">   --->   Core 3 'Multiplier' <Latency = 1> <II = 1> <Delay = 3.35> <FuncUnit> <Opcode : 'mul'> <InPorts = 2> <OutPorts = 1>
ST_4 : Operation 115 [2/2] (3.35ns)   --->   "%mul_ln73_2 = mul i26 %sext_ln70_2, i26 296" [firmware/nnet_utils/nnet_mult.h:73->firmware/nnet_utils/nnet_dense_latency.h:42]   --->   Operation 115 'mul' 'mul_ln73_2' <Predicate = true> <Delay = 3.35> <CoreInst = "Multiplier">   --->   Core 3 'Multiplier' <Latency = 1> <II = 1> <Delay = 3.35> <FuncUnit> <Opcode : 'mul'> <InPorts = 2> <OutPorts = 1>
ST_4 : Operation 116 [2/2] (3.35ns)   --->   "%mul_ln73_3 = mul i26 %sext_ln70_2, i26 67108536" [firmware/nnet_utils/nnet_mult.h:73->firmware/nnet_utils/nnet_dense_latency.h:42]   --->   Operation 116 'mul' 'mul_ln73_3' <Predicate = true> <Delay = 3.35> <CoreInst = "Multiplier">   --->   Core 3 'Multiplier' <Latency = 1> <II = 1> <Delay = 3.35> <FuncUnit> <Opcode : 'mul'> <InPorts = 2> <OutPorts = 1>
ST_4 : Operation 117 [2/2] (3.35ns)   --->   "%mul_ln73_4 = mul i25 %sext_ln70, i25 253" [firmware/nnet_utils/nnet_mult.h:73->firmware/nnet_utils/nnet_dense_latency.h:42]   --->   Operation 117 'mul' 'mul_ln73_4' <Predicate = true> <Delay = 3.35> <CoreInst = "Multiplier">   --->   Core 3 'Multiplier' <Latency = 1> <II = 1> <Delay = 3.35> <FuncUnit> <Opcode : 'mul'> <InPorts = 2> <OutPorts = 1>
ST_4 : Operation 118 [2/2] (3.35ns)   --->   "%mul_ln42 = mul i26 %sext_ln70_2, i26 67108194" [firmware/nnet_utils/nnet_dense_latency.h:42]   --->   Operation 118 'mul' 'mul_ln42' <Predicate = true> <Delay = 3.35> <CoreInst = "Multiplier">   --->   Core 3 'Multiplier' <Latency = 1> <II = 1> <Delay = 3.35> <FuncUnit> <Opcode : 'mul'> <InPorts = 2> <OutPorts = 1>
ST_4 : Operation 119 [2/2] (3.35ns)   --->   "%mul_ln42_1 = mul i26 %sext_ln70_2, i26 604" [firmware/nnet_utils/nnet_dense_latency.h:42]   --->   Operation 119 'mul' 'mul_ln42_1' <Predicate = true> <Delay = 3.35> <CoreInst = "Multiplier">   --->   Core 3 'Multiplier' <Latency = 1> <II = 1> <Delay = 3.35> <FuncUnit> <Opcode : 'mul'> <InPorts = 2> <OutPorts = 1>
ST_4 : Operation 120 [2/2] (3.35ns)   --->   "%mul_ln73_5 = mul i26 %sext_ln70_2, i26 347" [firmware/nnet_utils/nnet_mult.h:73->firmware/nnet_utils/nnet_dense_latency.h:42]   --->   Operation 120 'mul' 'mul_ln73_5' <Predicate = true> <Delay = 3.35> <CoreInst = "Multiplier">   --->   Core 3 'Multiplier' <Latency = 1> <II = 1> <Delay = 3.35> <FuncUnit> <Opcode : 'mul'> <InPorts = 2> <OutPorts = 1>
ST_4 : Operation 121 [1/1] (0.00ns)   --->   "%sext_ln42_2 = sext i12 %trunc_ln42_13" [firmware/nnet_utils/nnet_dense_latency.h:42]   --->   Operation 121 'sext' 'sext_ln42_2' <Predicate = true> <Delay = 0.00>
ST_4 : Operation 122 [1/1] (0.00ns)   --->   "%sext_ln42_3 = sext i15 %trunc_ln42_20" [firmware/nnet_utils/nnet_dense_latency.h:42]   --->   Operation 122 'sext' 'sext_ln42_3' <Predicate = true> <Delay = 0.00>
ST_4 : Operation 123 [1/2] (3.35ns)   --->   "%mul_ln42_8 = mul i26 %sext_ln70_9, i26 546" [firmware/nnet_utils/nnet_dense_latency.h:42]   --->   Operation 123 'mul' 'mul_ln42_8' <Predicate = true> <Delay = 3.35> <CoreInst = "Multiplier">   --->   Core 3 'Multiplier' <Latency = 1> <II = 1> <Delay = 3.35> <FuncUnit> <Opcode : 'mul'> <InPorts = 2> <OutPorts = 1>
ST_4 : Operation 124 [1/1] (0.00ns)   --->   "%trunc_ln42_24 = partselect i16 @_ssdm_op_PartSelect.i16.i26.i32.i32, i26 %mul_ln42_8, i32 10, i32 25" [firmware/nnet_utils/nnet_dense_latency.h:42]   --->   Operation 124 'partselect' 'trunc_ln42_24' <Predicate = true> <Delay = 0.00>
ST_4 : Operation 125 [1/2] (3.35ns)   --->   "%mul_ln73_17 = mul i26 %sext_ln70_9, i26 67108527" [firmware/nnet_utils/nnet_mult.h:73->firmware/nnet_utils/nnet_dense_latency.h:42]   --->   Operation 125 'mul' 'mul_ln73_17' <Predicate = true> <Delay = 3.35> <CoreInst = "Multiplier">   --->   Core 3 'Multiplier' <Latency = 1> <II = 1> <Delay = 3.35> <FuncUnit> <Opcode : 'mul'> <InPorts = 2> <OutPorts = 1>
ST_4 : Operation 126 [1/1] (0.00ns)   --->   "%trunc_ln42_25 = partselect i16 @_ssdm_op_PartSelect.i16.i26.i32.i32, i26 %mul_ln73_17, i32 10, i32 25" [firmware/nnet_utils/nnet_dense_latency.h:42]   --->   Operation 126 'partselect' 'trunc_ln42_25' <Predicate = true> <Delay = 0.00>
ST_4 : Operation 127 [1/1] (0.00ns)   --->   "%sext_ln73_2 = sext i12 %trunc_ln42_26" [firmware/nnet_utils/nnet_mult.h:73->firmware/nnet_utils/nnet_dense_latency.h:42]   --->   Operation 127 'sext' 'sext_ln73_2' <Predicate = true> <Delay = 0.00>
ST_4 : Operation 128 [1/2] (3.35ns)   --->   "%mul_ln73_19 = mul i26 %sext_ln70_9, i26 67108388" [firmware/nnet_utils/nnet_mult.h:73->firmware/nnet_utils/nnet_dense_latency.h:42]   --->   Operation 128 'mul' 'mul_ln73_19' <Predicate = true> <Delay = 3.35> <CoreInst = "Multiplier">   --->   Core 3 'Multiplier' <Latency = 1> <II = 1> <Delay = 3.35> <FuncUnit> <Opcode : 'mul'> <InPorts = 2> <OutPorts = 1>
ST_4 : Operation 129 [1/1] (0.00ns)   --->   "%trunc_ln42_27 = partselect i16 @_ssdm_op_PartSelect.i16.i26.i32.i32, i26 %mul_ln73_19, i32 10, i32 25" [firmware/nnet_utils/nnet_dense_latency.h:42]   --->   Operation 129 'partselect' 'trunc_ln42_27' <Predicate = true> <Delay = 0.00>
ST_4 : Operation 130 [1/2] (3.35ns)   --->   "%mul_ln73_20 = mul i26 %sext_ln70_9, i26 295" [firmware/nnet_utils/nnet_mult.h:73->firmware/nnet_utils/nnet_dense_latency.h:42]   --->   Operation 130 'mul' 'mul_ln73_20' <Predicate = true> <Delay = 3.35> <CoreInst = "Multiplier">   --->   Core 3 'Multiplier' <Latency = 1> <II = 1> <Delay = 3.35> <FuncUnit> <Opcode : 'mul'> <InPorts = 2> <OutPorts = 1>
ST_4 : Operation 131 [1/1] (0.00ns)   --->   "%trunc_ln42_28 = partselect i16 @_ssdm_op_PartSelect.i16.i26.i32.i32, i26 %mul_ln73_20, i32 10, i32 25" [firmware/nnet_utils/nnet_dense_latency.h:42]   --->   Operation 131 'partselect' 'trunc_ln42_28' <Predicate = true> <Delay = 0.00>
ST_4 : Operation 132 [1/2] (3.35ns)   --->   "%mul_ln73_21 = mul i25 %sext_ln70_7, i25 183" [firmware/nnet_utils/nnet_mult.h:73->firmware/nnet_utils/nnet_dense_latency.h:42]   --->   Operation 132 'mul' 'mul_ln73_21' <Predicate = true> <Delay = 3.35> <CoreInst = "Multiplier">   --->   Core 3 'Multiplier' <Latency = 1> <II = 1> <Delay = 3.35> <FuncUnit> <Opcode : 'mul'> <InPorts = 2> <OutPorts = 1>
ST_4 : Operation 133 [1/1] (0.00ns)   --->   "%trunc_ln42_29 = partselect i15 @_ssdm_op_PartSelect.i15.i25.i32.i32, i25 %mul_ln73_21, i32 10, i32 24" [firmware/nnet_utils/nnet_dense_latency.h:42]   --->   Operation 133 'partselect' 'trunc_ln42_29' <Predicate = true> <Delay = 0.00>
ST_4 : Operation 134 [1/2] (3.35ns)   --->   "%mul_ln73_22 = mul i26 %sext_ln70_9, i26 67108371" [firmware/nnet_utils/nnet_mult.h:73->firmware/nnet_utils/nnet_dense_latency.h:42]   --->   Operation 134 'mul' 'mul_ln73_22' <Predicate = true> <Delay = 3.35> <CoreInst = "Multiplier">   --->   Core 3 'Multiplier' <Latency = 1> <II = 1> <Delay = 3.35> <FuncUnit> <Opcode : 'mul'> <InPorts = 2> <OutPorts = 1>
ST_4 : Operation 135 [1/1] (0.00ns)   --->   "%trunc_ln42_30 = partselect i16 @_ssdm_op_PartSelect.i16.i26.i32.i32, i26 %mul_ln73_22, i32 10, i32 25" [firmware/nnet_utils/nnet_dense_latency.h:42]   --->   Operation 135 'partselect' 'trunc_ln42_30' <Predicate = true> <Delay = 0.00>
ST_4 : Operation 136 [1/1] (0.00ns)   --->   "%sext_ln70_10 = sext i16 %data_4_val_read" [firmware/nnet_utils/nnet_mult.h:70->firmware/nnet_utils/nnet_dense_latency.h:42]   --->   Operation 136 'sext' 'sext_ln70_10' <Predicate = true> <Delay = 0.00>
ST_4 : Operation 137 [1/1] (0.00ns)   --->   "%sext_ln70_12 = sext i16 %data_4_val_read" [firmware/nnet_utils/nnet_mult.h:70->firmware/nnet_utils/nnet_dense_latency.h:42]   --->   Operation 137 'sext' 'sext_ln70_12' <Predicate = true> <Delay = 0.00>
ST_4 : Operation 138 [1/2] (3.35ns)   --->   "%mul_ln73_23 = mul i24 %sext_ln70_14, i24 16777122" [firmware/nnet_utils/nnet_mult.h:73->firmware/nnet_utils/nnet_dense_latency.h:42]   --->   Operation 138 'mul' 'mul_ln73_23' <Predicate = true> <Delay = 3.35> <CoreInst = "Multiplier">   --->   Core 3 'Multiplier' <Latency = 1> <II = 1> <Delay = 3.35> <FuncUnit> <Opcode : 'mul'> <InPorts = 2> <OutPorts = 1>
ST_4 : Operation 139 [1/1] (0.00ns)   --->   "%trunc_ln42_31 = partselect i14 @_ssdm_op_PartSelect.i14.i24.i32.i32, i24 %mul_ln73_23, i32 10, i32 23" [firmware/nnet_utils/nnet_dense_latency.h:42]   --->   Operation 139 'partselect' 'trunc_ln42_31' <Predicate = true> <Delay = 0.00>
ST_4 : Operation 140 [1/2] (3.35ns)   --->   "%mul_ln42_9 = mul i26 %sext_ln70_11, i26 611" [firmware/nnet_utils/nnet_dense_latency.h:42]   --->   Operation 140 'mul' 'mul_ln42_9' <Predicate = true> <Delay = 3.35> <CoreInst = "Multiplier">   --->   Core 3 'Multiplier' <Latency = 1> <II = 1> <Delay = 3.35> <FuncUnit> <Opcode : 'mul'> <InPorts = 2> <OutPorts = 1>
ST_4 : Operation 141 [1/1] (0.00ns)   --->   "%trunc_ln42_32 = partselect i16 @_ssdm_op_PartSelect.i16.i26.i32.i32, i26 %mul_ln42_9, i32 10, i32 25" [firmware/nnet_utils/nnet_dense_latency.h:42]   --->   Operation 141 'partselect' 'trunc_ln42_32' <Predicate = true> <Delay = 0.00>
ST_4 : Operation 142 [1/2] (3.35ns)   --->   "%mul_ln73_24 = mul i25 %sext_ln70_13, i25 33554282" [firmware/nnet_utils/nnet_mult.h:73->firmware/nnet_utils/nnet_dense_latency.h:42]   --->   Operation 142 'mul' 'mul_ln73_24' <Predicate = true> <Delay = 3.35> <CoreInst = "Multiplier">   --->   Core 3 'Multiplier' <Latency = 1> <II = 1> <Delay = 3.35> <FuncUnit> <Opcode : 'mul'> <InPorts = 2> <OutPorts = 1>
ST_4 : Operation 143 [1/1] (0.00ns)   --->   "%trunc_ln42_33 = partselect i15 @_ssdm_op_PartSelect.i15.i25.i32.i32, i25 %mul_ln73_24, i32 10, i32 24" [firmware/nnet_utils/nnet_dense_latency.h:42]   --->   Operation 143 'partselect' 'trunc_ln42_33' <Predicate = true> <Delay = 0.00>
ST_4 : Operation 144 [1/1] (2.14ns)   --->   "%sub_ln73 = sub i17 0, i17 %sext_ln70_12" [firmware/nnet_utils/nnet_mult.h:73->firmware/nnet_utils/nnet_dense_latency.h:42]   --->   Operation 144 'sub' 'sub_ln73' <Predicate = true> <Delay = 2.14> <CoreInst = "Adder">   --->   Core 1 'Adder' <Latency = 0> <II = 1> <Delay = 2.14> <FuncUnit> <Opcode : 'add' 'sub'> <InPorts = 2> <OutPorts = 1>
ST_4 : Operation 145 [1/1] (0.00ns)   --->   "%trunc_ln42_34 = partselect i7 @_ssdm_op_PartSelect.i7.i17.i32.i32, i17 %sub_ln73, i32 10, i32 16" [firmware/nnet_utils/nnet_dense_latency.h:42]   --->   Operation 145 'partselect' 'trunc_ln42_34' <Predicate = true> <Delay = 0.00>
ST_4 : Operation 146 [1/1] (0.00ns)   --->   "%sext_ln73_3 = sext i7 %trunc_ln42_34" [firmware/nnet_utils/nnet_mult.h:73->firmware/nnet_utils/nnet_dense_latency.h:42]   --->   Operation 146 'sext' 'sext_ln73_3' <Predicate = true> <Delay = 0.00>
ST_4 : Operation 147 [1/2] (3.35ns)   --->   "%mul_ln73_25 = mul i26 %sext_ln70_11, i26 503" [firmware/nnet_utils/nnet_mult.h:73->firmware/nnet_utils/nnet_dense_latency.h:42]   --->   Operation 147 'mul' 'mul_ln73_25' <Predicate = true> <Delay = 3.35> <CoreInst = "Multiplier">   --->   Core 3 'Multiplier' <Latency = 1> <II = 1> <Delay = 3.35> <FuncUnit> <Opcode : 'mul'> <InPorts = 2> <OutPorts = 1>
ST_4 : Operation 148 [1/1] (0.00ns)   --->   "%trunc_ln42_35 = partselect i16 @_ssdm_op_PartSelect.i16.i26.i32.i32, i26 %mul_ln73_25, i32 10, i32 25" [firmware/nnet_utils/nnet_dense_latency.h:42]   --->   Operation 148 'partselect' 'trunc_ln42_35' <Predicate = true> <Delay = 0.00>
ST_4 : Operation 149 [1/2] (3.35ns)   --->   "%mul_ln42_10 = mul i26 %sext_ln70_11, i26 596" [firmware/nnet_utils/nnet_dense_latency.h:42]   --->   Operation 149 'mul' 'mul_ln42_10' <Predicate = true> <Delay = 3.35> <CoreInst = "Multiplier">   --->   Core 3 'Multiplier' <Latency = 1> <II = 1> <Delay = 3.35> <FuncUnit> <Opcode : 'mul'> <InPorts = 2> <OutPorts = 1>
ST_4 : Operation 150 [1/1] (0.00ns)   --->   "%trunc_ln42_36 = partselect i16 @_ssdm_op_PartSelect.i16.i26.i32.i32, i26 %mul_ln42_10, i32 10, i32 25" [firmware/nnet_utils/nnet_dense_latency.h:42]   --->   Operation 150 'partselect' 'trunc_ln42_36' <Predicate = true> <Delay = 0.00>
ST_4 : Operation 151 [1/2] (3.35ns)   --->   "%mul_ln73_26 = mul i24 %sext_ln70_14, i24 103" [firmware/nnet_utils/nnet_mult.h:73->firmware/nnet_utils/nnet_dense_latency.h:42]   --->   Operation 151 'mul' 'mul_ln73_26' <Predicate = true> <Delay = 3.35> <CoreInst = "Multiplier">   --->   Core 3 'Multiplier' <Latency = 1> <II = 1> <Delay = 3.35> <FuncUnit> <Opcode : 'mul'> <InPorts = 2> <OutPorts = 1>
ST_4 : Operation 152 [1/1] (0.00ns)   --->   "%trunc_ln42_37 = partselect i14 @_ssdm_op_PartSelect.i14.i24.i32.i32, i24 %mul_ln73_26, i32 10, i32 23" [firmware/nnet_utils/nnet_dense_latency.h:42]   --->   Operation 152 'partselect' 'trunc_ln42_37' <Predicate = true> <Delay = 0.00>
ST_4 : Operation 153 [2/2] (3.35ns)   --->   "%mul_ln73_27 = mul i23 %sext_ln70_10, i23 39" [firmware/nnet_utils/nnet_mult.h:73->firmware/nnet_utils/nnet_dense_latency.h:42]   --->   Operation 153 'mul' 'mul_ln73_27' <Predicate = true> <Delay = 3.35> <CoreInst = "Multiplier">   --->   Core 3 'Multiplier' <Latency = 1> <II = 1> <Delay = 3.35> <FuncUnit> <Opcode : 'mul'> <InPorts = 2> <OutPorts = 1>
ST_4 : Operation 154 [1/1] (0.00ns)   --->   "%sext_ln70_16 = sext i16 %data_5_val_read" [firmware/nnet_utils/nnet_mult.h:70->firmware/nnet_utils/nnet_dense_latency.h:42]   --->   Operation 154 'sext' 'sext_ln70_16' <Predicate = true> <Delay = 0.00>
ST_4 : Operation 155 [2/2] (3.35ns)   --->   "%mul_ln73_30 = mul i24 %sext_ln70_16, i24 16777112" [firmware/nnet_utils/nnet_mult.h:73->firmware/nnet_utils/nnet_dense_latency.h:42]   --->   Operation 155 'mul' 'mul_ln73_30' <Predicate = true> <Delay = 3.35> <CoreInst = "Multiplier">   --->   Core 3 'Multiplier' <Latency = 1> <II = 1> <Delay = 3.35> <FuncUnit> <Opcode : 'mul'> <InPorts = 2> <OutPorts = 1>
ST_4 : Operation 156 [1/1] (0.00ns)   --->   "%shl_ln = bitconcatenate i19 @_ssdm_op_BitConcatenate.i19.i16.i3, i16 %data_5_val_read, i3 0" [firmware/nnet_utils/nnet_mult.h:73->firmware/nnet_utils/nnet_dense_latency.h:42]   --->   Operation 156 'bitconcatenate' 'shl_ln' <Predicate = true> <Delay = 0.00>
ST_4 : Operation 157 [1/1] (0.00ns)   --->   "%sext_ln73 = sext i19 %shl_ln" [firmware/nnet_utils/nnet_mult.h:73->firmware/nnet_utils/nnet_dense_latency.h:42]   --->   Operation 157 'sext' 'sext_ln73' <Predicate = true> <Delay = 0.00>
ST_4 : Operation 158 [1/1] (0.00ns)   --->   "%shl_ln73_1 = bitconcatenate i17 @_ssdm_op_BitConcatenate.i17.i16.i1, i16 %data_5_val_read, i1 0" [firmware/nnet_utils/nnet_mult.h:73->firmware/nnet_utils/nnet_dense_latency.h:42]   --->   Operation 158 'bitconcatenate' 'shl_ln73_1' <Predicate = true> <Delay = 0.00>
ST_4 : Operation 159 [1/1] (0.00ns)   --->   "%sext_ln73_1 = sext i17 %shl_ln73_1" [firmware/nnet_utils/nnet_mult.h:73->firmware/nnet_utils/nnet_dense_latency.h:42]   --->   Operation 159 'sext' 'sext_ln73_1' <Predicate = true> <Delay = 0.00>
ST_4 : Operation 160 [1/1] (2.25ns)   --->   "%sub_ln73_1 = sub i20 %sext_ln73_1, i20 %sext_ln73" [firmware/nnet_utils/nnet_mult.h:73->firmware/nnet_utils/nnet_dense_latency.h:42]   --->   Operation 160 'sub' 'sub_ln73_1' <Predicate = true> <Delay = 2.25> <CoreInst = "Adder">   --->   Core 1 'Adder' <Latency = 0> <II = 1> <Delay = 2.25> <FuncUnit> <Opcode : 'add' 'sub'> <InPorts = 2> <OutPorts = 1>
ST_4 : Operation 161 [1/1] (0.00ns)   --->   "%trunc_ln42_43 = partselect i10 @_ssdm_op_PartSelect.i10.i20.i32.i32, i20 %sub_ln73_1, i32 10, i32 19" [firmware/nnet_utils/nnet_dense_latency.h:42]   --->   Operation 161 'partselect' 'trunc_ln42_43' <Predicate = true> <Delay = 0.00>
ST_4 : Operation 162 [1/1] (0.00ns)   --->   "%sext_ln73_5 = sext i10 %trunc_ln42_43" [firmware/nnet_utils/nnet_mult.h:73->firmware/nnet_utils/nnet_dense_latency.h:42]   --->   Operation 162 'sext' 'sext_ln73_5' <Predicate = true> <Delay = 0.00>
ST_4 : Operation 163 [1/1] (2.14ns)   --->   "%add_ln58 = add i16 %trunc_ln42_8, i16 %trunc_ln42_15" [firmware/nnet_utils/nnet_dense_latency.h:58]   --->   Operation 163 'add' 'add_ln58' <Predicate = true> <Delay = 2.14> <CoreInst = "Adder">   --->   Core 1 'Adder' <Latency = 0> <II = 1> <Delay = 2.14> <FuncUnit> <Opcode : 'add' 'sub'> <InPorts = 2> <OutPorts = 1>
ST_4 : Operation 164 [1/1] (2.14ns)   --->   "%add_ln58_3 = add i16 %trunc_ln42_39, i16 65195" [firmware/nnet_utils/nnet_dense_latency.h:58]   --->   Operation 164 'add' 'add_ln58_3' <Predicate = true> <Delay = 2.14> <CoreInst = "Adder">   --->   Core 1 'Adder' <Latency = 0> <II = 1> <Delay = 2.14> <FuncUnit> <Opcode : 'add' 'sub'> <InPorts = 2> <OutPorts = 1>
ST_4 : Operation 165 [1/1] (2.14ns)   --->   "%add_ln58_6 = add i16 %trunc_ln42_9, i16 %trunc_ln42_16" [firmware/nnet_utils/nnet_dense_latency.h:58]   --->   Operation 165 'add' 'add_ln58_6' <Predicate = true> <Delay = 2.14> <CoreInst = "Adder">   --->   Core 1 'Adder' <Latency = 0> <II = 1> <Delay = 2.14> <FuncUnit> <Opcode : 'add' 'sub'> <InPorts = 2> <OutPorts = 1>
ST_4 : Operation 166 [1/1] (2.14ns)   --->   "%add_ln58_9 = add i16 %trunc_ln42_40, i16 40" [firmware/nnet_utils/nnet_dense_latency.h:58]   --->   Operation 166 'add' 'add_ln58_9' <Predicate = true> <Delay = 2.14> <CoreInst = "Adder">   --->   Core 1 'Adder' <Latency = 0> <II = 1> <Delay = 2.14> <FuncUnit> <Opcode : 'add' 'sub'> <InPorts = 2> <OutPorts = 1>
ST_4 : Operation 167 [1/1] (2.14ns)   --->   "%add_ln58_12 = add i16 %trunc_ln42_1, i16 %trunc_ln42_17" [firmware/nnet_utils/nnet_dense_latency.h:58]   --->   Operation 167 'add' 'add_ln58_12' <Predicate = true> <Delay = 2.14> <CoreInst = "Adder">   --->   Core 1 'Adder' <Latency = 0> <II = 1> <Delay = 2.14> <FuncUnit> <Opcode : 'add' 'sub'> <InPorts = 2> <OutPorts = 1>
ST_4 : Operation 168 [1/1] (2.14ns)   --->   "%add_ln58_15 = add i16 %trunc_ln42_41, i16 44" [firmware/nnet_utils/nnet_dense_latency.h:58]   --->   Operation 168 'add' 'add_ln58_15' <Predicate = true> <Delay = 2.14> <CoreInst = "Adder">   --->   Core 1 'Adder' <Latency = 0> <II = 1> <Delay = 2.14> <FuncUnit> <Opcode : 'add' 'sub'> <InPorts = 2> <OutPorts = 1>
ST_4 : Operation 169 [1/1] (2.14ns)   --->   "%add_ln58_18 = add i16 %trunc_ln42_10, i16 %trunc_ln42_18" [firmware/nnet_utils/nnet_dense_latency.h:58]   --->   Operation 169 'add' 'add_ln58_18' <Predicate = true> <Delay = 2.14> <CoreInst = "Adder">   --->   Core 1 'Adder' <Latency = 0> <II = 1> <Delay = 2.14> <FuncUnit> <Opcode : 'add' 'sub'> <InPorts = 2> <OutPorts = 1>
ST_4 : Operation 170 [1/1] (2.13ns)   --->   "%add_ln58_20 = add i13 %sext_ln73_2, i13 %sext_ln73_3" [firmware/nnet_utils/nnet_dense_latency.h:58]   --->   Operation 170 'add' 'add_ln58_20' <Predicate = true> <Delay = 2.13> <CoreInst = "Adder">   --->   Core 1 'Adder' <Latency = 0> <II = 1> <Delay = 2.13> <FuncUnit> <Opcode : 'add' 'sub'> <InPorts = 2> <OutPorts = 1>
ST_4 : Operation 171 [1/1] (2.14ns)   --->   "%add_ln58_24 = add i16 %trunc_ln42_11, i16 %trunc_ln42_19" [firmware/nnet_utils/nnet_dense_latency.h:58]   --->   Operation 171 'add' 'add_ln58_24' <Predicate = true> <Delay = 2.14> <CoreInst = "Adder">   --->   Core 1 'Adder' <Latency = 0> <II = 1> <Delay = 2.14> <FuncUnit> <Opcode : 'add' 'sub'> <InPorts = 2> <OutPorts = 1>
ST_4 : Operation 172 [1/1] (2.12ns)   --->   "%add_ln58_27 = add i11 %sext_ln73_5, i11 315" [firmware/nnet_utils/nnet_dense_latency.h:58]   --->   Operation 172 'add' 'add_ln58_27' <Predicate = true> <Delay = 2.12> <CoreInst = "Adder">   --->   Core 1 'Adder' <Latency = 0> <II = 1> <Delay = 2.12> <FuncUnit> <Opcode : 'add' 'sub'> <InPorts = 2> <OutPorts = 1>
ST_4 : Operation 173 [1/1] (2.14ns)   --->   "%add_ln58_30 = add i16 %trunc_ln42_12, i16 %sext_ln42_3" [firmware/nnet_utils/nnet_dense_latency.h:58]   --->   Operation 173 'add' 'add_ln58_30' <Predicate = true> <Delay = 2.14> <CoreInst = "Adder">   --->   Core 1 'Adder' <Latency = 0> <II = 1> <Delay = 2.14> <FuncUnit> <Opcode : 'add' 'sub'> <InPorts = 2> <OutPorts = 1>
ST_4 : Operation 174 [1/1] (2.14ns)   --->   "%add_ln58_33 = add i16 %trunc_ln42_44, i16 64400" [firmware/nnet_utils/nnet_dense_latency.h:58]   --->   Operation 174 'add' 'add_ln58_33' <Predicate = true> <Delay = 2.14> <CoreInst = "Adder">   --->   Core 1 'Adder' <Latency = 0> <II = 1> <Delay = 2.14> <FuncUnit> <Opcode : 'add' 'sub'> <InPorts = 2> <OutPorts = 1>
ST_4 : Operation 175 [1/1] (2.14ns)   --->   "%add_ln58_36 = add i16 %sext_ln42_2, i16 %trunc_ln42_21" [firmware/nnet_utils/nnet_dense_latency.h:58]   --->   Operation 175 'add' 'add_ln58_36' <Predicate = true> <Delay = 2.14> <CoreInst = "Adder">   --->   Core 1 'Adder' <Latency = 0> <II = 1> <Delay = 2.14> <FuncUnit> <Opcode : 'add' 'sub'> <InPorts = 2> <OutPorts = 1>
ST_4 : Operation 176 [1/1] (2.14ns)   --->   "%add_ln58_39 = add i16 %trunc_ln42_45, i16 64737" [firmware/nnet_utils/nnet_dense_latency.h:58]   --->   Operation 176 'add' 'add_ln58_39' <Predicate = true> <Delay = 2.14> <CoreInst = "Adder">   --->   Core 1 'Adder' <Latency = 0> <II = 1> <Delay = 2.14> <FuncUnit> <Opcode : 'add' 'sub'> <InPorts = 2> <OutPorts = 1>
ST_4 : Operation 177 [1/1] (2.14ns)   --->   "%add_ln58_42 = add i16 %trunc_ln42_14, i16 %trunc_ln42_22" [firmware/nnet_utils/nnet_dense_latency.h:58]   --->   Operation 177 'add' 'add_ln58_42' <Predicate = true> <Delay = 2.14> <CoreInst = "Adder">   --->   Core 1 'Adder' <Latency = 0> <II = 1> <Delay = 2.14> <FuncUnit> <Opcode : 'add' 'sub'> <InPorts = 2> <OutPorts = 1>

State 5 <SV = 4> <Delay = 4.03>
ST_5 : Operation 178 [1/2] (3.35ns)   --->   "%mul_ln73 = mul i26 %sext_ln70_2, i26 67108427" [firmware/nnet_utils/nnet_mult.h:73->firmware/nnet_utils/nnet_dense_latency.h:42]   --->   Operation 178 'mul' 'mul_ln73' <Predicate = true> <Delay = 3.35> <CoreInst = "Multiplier">   --->   Core 3 'Multiplier' <Latency = 1> <II = 1> <Delay = 3.35> <FuncUnit> <Opcode : 'mul'> <InPorts = 2> <OutPorts = 1>
ST_5 : Operation 179 [1/1] (0.00ns)   --->   "%trunc_ln = partselect i16 @_ssdm_op_PartSelect.i16.i26.i32.i32, i26 %mul_ln73, i32 10, i32 25" [firmware/nnet_utils/nnet_dense_latency.h:42]   --->   Operation 179 'partselect' 'trunc_ln' <Predicate = true> <Delay = 0.00>
ST_5 : Operation 180 [1/2] (3.35ns)   --->   "%mul_ln73_1 = mul i24 %sext_ln70_1, i24 16777093" [firmware/nnet_utils/nnet_mult.h:73->firmware/nnet_utils/nnet_dense_latency.h:42]   --->   Operation 180 'mul' 'mul_ln73_1' <Predicate = true> <Delay = 3.35> <CoreInst = "Multiplier">   --->   Core 3 'Multiplier' <Latency = 1> <II = 1> <Delay = 3.35> <FuncUnit> <Opcode : 'mul'> <InPorts = 2> <OutPorts = 1>
ST_5 : Operation 181 [1/1] (0.00ns)   --->   "%trunc_ln42_s = partselect i14 @_ssdm_op_PartSelect.i14.i24.i32.i32, i24 %mul_ln73_1, i32 10, i32 23" [firmware/nnet_utils/nnet_dense_latency.h:42]   --->   Operation 181 'partselect' 'trunc_ln42_s' <Predicate = true> <Delay = 0.00>
ST_5 : Operation 182 [1/2] (3.35ns)   --->   "%mul_ln73_2 = mul i26 %sext_ln70_2, i26 296" [firmware/nnet_utils/nnet_mult.h:73->firmware/nnet_utils/nnet_dense_latency.h:42]   --->   Operation 182 'mul' 'mul_ln73_2' <Predicate = true> <Delay = 3.35> <CoreInst = "Multiplier">   --->   Core 3 'Multiplier' <Latency = 1> <II = 1> <Delay = 3.35> <FuncUnit> <Opcode : 'mul'> <InPorts = 2> <OutPorts = 1>
ST_5 : Operation 183 [1/1] (0.00ns)   --->   "%trunc_ln42_2 = partselect i16 @_ssdm_op_PartSelect.i16.i26.i32.i32, i26 %mul_ln73_2, i32 10, i32 25" [firmware/nnet_utils/nnet_dense_latency.h:42]   --->   Operation 183 'partselect' 'trunc_ln42_2' <Predicate = true> <Delay = 0.00>
ST_5 : Operation 184 [1/2] (3.35ns)   --->   "%mul_ln73_3 = mul i26 %sext_ln70_2, i26 67108536" [firmware/nnet_utils/nnet_mult.h:73->firmware/nnet_utils/nnet_dense_latency.h:42]   --->   Operation 184 'mul' 'mul_ln73_3' <Predicate = true> <Delay = 3.35> <CoreInst = "Multiplier">   --->   Core 3 'Multiplier' <Latency = 1> <II = 1> <Delay = 3.35> <FuncUnit> <Opcode : 'mul'> <InPorts = 2> <OutPorts = 1>
ST_5 : Operation 185 [1/1] (0.00ns)   --->   "%trunc_ln42_3 = partselect i16 @_ssdm_op_PartSelect.i16.i26.i32.i32, i26 %mul_ln73_3, i32 10, i32 25" [firmware/nnet_utils/nnet_dense_latency.h:42]   --->   Operation 185 'partselect' 'trunc_ln42_3' <Predicate = true> <Delay = 0.00>
ST_5 : Operation 186 [1/2] (3.35ns)   --->   "%mul_ln73_4 = mul i25 %sext_ln70, i25 253" [firmware/nnet_utils/nnet_mult.h:73->firmware/nnet_utils/nnet_dense_latency.h:42]   --->   Operation 186 'mul' 'mul_ln73_4' <Predicate = true> <Delay = 3.35> <CoreInst = "Multiplier">   --->   Core 3 'Multiplier' <Latency = 1> <II = 1> <Delay = 3.35> <FuncUnit> <Opcode : 'mul'> <InPorts = 2> <OutPorts = 1>
ST_5 : Operation 187 [1/1] (0.00ns)   --->   "%trunc_ln42_4 = partselect i15 @_ssdm_op_PartSelect.i15.i25.i32.i32, i25 %mul_ln73_4, i32 10, i32 24" [firmware/nnet_utils/nnet_dense_latency.h:42]   --->   Operation 187 'partselect' 'trunc_ln42_4' <Predicate = true> <Delay = 0.00>
ST_5 : Operation 188 [1/2] (3.35ns)   --->   "%mul_ln42 = mul i26 %sext_ln70_2, i26 67108194" [firmware/nnet_utils/nnet_dense_latency.h:42]   --->   Operation 188 'mul' 'mul_ln42' <Predicate = true> <Delay = 3.35> <CoreInst = "Multiplier">   --->   Core 3 'Multiplier' <Latency = 1> <II = 1> <Delay = 3.35> <FuncUnit> <Opcode : 'mul'> <InPorts = 2> <OutPorts = 1>
ST_5 : Operation 189 [1/1] (0.00ns)   --->   "%trunc_ln42_5 = partselect i16 @_ssdm_op_PartSelect.i16.i26.i32.i32, i26 %mul_ln42, i32 10, i32 25" [firmware/nnet_utils/nnet_dense_latency.h:42]   --->   Operation 189 'partselect' 'trunc_ln42_5' <Predicate = true> <Delay = 0.00>
ST_5 : Operation 190 [1/2] (3.35ns)   --->   "%mul_ln42_1 = mul i26 %sext_ln70_2, i26 604" [firmware/nnet_utils/nnet_dense_latency.h:42]   --->   Operation 190 'mul' 'mul_ln42_1' <Predicate = true> <Delay = 3.35> <CoreInst = "Multiplier">   --->   Core 3 'Multiplier' <Latency = 1> <II = 1> <Delay = 3.35> <FuncUnit> <Opcode : 'mul'> <InPorts = 2> <OutPorts = 1>
ST_5 : Operation 191 [1/1] (0.00ns)   --->   "%trunc_ln42_6 = partselect i16 @_ssdm_op_PartSelect.i16.i26.i32.i32, i26 %mul_ln42_1, i32 10, i32 25" [firmware/nnet_utils/nnet_dense_latency.h:42]   --->   Operation 191 'partselect' 'trunc_ln42_6' <Predicate = true> <Delay = 0.00>
ST_5 : Operation 192 [1/2] (3.35ns)   --->   "%mul_ln73_5 = mul i26 %sext_ln70_2, i26 347" [firmware/nnet_utils/nnet_mult.h:73->firmware/nnet_utils/nnet_dense_latency.h:42]   --->   Operation 192 'mul' 'mul_ln73_5' <Predicate = true> <Delay = 3.35> <CoreInst = "Multiplier">   --->   Core 3 'Multiplier' <Latency = 1> <II = 1> <Delay = 3.35> <FuncUnit> <Opcode : 'mul'> <InPorts = 2> <OutPorts = 1>
ST_5 : Operation 193 [1/1] (0.00ns)   --->   "%trunc_ln42_7 = partselect i16 @_ssdm_op_PartSelect.i16.i26.i32.i32, i26 %mul_ln73_5, i32 10, i32 25" [firmware/nnet_utils/nnet_dense_latency.h:42]   --->   Operation 193 'partselect' 'trunc_ln42_7' <Predicate = true> <Delay = 0.00>
ST_5 : Operation 194 [1/1] (0.00ns)   --->   "%sext_ln42_4 = sext i15 %trunc_ln42_29" [firmware/nnet_utils/nnet_dense_latency.h:42]   --->   Operation 194 'sext' 'sext_ln42_4' <Predicate = true> <Delay = 0.00>
ST_5 : Operation 195 [1/1] (0.00ns)   --->   "%sext_ln42_5 = sext i14 %trunc_ln42_31" [firmware/nnet_utils/nnet_dense_latency.h:42]   --->   Operation 195 'sext' 'sext_ln42_5' <Predicate = true> <Delay = 0.00>
ST_5 : Operation 196 [1/1] (0.00ns)   --->   "%sext_ln42_6 = sext i15 %trunc_ln42_33" [firmware/nnet_utils/nnet_dense_latency.h:42]   --->   Operation 196 'sext' 'sext_ln42_6' <Predicate = true> <Delay = 0.00>
ST_5 : Operation 197 [1/1] (0.00ns)   --->   "%sext_ln42_7 = sext i14 %trunc_ln42_37" [firmware/nnet_utils/nnet_dense_latency.h:42]   --->   Operation 197 'sext' 'sext_ln42_7' <Predicate = true> <Delay = 0.00>
ST_5 : Operation 198 [1/2] (3.35ns)   --->   "%mul_ln73_27 = mul i23 %sext_ln70_10, i23 39" [firmware/nnet_utils/nnet_mult.h:73->firmware/nnet_utils/nnet_dense_latency.h:42]   --->   Operation 198 'mul' 'mul_ln73_27' <Predicate = true> <Delay = 3.35> <CoreInst = "Multiplier">   --->   Core 3 'Multiplier' <Latency = 1> <II = 1> <Delay = 3.35> <FuncUnit> <Opcode : 'mul'> <InPorts = 2> <OutPorts = 1>
ST_5 : Operation 199 [1/1] (0.00ns)   --->   "%trunc_ln42_38 = partselect i13 @_ssdm_op_PartSelect.i13.i23.i32.i32, i23 %mul_ln73_27, i32 10, i32 22" [firmware/nnet_utils/nnet_dense_latency.h:42]   --->   Operation 199 'partselect' 'trunc_ln42_38' <Predicate = true> <Delay = 0.00>
ST_5 : Operation 200 [1/2] (3.35ns)   --->   "%mul_ln73_30 = mul i24 %sext_ln70_16, i24 16777112" [firmware/nnet_utils/nnet_mult.h:73->firmware/nnet_utils/nnet_dense_latency.h:42]   --->   Operation 200 'mul' 'mul_ln73_30' <Predicate = true> <Delay = 3.35> <CoreInst = "Multiplier">   --->   Core 3 'Multiplier' <Latency = 1> <II = 1> <Delay = 3.35> <FuncUnit> <Opcode : 'mul'> <InPorts = 2> <OutPorts = 1>
ST_5 : Operation 201 [1/1] (0.00ns)   --->   "%trunc_ln42_42 = partselect i14 @_ssdm_op_PartSelect.i14.i24.i32.i32, i24 %mul_ln73_30, i32 10, i32 23" [firmware/nnet_utils/nnet_dense_latency.h:42]   --->   Operation 201 'partselect' 'trunc_ln42_42' <Predicate = true> <Delay = 0.00>
ST_5 : Operation 202 [1/1] (0.00ns)   --->   "%sext_ln42_9 = sext i15 %trunc_ln42_46" [firmware/nnet_utils/nnet_dense_latency.h:42]   --->   Operation 202 'sext' 'sext_ln42_9' <Predicate = true> <Delay = 0.00>
ST_5 : Operation 203 [1/1] (0.00ns) (grouped into TernaryAdder)   --->   "%add_ln58_2 = add i16 %trunc_ln42_23, i16 %sext_ln42_5" [firmware/nnet_utils/nnet_dense_latency.h:58]   --->   Operation 203 'add' 'add_ln58_2' <Predicate = true> <Delay = 0.00> <CoreInst = "TAddSub">   --->   Core 10 'TAddSub' <Latency = 0> <II = 1> <Delay = 2.01> <IPBlock> <Opcode : '' 'add' 'sub'> <InPorts = 3> <OutPorts = 1> <Sync> <CReg>
ST_5 : Operation 204 [1/1] (4.03ns) (root node of TernaryAdder)   --->   "%add_ln58_4 = add i16 %add_ln58_3, i16 %add_ln58_2" [firmware/nnet_utils/nnet_dense_latency.h:58]   --->   Operation 204 'add' 'add_ln58_4' <Predicate = true> <Delay = 4.03> <CoreInst = "TAddSub">   --->   Core 10 'TAddSub' <Latency = 0> <II = 1> <Delay = 2.01> <IPBlock> <Opcode : '' 'add' 'sub'> <InPorts = 3> <OutPorts = 1> <Sync> <CReg>
ST_5 : Operation 205 [1/1] (0.00ns) (grouped into TernaryAdder)   --->   "%add_ln58_8 = add i16 %trunc_ln42_24, i16 %trunc_ln42_32" [firmware/nnet_utils/nnet_dense_latency.h:58]   --->   Operation 205 'add' 'add_ln58_8' <Predicate = true> <Delay = 0.00> <CoreInst = "TAddSub">   --->   Core 10 'TAddSub' <Latency = 0> <II = 1> <Delay = 2.01> <IPBlock> <Opcode : '' 'add' 'sub'> <InPorts = 3> <OutPorts = 1> <Sync> <CReg>
ST_5 : Operation 206 [1/1] (4.03ns) (root node of TernaryAdder)   --->   "%add_ln58_10 = add i16 %add_ln58_9, i16 %add_ln58_8" [firmware/nnet_utils/nnet_dense_latency.h:58]   --->   Operation 206 'add' 'add_ln58_10' <Predicate = true> <Delay = 4.03> <CoreInst = "TAddSub">   --->   Core 10 'TAddSub' <Latency = 0> <II = 1> <Delay = 2.01> <IPBlock> <Opcode : '' 'add' 'sub'> <InPorts = 3> <OutPorts = 1> <Sync> <CReg>
ST_5 : Operation 207 [1/1] (0.00ns) (grouped into TernaryAdder)   --->   "%add_ln58_14 = add i16 %trunc_ln42_25, i16 %sext_ln42_6" [firmware/nnet_utils/nnet_dense_latency.h:58]   --->   Operation 207 'add' 'add_ln58_14' <Predicate = true> <Delay = 0.00> <CoreInst = "TAddSub">   --->   Core 10 'TAddSub' <Latency = 0> <II = 1> <Delay = 2.01> <IPBlock> <Opcode : '' 'add' 'sub'> <InPorts = 3> <OutPorts = 1> <Sync> <CReg>
ST_5 : Operation 208 [1/1] (4.03ns) (root node of TernaryAdder)   --->   "%add_ln58_16 = add i16 %add_ln58_15, i16 %add_ln58_14" [firmware/nnet_utils/nnet_dense_latency.h:58]   --->   Operation 208 'add' 'add_ln58_16' <Predicate = true> <Delay = 4.03> <CoreInst = "TAddSub">   --->   Core 10 'TAddSub' <Latency = 0> <II = 1> <Delay = 2.01> <IPBlock> <Opcode : '' 'add' 'sub'> <InPorts = 3> <OutPorts = 1> <Sync> <CReg>
ST_5 : Operation 209 [1/1] (0.00ns) (grouped into TernaryAdder)   --->   "%add_ln58_26 = add i16 %trunc_ln42_27, i16 %trunc_ln42_35" [firmware/nnet_utils/nnet_dense_latency.h:58]   --->   Operation 209 'add' 'add_ln58_26' <Predicate = true> <Delay = 0.00> <CoreInst = "TAddSub">   --->   Core 10 'TAddSub' <Latency = 0> <II = 1> <Delay = 2.01> <IPBlock> <Opcode : '' 'add' 'sub'> <InPorts = 3> <OutPorts = 1> <Sync> <CReg>
ST_5 : Operation 210 [1/1] (0.00ns)   --->   "%sext_ln58_2 = sext i11 %add_ln58_27" [firmware/nnet_utils/nnet_dense_latency.h:58]   --->   Operation 210 'sext' 'sext_ln58_2' <Predicate = true> <Delay = 0.00>
ST_5 : Operation 211 [1/1] (4.03ns) (root node of TernaryAdder)   --->   "%add_ln58_28 = add i16 %sext_ln58_2, i16 %add_ln58_26" [firmware/nnet_utils/nnet_dense_latency.h:58]   --->   Operation 211 'add' 'add_ln58_28' <Predicate = true> <Delay = 4.03> <CoreInst = "TAddSub">   --->   Core 10 'TAddSub' <Latency = 0> <II = 1> <Delay = 2.01> <IPBlock> <Opcode : '' 'add' 'sub'> <InPorts = 3> <OutPorts = 1> <Sync> <CReg>
ST_5 : Operation 212 [1/1] (0.00ns) (grouped into TernaryAdder)   --->   "%add_ln58_32 = add i16 %trunc_ln42_28, i16 %trunc_ln42_36" [firmware/nnet_utils/nnet_dense_latency.h:58]   --->   Operation 212 'add' 'add_ln58_32' <Predicate = true> <Delay = 0.00> <CoreInst = "TAddSub">   --->   Core 10 'TAddSub' <Latency = 0> <II = 1> <Delay = 2.01> <IPBlock> <Opcode : '' 'add' 'sub'> <InPorts = 3> <OutPorts = 1> <Sync> <CReg>
ST_5 : Operation 213 [1/1] (4.03ns) (root node of TernaryAdder)   --->   "%add_ln58_34 = add i16 %add_ln58_33, i16 %add_ln58_32" [firmware/nnet_utils/nnet_dense_latency.h:58]   --->   Operation 213 'add' 'add_ln58_34' <Predicate = true> <Delay = 4.03> <CoreInst = "TAddSub">   --->   Core 10 'TAddSub' <Latency = 0> <II = 1> <Delay = 2.01> <IPBlock> <Opcode : '' 'add' 'sub'> <InPorts = 3> <OutPorts = 1> <Sync> <CReg>
ST_5 : Operation 214 [1/1] (0.00ns) (grouped into TernaryAdder)   --->   "%add_ln58_38 = add i16 %sext_ln42_4, i16 %sext_ln42_7" [firmware/nnet_utils/nnet_dense_latency.h:58]   --->   Operation 214 'add' 'add_ln58_38' <Predicate = true> <Delay = 0.00> <CoreInst = "TAddSub">   --->   Core 10 'TAddSub' <Latency = 0> <II = 1> <Delay = 2.01> <IPBlock> <Opcode : '' 'add' 'sub'> <InPorts = 3> <OutPorts = 1> <Sync> <CReg>
ST_5 : Operation 215 [1/1] (4.03ns) (root node of TernaryAdder)   --->   "%add_ln58_40 = add i16 %add_ln58_39, i16 %add_ln58_38" [firmware/nnet_utils/nnet_dense_latency.h:58]   --->   Operation 215 'add' 'add_ln58_40' <Predicate = true> <Delay = 4.03> <CoreInst = "TAddSub">   --->   Core 10 'TAddSub' <Latency = 0> <II = 1> <Delay = 2.01> <IPBlock> <Opcode : '' 'add' 'sub'> <InPorts = 3> <OutPorts = 1> <Sync> <CReg>
ST_5 : Operation 216 [1/1] (2.14ns)   --->   "%add_ln58_45 = add i16 %sext_ln42_9, i16 65320" [firmware/nnet_utils/nnet_dense_latency.h:58]   --->   Operation 216 'add' 'add_ln58_45' <Predicate = true> <Delay = 2.14> <CoreInst = "Adder">   --->   Core 1 'Adder' <Latency = 0> <II = 1> <Delay = 2.14> <FuncUnit> <Opcode : 'add' 'sub'> <InPorts = 2> <OutPorts = 1>

State 6 <SV = 5> <Delay = 4.03>
ST_6 : Operation 217 [1/1] (0.00ns)   --->   "%sext_ln42 = sext i14 %trunc_ln42_s" [firmware/nnet_utils/nnet_dense_latency.h:42]   --->   Operation 217 'sext' 'sext_ln42' <Predicate = true> <Delay = 0.00>
ST_6 : Operation 218 [1/1] (0.00ns)   --->   "%sext_ln42_1 = sext i15 %trunc_ln42_4" [firmware/nnet_utils/nnet_dense_latency.h:42]   --->   Operation 218 'sext' 'sext_ln42_1' <Predicate = true> <Delay = 0.00>
ST_6 : Operation 219 [1/1] (0.00ns)   --->   "%sext_ln42_8 = sext i13 %trunc_ln42_38" [firmware/nnet_utils/nnet_dense_latency.h:42]   --->   Operation 219 'sext' 'sext_ln42_8' <Predicate = true> <Delay = 0.00>
ST_6 : Operation 220 [1/1] (0.00ns)   --->   "%sext_ln73_4 = sext i14 %trunc_ln42_42" [firmware/nnet_utils/nnet_mult.h:73->firmware/nnet_utils/nnet_dense_latency.h:42]   --->   Operation 220 'sext' 'sext_ln73_4' <Predicate = true> <Delay = 0.00>
ST_6 : Operation 221 [1/1] (0.00ns) (grouped into TernaryAdder)   --->   "%add_ln58_1 = add i16 %add_ln58, i16 %trunc_ln" [firmware/nnet_utils/nnet_dense_latency.h:58]   --->   Operation 221 'add' 'add_ln58_1' <Predicate = true> <Delay = 0.00> <CoreInst = "TAddSub">   --->   Core 10 'TAddSub' <Latency = 0> <II = 1> <Delay = 2.01> <IPBlock> <Opcode : '' 'add' 'sub'> <InPorts = 3> <OutPorts = 1> <Sync> <CReg>
ST_6 : Operation 222 [1/1] (4.03ns) (root node of TernaryAdder)   --->   "%add_ln58_5 = add i16 %add_ln58_4, i16 %add_ln58_1" [firmware/nnet_utils/nnet_dense_latency.h:58]   --->   Operation 222 'add' 'add_ln58_5' <Predicate = true> <Delay = 4.03> <CoreInst = "TAddSub">   --->   Core 10 'TAddSub' <Latency = 0> <II = 1> <Delay = 2.01> <IPBlock> <Opcode : '' 'add' 'sub'> <InPorts = 3> <OutPorts = 1> <Sync> <CReg>
ST_6 : Operation 223 [1/1] (0.00ns) (grouped into TernaryAdder)   --->   "%add_ln58_7 = add i16 %add_ln58_6, i16 %sext_ln42" [firmware/nnet_utils/nnet_dense_latency.h:58]   --->   Operation 223 'add' 'add_ln58_7' <Predicate = true> <Delay = 0.00> <CoreInst = "TAddSub">   --->   Core 10 'TAddSub' <Latency = 0> <II = 1> <Delay = 2.01> <IPBlock> <Opcode : '' 'add' 'sub'> <InPorts = 3> <OutPorts = 1> <Sync> <CReg>
ST_6 : Operation 224 [1/1] (4.03ns) (root node of TernaryAdder)   --->   "%add_ln58_11 = add i16 %add_ln58_10, i16 %add_ln58_7" [firmware/nnet_utils/nnet_dense_latency.h:58]   --->   Operation 224 'add' 'add_ln58_11' <Predicate = true> <Delay = 4.03> <CoreInst = "TAddSub">   --->   Core 10 'TAddSub' <Latency = 0> <II = 1> <Delay = 2.01> <IPBlock> <Opcode : '' 'add' 'sub'> <InPorts = 3> <OutPorts = 1> <Sync> <CReg>
ST_6 : Operation 225 [1/1] (0.00ns) (grouped into TernaryAdder)   --->   "%add_ln58_13 = add i16 %add_ln58_12, i16 %trunc_ln42_2" [firmware/nnet_utils/nnet_dense_latency.h:58]   --->   Operation 225 'add' 'add_ln58_13' <Predicate = true> <Delay = 0.00> <CoreInst = "TAddSub">   --->   Core 10 'TAddSub' <Latency = 0> <II = 1> <Delay = 2.01> <IPBlock> <Opcode : '' 'add' 'sub'> <InPorts = 3> <OutPorts = 1> <Sync> <CReg>
ST_6 : Operation 226 [1/1] (4.03ns) (root node of TernaryAdder)   --->   "%add_ln58_17 = add i16 %add_ln58_16, i16 %add_ln58_13" [firmware/nnet_utils/nnet_dense_latency.h:58]   --->   Operation 226 'add' 'add_ln58_17' <Predicate = true> <Delay = 4.03> <CoreInst = "TAddSub">   --->   Core 10 'TAddSub' <Latency = 0> <II = 1> <Delay = 2.01> <IPBlock> <Opcode : '' 'add' 'sub'> <InPorts = 3> <OutPorts = 1> <Sync> <CReg>
ST_6 : Operation 227 [1/1] (0.00ns)   --->   "%sext_ln58 = sext i13 %add_ln58_20" [firmware/nnet_utils/nnet_dense_latency.h:58]   --->   Operation 227 'sext' 'sext_ln58' <Predicate = true> <Delay = 0.00>
ST_6 : Operation 228 [1/1] (0.00ns) (grouped into TernaryAdder)   --->   "%add_ln58_21 = add i15 %sext_ln73_4, i15 16" [firmware/nnet_utils/nnet_dense_latency.h:58]   --->   Operation 228 'add' 'add_ln58_21' <Predicate = true> <Delay = 0.00> <CoreInst = "TAddSub">   --->   Core 10 'TAddSub' <Latency = 0> <II = 1> <Delay = 2.01> <IPBlock> <Opcode : '' 'add' 'sub'> <InPorts = 3> <OutPorts = 1> <Sync> <CReg>
ST_6 : Operation 229 [1/1] (3.99ns) (root node of TernaryAdder)   --->   "%add_ln58_22 = add i15 %add_ln58_21, i15 %sext_ln58" [firmware/nnet_utils/nnet_dense_latency.h:58]   --->   Operation 229 'add' 'add_ln58_22' <Predicate = true> <Delay = 3.99> <CoreInst = "TAddSub">   --->   Core 10 'TAddSub' <Latency = 0> <II = 1> <Delay = 2.01> <IPBlock> <Opcode : '' 'add' 'sub'> <InPorts = 3> <OutPorts = 1> <Sync> <CReg>
ST_6 : Operation 230 [1/1] (0.00ns) (grouped into TernaryAdder)   --->   "%add_ln58_25 = add i16 %add_ln58_24, i16 %sext_ln42_1" [firmware/nnet_utils/nnet_dense_latency.h:58]   --->   Operation 230 'add' 'add_ln58_25' <Predicate = true> <Delay = 0.00> <CoreInst = "TAddSub">   --->   Core 10 'TAddSub' <Latency = 0> <II = 1> <Delay = 2.01> <IPBlock> <Opcode : '' 'add' 'sub'> <InPorts = 3> <OutPorts = 1> <Sync> <CReg>
ST_6 : Operation 231 [1/1] (4.03ns) (root node of TernaryAdder)   --->   "%add_ln58_29 = add i16 %add_ln58_28, i16 %add_ln58_25" [firmware/nnet_utils/nnet_dense_latency.h:58]   --->   Operation 231 'add' 'add_ln58_29' <Predicate = true> <Delay = 4.03> <CoreInst = "TAddSub">   --->   Core 10 'TAddSub' <Latency = 0> <II = 1> <Delay = 2.01> <IPBlock> <Opcode : '' 'add' 'sub'> <InPorts = 3> <OutPorts = 1> <Sync> <CReg>
ST_6 : Operation 232 [1/1] (0.00ns) (grouped into TernaryAdder)   --->   "%add_ln58_31 = add i16 %add_ln58_30, i16 %trunc_ln42_5" [firmware/nnet_utils/nnet_dense_latency.h:58]   --->   Operation 232 'add' 'add_ln58_31' <Predicate = true> <Delay = 0.00> <CoreInst = "TAddSub">   --->   Core 10 'TAddSub' <Latency = 0> <II = 1> <Delay = 2.01> <IPBlock> <Opcode : '' 'add' 'sub'> <InPorts = 3> <OutPorts = 1> <Sync> <CReg>
ST_6 : Operation 233 [1/1] (4.03ns) (root node of TernaryAdder)   --->   "%add_ln58_35 = add i16 %add_ln58_34, i16 %add_ln58_31" [firmware/nnet_utils/nnet_dense_latency.h:58]   --->   Operation 233 'add' 'add_ln58_35' <Predicate = true> <Delay = 4.03> <CoreInst = "TAddSub">   --->   Core 10 'TAddSub' <Latency = 0> <II = 1> <Delay = 2.01> <IPBlock> <Opcode : '' 'add' 'sub'> <InPorts = 3> <OutPorts = 1> <Sync> <CReg>
ST_6 : Operation 234 [1/1] (0.00ns) (grouped into TernaryAdder)   --->   "%add_ln58_37 = add i16 %add_ln58_36, i16 %trunc_ln42_6" [firmware/nnet_utils/nnet_dense_latency.h:58]   --->   Operation 234 'add' 'add_ln58_37' <Predicate = true> <Delay = 0.00> <CoreInst = "TAddSub">   --->   Core 10 'TAddSub' <Latency = 0> <II = 1> <Delay = 2.01> <IPBlock> <Opcode : '' 'add' 'sub'> <InPorts = 3> <OutPorts = 1> <Sync> <CReg>
ST_6 : Operation 235 [1/1] (4.03ns) (root node of TernaryAdder)   --->   "%add_ln58_41 = add i16 %add_ln58_40, i16 %add_ln58_37" [firmware/nnet_utils/nnet_dense_latency.h:58]   --->   Operation 235 'add' 'add_ln58_41' <Predicate = true> <Delay = 4.03> <CoreInst = "TAddSub">   --->   Core 10 'TAddSub' <Latency = 0> <II = 1> <Delay = 2.01> <IPBlock> <Opcode : '' 'add' 'sub'> <InPorts = 3> <OutPorts = 1> <Sync> <CReg>
ST_6 : Operation 236 [1/1] (0.00ns) (grouped into TernaryAdder)   --->   "%add_ln58_44 = add i16 %trunc_ln42_30, i16 %sext_ln42_8" [firmware/nnet_utils/nnet_dense_latency.h:58]   --->   Operation 236 'add' 'add_ln58_44' <Predicate = true> <Delay = 0.00> <CoreInst = "TAddSub">   --->   Core 10 'TAddSub' <Latency = 0> <II = 1> <Delay = 2.01> <IPBlock> <Opcode : '' 'add' 'sub'> <InPorts = 3> <OutPorts = 1> <Sync> <CReg>
ST_6 : Operation 237 [1/1] (4.03ns) (root node of TernaryAdder)   --->   "%add_ln58_46 = add i16 %add_ln58_45, i16 %add_ln58_44" [firmware/nnet_utils/nnet_dense_latency.h:58]   --->   Operation 237 'add' 'add_ln58_46' <Predicate = true> <Delay = 4.03> <CoreInst = "TAddSub">   --->   Core 10 'TAddSub' <Latency = 0> <II = 1> <Delay = 2.01> <IPBlock> <Opcode : '' 'add' 'sub'> <InPorts = 3> <OutPorts = 1> <Sync> <CReg>

State 7 <SV = 6> <Delay = 4.03>
ST_7 : Operation 238 [1/1] (0.00ns)   --->   "%specpipeline_ln33 = specpipeline void @_ssdm_op_SpecPipeline, i32 4, i32 0, i32 0, i32 0, void @empty_0" [firmware/nnet_utils/nnet_dense_latency.h:33]   --->   Operation 238 'specpipeline' 'specpipeline_ln33' <Predicate = true> <Delay = 0.00>
ST_7 : Operation 239 [1/1] (0.00ns)   --->   "%specresourcelimit_ln33 = specresourcelimit void @_ssdm_op_SpecResourceLimit, i64 12, void @empty_1, void @empty_0, void @empty_0, void @empty_0" [firmware/nnet_utils/nnet_dense_latency.h:33]   --->   Operation 239 'specresourcelimit' 'specresourcelimit_ln33' <Predicate = true> <Delay = 0.00>
ST_7 : Operation 240 [1/1] (0.00ns) (grouped into TernaryAdder)   --->   "%add_ln58_19 = add i16 %add_ln58_18, i16 %trunc_ln42_3" [firmware/nnet_utils/nnet_dense_latency.h:58]   --->   Operation 240 'add' 'add_ln58_19' <Predicate = true> <Delay = 0.00> <CoreInst = "TAddSub">   --->   Core 10 'TAddSub' <Latency = 0> <II = 1> <Delay = 2.01> <IPBlock> <Opcode : '' 'add' 'sub'> <InPorts = 3> <OutPorts = 1> <Sync> <CReg>
ST_7 : Operation 241 [1/1] (0.00ns)   --->   "%sext_ln58_1 = sext i15 %add_ln58_22" [firmware/nnet_utils/nnet_dense_latency.h:58]   --->   Operation 241 'sext' 'sext_ln58_1' <Predicate = true> <Delay = 0.00>
ST_7 : Operation 242 [1/1] (4.03ns) (root node of TernaryAdder)   --->   "%add_ln58_23 = add i16 %sext_ln58_1, i16 %add_ln58_19" [firmware/nnet_utils/nnet_dense_latency.h:58]   --->   Operation 242 'add' 'add_ln58_23' <Predicate = true> <Delay = 4.03> <CoreInst = "TAddSub">   --->   Core 10 'TAddSub' <Latency = 0> <II = 1> <Delay = 2.01> <IPBlock> <Opcode : '' 'add' 'sub'> <InPorts = 3> <OutPorts = 1> <Sync> <CReg>
ST_7 : Operation 243 [1/1] (0.00ns) (grouped into TernaryAdder)   --->   "%add_ln58_43 = add i16 %add_ln58_42, i16 %trunc_ln42_7" [firmware/nnet_utils/nnet_dense_latency.h:58]   --->   Operation 243 'add' 'add_ln58_43' <Predicate = true> <Delay = 0.00> <CoreInst = "TAddSub">   --->   Core 10 'TAddSub' <Latency = 0> <II = 1> <Delay = 2.01> <IPBlock> <Opcode : '' 'add' 'sub'> <InPorts = 3> <OutPorts = 1> <Sync> <CReg>
ST_7 : Operation 244 [1/1] (4.03ns) (root node of TernaryAdder)   --->   "%add_ln58_47 = add i16 %add_ln58_46, i16 %add_ln58_43" [firmware/nnet_utils/nnet_dense_latency.h:58]   --->   Operation 244 'add' 'add_ln58_47' <Predicate = true> <Delay = 4.03> <CoreInst = "TAddSub">   --->   Core 10 'TAddSub' <Latency = 0> <II = 1> <Delay = 2.01> <IPBlock> <Opcode : '' 'add' 'sub'> <InPorts = 3> <OutPorts = 1> <Sync> <CReg>
ST_7 : Operation 245 [1/1] (0.00ns)   --->   "%mrv = insertvalue i128 <undef>, i16 %add_ln58_5" [firmware/nnet_utils/nnet_dense_latency.h:68]   --->   Operation 245 'insertvalue' 'mrv' <Predicate = true> <Delay = 0.00>
ST_7 : Operation 246 [1/1] (0.00ns)   --->   "%mrv_1 = insertvalue i128 %mrv, i16 %add_ln58_11" [firmware/nnet_utils/nnet_dense_latency.h:68]   --->   Operation 246 'insertvalue' 'mrv_1' <Predicate = true> <Delay = 0.00>
ST_7 : Operation 247 [1/1] (0.00ns)   --->   "%mrv_2 = insertvalue i128 %mrv_1, i16 %add_ln58_17" [firmware/nnet_utils/nnet_dense_latency.h:68]   --->   Operation 247 'insertvalue' 'mrv_2' <Predicate = true> <Delay = 0.00>
ST_7 : Operation 248 [1/1] (0.00ns)   --->   "%mrv_3 = insertvalue i128 %mrv_2, i16 %add_ln58_23" [firmware/nnet_utils/nnet_dense_latency.h:68]   --->   Operation 248 'insertvalue' 'mrv_3' <Predicate = true> <Delay = 0.00>
ST_7 : Operation 249 [1/1] (0.00ns)   --->   "%mrv_4 = insertvalue i128 %mrv_3, i16 %add_ln58_29" [firmware/nnet_utils/nnet_dense_latency.h:68]   --->   Operation 249 'insertvalue' 'mrv_4' <Predicate = true> <Delay = 0.00>
ST_7 : Operation 250 [1/1] (0.00ns)   --->   "%mrv_5 = insertvalue i128 %mrv_4, i16 %add_ln58_35" [firmware/nnet_utils/nnet_dense_latency.h:68]   --->   Operation 250 'insertvalue' 'mrv_5' <Predicate = true> <Delay = 0.00>
ST_7 : Operation 251 [1/1] (0.00ns)   --->   "%mrv_6 = insertvalue i128 %mrv_5, i16 %add_ln58_41" [firmware/nnet_utils/nnet_dense_latency.h:68]   --->   Operation 251 'insertvalue' 'mrv_6' <Predicate = true> <Delay = 0.00>
ST_7 : Operation 252 [1/1] (0.00ns)   --->   "%mrv_7 = insertvalue i128 %mrv_6, i16 %add_ln58_47" [firmware/nnet_utils/nnet_dense_latency.h:68]   --->   Operation 252 'insertvalue' 'mrv_7' <Predicate = true> <Delay = 0.00>
ST_7 : Operation 253 [1/1] (0.00ns)   --->   "%ret_ln68 = ret i128 %mrv_7" [firmware/nnet_utils/nnet_dense_latency.h:68]   --->   Operation 253 'ret' 'ret_ln68' <Predicate = true> <Delay = 0.00>


============================================================
+ Verbose Summary: Timing violations
============================================================
Target clock period: 5.000ns, clock uncertainty: 0.625ns.

 <State 1>: 3.352ns
The critical path consists of the following:
	wire read operation ('data_1_val_read', firmware/nnet_utils/nnet_mult.h:70->firmware/nnet_utils/nnet_dense_latency.h:42) on port 'data_1_val' (firmware/nnet_utils/nnet_mult.h:70->firmware/nnet_utils/nnet_dense_latency.h:42) [13]  (0.000 ns)
	'mul' operation 26 bit ('mul_ln73_6', firmware/nnet_utils/nnet_mult.h:73->firmware/nnet_utils/nnet_dense_latency.h:42) [38]  (3.352 ns)

 <State 2>: 3.352ns
The critical path consists of the following:
	'mul' operation 26 bit ('mul_ln73_6', firmware/nnet_utils/nnet_mult.h:73->firmware/nnet_utils/nnet_dense_latency.h:42) [38]  (3.352 ns)

 <State 3>: 3.352ns
The critical path consists of the following:
	'mul' operation 26 bit ('mul_ln42_3', firmware/nnet_utils/nnet_dense_latency.h:42) [48]  (3.352 ns)

 <State 4>: 4.373ns
The critical path consists of the following:
	'sub' operation 20 bit ('sub_ln73_1', firmware/nnet_utils/nnet_mult.h:73->firmware/nnet_utils/nnet_dense_latency.h:42) [137]  (2.250 ns)
	'add' operation 11 bit ('add_ln58_27', firmware/nnet_utils/nnet_dense_latency.h:58) [176]  (2.123 ns)

 <State 5>: 4.037ns
The critical path consists of the following:
	'add' operation 16 bit ('add_ln58_2', firmware/nnet_utils/nnet_dense_latency.h:58) [149]  (0.000 ns)
	'add' operation 16 bit ('add_ln58_4', firmware/nnet_utils/nnet_dense_latency.h:58) [151]  (4.037 ns)

 <State 6>: 4.037ns
The critical path consists of the following:
	'add' operation 16 bit ('add_ln58_1', firmware/nnet_utils/nnet_dense_latency.h:58) [148]  (0.000 ns)
	'add' operation 16 bit ('add_ln58_5', firmware/nnet_utils/nnet_dense_latency.h:58) [152]  (4.037 ns)

 <State 7>: 4.037ns
The critical path consists of the following:
	'add' operation 16 bit ('add_ln58_19', firmware/nnet_utils/nnet_dense_latency.h:58) [166]  (0.000 ns)
	'add' operation 16 bit ('add_ln58_23', firmware/nnet_utils/nnet_dense_latency.h:58) [172]  (4.037 ns)


============================================================
+ Verbose Summary: Binding
============================================================
N/A
* FSMD analyzer results:
  - Output states:
 - Input state : 
  - Chain level:
	State 1
	State 2
	State 3
	State 4
	State 5
	State 6
	State 7


============================================================
+ Verbose Summary: Datapath Resource usage 
============================================================
N/A
