

================================================================
== Vitis HLS Report for 'myproject'
================================================================
* Date:           Fri Feb 20 14:05:36 2026

* Version:        2023.2 (Build 4023990 on Oct 11 2023)
* Project:        myproject_prj
* Solution:       solution1 (Vivado IP Flow Target)
* Product family: artix7
* Target device:  xc7a50t-csg324-1


================================================================
== Performance Estimates
================================================================
+ Timing: 
    * Summary: 
    +--------+---------+----------+------------+
    |  Clock |  Target | Estimated| Uncertainty|
    +--------+---------+----------+------------+
    |ap_clk  |  5.00 ns|  4.373 ns|     0.62 ns|
    +--------+---------+----------+------------+

+ Latency: 
    * Summary: 
    +---------+---------+----------+----------+-----+-----+---------+
    |  Latency (cycles) |  Latency (absolute) |  Interval | Pipeline|
    |   min   |   max   |    min   |    max   | min | max |   Type  |
    +---------+---------+----------+----------+-----+-----+---------+
    |       28|       28|  0.140 us|  0.140 us|    4|    4|      yes|
    +---------+---------+----------+----------+-----+-----+---------+

    + Detail: 
        * Instance: 
        +------------------------------------------------------------------------------+-----------------------------------------------------------------+---------+---------+-----------+-----------+-----+-----+---------+
        |                                                                              |                                                                 |  Latency (cycles) |   Latency (absolute)  |  Interval | Pipeline|
        |                                   Instance                                   |                              Module                             |   min   |   max   |    min    |    max    | min | max |   Type  |
        +------------------------------------------------------------------------------+-----------------------------------------------------------------+---------+---------+-----------+-----------+-----+-----+---------+
        |grp_dense_latency_ap_fixed_16_6_5_3_0_ap_fixed_16_6_5_3_0_config2_s_fu_116    |dense_latency_ap_fixed_16_6_5_3_0_ap_fixed_16_6_5_3_0_config2_s  |        6|        6|  30.000 ns|  30.000 ns|    4|    4|      yes|
        |call_ret2_relu_ap_fixed_16_6_5_3_0_ap_fixed_16_6_5_3_0_relu_config3_s_fu_122  |relu_ap_fixed_16_6_5_3_0_ap_fixed_16_6_5_3_0_relu_config3_s      |        0|        0|       0 ns|       0 ns|    1|    1|      yes|
        |grp_dense_latency_ap_fixed_16_6_5_3_0_ap_fixed_16_6_5_3_0_config4_s_fu_132    |dense_latency_ap_fixed_16_6_5_3_0_ap_fixed_16_6_5_3_0_config4_s  |        5|        5|  25.000 ns|  25.000 ns|    4|    4|      yes|
        |call_ret4_relu_ap_fixed_16_6_5_3_0_ap_fixed_16_6_5_3_0_relu_config5_s_fu_142  |relu_ap_fixed_16_6_5_3_0_ap_fixed_16_6_5_3_0_relu_config5_s      |        0|        0|       0 ns|       0 ns|    1|    1|      yes|
        |grp_dense_latency_ap_fixed_16_6_5_3_0_ap_fixed_16_6_5_3_0_config6_s_fu_149    |dense_latency_ap_fixed_16_6_5_3_0_ap_fixed_16_6_5_3_0_config6_s  |        5|        5|  25.000 ns|  25.000 ns|    4|    4|      yes|
        |call_ret_relu_ap_fixed_16_6_5_3_0_ap_fixed_16_6_5_3_0_relu_config7_s_fu_156   |relu_ap_fixed_16_6_5_3_0_ap_fixed_16_6_5_3_0_relu_config7_s      |        0|        0|       0 ns|       0 ns|    1|    1|      yes|
        |grp_dense_latency_ap_fixed_16_6_5_3_0_ap_fixed_16_6_5_3_0_config8_s_fu_166    |dense_latency_ap_fixed_16_6_5_3_0_ap_fixed_16_6_5_3_0_config8_s  |        6|        6|  30.000 ns|  30.000 ns|    4|    4|      yes|
        +------------------------------------------------------------------------------+-----------------------------------------------------------------+---------+---------+-----------+-----------+-----+-----+---------+

        * Loop: 
        N/A

============================================================
+ Verbose Summary: Synthesis Manager
============================================================
InlineROM: 1
ExposeGlobal: 0
============================================================
+ Verbose Summary: CDFG Model
============================================================
IsTopModel: 1
ResetActiveHigh: 1
IsCombinational: 0
IsDatapathOnly: 0
HasWiredReturn: 1
HasMFsm: 2
HasVarLatency: 0
IsPipeline: 1
IsRtlPipelined: 1
IsInstanceOverlapped: 0
IsDontTouch: 0
HasImplIP: 0
IsGatedGlobalClock: 0

+ Individual pipeline summary: 
  * Pipeline-0: initiation interval (II) = 4, depth = 29


============================================================
+ Verbose Summary: Schedule
============================================================
* Number of FSM states : 29
* Pipeline : 1
  Pipeline-0 : II = 4, D = 29, States = { 1 2 3 4 5 6 7 8 9 10 11 12 13 14 15 16 17 18 19 20 21 22 23 24 25 26 27 28 29 }
* Dataflow Pipeline: 0

* FSM state transitions: 
1 --> 2 
2 --> 3 
3 --> 4 
4 --> 5 
5 --> 6 
6 --> 7 
7 --> 8 
8 --> 9 
9 --> 10 
10 --> 11 
11 --> 12 
12 --> 13 
13 --> 14 
14 --> 15 
15 --> 16 
16 --> 17 
17 --> 18 
18 --> 19 
19 --> 20 
20 --> 21 
21 --> 22 
22 --> 23 
23 --> 24 
24 --> 25 
25 --> 26 
26 --> 27 
27 --> 28 
28 --> 29 
29 --> 

* FSM state operations: 

State 1 <SV = 0> <Delay = 4.27>
ST_1 : Operation 30 [1/1] (0.00ns)   --->   "%input_layer_read = read i128 @_ssdm_op_Read.ap_vld.i128P0A, i128 %input_layer"   --->   Operation 30 'read' 'input_layer_read' <Predicate = true> <Delay = 0.00>
ST_1 : Operation 31 [7/7] (4.27ns)   --->   "%call_ret1 = call i96 @dense_latency<ap_fixed<16, 6, 5, 3, 0>, ap_fixed<16, 6, 5, 3, 0>, config2>, i128 %input_layer_read" [firmware/nnet_utils/nnet_dense.h:54->firmware/nnet_utils/nnet_dense.h:45->firmware/myproject.cpp:56]   --->   Operation 31 'call' 'call_ret1' <Predicate = true> <Delay = 4.27> <CoreType = "Generic">   --->   Core 0 '' <Latency = 0> <II = 1> <Delay = 1.00> <Generic> <Opcode : >

State 2 <SV = 1> <Delay = 4.28>
ST_2 : Operation 32 [6/7] (4.28ns)   --->   "%call_ret1 = call i96 @dense_latency<ap_fixed<16, 6, 5, 3, 0>, ap_fixed<16, 6, 5, 3, 0>, config2>, i128 %input_layer_read" [firmware/nnet_utils/nnet_dense.h:54->firmware/nnet_utils/nnet_dense.h:45->firmware/myproject.cpp:56]   --->   Operation 32 'call' 'call_ret1' <Predicate = true> <Delay = 4.28> <CoreType = "Generic">   --->   Core 0 '' <Latency = 0> <II = 1> <Delay = 1.00> <Generic> <Opcode : >

State 3 <SV = 2> <Delay = 4.28>
ST_3 : Operation 33 [5/7] (4.28ns)   --->   "%call_ret1 = call i96 @dense_latency<ap_fixed<16, 6, 5, 3, 0>, ap_fixed<16, 6, 5, 3, 0>, config2>, i128 %input_layer_read" [firmware/nnet_utils/nnet_dense.h:54->firmware/nnet_utils/nnet_dense.h:45->firmware/myproject.cpp:56]   --->   Operation 33 'call' 'call_ret1' <Predicate = true> <Delay = 4.28> <CoreType = "Generic">   --->   Core 0 '' <Latency = 0> <II = 1> <Delay = 1.00> <Generic> <Opcode : >

State 4 <SV = 3> <Delay = 4.28>
ST_4 : Operation 34 [4/7] (4.28ns)   --->   "%call_ret1 = call i96 @dense_latency<ap_fixed<16, 6, 5, 3, 0>, ap_fixed<16, 6, 5, 3, 0>, config2>, i128 %input_layer_read" [firmware/nnet_utils/nnet_dense.h:54->firmware/nnet_utils/nnet_dense.h:45->firmware/myproject.cpp:56]   --->   Operation 34 'call' 'call_ret1' <Predicate = true> <Delay = 4.28> <CoreType = "Generic">   --->   Core 0 '' <Latency = 0> <II = 1> <Delay = 1.00> <Generic> <Opcode : >

State 5 <SV = 4> <Delay = 4.28>
ST_5 : Operation 35 [3/7] (4.28ns)   --->   "%call_ret1 = call i96 @dense_latency<ap_fixed<16, 6, 5, 3, 0>, ap_fixed<16, 6, 5, 3, 0>, config2>, i128 %input_layer_read" [firmware/nnet_utils/nnet_dense.h:54->firmware/nnet_utils/nnet_dense.h:45->firmware/myproject.cpp:56]   --->   Operation 35 'call' 'call_ret1' <Predicate = true> <Delay = 4.28> <CoreType = "Generic">   --->   Core 0 '' <Latency = 0> <II = 1> <Delay = 1.00> <Generic> <Opcode : >

State 6 <SV = 5> <Delay = 4.28>
ST_6 : Operation 36 [2/7] (4.28ns)   --->   "%call_ret1 = call i96 @dense_latency<ap_fixed<16, 6, 5, 3, 0>, ap_fixed<16, 6, 5, 3, 0>, config2>, i128 %input_layer_read" [firmware/nnet_utils/nnet_dense.h:54->firmware/nnet_utils/nnet_dense.h:45->firmware/myproject.cpp:56]   --->   Operation 36 'call' 'call_ret1' <Predicate = true> <Delay = 4.28> <CoreType = "Generic">   --->   Core 0 '' <Latency = 0> <II = 1> <Delay = 1.00> <Generic> <Opcode : >

State 7 <SV = 6> <Delay = 4.03>
ST_7 : Operation 37 [1/7] (4.03ns)   --->   "%call_ret1 = call i96 @dense_latency<ap_fixed<16, 6, 5, 3, 0>, ap_fixed<16, 6, 5, 3, 0>, config2>, i128 %input_layer_read" [firmware/nnet_utils/nnet_dense.h:54->firmware/nnet_utils/nnet_dense.h:45->firmware/myproject.cpp:56]   --->   Operation 37 'call' 'call_ret1' <Predicate = true> <Delay = 4.03> <CoreType = "Generic">   --->   Core 0 '' <Latency = 0> <II = 1> <Delay = 1.00> <Generic> <Opcode : >
ST_7 : Operation 38 [1/1] (0.00ns)   --->   "%layer2_out = extractvalue i96 %call_ret1" [firmware/nnet_utils/nnet_dense.h:54->firmware/nnet_utils/nnet_dense.h:45->firmware/myproject.cpp:56]   --->   Operation 38 'extractvalue' 'layer2_out' <Predicate = true> <Delay = 0.00>
ST_7 : Operation 39 [1/1] (0.00ns)   --->   "%layer2_out_1 = extractvalue i96 %call_ret1" [firmware/nnet_utils/nnet_dense.h:54->firmware/nnet_utils/nnet_dense.h:45->firmware/myproject.cpp:56]   --->   Operation 39 'extractvalue' 'layer2_out_1' <Predicate = true> <Delay = 0.00>
ST_7 : Operation 40 [1/1] (0.00ns)   --->   "%layer2_out_2 = extractvalue i96 %call_ret1" [firmware/nnet_utils/nnet_dense.h:54->firmware/nnet_utils/nnet_dense.h:45->firmware/myproject.cpp:56]   --->   Operation 40 'extractvalue' 'layer2_out_2' <Predicate = true> <Delay = 0.00>
ST_7 : Operation 41 [1/1] (0.00ns)   --->   "%layer2_out_3 = extractvalue i96 %call_ret1" [firmware/nnet_utils/nnet_dense.h:54->firmware/nnet_utils/nnet_dense.h:45->firmware/myproject.cpp:56]   --->   Operation 41 'extractvalue' 'layer2_out_3' <Predicate = true> <Delay = 0.00>
ST_7 : Operation 42 [1/1] (0.00ns)   --->   "%layer2_out_4 = extractvalue i96 %call_ret1" [firmware/nnet_utils/nnet_dense.h:54->firmware/nnet_utils/nnet_dense.h:45->firmware/myproject.cpp:56]   --->   Operation 42 'extractvalue' 'layer2_out_4' <Predicate = true> <Delay = 0.00>
ST_7 : Operation 43 [1/1] (0.00ns)   --->   "%layer2_out_5 = extractvalue i96 %call_ret1" [firmware/nnet_utils/nnet_dense.h:54->firmware/nnet_utils/nnet_dense.h:45->firmware/myproject.cpp:56]   --->   Operation 43 'extractvalue' 'layer2_out_5' <Predicate = true> <Delay = 0.00>

State 8 <SV = 7> <Delay = 3.14>
ST_8 : Operation 44 [1/1] (3.14ns)   --->   "%call_ret2 = call i96 @relu<ap_fixed<16, 6, 5, 3, 0>, ap_fixed<16, 6, 5, 3, 0>, relu_config3>, i16 %layer2_out, i16 %layer2_out_1, i16 %layer2_out_2, i16 %layer2_out_3, i16 %layer2_out_4, i16 %layer2_out_5" [firmware/myproject.cpp:58]   --->   Operation 44 'call' 'call_ret2' <Predicate = true> <Delay = 3.14> <CoreType = "Generic">   --->   Core 0 '' <Latency = 0> <II = 1> <Delay = 1.00> <Generic> <Opcode : >
ST_8 : Operation 45 [1/1] (0.00ns)   --->   "%layer3_out = extractvalue i96 %call_ret2" [firmware/myproject.cpp:58]   --->   Operation 45 'extractvalue' 'layer3_out' <Predicate = true> <Delay = 0.00>
ST_8 : Operation 46 [1/1] (0.00ns)   --->   "%layer3_out_1 = extractvalue i96 %call_ret2" [firmware/myproject.cpp:58]   --->   Operation 46 'extractvalue' 'layer3_out_1' <Predicate = true> <Delay = 0.00>
ST_8 : Operation 47 [1/1] (0.00ns)   --->   "%layer3_out_2 = extractvalue i96 %call_ret2" [firmware/myproject.cpp:58]   --->   Operation 47 'extractvalue' 'layer3_out_2' <Predicate = true> <Delay = 0.00>
ST_8 : Operation 48 [1/1] (0.00ns)   --->   "%layer3_out_3 = extractvalue i96 %call_ret2" [firmware/myproject.cpp:58]   --->   Operation 48 'extractvalue' 'layer3_out_3' <Predicate = true> <Delay = 0.00>
ST_8 : Operation 49 [1/1] (0.00ns)   --->   "%layer3_out_4 = extractvalue i96 %call_ret2" [firmware/myproject.cpp:58]   --->   Operation 49 'extractvalue' 'layer3_out_4' <Predicate = true> <Delay = 0.00>
ST_8 : Operation 50 [1/1] (0.00ns)   --->   "%layer3_out_5 = extractvalue i96 %call_ret2" [firmware/myproject.cpp:58]   --->   Operation 50 'extractvalue' 'layer3_out_5' <Predicate = true> <Delay = 0.00>

State 9 <SV = 8> <Delay = 4.27>
ST_9 : Operation 51 [6/6] (4.27ns)   --->   "%call_ret3 = call i48 @dense_latency<ap_fixed<16, 6, 5, 3, 0>, ap_fixed<16, 6, 5, 3, 0>, config4>, i16 %layer3_out, i16 %layer3_out_1, i16 %layer3_out_2, i16 %layer3_out_3, i16 %layer3_out_4, i16 %layer3_out_5" [firmware/nnet_utils/nnet_dense.h:54->firmware/nnet_utils/nnet_dense.h:45->firmware/myproject.cpp:60]   --->   Operation 51 'call' 'call_ret3' <Predicate = true> <Delay = 4.27> <CoreType = "Generic">   --->   Core 0 '' <Latency = 0> <II = 1> <Delay = 1.00> <Generic> <Opcode : >

State 10 <SV = 9> <Delay = 4.27>
ST_10 : Operation 52 [5/6] (4.27ns)   --->   "%call_ret3 = call i48 @dense_latency<ap_fixed<16, 6, 5, 3, 0>, ap_fixed<16, 6, 5, 3, 0>, config4>, i16 %layer3_out, i16 %layer3_out_1, i16 %layer3_out_2, i16 %layer3_out_3, i16 %layer3_out_4, i16 %layer3_out_5" [firmware/nnet_utils/nnet_dense.h:54->firmware/nnet_utils/nnet_dense.h:45->firmware/myproject.cpp:60]   --->   Operation 52 'call' 'call_ret3' <Predicate = true> <Delay = 4.27> <CoreType = "Generic">   --->   Core 0 '' <Latency = 0> <II = 1> <Delay = 1.00> <Generic> <Opcode : >

State 11 <SV = 10> <Delay = 4.27>
ST_11 : Operation 53 [4/6] (4.27ns)   --->   "%call_ret3 = call i48 @dense_latency<ap_fixed<16, 6, 5, 3, 0>, ap_fixed<16, 6, 5, 3, 0>, config4>, i16 %layer3_out, i16 %layer3_out_1, i16 %layer3_out_2, i16 %layer3_out_3, i16 %layer3_out_4, i16 %layer3_out_5" [firmware/nnet_utils/nnet_dense.h:54->firmware/nnet_utils/nnet_dense.h:45->firmware/myproject.cpp:60]   --->   Operation 53 'call' 'call_ret3' <Predicate = true> <Delay = 4.27> <CoreType = "Generic">   --->   Core 0 '' <Latency = 0> <II = 1> <Delay = 1.00> <Generic> <Opcode : >

State 12 <SV = 11> <Delay = 4.27>
ST_12 : Operation 54 [3/6] (4.27ns)   --->   "%call_ret3 = call i48 @dense_latency<ap_fixed<16, 6, 5, 3, 0>, ap_fixed<16, 6, 5, 3, 0>, config4>, i16 %layer3_out, i16 %layer3_out_1, i16 %layer3_out_2, i16 %layer3_out_3, i16 %layer3_out_4, i16 %layer3_out_5" [firmware/nnet_utils/nnet_dense.h:54->firmware/nnet_utils/nnet_dense.h:45->firmware/myproject.cpp:60]   --->   Operation 54 'call' 'call_ret3' <Predicate = true> <Delay = 4.27> <CoreType = "Generic">   --->   Core 0 '' <Latency = 0> <II = 1> <Delay = 1.00> <Generic> <Opcode : >

State 13 <SV = 12> <Delay = 4.27>
ST_13 : Operation 55 [2/6] (4.27ns)   --->   "%call_ret3 = call i48 @dense_latency<ap_fixed<16, 6, 5, 3, 0>, ap_fixed<16, 6, 5, 3, 0>, config4>, i16 %layer3_out, i16 %layer3_out_1, i16 %layer3_out_2, i16 %layer3_out_3, i16 %layer3_out_4, i16 %layer3_out_5" [firmware/nnet_utils/nnet_dense.h:54->firmware/nnet_utils/nnet_dense.h:45->firmware/myproject.cpp:60]   --->   Operation 55 'call' 'call_ret3' <Predicate = true> <Delay = 4.27> <CoreType = "Generic">   --->   Core 0 '' <Latency = 0> <II = 1> <Delay = 1.00> <Generic> <Opcode : >

State 14 <SV = 13> <Delay = 4.03>
ST_14 : Operation 56 [1/6] (4.03ns)   --->   "%call_ret3 = call i48 @dense_latency<ap_fixed<16, 6, 5, 3, 0>, ap_fixed<16, 6, 5, 3, 0>, config4>, i16 %layer3_out, i16 %layer3_out_1, i16 %layer3_out_2, i16 %layer3_out_3, i16 %layer3_out_4, i16 %layer3_out_5" [firmware/nnet_utils/nnet_dense.h:54->firmware/nnet_utils/nnet_dense.h:45->firmware/myproject.cpp:60]   --->   Operation 56 'call' 'call_ret3' <Predicate = true> <Delay = 4.03> <CoreType = "Generic">   --->   Core 0 '' <Latency = 0> <II = 1> <Delay = 1.00> <Generic> <Opcode : >
ST_14 : Operation 57 [1/1] (0.00ns)   --->   "%layer4_out = extractvalue i48 %call_ret3" [firmware/nnet_utils/nnet_dense.h:54->firmware/nnet_utils/nnet_dense.h:45->firmware/myproject.cpp:60]   --->   Operation 57 'extractvalue' 'layer4_out' <Predicate = true> <Delay = 0.00>
ST_14 : Operation 58 [1/1] (0.00ns)   --->   "%layer4_out_1 = extractvalue i48 %call_ret3" [firmware/nnet_utils/nnet_dense.h:54->firmware/nnet_utils/nnet_dense.h:45->firmware/myproject.cpp:60]   --->   Operation 58 'extractvalue' 'layer4_out_1' <Predicate = true> <Delay = 0.00>
ST_14 : Operation 59 [1/1] (0.00ns)   --->   "%layer4_out_2 = extractvalue i48 %call_ret3" [firmware/nnet_utils/nnet_dense.h:54->firmware/nnet_utils/nnet_dense.h:45->firmware/myproject.cpp:60]   --->   Operation 59 'extractvalue' 'layer4_out_2' <Predicate = true> <Delay = 0.00>

State 15 <SV = 14> <Delay = 3.14>
ST_15 : Operation 60 [1/1] (3.14ns)   --->   "%call_ret4 = call i48 @relu<ap_fixed<16, 6, 5, 3, 0>, ap_fixed<16, 6, 5, 3, 0>, relu_config5>, i16 %layer4_out, i16 %layer4_out_1, i16 %layer4_out_2" [firmware/myproject.cpp:62]   --->   Operation 60 'call' 'call_ret4' <Predicate = true> <Delay = 3.14> <CoreType = "Generic">   --->   Core 0 '' <Latency = 0> <II = 1> <Delay = 1.00> <Generic> <Opcode : >
ST_15 : Operation 61 [1/1] (0.00ns)   --->   "%layer5_out = extractvalue i48 %call_ret4" [firmware/myproject.cpp:62]   --->   Operation 61 'extractvalue' 'layer5_out' <Predicate = true> <Delay = 0.00>
ST_15 : Operation 62 [1/1] (0.00ns)   --->   "%layer5_out_1 = extractvalue i48 %call_ret4" [firmware/myproject.cpp:62]   --->   Operation 62 'extractvalue' 'layer5_out_1' <Predicate = true> <Delay = 0.00>
ST_15 : Operation 63 [1/1] (0.00ns)   --->   "%layer5_out_2 = extractvalue i48 %call_ret4" [firmware/myproject.cpp:62]   --->   Operation 63 'extractvalue' 'layer5_out_2' <Predicate = true> <Delay = 0.00>

State 16 <SV = 15> <Delay = 3.35>
ST_16 : Operation 64 [6/6] (3.35ns)   --->   "%call_ret5 = call i96 @dense_latency<ap_fixed<16, 6, 5, 3, 0>, ap_fixed<16, 6, 5, 3, 0>, config6>, i16 %layer5_out, i16 %layer5_out_1, i16 %layer5_out_2" [firmware/nnet_utils/nnet_dense.h:54->firmware/nnet_utils/nnet_dense.h:45->firmware/myproject.cpp:64]   --->   Operation 64 'call' 'call_ret5' <Predicate = true> <Delay = 3.35> <CoreType = "Generic">   --->   Core 0 '' <Latency = 0> <II = 1> <Delay = 1.00> <Generic> <Opcode : >

State 17 <SV = 16> <Delay = 4.32>
ST_17 : Operation 65 [5/6] (4.32ns)   --->   "%call_ret5 = call i96 @dense_latency<ap_fixed<16, 6, 5, 3, 0>, ap_fixed<16, 6, 5, 3, 0>, config6>, i16 %layer5_out, i16 %layer5_out_1, i16 %layer5_out_2" [firmware/nnet_utils/nnet_dense.h:54->firmware/nnet_utils/nnet_dense.h:45->firmware/myproject.cpp:64]   --->   Operation 65 'call' 'call_ret5' <Predicate = true> <Delay = 4.32> <CoreType = "Generic">   --->   Core 0 '' <Latency = 0> <II = 1> <Delay = 1.00> <Generic> <Opcode : >

State 18 <SV = 17> <Delay = 4.32>
ST_18 : Operation 66 [4/6] (4.32ns)   --->   "%call_ret5 = call i96 @dense_latency<ap_fixed<16, 6, 5, 3, 0>, ap_fixed<16, 6, 5, 3, 0>, config6>, i16 %layer5_out, i16 %layer5_out_1, i16 %layer5_out_2" [firmware/nnet_utils/nnet_dense.h:54->firmware/nnet_utils/nnet_dense.h:45->firmware/myproject.cpp:64]   --->   Operation 66 'call' 'call_ret5' <Predicate = true> <Delay = 4.32> <CoreType = "Generic">   --->   Core 0 '' <Latency = 0> <II = 1> <Delay = 1.00> <Generic> <Opcode : >

State 19 <SV = 18> <Delay = 4.32>
ST_19 : Operation 67 [3/6] (4.32ns)   --->   "%call_ret5 = call i96 @dense_latency<ap_fixed<16, 6, 5, 3, 0>, ap_fixed<16, 6, 5, 3, 0>, config6>, i16 %layer5_out, i16 %layer5_out_1, i16 %layer5_out_2" [firmware/nnet_utils/nnet_dense.h:54->firmware/nnet_utils/nnet_dense.h:45->firmware/myproject.cpp:64]   --->   Operation 67 'call' 'call_ret5' <Predicate = true> <Delay = 4.32> <CoreType = "Generic">   --->   Core 0 '' <Latency = 0> <II = 1> <Delay = 1.00> <Generic> <Opcode : >

State 20 <SV = 19> <Delay = 4.32>
ST_20 : Operation 68 [2/6] (4.32ns)   --->   "%call_ret5 = call i96 @dense_latency<ap_fixed<16, 6, 5, 3, 0>, ap_fixed<16, 6, 5, 3, 0>, config6>, i16 %layer5_out, i16 %layer5_out_1, i16 %layer5_out_2" [firmware/nnet_utils/nnet_dense.h:54->firmware/nnet_utils/nnet_dense.h:45->firmware/myproject.cpp:64]   --->   Operation 68 'call' 'call_ret5' <Predicate = true> <Delay = 4.32> <CoreType = "Generic">   --->   Core 0 '' <Latency = 0> <II = 1> <Delay = 1.00> <Generic> <Opcode : >

State 21 <SV = 20> <Delay = 4.03>
ST_21 : Operation 69 [1/6] (4.03ns)   --->   "%call_ret5 = call i96 @dense_latency<ap_fixed<16, 6, 5, 3, 0>, ap_fixed<16, 6, 5, 3, 0>, config6>, i16 %layer5_out, i16 %layer5_out_1, i16 %layer5_out_2" [firmware/nnet_utils/nnet_dense.h:54->firmware/nnet_utils/nnet_dense.h:45->firmware/myproject.cpp:64]   --->   Operation 69 'call' 'call_ret5' <Predicate = true> <Delay = 4.03> <CoreType = "Generic">   --->   Core 0 '' <Latency = 0> <II = 1> <Delay = 1.00> <Generic> <Opcode : >
ST_21 : Operation 70 [1/1] (0.00ns)   --->   "%layer6_out = extractvalue i96 %call_ret5" [firmware/nnet_utils/nnet_dense.h:54->firmware/nnet_utils/nnet_dense.h:45->firmware/myproject.cpp:64]   --->   Operation 70 'extractvalue' 'layer6_out' <Predicate = true> <Delay = 0.00>
ST_21 : Operation 71 [1/1] (0.00ns)   --->   "%layer6_out_1 = extractvalue i96 %call_ret5" [firmware/nnet_utils/nnet_dense.h:54->firmware/nnet_utils/nnet_dense.h:45->firmware/myproject.cpp:64]   --->   Operation 71 'extractvalue' 'layer6_out_1' <Predicate = true> <Delay = 0.00>
ST_21 : Operation 72 [1/1] (0.00ns)   --->   "%layer6_out_2 = extractvalue i96 %call_ret5" [firmware/nnet_utils/nnet_dense.h:54->firmware/nnet_utils/nnet_dense.h:45->firmware/myproject.cpp:64]   --->   Operation 72 'extractvalue' 'layer6_out_2' <Predicate = true> <Delay = 0.00>
ST_21 : Operation 73 [1/1] (0.00ns)   --->   "%layer6_out_3 = extractvalue i96 %call_ret5" [firmware/nnet_utils/nnet_dense.h:54->firmware/nnet_utils/nnet_dense.h:45->firmware/myproject.cpp:64]   --->   Operation 73 'extractvalue' 'layer6_out_3' <Predicate = true> <Delay = 0.00>
ST_21 : Operation 74 [1/1] (0.00ns)   --->   "%layer6_out_4 = extractvalue i96 %call_ret5" [firmware/nnet_utils/nnet_dense.h:54->firmware/nnet_utils/nnet_dense.h:45->firmware/myproject.cpp:64]   --->   Operation 74 'extractvalue' 'layer6_out_4' <Predicate = true> <Delay = 0.00>
ST_21 : Operation 75 [1/1] (0.00ns)   --->   "%layer6_out_5 = extractvalue i96 %call_ret5" [firmware/nnet_utils/nnet_dense.h:54->firmware/nnet_utils/nnet_dense.h:45->firmware/myproject.cpp:64]   --->   Operation 75 'extractvalue' 'layer6_out_5' <Predicate = true> <Delay = 0.00>

State 22 <SV = 21> <Delay = 3.14>
ST_22 : Operation 76 [1/1] (3.14ns)   --->   "%call_ret = call i96 @relu<ap_fixed<16, 6, 5, 3, 0>, ap_fixed<16, 6, 5, 3, 0>, relu_config7>, i16 %layer6_out, i16 %layer6_out_1, i16 %layer6_out_2, i16 %layer6_out_3, i16 %layer6_out_4, i16 %layer6_out_5" [firmware/myproject.cpp:66]   --->   Operation 76 'call' 'call_ret' <Predicate = true> <Delay = 3.14> <CoreType = "Generic">   --->   Core 0 '' <Latency = 0> <II = 1> <Delay = 1.00> <Generic> <Opcode : >
ST_22 : Operation 77 [1/1] (0.00ns)   --->   "%layer7_out = extractvalue i96 %call_ret" [firmware/myproject.cpp:66]   --->   Operation 77 'extractvalue' 'layer7_out' <Predicate = true> <Delay = 0.00>
ST_22 : Operation 78 [1/1] (0.00ns)   --->   "%layer7_out_1 = extractvalue i96 %call_ret" [firmware/myproject.cpp:66]   --->   Operation 78 'extractvalue' 'layer7_out_1' <Predicate = true> <Delay = 0.00>
ST_22 : Operation 79 [1/1] (0.00ns)   --->   "%layer7_out_2 = extractvalue i96 %call_ret" [firmware/myproject.cpp:66]   --->   Operation 79 'extractvalue' 'layer7_out_2' <Predicate = true> <Delay = 0.00>
ST_22 : Operation 80 [1/1] (0.00ns)   --->   "%layer7_out_3 = extractvalue i96 %call_ret" [firmware/myproject.cpp:66]   --->   Operation 80 'extractvalue' 'layer7_out_3' <Predicate = true> <Delay = 0.00>
ST_22 : Operation 81 [1/1] (0.00ns)   --->   "%layer7_out_4 = extractvalue i96 %call_ret" [firmware/myproject.cpp:66]   --->   Operation 81 'extractvalue' 'layer7_out_4' <Predicate = true> <Delay = 0.00>
ST_22 : Operation 82 [1/1] (0.00ns)   --->   "%layer7_out_5 = extractvalue i96 %call_ret" [firmware/myproject.cpp:66]   --->   Operation 82 'extractvalue' 'layer7_out_5' <Predicate = true> <Delay = 0.00>

State 23 <SV = 22> <Delay = 3.35>
ST_23 : Operation 83 [7/7] (3.35ns)   --->   "%call_ret6 = call i128 @dense_latency<ap_fixed<16, 6, 5, 3, 0>, ap_fixed<16, 6, 5, 3, 0>, config8>, i16 %layer7_out, i16 %layer7_out_1, i16 %layer7_out_2, i16 %layer7_out_3, i16 %layer7_out_4, i16 %layer7_out_5" [firmware/nnet_utils/nnet_dense.h:54->firmware/nnet_utils/nnet_dense.h:45->firmware/myproject.cpp:68]   --->   Operation 83 'call' 'call_ret6' <Predicate = true> <Delay = 3.35> <CoreType = "Generic">   --->   Core 0 '' <Latency = 0> <II = 1> <Delay = 1.00> <Generic> <Opcode : >

State 24 <SV = 23> <Delay = 4.37>
ST_24 : Operation 84 [6/7] (4.37ns)   --->   "%call_ret6 = call i128 @dense_latency<ap_fixed<16, 6, 5, 3, 0>, ap_fixed<16, 6, 5, 3, 0>, config8>, i16 %layer7_out, i16 %layer7_out_1, i16 %layer7_out_2, i16 %layer7_out_3, i16 %layer7_out_4, i16 %layer7_out_5" [firmware/nnet_utils/nnet_dense.h:54->firmware/nnet_utils/nnet_dense.h:45->firmware/myproject.cpp:68]   --->   Operation 84 'call' 'call_ret6' <Predicate = true> <Delay = 4.37> <CoreType = "Generic">   --->   Core 0 '' <Latency = 0> <II = 1> <Delay = 1.00> <Generic> <Opcode : >

State 25 <SV = 24> <Delay = 4.37>
ST_25 : Operation 85 [5/7] (4.37ns)   --->   "%call_ret6 = call i128 @dense_latency<ap_fixed<16, 6, 5, 3, 0>, ap_fixed<16, 6, 5, 3, 0>, config8>, i16 %layer7_out, i16 %layer7_out_1, i16 %layer7_out_2, i16 %layer7_out_3, i16 %layer7_out_4, i16 %layer7_out_5" [firmware/nnet_utils/nnet_dense.h:54->firmware/nnet_utils/nnet_dense.h:45->firmware/myproject.cpp:68]   --->   Operation 85 'call' 'call_ret6' <Predicate = true> <Delay = 4.37> <CoreType = "Generic">   --->   Core 0 '' <Latency = 0> <II = 1> <Delay = 1.00> <Generic> <Opcode : >

State 26 <SV = 25> <Delay = 4.37>
ST_26 : Operation 86 [4/7] (4.37ns)   --->   "%call_ret6 = call i128 @dense_latency<ap_fixed<16, 6, 5, 3, 0>, ap_fixed<16, 6, 5, 3, 0>, config8>, i16 %layer7_out, i16 %layer7_out_1, i16 %layer7_out_2, i16 %layer7_out_3, i16 %layer7_out_4, i16 %layer7_out_5" [firmware/nnet_utils/nnet_dense.h:54->firmware/nnet_utils/nnet_dense.h:45->firmware/myproject.cpp:68]   --->   Operation 86 'call' 'call_ret6' <Predicate = true> <Delay = 4.37> <CoreType = "Generic">   --->   Core 0 '' <Latency = 0> <II = 1> <Delay = 1.00> <Generic> <Opcode : >

State 27 <SV = 26> <Delay = 4.37>
ST_27 : Operation 87 [3/7] (4.37ns)   --->   "%call_ret6 = call i128 @dense_latency<ap_fixed<16, 6, 5, 3, 0>, ap_fixed<16, 6, 5, 3, 0>, config8>, i16 %layer7_out, i16 %layer7_out_1, i16 %layer7_out_2, i16 %layer7_out_3, i16 %layer7_out_4, i16 %layer7_out_5" [firmware/nnet_utils/nnet_dense.h:54->firmware/nnet_utils/nnet_dense.h:45->firmware/myproject.cpp:68]   --->   Operation 87 'call' 'call_ret6' <Predicate = true> <Delay = 4.37> <CoreType = "Generic">   --->   Core 0 '' <Latency = 0> <II = 1> <Delay = 1.00> <Generic> <Opcode : >

State 28 <SV = 27> <Delay = 4.37>
ST_28 : Operation 88 [2/7] (4.37ns)   --->   "%call_ret6 = call i128 @dense_latency<ap_fixed<16, 6, 5, 3, 0>, ap_fixed<16, 6, 5, 3, 0>, config8>, i16 %layer7_out, i16 %layer7_out_1, i16 %layer7_out_2, i16 %layer7_out_3, i16 %layer7_out_4, i16 %layer7_out_5" [firmware/nnet_utils/nnet_dense.h:54->firmware/nnet_utils/nnet_dense.h:45->firmware/myproject.cpp:68]   --->   Operation 88 'call' 'call_ret6' <Predicate = true> <Delay = 4.37> <CoreType = "Generic">   --->   Core 0 '' <Latency = 0> <II = 1> <Delay = 1.00> <Generic> <Opcode : >

State 29 <SV = 28> <Delay = 4.03>
ST_29 : Operation 89 [1/1] (0.00ns)   --->   "%specpipeline_ln0 = specpipeline void @_ssdm_op_SpecPipeline, i32 4294967295, i32 0, i32 0, i32 0, void @empty_0"   --->   Operation 89 'specpipeline' 'specpipeline_ln0' <Predicate = true> <Delay = 0.00>
ST_29 : Operation 90 [1/1] (0.00ns)   --->   "%spectopmodule_ln0 = spectopmodule void @_ssdm_op_SpecTopModule, void @empty_2"   --->   Operation 90 'spectopmodule' 'spectopmodule_ln0' <Predicate = true> <Delay = 0.00>
ST_29 : Operation 91 [1/1] (0.00ns)   --->   "%specbitsmap_ln0 = specbitsmap void @_ssdm_op_SpecBitsMap, i128 %input_layer"   --->   Operation 91 'specbitsmap' 'specbitsmap_ln0' <Predicate = true> <Delay = 0.00>
ST_29 : Operation 92 [1/1] (0.00ns)   --->   "%specinterface_ln0 = specinterface void @_ssdm_op_SpecInterface, i128 %input_layer, void @empty, i32 0, i32 0, void @empty_0, i32 0, i32 0, void @empty_0, void @empty_0, void @empty_0, i32 0, i32 0, i32 0, i32 0, void @empty_0, void @empty_0, i32 4294967295, i32 0"   --->   Operation 92 'specinterface' 'specinterface_ln0' <Predicate = true> <Delay = 0.00>
ST_29 : Operation 93 [1/1] (0.00ns)   --->   "%specbitsmap_ln0 = specbitsmap void @_ssdm_op_SpecBitsMap, i16 %layer8_out_0"   --->   Operation 93 'specbitsmap' 'specbitsmap_ln0' <Predicate = true> <Delay = 0.00>
ST_29 : Operation 94 [1/1] (0.00ns)   --->   "%specinterface_ln0 = specinterface void @_ssdm_op_SpecInterface, i16 %layer8_out_0, void @empty, i32 0, i32 0, void @empty_0, i32 0, i32 0, void @empty_0, void @empty_0, void @empty_0, i32 0, i32 0, i32 0, i32 0, void @empty_0, void @empty_0, i32 4294967295, i32 0"   --->   Operation 94 'specinterface' 'specinterface_ln0' <Predicate = true> <Delay = 0.00>
ST_29 : Operation 95 [1/1] (0.00ns)   --->   "%specbitsmap_ln0 = specbitsmap void @_ssdm_op_SpecBitsMap, i16 %layer8_out_1"   --->   Operation 95 'specbitsmap' 'specbitsmap_ln0' <Predicate = true> <Delay = 0.00>
ST_29 : Operation 96 [1/1] (0.00ns)   --->   "%specinterface_ln0 = specinterface void @_ssdm_op_SpecInterface, i16 %layer8_out_1, void @empty, i32 0, i32 0, void @empty_0, i32 0, i32 0, void @empty_0, void @empty_0, void @empty_0, i32 0, i32 0, i32 0, i32 0, void @empty_0, void @empty_0, i32 4294967295, i32 0"   --->   Operation 96 'specinterface' 'specinterface_ln0' <Predicate = true> <Delay = 0.00>
ST_29 : Operation 97 [1/1] (0.00ns)   --->   "%specbitsmap_ln0 = specbitsmap void @_ssdm_op_SpecBitsMap, i16 %layer8_out_2"   --->   Operation 97 'specbitsmap' 'specbitsmap_ln0' <Predicate = true> <Delay = 0.00>
ST_29 : Operation 98 [1/1] (0.00ns)   --->   "%specinterface_ln0 = specinterface void @_ssdm_op_SpecInterface, i16 %layer8_out_2, void @empty, i32 0, i32 0, void @empty_0, i32 0, i32 0, void @empty_0, void @empty_0, void @empty_0, i32 0, i32 0, i32 0, i32 0, void @empty_0, void @empty_0, i32 4294967295, i32 0"   --->   Operation 98 'specinterface' 'specinterface_ln0' <Predicate = true> <Delay = 0.00>
ST_29 : Operation 99 [1/1] (0.00ns)   --->   "%specbitsmap_ln0 = specbitsmap void @_ssdm_op_SpecBitsMap, i16 %layer8_out_3"   --->   Operation 99 'specbitsmap' 'specbitsmap_ln0' <Predicate = true> <Delay = 0.00>
ST_29 : Operation 100 [1/1] (0.00ns)   --->   "%specinterface_ln0 = specinterface void @_ssdm_op_SpecInterface, i16 %layer8_out_3, void @empty, i32 0, i32 0, void @empty_0, i32 0, i32 0, void @empty_0, void @empty_0, void @empty_0, i32 0, i32 0, i32 0, i32 0, void @empty_0, void @empty_0, i32 4294967295, i32 0"   --->   Operation 100 'specinterface' 'specinterface_ln0' <Predicate = true> <Delay = 0.00>
ST_29 : Operation 101 [1/1] (0.00ns)   --->   "%specbitsmap_ln0 = specbitsmap void @_ssdm_op_SpecBitsMap, i16 %layer8_out_4"   --->   Operation 101 'specbitsmap' 'specbitsmap_ln0' <Predicate = true> <Delay = 0.00>
ST_29 : Operation 102 [1/1] (0.00ns)   --->   "%specinterface_ln0 = specinterface void @_ssdm_op_SpecInterface, i16 %layer8_out_4, void @empty, i32 0, i32 0, void @empty_0, i32 0, i32 0, void @empty_0, void @empty_0, void @empty_0, i32 0, i32 0, i32 0, i32 0, void @empty_0, void @empty_0, i32 4294967295, i32 0"   --->   Operation 102 'specinterface' 'specinterface_ln0' <Predicate = true> <Delay = 0.00>
ST_29 : Operation 103 [1/1] (0.00ns)   --->   "%specbitsmap_ln0 = specbitsmap void @_ssdm_op_SpecBitsMap, i16 %layer8_out_5"   --->   Operation 103 'specbitsmap' 'specbitsmap_ln0' <Predicate = true> <Delay = 0.00>
ST_29 : Operation 104 [1/1] (0.00ns)   --->   "%specinterface_ln0 = specinterface void @_ssdm_op_SpecInterface, i16 %layer8_out_5, void @empty, i32 0, i32 0, void @empty_0, i32 0, i32 0, void @empty_0, void @empty_0, void @empty_0, i32 0, i32 0, i32 0, i32 0, void @empty_0, void @empty_0, i32 4294967295, i32 0"   --->   Operation 104 'specinterface' 'specinterface_ln0' <Predicate = true> <Delay = 0.00>
ST_29 : Operation 105 [1/1] (0.00ns)   --->   "%specbitsmap_ln0 = specbitsmap void @_ssdm_op_SpecBitsMap, i16 %layer8_out_6"   --->   Operation 105 'specbitsmap' 'specbitsmap_ln0' <Predicate = true> <Delay = 0.00>
ST_29 : Operation 106 [1/1] (0.00ns)   --->   "%specinterface_ln0 = specinterface void @_ssdm_op_SpecInterface, i16 %layer8_out_6, void @empty, i32 0, i32 0, void @empty_0, i32 0, i32 0, void @empty_0, void @empty_0, void @empty_0, i32 0, i32 0, i32 0, i32 0, void @empty_0, void @empty_0, i32 4294967295, i32 0"   --->   Operation 106 'specinterface' 'specinterface_ln0' <Predicate = true> <Delay = 0.00>
ST_29 : Operation 107 [1/1] (0.00ns)   --->   "%specbitsmap_ln0 = specbitsmap void @_ssdm_op_SpecBitsMap, i16 %layer8_out_7"   --->   Operation 107 'specbitsmap' 'specbitsmap_ln0' <Predicate = true> <Delay = 0.00>
ST_29 : Operation 108 [1/1] (0.00ns)   --->   "%specinterface_ln0 = specinterface void @_ssdm_op_SpecInterface, i16 %layer8_out_7, void @empty, i32 0, i32 0, void @empty_0, i32 0, i32 0, void @empty_0, void @empty_0, void @empty_0, i32 0, i32 0, i32 0, i32 0, void @empty_0, void @empty_0, i32 4294967295, i32 0"   --->   Operation 108 'specinterface' 'specinterface_ln0' <Predicate = true> <Delay = 0.00>
ST_29 : Operation 109 [1/7] (4.03ns)   --->   "%call_ret6 = call i128 @dense_latency<ap_fixed<16, 6, 5, 3, 0>, ap_fixed<16, 6, 5, 3, 0>, config8>, i16 %layer7_out, i16 %layer7_out_1, i16 %layer7_out_2, i16 %layer7_out_3, i16 %layer7_out_4, i16 %layer7_out_5" [firmware/nnet_utils/nnet_dense.h:54->firmware/nnet_utils/nnet_dense.h:45->firmware/myproject.cpp:68]   --->   Operation 109 'call' 'call_ret6' <Predicate = true> <Delay = 4.03> <CoreType = "Generic">   --->   Core 0 '' <Latency = 0> <II = 1> <Delay = 1.00> <Generic> <Opcode : >
ST_29 : Operation 110 [1/1] (0.00ns)   --->   "%layer8_out_0_ret = extractvalue i128 %call_ret6" [firmware/nnet_utils/nnet_dense.h:54->firmware/nnet_utils/nnet_dense.h:45->firmware/myproject.cpp:68]   --->   Operation 110 'extractvalue' 'layer8_out_0_ret' <Predicate = true> <Delay = 0.00>
ST_29 : Operation 111 [1/1] (0.00ns)   --->   "%write_ln54 = write void @_ssdm_op_Write.ap_vld.i16P0A, i16 %layer8_out_0, i16 %layer8_out_0_ret" [firmware/nnet_utils/nnet_dense.h:54->firmware/nnet_utils/nnet_dense.h:45->firmware/myproject.cpp:68]   --->   Operation 111 'write' 'write_ln54' <Predicate = true> <Delay = 0.00>
ST_29 : Operation 112 [1/1] (0.00ns)   --->   "%layer8_out_1_ret = extractvalue i128 %call_ret6" [firmware/nnet_utils/nnet_dense.h:54->firmware/nnet_utils/nnet_dense.h:45->firmware/myproject.cpp:68]   --->   Operation 112 'extractvalue' 'layer8_out_1_ret' <Predicate = true> <Delay = 0.00>
ST_29 : Operation 113 [1/1] (0.00ns)   --->   "%write_ln54 = write void @_ssdm_op_Write.ap_vld.i16P0A, i16 %layer8_out_1, i16 %layer8_out_1_ret" [firmware/nnet_utils/nnet_dense.h:54->firmware/nnet_utils/nnet_dense.h:45->firmware/myproject.cpp:68]   --->   Operation 113 'write' 'write_ln54' <Predicate = true> <Delay = 0.00>
ST_29 : Operation 114 [1/1] (0.00ns)   --->   "%layer8_out_2_ret = extractvalue i128 %call_ret6" [firmware/nnet_utils/nnet_dense.h:54->firmware/nnet_utils/nnet_dense.h:45->firmware/myproject.cpp:68]   --->   Operation 114 'extractvalue' 'layer8_out_2_ret' <Predicate = true> <Delay = 0.00>
ST_29 : Operation 115 [1/1] (0.00ns)   --->   "%write_ln54 = write void @_ssdm_op_Write.ap_vld.i16P0A, i16 %layer8_out_2, i16 %layer8_out_2_ret" [firmware/nnet_utils/nnet_dense.h:54->firmware/nnet_utils/nnet_dense.h:45->firmware/myproject.cpp:68]   --->   Operation 115 'write' 'write_ln54' <Predicate = true> <Delay = 0.00>
ST_29 : Operation 116 [1/1] (0.00ns)   --->   "%layer8_out_3_ret = extractvalue i128 %call_ret6" [firmware/nnet_utils/nnet_dense.h:54->firmware/nnet_utils/nnet_dense.h:45->firmware/myproject.cpp:68]   --->   Operation 116 'extractvalue' 'layer8_out_3_ret' <Predicate = true> <Delay = 0.00>
ST_29 : Operation 117 [1/1] (0.00ns)   --->   "%write_ln54 = write void @_ssdm_op_Write.ap_vld.i16P0A, i16 %layer8_out_3, i16 %layer8_out_3_ret" [firmware/nnet_utils/nnet_dense.h:54->firmware/nnet_utils/nnet_dense.h:45->firmware/myproject.cpp:68]   --->   Operation 117 'write' 'write_ln54' <Predicate = true> <Delay = 0.00>
ST_29 : Operation 118 [1/1] (0.00ns)   --->   "%layer8_out_4_ret = extractvalue i128 %call_ret6" [firmware/nnet_utils/nnet_dense.h:54->firmware/nnet_utils/nnet_dense.h:45->firmware/myproject.cpp:68]   --->   Operation 118 'extractvalue' 'layer8_out_4_ret' <Predicate = true> <Delay = 0.00>
ST_29 : Operation 119 [1/1] (0.00ns)   --->   "%write_ln54 = write void @_ssdm_op_Write.ap_vld.i16P0A, i16 %layer8_out_4, i16 %layer8_out_4_ret" [firmware/nnet_utils/nnet_dense.h:54->firmware/nnet_utils/nnet_dense.h:45->firmware/myproject.cpp:68]   --->   Operation 119 'write' 'write_ln54' <Predicate = true> <Delay = 0.00>
ST_29 : Operation 120 [1/1] (0.00ns)   --->   "%layer8_out_5_ret = extractvalue i128 %call_ret6" [firmware/nnet_utils/nnet_dense.h:54->firmware/nnet_utils/nnet_dense.h:45->firmware/myproject.cpp:68]   --->   Operation 120 'extractvalue' 'layer8_out_5_ret' <Predicate = true> <Delay = 0.00>
ST_29 : Operation 121 [1/1] (0.00ns)   --->   "%write_ln54 = write void @_ssdm_op_Write.ap_vld.i16P0A, i16 %layer8_out_5, i16 %layer8_out_5_ret" [firmware/nnet_utils/nnet_dense.h:54->firmware/nnet_utils/nnet_dense.h:45->firmware/myproject.cpp:68]   --->   Operation 121 'write' 'write_ln54' <Predicate = true> <Delay = 0.00>
ST_29 : Operation 122 [1/1] (0.00ns)   --->   "%layer8_out_6_ret = extractvalue i128 %call_ret6" [firmware/nnet_utils/nnet_dense.h:54->firmware/nnet_utils/nnet_dense.h:45->firmware/myproject.cpp:68]   --->   Operation 122 'extractvalue' 'layer8_out_6_ret' <Predicate = true> <Delay = 0.00>
ST_29 : Operation 123 [1/1] (0.00ns)   --->   "%write_ln54 = write void @_ssdm_op_Write.ap_vld.i16P0A, i16 %layer8_out_6, i16 %layer8_out_6_ret" [firmware/nnet_utils/nnet_dense.h:54->firmware/nnet_utils/nnet_dense.h:45->firmware/myproject.cpp:68]   --->   Operation 123 'write' 'write_ln54' <Predicate = true> <Delay = 0.00>
ST_29 : Operation 124 [1/1] (0.00ns)   --->   "%layer8_out_7_ret = extractvalue i128 %call_ret6" [firmware/nnet_utils/nnet_dense.h:54->firmware/nnet_utils/nnet_dense.h:45->firmware/myproject.cpp:68]   --->   Operation 124 'extractvalue' 'layer8_out_7_ret' <Predicate = true> <Delay = 0.00>
ST_29 : Operation 125 [1/1] (0.00ns)   --->   "%write_ln54 = write void @_ssdm_op_Write.ap_vld.i16P0A, i16 %layer8_out_7, i16 %layer8_out_7_ret" [firmware/nnet_utils/nnet_dense.h:54->firmware/nnet_utils/nnet_dense.h:45->firmware/myproject.cpp:68]   --->   Operation 125 'write' 'write_ln54' <Predicate = true> <Delay = 0.00>
ST_29 : Operation 126 [1/1] (0.00ns)   --->   "%ret_ln70 = ret" [firmware/myproject.cpp:70]   --->   Operation 126 'ret' 'ret_ln70' <Predicate = true> <Delay = 0.00>


============================================================
+ Verbose Summary: Binding
============================================================
STG Binding: 
---------------- STG Properties BEGIN ----------------
- Is combinational: 0
- Is one-state seq: 0
- Is datapath-only: 0
- Is pipelined: 1
- Is top level: 1
Port [ Return ] is wired: 1; IO mode=ap_ctrl_hs:ce=0
Port [ input_layer]:  wired=1; compound=0; hidden=0; nouse=0; global=0; static=0; extern=0; dir=0; type=0; pingpong=0; private_global=0; IO mode=ap_vld:ce=0
Port [ layer8_out_0]:  wired=1; compound=0; hidden=0; nouse=0; global=0; static=0; extern=0; dir=1; type=0; pingpong=0; private_global=0; IO mode=ap_vld:ce=0
Port [ layer8_out_1]:  wired=1; compound=0; hidden=0; nouse=0; global=0; static=0; extern=0; dir=1; type=0; pingpong=0; private_global=0; IO mode=ap_vld:ce=0
Port [ layer8_out_2]:  wired=1; compound=0; hidden=0; nouse=0; global=0; static=0; extern=0; dir=1; type=0; pingpong=0; private_global=0; IO mode=ap_vld:ce=0
Port [ layer8_out_3]:  wired=1; compound=0; hidden=0; nouse=0; global=0; static=0; extern=0; dir=1; type=0; pingpong=0; private_global=0; IO mode=ap_vld:ce=0
Port [ layer8_out_4]:  wired=1; compound=0; hidden=0; nouse=0; global=0; static=0; extern=0; dir=1; type=0; pingpong=0; private_global=0; IO mode=ap_vld:ce=0
Port [ layer8_out_5]:  wired=1; compound=0; hidden=0; nouse=0; global=0; static=0; extern=0; dir=1; type=0; pingpong=0; private_global=0; IO mode=ap_vld:ce=0
Port [ layer8_out_6]:  wired=1; compound=0; hidden=0; nouse=0; global=0; static=0; extern=0; dir=1; type=0; pingpong=0; private_global=0; IO mode=ap_vld:ce=0
Port [ layer8_out_7]:  wired=1; compound=0; hidden=0; nouse=0; global=0; static=0; extern=0; dir=1; type=0; pingpong=0; private_global=0; IO mode=ap_vld:ce=0
---------------- STG Properties END ------------------

---------------- Datapath Model BEGIN ----------------

<LifeTime>
<method=bitvector/>
input_layer_read  (read         ) [ 000000000000000000000000000000]
call_ret1         (call         ) [ 000000000000000000000000000000]
layer2_out        (extractvalue ) [ 000010001000000000000000000000]
layer2_out_1      (extractvalue ) [ 000010001000000000000000000000]
layer2_out_2      (extractvalue ) [ 000010001000000000000000000000]
layer2_out_3      (extractvalue ) [ 000010001000000000000000000000]
layer2_out_4      (extractvalue ) [ 000010001000000000000000000000]
layer2_out_5      (extractvalue ) [ 000010001000000000000000000000]
call_ret2         (call         ) [ 000000000000000000000000000000]
layer3_out        (extractvalue ) [ 011100000111000000000000000000]
layer3_out_1      (extractvalue ) [ 010000000100000000000000000000]
layer3_out_2      (extractvalue ) [ 011000000110000000000000000000]
layer3_out_3      (extractvalue ) [ 011000000110000000000000000000]
layer3_out_4      (extractvalue ) [ 011000000110000000000000000000]
layer3_out_5      (extractvalue ) [ 010000000100000000000000000000]
call_ret3         (call         ) [ 000000000000000000000000000000]
layer4_out        (extractvalue ) [ 000100000000000100000000000000]
layer4_out_1      (extractvalue ) [ 000100000000000100000000000000]
layer4_out_2      (extractvalue ) [ 000100000000000100000000000000]
call_ret4         (call         ) [ 000000000000000000000000000000]
layer5_out        (extractvalue ) [ 000010000000000010000000000000]
layer5_out_1      (extractvalue ) [ 010010000000000011000000000000]
layer5_out_2      (extractvalue ) [ 000010000000000010000000000000]
call_ret5         (call         ) [ 000000000000000000000000000000]
layer6_out        (extractvalue ) [ 001000000000000000000010000000]
layer6_out_1      (extractvalue ) [ 001000000000000000000010000000]
layer6_out_2      (extractvalue ) [ 001000000000000000000010000000]
layer6_out_3      (extractvalue ) [ 001000000000000000000010000000]
layer6_out_4      (extractvalue ) [ 001000000000000000000010000000]
layer6_out_5      (extractvalue ) [ 001000000000000000000010000000]
call_ret          (call         ) [ 000000000000000000000000000000]
layer7_out        (extractvalue ) [ 011110000000000000000001111000]
layer7_out_1      (extractvalue ) [ 000100000000000000000001000000]
layer7_out_2      (extractvalue ) [ 000110000000000000000001100000]
layer7_out_3      (extractvalue ) [ 000100000000000000000001000000]
layer7_out_4      (extractvalue ) [ 010110000000000000000001110000]
layer7_out_5      (extractvalue ) [ 000100000000000000000001000000]
specpipeline_ln0  (specpipeline ) [ 000000000000000000000000000000]
spectopmodule_ln0 (spectopmodule) [ 000000000000000000000000000000]
specbitsmap_ln0   (specbitsmap  ) [ 000000000000000000000000000000]
specinterface_ln0 (specinterface) [ 000000000000000000000000000000]
specbitsmap_ln0   (specbitsmap  ) [ 000000000000000000000000000000]
specinterface_ln0 (specinterface) [ 000000000000000000000000000000]
specbitsmap_ln0   (specbitsmap  ) [ 000000000000000000000000000000]
specinterface_ln0 (specinterface) [ 000000000000000000000000000000]
specbitsmap_ln0   (specbitsmap  ) [ 000000000000000000000000000000]
specinterface_ln0 (specinterface) [ 000000000000000000000000000000]
specbitsmap_ln0   (specbitsmap  ) [ 000000000000000000000000000000]
specinterface_ln0 (specinterface) [ 000000000000000000000000000000]
specbitsmap_ln0   (specbitsmap  ) [ 000000000000000000000000000000]
specinterface_ln0 (specinterface) [ 000000000000000000000000000000]
specbitsmap_ln0   (specbitsmap  ) [ 000000000000000000000000000000]
specinterface_ln0 (specinterface) [ 000000000000000000000000000000]
specbitsmap_ln0   (specbitsmap  ) [ 000000000000000000000000000000]
specinterface_ln0 (specinterface) [ 000000000000000000000000000000]
specbitsmap_ln0   (specbitsmap  ) [ 000000000000000000000000000000]
specinterface_ln0 (specinterface) [ 000000000000000000000000000000]
call_ret6         (call         ) [ 000000000000000000000000000000]
layer8_out_0_ret  (extractvalue ) [ 000000000000000000000000000000]
write_ln54        (write        ) [ 000000000000000000000000000000]
layer8_out_1_ret  (extractvalue ) [ 000000000000000000000000000000]
write_ln54        (write        ) [ 000000000000000000000000000000]
layer8_out_2_ret  (extractvalue ) [ 000000000000000000000000000000]
write_ln54        (write        ) [ 000000000000000000000000000000]
layer8_out_3_ret  (extractvalue ) [ 000000000000000000000000000000]
write_ln54        (write        ) [ 000000000000000000000000000000]
layer8_out_4_ret  (extractvalue ) [ 000000000000000000000000000000]
write_ln54        (write        ) [ 000000000000000000000000000000]
layer8_out_5_ret  (extractvalue ) [ 000000000000000000000000000000]
write_ln54        (write        ) [ 000000000000000000000000000000]
layer8_out_6_ret  (extractvalue ) [ 000000000000000000000000000000]
write_ln54        (write        ) [ 000000000000000000000000000000]
layer8_out_7_ret  (extractvalue ) [ 000000000000000000000000000000]
write_ln54        (write        ) [ 000000000000000000000000000000]
ret_ln70          (ret          ) [ 000000000000000000000000000000]
</LifeTime>

<model>

<comp_list>
<comp id="0" class="1000" name="input_layer">
<pin_list>
<pin id="1" dir="1" index="0" bw="1" slack="0"/>
</pin_list>
<bind>
<StgValue><ssdm name="input_layer"/></StgValue>
</bind>
</comp>

<comp id="2" class="1000" name="layer8_out_0">
<pin_list>
<pin id="3" dir="1" index="0" bw="1" slack="0"/>
</pin_list>
<bind>
<StgValue><ssdm name="layer8_out_0"/></StgValue>
</bind>
</comp>

<comp id="4" class="1000" name="layer8_out_1">
<pin_list>
<pin id="5" dir="1" index="0" bw="1" slack="0"/>
</pin_list>
<bind>
<StgValue><ssdm name="layer8_out_1"/></StgValue>
</bind>
</comp>

<comp id="6" class="1000" name="layer8_out_2">
<pin_list>
<pin id="7" dir="1" index="0" bw="1" slack="0"/>
</pin_list>
<bind>
<StgValue><ssdm name="layer8_out_2"/></StgValue>
</bind>
</comp>

<comp id="8" class="1000" name="layer8_out_3">
<pin_list>
<pin id="9" dir="1" index="0" bw="1" slack="0"/>
</pin_list>
<bind>
<StgValue><ssdm name="layer8_out_3"/></StgValue>
</bind>
</comp>

<comp id="10" class="1000" name="layer8_out_4">
<pin_list>
<pin id="11" dir="1" index="0" bw="1" slack="0"/>
</pin_list>
<bind>
<StgValue><ssdm name="layer8_out_4"/></StgValue>
</bind>
</comp>

<comp id="12" class="1000" name="layer8_out_5">
<pin_list>
<pin id="13" dir="1" index="0" bw="1" slack="0"/>
</pin_list>
<bind>
<StgValue><ssdm name="layer8_out_5"/></StgValue>
</bind>
</comp>

<comp id="14" class="1000" name="layer8_out_6">
<pin_list>
<pin id="15" dir="1" index="0" bw="1" slack="0"/>
</pin_list>
<bind>
<StgValue><ssdm name="layer8_out_6"/></StgValue>
</bind>
</comp>

<comp id="16" class="1000" name="layer8_out_7">
<pin_list>
<pin id="17" dir="1" index="0" bw="1" slack="0"/>
</pin_list>
<bind>
<StgValue><ssdm name="layer8_out_7"/></StgValue>
</bind>
</comp>

<comp id="18" class="1001" name="const_18">
<pin_list>
<pin id="19" dir="1" index="0" bw="1" slack="0"/>
</pin_list>
<bind>
<StgValue><ssdm name="_ssdm_op_Read.ap_vld.i128P0A"/></StgValue>
</bind>
</comp>

<comp id="20" class="1001" name="const_20">
<pin_list>
<pin id="21" dir="1" index="0" bw="1" slack="0"/>
</pin_list>
<bind>
<StgValue><ssdm name="dense_latency<ap_fixed<16, 6, 5, 3, 0>, ap_fixed<16, 6, 5, 3, 0>, config2>"/></StgValue>
</bind>
</comp>

<comp id="22" class="1001" name="const_22">
<pin_list>
<pin id="23" dir="1" index="0" bw="1" slack="0"/>
</pin_list>
<bind>
<StgValue><ssdm name="relu<ap_fixed<16, 6, 5, 3, 0>, ap_fixed<16, 6, 5, 3, 0>, relu_config3>"/></StgValue>
</bind>
</comp>

<comp id="24" class="1001" name="const_24">
<pin_list>
<pin id="25" dir="1" index="0" bw="1" slack="0"/>
</pin_list>
<bind>
<StgValue><ssdm name="dense_latency<ap_fixed<16, 6, 5, 3, 0>, ap_fixed<16, 6, 5, 3, 0>, config4>"/></StgValue>
</bind>
</comp>

<comp id="26" class="1001" name="const_26">
<pin_list>
<pin id="27" dir="1" index="0" bw="1" slack="0"/>
</pin_list>
<bind>
<StgValue><ssdm name="relu<ap_fixed<16, 6, 5, 3, 0>, ap_fixed<16, 6, 5, 3, 0>, relu_config5>"/></StgValue>
</bind>
</comp>

<comp id="28" class="1001" name="const_28">
<pin_list>
<pin id="29" dir="1" index="0" bw="1" slack="0"/>
</pin_list>
<bind>
<StgValue><ssdm name="dense_latency<ap_fixed<16, 6, 5, 3, 0>, ap_fixed<16, 6, 5, 3, 0>, config6>"/></StgValue>
</bind>
</comp>

<comp id="30" class="1001" name="const_30">
<pin_list>
<pin id="31" dir="1" index="0" bw="1" slack="0"/>
</pin_list>
<bind>
<StgValue><ssdm name="relu<ap_fixed<16, 6, 5, 3, 0>, ap_fixed<16, 6, 5, 3, 0>, relu_config7>"/></StgValue>
</bind>
</comp>

<comp id="32" class="1001" name="const_32">
<pin_list>
<pin id="33" dir="1" index="0" bw="1" slack="0"/>
</pin_list>
<bind>
<StgValue><ssdm name="dense_latency<ap_fixed<16, 6, 5, 3, 0>, ap_fixed<16, 6, 5, 3, 0>, config8>"/></StgValue>
</bind>
</comp>

<comp id="34" class="1001" name="const_34">
<pin_list>
<pin id="35" dir="1" index="0" bw="1" slack="2147483647"/>
</pin_list>
<bind>
<StgValue><ssdm name="_ssdm_op_SpecPipeline"/></StgValue>
</bind>
</comp>

<comp id="36" class="1001" name="const_36">
<pin_list>
<pin id="37" dir="1" index="0" bw="1" slack="2147483647"/>
</pin_list>
<bind>
<StgValue><ssdm name=""/></StgValue>
</bind>
</comp>

<comp id="38" class="1001" name="const_38">
<pin_list>
<pin id="39" dir="1" index="0" bw="1" slack="2147483647"/>
</pin_list>
<bind>
<StgValue><ssdm name=""/></StgValue>
</bind>
</comp>

<comp id="40" class="1001" name="const_40">
<pin_list>
<pin id="41" dir="1" index="0" bw="1" slack="2147483647"/>
</pin_list>
<bind>
<StgValue><ssdm name="empty_0"/></StgValue>
</bind>
</comp>

<comp id="42" class="1001" name="const_42">
<pin_list>
<pin id="43" dir="1" index="0" bw="1" slack="2147483647"/>
</pin_list>
<bind>
<StgValue><ssdm name="_ssdm_op_SpecTopModule"/></StgValue>
</bind>
</comp>

<comp id="44" class="1001" name="const_44">
<pin_list>
<pin id="45" dir="1" index="0" bw="1" slack="2147483647"/>
</pin_list>
<bind>
<StgValue><ssdm name="empty_2"/></StgValue>
</bind>
</comp>

<comp id="46" class="1001" name="const_46">
<pin_list>
<pin id="47" dir="1" index="0" bw="1" slack="2147483647"/>
</pin_list>
<bind>
<StgValue><ssdm name="_ssdm_op_SpecBitsMap"/></StgValue>
</bind>
</comp>

<comp id="48" class="1001" name="const_48">
<pin_list>
<pin id="49" dir="1" index="0" bw="1" slack="2147483647"/>
</pin_list>
<bind>
<StgValue><ssdm name="_ssdm_op_SpecInterface"/></StgValue>
</bind>
</comp>

<comp id="50" class="1001" name="const_50">
<pin_list>
<pin id="51" dir="1" index="0" bw="1" slack="2147483647"/>
</pin_list>
<bind>
<StgValue><ssdm name="empty"/></StgValue>
</bind>
</comp>

<comp id="52" class="1001" name="const_52">
<pin_list>
<pin id="53" dir="1" index="0" bw="1" slack="0"/>
</pin_list>
<bind>
<StgValue><ssdm name="_ssdm_op_Write.ap_vld.i16P0A"/></StgValue>
</bind>
</comp>

<comp id="54" class="1004" name="input_layer_read_read_fu_54">
<pin_list>
<pin id="55" dir="0" index="0" bw="128" slack="0"/>
<pin id="56" dir="0" index="1" bw="128" slack="0"/>
<pin id="57" dir="1" index="2" bw="128" slack="0"/>
</pin_list>
<bind>
<opcode="read(1150) " fcode="read"/>
<opset="input_layer_read/1 "/>
</bind>
</comp>

<comp id="60" class="1004" name="write_ln54_write_fu_60">
<pin_list>
<pin id="61" dir="0" index="0" bw="0" slack="0"/>
<pin id="62" dir="0" index="1" bw="16" slack="0"/>
<pin id="63" dir="0" index="2" bw="16" slack="0"/>
<pin id="64" dir="1" index="3" bw="0" slack="2147483647"/>
</pin_list>
<bind>
<opcode="write(1151) " fcode="write"/>
<opset="write_ln54/29 "/>
</bind>
</comp>

<comp id="67" class="1004" name="write_ln54_write_fu_67">
<pin_list>
<pin id="68" dir="0" index="0" bw="0" slack="0"/>
<pin id="69" dir="0" index="1" bw="16" slack="0"/>
<pin id="70" dir="0" index="2" bw="16" slack="0"/>
<pin id="71" dir="1" index="3" bw="0" slack="2147483647"/>
</pin_list>
<bind>
<opcode="write(1151) " fcode="write"/>
<opset="write_ln54/29 "/>
</bind>
</comp>

<comp id="74" class="1004" name="write_ln54_write_fu_74">
<pin_list>
<pin id="75" dir="0" index="0" bw="0" slack="0"/>
<pin id="76" dir="0" index="1" bw="16" slack="0"/>
<pin id="77" dir="0" index="2" bw="16" slack="0"/>
<pin id="78" dir="1" index="3" bw="0" slack="2147483647"/>
</pin_list>
<bind>
<opcode="write(1151) " fcode="write"/>
<opset="write_ln54/29 "/>
</bind>
</comp>

<comp id="81" class="1004" name="write_ln54_write_fu_81">
<pin_list>
<pin id="82" dir="0" index="0" bw="0" slack="0"/>
<pin id="83" dir="0" index="1" bw="16" slack="0"/>
<pin id="84" dir="0" index="2" bw="16" slack="0"/>
<pin id="85" dir="1" index="3" bw="0" slack="2147483647"/>
</pin_list>
<bind>
<opcode="write(1151) " fcode="write"/>
<opset="write_ln54/29 "/>
</bind>
</comp>

<comp id="88" class="1004" name="write_ln54_write_fu_88">
<pin_list>
<pin id="89" dir="0" index="0" bw="0" slack="0"/>
<pin id="90" dir="0" index="1" bw="16" slack="0"/>
<pin id="91" dir="0" index="2" bw="16" slack="0"/>
<pin id="92" dir="1" index="3" bw="0" slack="2147483647"/>
</pin_list>
<bind>
<opcode="write(1151) " fcode="write"/>
<opset="write_ln54/29 "/>
</bind>
</comp>

<comp id="95" class="1004" name="write_ln54_write_fu_95">
<pin_list>
<pin id="96" dir="0" index="0" bw="0" slack="0"/>
<pin id="97" dir="0" index="1" bw="16" slack="0"/>
<pin id="98" dir="0" index="2" bw="16" slack="0"/>
<pin id="99" dir="1" index="3" bw="0" slack="2147483647"/>
</pin_list>
<bind>
<opcode="write(1151) " fcode="write"/>
<opset="write_ln54/29 "/>
</bind>
</comp>

<comp id="102" class="1004" name="write_ln54_write_fu_102">
<pin_list>
<pin id="103" dir="0" index="0" bw="0" slack="0"/>
<pin id="104" dir="0" index="1" bw="16" slack="0"/>
<pin id="105" dir="0" index="2" bw="16" slack="0"/>
<pin id="106" dir="1" index="3" bw="0" slack="2147483647"/>
</pin_list>
<bind>
<opcode="write(1151) " fcode="write"/>
<opset="write_ln54/29 "/>
</bind>
</comp>

<comp id="109" class="1004" name="write_ln54_write_fu_109">
<pin_list>
<pin id="110" dir="0" index="0" bw="0" slack="0"/>
<pin id="111" dir="0" index="1" bw="16" slack="0"/>
<pin id="112" dir="0" index="2" bw="16" slack="0"/>
<pin id="113" dir="1" index="3" bw="0" slack="2147483647"/>
</pin_list>
<bind>
<opcode="write(1151) " fcode="write"/>
<opset="write_ln54/29 "/>
</bind>
</comp>

<comp id="116" class="1004" name="grp_dense_latency_ap_fixed_16_6_5_3_0_ap_fixed_16_6_5_3_0_config2_s_fu_116">
<pin_list>
<pin id="117" dir="0" index="0" bw="96" slack="0"/>
<pin id="118" dir="0" index="1" bw="128" slack="0"/>
<pin id="119" dir="1" index="2" bw="96" slack="0"/>
</pin_list>
<bind>
<opcode="call(48) " fcode="call"/>
<opset="call_ret1/1 "/>
</bind>
</comp>

<comp id="122" class="1004" name="call_ret2_relu_ap_fixed_16_6_5_3_0_ap_fixed_16_6_5_3_0_relu_config3_s_fu_122">
<pin_list>
<pin id="123" dir="0" index="0" bw="96" slack="0"/>
<pin id="124" dir="0" index="1" bw="16" slack="1"/>
<pin id="125" dir="0" index="2" bw="16" slack="1"/>
<pin id="126" dir="0" index="3" bw="16" slack="1"/>
<pin id="127" dir="0" index="4" bw="16" slack="1"/>
<pin id="128" dir="0" index="5" bw="16" slack="1"/>
<pin id="129" dir="0" index="6" bw="16" slack="1"/>
<pin id="130" dir="1" index="7" bw="96" slack="0"/>
</pin_list>
<bind>
<opcode="call(48) " fcode="call"/>
<opset="call_ret2/8 "/>
</bind>
</comp>

<comp id="132" class="1004" name="grp_dense_latency_ap_fixed_16_6_5_3_0_ap_fixed_16_6_5_3_0_config4_s_fu_132">
<pin_list>
<pin id="133" dir="0" index="0" bw="48" slack="0"/>
<pin id="134" dir="0" index="1" bw="16" slack="1"/>
<pin id="135" dir="0" index="2" bw="16" slack="1"/>
<pin id="136" dir="0" index="3" bw="16" slack="1"/>
<pin id="137" dir="0" index="4" bw="16" slack="1"/>
<pin id="138" dir="0" index="5" bw="16" slack="1"/>
<pin id="139" dir="0" index="6" bw="16" slack="1"/>
<pin id="140" dir="1" index="7" bw="48" slack="0"/>
</pin_list>
<bind>
<opcode="call(48) " fcode="call"/>
<opset="call_ret3/9 "/>
</bind>
</comp>

<comp id="142" class="1004" name="call_ret4_relu_ap_fixed_16_6_5_3_0_ap_fixed_16_6_5_3_0_relu_config5_s_fu_142">
<pin_list>
<pin id="143" dir="0" index="0" bw="48" slack="0"/>
<pin id="144" dir="0" index="1" bw="16" slack="1"/>
<pin id="145" dir="0" index="2" bw="16" slack="1"/>
<pin id="146" dir="0" index="3" bw="16" slack="1"/>
<pin id="147" dir="1" index="4" bw="48" slack="0"/>
</pin_list>
<bind>
<opcode="call(48) " fcode="call"/>
<opset="call_ret4/15 "/>
</bind>
</comp>

<comp id="149" class="1004" name="grp_dense_latency_ap_fixed_16_6_5_3_0_ap_fixed_16_6_5_3_0_config6_s_fu_149">
<pin_list>
<pin id="150" dir="0" index="0" bw="96" slack="0"/>
<pin id="151" dir="0" index="1" bw="16" slack="1"/>
<pin id="152" dir="0" index="2" bw="16" slack="1"/>
<pin id="153" dir="0" index="3" bw="16" slack="1"/>
<pin id="154" dir="1" index="4" bw="96" slack="0"/>
</pin_list>
<bind>
<opcode="call(48) " fcode="call"/>
<opset="call_ret5/16 "/>
</bind>
</comp>

<comp id="156" class="1004" name="call_ret_relu_ap_fixed_16_6_5_3_0_ap_fixed_16_6_5_3_0_relu_config7_s_fu_156">
<pin_list>
<pin id="157" dir="0" index="0" bw="96" slack="0"/>
<pin id="158" dir="0" index="1" bw="16" slack="1"/>
<pin id="159" dir="0" index="2" bw="16" slack="1"/>
<pin id="160" dir="0" index="3" bw="16" slack="1"/>
<pin id="161" dir="0" index="4" bw="16" slack="1"/>
<pin id="162" dir="0" index="5" bw="16" slack="1"/>
<pin id="163" dir="0" index="6" bw="16" slack="1"/>
<pin id="164" dir="1" index="7" bw="96" slack="0"/>
</pin_list>
<bind>
<opcode="call(48) " fcode="call"/>
<opset="call_ret/22 "/>
</bind>
</comp>

<comp id="166" class="1004" name="grp_dense_latency_ap_fixed_16_6_5_3_0_ap_fixed_16_6_5_3_0_config8_s_fu_166">
<pin_list>
<pin id="167" dir="0" index="0" bw="128" slack="0"/>
<pin id="168" dir="0" index="1" bw="16" slack="1"/>
<pin id="169" dir="0" index="2" bw="16" slack="1"/>
<pin id="170" dir="0" index="3" bw="16" slack="1"/>
<pin id="171" dir="0" index="4" bw="16" slack="1"/>
<pin id="172" dir="0" index="5" bw="16" slack="1"/>
<pin id="173" dir="0" index="6" bw="16" slack="1"/>
<pin id="174" dir="1" index="7" bw="128" slack="0"/>
</pin_list>
<bind>
<opcode="call(48) " fcode="call"/>
<opset="call_ret6/23 "/>
</bind>
</comp>

<comp id="176" class="1004" name="layer2_out_fu_176">
<pin_list>
<pin id="177" dir="0" index="0" bw="96" slack="0"/>
<pin id="178" dir="1" index="1" bw="16" slack="1"/>
</pin_list>
<bind>
<opcode="extractvalue(56) " fcode="extractvalue"/>
<opset="layer2_out/7 "/>
</bind>
</comp>

<comp id="180" class="1004" name="layer2_out_1_fu_180">
<pin_list>
<pin id="181" dir="0" index="0" bw="96" slack="0"/>
<pin id="182" dir="1" index="1" bw="16" slack="1"/>
</pin_list>
<bind>
<opcode="extractvalue(56) " fcode="extractvalue"/>
<opset="layer2_out_1/7 "/>
</bind>
</comp>

<comp id="184" class="1004" name="layer2_out_2_fu_184">
<pin_list>
<pin id="185" dir="0" index="0" bw="96" slack="0"/>
<pin id="186" dir="1" index="1" bw="16" slack="1"/>
</pin_list>
<bind>
<opcode="extractvalue(56) " fcode="extractvalue"/>
<opset="layer2_out_2/7 "/>
</bind>
</comp>

<comp id="188" class="1004" name="layer2_out_3_fu_188">
<pin_list>
<pin id="189" dir="0" index="0" bw="96" slack="0"/>
<pin id="190" dir="1" index="1" bw="16" slack="1"/>
</pin_list>
<bind>
<opcode="extractvalue(56) " fcode="extractvalue"/>
<opset="layer2_out_3/7 "/>
</bind>
</comp>

<comp id="192" class="1004" name="layer2_out_4_fu_192">
<pin_list>
<pin id="193" dir="0" index="0" bw="96" slack="0"/>
<pin id="194" dir="1" index="1" bw="16" slack="1"/>
</pin_list>
<bind>
<opcode="extractvalue(56) " fcode="extractvalue"/>
<opset="layer2_out_4/7 "/>
</bind>
</comp>

<comp id="196" class="1004" name="layer2_out_5_fu_196">
<pin_list>
<pin id="197" dir="0" index="0" bw="96" slack="0"/>
<pin id="198" dir="1" index="1" bw="16" slack="1"/>
</pin_list>
<bind>
<opcode="extractvalue(56) " fcode="extractvalue"/>
<opset="layer2_out_5/7 "/>
</bind>
</comp>

<comp id="200" class="1004" name="layer3_out_fu_200">
<pin_list>
<pin id="201" dir="0" index="0" bw="96" slack="0"/>
<pin id="202" dir="1" index="1" bw="16" slack="1"/>
</pin_list>
<bind>
<opcode="extractvalue(56) " fcode="extractvalue"/>
<opset="layer3_out/8 "/>
</bind>
</comp>

<comp id="204" class="1004" name="layer3_out_1_fu_204">
<pin_list>
<pin id="205" dir="0" index="0" bw="96" slack="0"/>
<pin id="206" dir="1" index="1" bw="16" slack="1"/>
</pin_list>
<bind>
<opcode="extractvalue(56) " fcode="extractvalue"/>
<opset="layer3_out_1/8 "/>
</bind>
</comp>

<comp id="208" class="1004" name="layer3_out_2_fu_208">
<pin_list>
<pin id="209" dir="0" index="0" bw="96" slack="0"/>
<pin id="210" dir="1" index="1" bw="16" slack="1"/>
</pin_list>
<bind>
<opcode="extractvalue(56) " fcode="extractvalue"/>
<opset="layer3_out_2/8 "/>
</bind>
</comp>

<comp id="212" class="1004" name="layer3_out_3_fu_212">
<pin_list>
<pin id="213" dir="0" index="0" bw="96" slack="0"/>
<pin id="214" dir="1" index="1" bw="16" slack="1"/>
</pin_list>
<bind>
<opcode="extractvalue(56) " fcode="extractvalue"/>
<opset="layer3_out_3/8 "/>
</bind>
</comp>

<comp id="216" class="1004" name="layer3_out_4_fu_216">
<pin_list>
<pin id="217" dir="0" index="0" bw="96" slack="0"/>
<pin id="218" dir="1" index="1" bw="16" slack="1"/>
</pin_list>
<bind>
<opcode="extractvalue(56) " fcode="extractvalue"/>
<opset="layer3_out_4/8 "/>
</bind>
</comp>

<comp id="220" class="1004" name="layer3_out_5_fu_220">
<pin_list>
<pin id="221" dir="0" index="0" bw="96" slack="0"/>
<pin id="222" dir="1" index="1" bw="16" slack="1"/>
</pin_list>
<bind>
<opcode="extractvalue(56) " fcode="extractvalue"/>
<opset="layer3_out_5/8 "/>
</bind>
</comp>

<comp id="224" class="1004" name="layer4_out_fu_224">
<pin_list>
<pin id="225" dir="0" index="0" bw="48" slack="0"/>
<pin id="226" dir="1" index="1" bw="16" slack="1"/>
</pin_list>
<bind>
<opcode="extractvalue(56) " fcode="extractvalue"/>
<opset="layer4_out/14 "/>
</bind>
</comp>

<comp id="228" class="1004" name="layer4_out_1_fu_228">
<pin_list>
<pin id="229" dir="0" index="0" bw="48" slack="0"/>
<pin id="230" dir="1" index="1" bw="16" slack="1"/>
</pin_list>
<bind>
<opcode="extractvalue(56) " fcode="extractvalue"/>
<opset="layer4_out_1/14 "/>
</bind>
</comp>

<comp id="232" class="1004" name="layer4_out_2_fu_232">
<pin_list>
<pin id="233" dir="0" index="0" bw="48" slack="0"/>
<pin id="234" dir="1" index="1" bw="16" slack="1"/>
</pin_list>
<bind>
<opcode="extractvalue(56) " fcode="extractvalue"/>
<opset="layer4_out_2/14 "/>
</bind>
</comp>

<comp id="236" class="1004" name="layer5_out_fu_236">
<pin_list>
<pin id="237" dir="0" index="0" bw="48" slack="0"/>
<pin id="238" dir="1" index="1" bw="16" slack="1"/>
</pin_list>
<bind>
<opcode="extractvalue(56) " fcode="extractvalue"/>
<opset="layer5_out/15 "/>
</bind>
</comp>

<comp id="240" class="1004" name="layer5_out_1_fu_240">
<pin_list>
<pin id="241" dir="0" index="0" bw="48" slack="0"/>
<pin id="242" dir="1" index="1" bw="16" slack="1"/>
</pin_list>
<bind>
<opcode="extractvalue(56) " fcode="extractvalue"/>
<opset="layer5_out_1/15 "/>
</bind>
</comp>

<comp id="244" class="1004" name="layer5_out_2_fu_244">
<pin_list>
<pin id="245" dir="0" index="0" bw="48" slack="0"/>
<pin id="246" dir="1" index="1" bw="16" slack="1"/>
</pin_list>
<bind>
<opcode="extractvalue(56) " fcode="extractvalue"/>
<opset="layer5_out_2/15 "/>
</bind>
</comp>

<comp id="248" class="1004" name="layer6_out_fu_248">
<pin_list>
<pin id="249" dir="0" index="0" bw="96" slack="0"/>
<pin id="250" dir="1" index="1" bw="16" slack="1"/>
</pin_list>
<bind>
<opcode="extractvalue(56) " fcode="extractvalue"/>
<opset="layer6_out/21 "/>
</bind>
</comp>

<comp id="252" class="1004" name="layer6_out_1_fu_252">
<pin_list>
<pin id="253" dir="0" index="0" bw="96" slack="0"/>
<pin id="254" dir="1" index="1" bw="16" slack="1"/>
</pin_list>
<bind>
<opcode="extractvalue(56) " fcode="extractvalue"/>
<opset="layer6_out_1/21 "/>
</bind>
</comp>

<comp id="256" class="1004" name="layer6_out_2_fu_256">
<pin_list>
<pin id="257" dir="0" index="0" bw="96" slack="0"/>
<pin id="258" dir="1" index="1" bw="16" slack="1"/>
</pin_list>
<bind>
<opcode="extractvalue(56) " fcode="extractvalue"/>
<opset="layer6_out_2/21 "/>
</bind>
</comp>

<comp id="260" class="1004" name="layer6_out_3_fu_260">
<pin_list>
<pin id="261" dir="0" index="0" bw="96" slack="0"/>
<pin id="262" dir="1" index="1" bw="16" slack="1"/>
</pin_list>
<bind>
<opcode="extractvalue(56) " fcode="extractvalue"/>
<opset="layer6_out_3/21 "/>
</bind>
</comp>

<comp id="264" class="1004" name="layer6_out_4_fu_264">
<pin_list>
<pin id="265" dir="0" index="0" bw="96" slack="0"/>
<pin id="266" dir="1" index="1" bw="16" slack="1"/>
</pin_list>
<bind>
<opcode="extractvalue(56) " fcode="extractvalue"/>
<opset="layer6_out_4/21 "/>
</bind>
</comp>

<comp id="268" class="1004" name="layer6_out_5_fu_268">
<pin_list>
<pin id="269" dir="0" index="0" bw="96" slack="0"/>
<pin id="270" dir="1" index="1" bw="16" slack="1"/>
</pin_list>
<bind>
<opcode="extractvalue(56) " fcode="extractvalue"/>
<opset="layer6_out_5/21 "/>
</bind>
</comp>

<comp id="272" class="1004" name="layer7_out_fu_272">
<pin_list>
<pin id="273" dir="0" index="0" bw="96" slack="0"/>
<pin id="274" dir="1" index="1" bw="16" slack="1"/>
</pin_list>
<bind>
<opcode="extractvalue(56) " fcode="extractvalue"/>
<opset="layer7_out/22 "/>
</bind>
</comp>

<comp id="276" class="1004" name="layer7_out_1_fu_276">
<pin_list>
<pin id="277" dir="0" index="0" bw="96" slack="0"/>
<pin id="278" dir="1" index="1" bw="16" slack="1"/>
</pin_list>
<bind>
<opcode="extractvalue(56) " fcode="extractvalue"/>
<opset="layer7_out_1/22 "/>
</bind>
</comp>

<comp id="280" class="1004" name="layer7_out_2_fu_280">
<pin_list>
<pin id="281" dir="0" index="0" bw="96" slack="0"/>
<pin id="282" dir="1" index="1" bw="16" slack="1"/>
</pin_list>
<bind>
<opcode="extractvalue(56) " fcode="extractvalue"/>
<opset="layer7_out_2/22 "/>
</bind>
</comp>

<comp id="284" class="1004" name="layer7_out_3_fu_284">
<pin_list>
<pin id="285" dir="0" index="0" bw="96" slack="0"/>
<pin id="286" dir="1" index="1" bw="16" slack="1"/>
</pin_list>
<bind>
<opcode="extractvalue(56) " fcode="extractvalue"/>
<opset="layer7_out_3/22 "/>
</bind>
</comp>

<comp id="288" class="1004" name="layer7_out_4_fu_288">
<pin_list>
<pin id="289" dir="0" index="0" bw="96" slack="0"/>
<pin id="290" dir="1" index="1" bw="16" slack="1"/>
</pin_list>
<bind>
<opcode="extractvalue(56) " fcode="extractvalue"/>
<opset="layer7_out_4/22 "/>
</bind>
</comp>

<comp id="292" class="1004" name="layer7_out_5_fu_292">
<pin_list>
<pin id="293" dir="0" index="0" bw="96" slack="0"/>
<pin id="294" dir="1" index="1" bw="16" slack="1"/>
</pin_list>
<bind>
<opcode="extractvalue(56) " fcode="extractvalue"/>
<opset="layer7_out_5/22 "/>
</bind>
</comp>

<comp id="296" class="1004" name="layer8_out_0_ret_fu_296">
<pin_list>
<pin id="297" dir="0" index="0" bw="128" slack="0"/>
<pin id="298" dir="1" index="1" bw="16" slack="0"/>
</pin_list>
<bind>
<opcode="extractvalue(56) " fcode="extractvalue"/>
<opset="layer8_out_0_ret/29 "/>
</bind>
</comp>

<comp id="301" class="1004" name="layer8_out_1_ret_fu_301">
<pin_list>
<pin id="302" dir="0" index="0" bw="128" slack="0"/>
<pin id="303" dir="1" index="1" bw="16" slack="0"/>
</pin_list>
<bind>
<opcode="extractvalue(56) " fcode="extractvalue"/>
<opset="layer8_out_1_ret/29 "/>
</bind>
</comp>

<comp id="306" class="1004" name="layer8_out_2_ret_fu_306">
<pin_list>
<pin id="307" dir="0" index="0" bw="128" slack="0"/>
<pin id="308" dir="1" index="1" bw="16" slack="0"/>
</pin_list>
<bind>
<opcode="extractvalue(56) " fcode="extractvalue"/>
<opset="layer8_out_2_ret/29 "/>
</bind>
</comp>

<comp id="311" class="1004" name="layer8_out_3_ret_fu_311">
<pin_list>
<pin id="312" dir="0" index="0" bw="128" slack="0"/>
<pin id="313" dir="1" index="1" bw="16" slack="0"/>
</pin_list>
<bind>
<opcode="extractvalue(56) " fcode="extractvalue"/>
<opset="layer8_out_3_ret/29 "/>
</bind>
</comp>

<comp id="316" class="1004" name="layer8_out_4_ret_fu_316">
<pin_list>
<pin id="317" dir="0" index="0" bw="128" slack="0"/>
<pin id="318" dir="1" index="1" bw="16" slack="0"/>
</pin_list>
<bind>
<opcode="extractvalue(56) " fcode="extractvalue"/>
<opset="layer8_out_4_ret/29 "/>
</bind>
</comp>

<comp id="321" class="1004" name="layer8_out_5_ret_fu_321">
<pin_list>
<pin id="322" dir="0" index="0" bw="128" slack="0"/>
<pin id="323" dir="1" index="1" bw="16" slack="0"/>
</pin_list>
<bind>
<opcode="extractvalue(56) " fcode="extractvalue"/>
<opset="layer8_out_5_ret/29 "/>
</bind>
</comp>

<comp id="326" class="1004" name="layer8_out_6_ret_fu_326">
<pin_list>
<pin id="327" dir="0" index="0" bw="128" slack="0"/>
<pin id="328" dir="1" index="1" bw="16" slack="0"/>
</pin_list>
<bind>
<opcode="extractvalue(56) " fcode="extractvalue"/>
<opset="layer8_out_6_ret/29 "/>
</bind>
</comp>

<comp id="331" class="1004" name="layer8_out_7_ret_fu_331">
<pin_list>
<pin id="332" dir="0" index="0" bw="128" slack="0"/>
<pin id="333" dir="1" index="1" bw="16" slack="0"/>
</pin_list>
<bind>
<opcode="extractvalue(56) " fcode="extractvalue"/>
<opset="layer8_out_7_ret/29 "/>
</bind>
</comp>

<comp id="336" class="1005" name="layer2_out_reg_336">
<pin_list>
<pin id="337" dir="0" index="0" bw="16" slack="1"/>
<pin id="338" dir="1" index="1" bw="16" slack="1"/>
</pin_list>
<bind>
<opset="layer2_out "/>
</bind>
</comp>

<comp id="341" class="1005" name="layer2_out_1_reg_341">
<pin_list>
<pin id="342" dir="0" index="0" bw="16" slack="1"/>
<pin id="343" dir="1" index="1" bw="16" slack="1"/>
</pin_list>
<bind>
<opset="layer2_out_1 "/>
</bind>
</comp>

<comp id="346" class="1005" name="layer2_out_2_reg_346">
<pin_list>
<pin id="347" dir="0" index="0" bw="16" slack="1"/>
<pin id="348" dir="1" index="1" bw="16" slack="1"/>
</pin_list>
<bind>
<opset="layer2_out_2 "/>
</bind>
</comp>

<comp id="351" class="1005" name="layer2_out_3_reg_351">
<pin_list>
<pin id="352" dir="0" index="0" bw="16" slack="1"/>
<pin id="353" dir="1" index="1" bw="16" slack="1"/>
</pin_list>
<bind>
<opset="layer2_out_3 "/>
</bind>
</comp>

<comp id="356" class="1005" name="layer2_out_4_reg_356">
<pin_list>
<pin id="357" dir="0" index="0" bw="16" slack="1"/>
<pin id="358" dir="1" index="1" bw="16" slack="1"/>
</pin_list>
<bind>
<opset="layer2_out_4 "/>
</bind>
</comp>

<comp id="361" class="1005" name="layer2_out_5_reg_361">
<pin_list>
<pin id="362" dir="0" index="0" bw="16" slack="1"/>
<pin id="363" dir="1" index="1" bw="16" slack="1"/>
</pin_list>
<bind>
<opset="layer2_out_5 "/>
</bind>
</comp>

<comp id="366" class="1005" name="layer3_out_reg_366">
<pin_list>
<pin id="367" dir="0" index="0" bw="16" slack="1"/>
<pin id="368" dir="1" index="1" bw="16" slack="1"/>
</pin_list>
<bind>
<opset="layer3_out "/>
</bind>
</comp>

<comp id="371" class="1005" name="layer3_out_1_reg_371">
<pin_list>
<pin id="372" dir="0" index="0" bw="16" slack="1"/>
<pin id="373" dir="1" index="1" bw="16" slack="1"/>
</pin_list>
<bind>
<opset="layer3_out_1 "/>
</bind>
</comp>

<comp id="376" class="1005" name="layer3_out_2_reg_376">
<pin_list>
<pin id="377" dir="0" index="0" bw="16" slack="1"/>
<pin id="378" dir="1" index="1" bw="16" slack="1"/>
</pin_list>
<bind>
<opset="layer3_out_2 "/>
</bind>
</comp>

<comp id="381" class="1005" name="layer3_out_3_reg_381">
<pin_list>
<pin id="382" dir="0" index="0" bw="16" slack="1"/>
<pin id="383" dir="1" index="1" bw="16" slack="1"/>
</pin_list>
<bind>
<opset="layer3_out_3 "/>
</bind>
</comp>

<comp id="386" class="1005" name="layer3_out_4_reg_386">
<pin_list>
<pin id="387" dir="0" index="0" bw="16" slack="1"/>
<pin id="388" dir="1" index="1" bw="16" slack="1"/>
</pin_list>
<bind>
<opset="layer3_out_4 "/>
</bind>
</comp>

<comp id="391" class="1005" name="layer3_out_5_reg_391">
<pin_list>
<pin id="392" dir="0" index="0" bw="16" slack="1"/>
<pin id="393" dir="1" index="1" bw="16" slack="1"/>
</pin_list>
<bind>
<opset="layer3_out_5 "/>
</bind>
</comp>

<comp id="396" class="1005" name="layer4_out_reg_396">
<pin_list>
<pin id="397" dir="0" index="0" bw="16" slack="1"/>
<pin id="398" dir="1" index="1" bw="16" slack="1"/>
</pin_list>
<bind>
<opset="layer4_out "/>
</bind>
</comp>

<comp id="401" class="1005" name="layer4_out_1_reg_401">
<pin_list>
<pin id="402" dir="0" index="0" bw="16" slack="1"/>
<pin id="403" dir="1" index="1" bw="16" slack="1"/>
</pin_list>
<bind>
<opset="layer4_out_1 "/>
</bind>
</comp>

<comp id="406" class="1005" name="layer4_out_2_reg_406">
<pin_list>
<pin id="407" dir="0" index="0" bw="16" slack="1"/>
<pin id="408" dir="1" index="1" bw="16" slack="1"/>
</pin_list>
<bind>
<opset="layer4_out_2 "/>
</bind>
</comp>

<comp id="411" class="1005" name="layer5_out_reg_411">
<pin_list>
<pin id="412" dir="0" index="0" bw="16" slack="1"/>
<pin id="413" dir="1" index="1" bw="16" slack="1"/>
</pin_list>
<bind>
<opset="layer5_out "/>
</bind>
</comp>

<comp id="416" class="1005" name="layer5_out_1_reg_416">
<pin_list>
<pin id="417" dir="0" index="0" bw="16" slack="1"/>
<pin id="418" dir="1" index="1" bw="16" slack="1"/>
</pin_list>
<bind>
<opset="layer5_out_1 "/>
</bind>
</comp>

<comp id="421" class="1005" name="layer5_out_2_reg_421">
<pin_list>
<pin id="422" dir="0" index="0" bw="16" slack="1"/>
<pin id="423" dir="1" index="1" bw="16" slack="1"/>
</pin_list>
<bind>
<opset="layer5_out_2 "/>
</bind>
</comp>

<comp id="426" class="1005" name="layer6_out_reg_426">
<pin_list>
<pin id="427" dir="0" index="0" bw="16" slack="1"/>
<pin id="428" dir="1" index="1" bw="16" slack="1"/>
</pin_list>
<bind>
<opset="layer6_out "/>
</bind>
</comp>

<comp id="431" class="1005" name="layer6_out_1_reg_431">
<pin_list>
<pin id="432" dir="0" index="0" bw="16" slack="1"/>
<pin id="433" dir="1" index="1" bw="16" slack="1"/>
</pin_list>
<bind>
<opset="layer6_out_1 "/>
</bind>
</comp>

<comp id="436" class="1005" name="layer6_out_2_reg_436">
<pin_list>
<pin id="437" dir="0" index="0" bw="16" slack="1"/>
<pin id="438" dir="1" index="1" bw="16" slack="1"/>
</pin_list>
<bind>
<opset="layer6_out_2 "/>
</bind>
</comp>

<comp id="441" class="1005" name="layer6_out_3_reg_441">
<pin_list>
<pin id="442" dir="0" index="0" bw="16" slack="1"/>
<pin id="443" dir="1" index="1" bw="16" slack="1"/>
</pin_list>
<bind>
<opset="layer6_out_3 "/>
</bind>
</comp>

<comp id="446" class="1005" name="layer6_out_4_reg_446">
<pin_list>
<pin id="447" dir="0" index="0" bw="16" slack="1"/>
<pin id="448" dir="1" index="1" bw="16" slack="1"/>
</pin_list>
<bind>
<opset="layer6_out_4 "/>
</bind>
</comp>

<comp id="451" class="1005" name="layer6_out_5_reg_451">
<pin_list>
<pin id="452" dir="0" index="0" bw="16" slack="1"/>
<pin id="453" dir="1" index="1" bw="16" slack="1"/>
</pin_list>
<bind>
<opset="layer6_out_5 "/>
</bind>
</comp>

<comp id="456" class="1005" name="layer7_out_reg_456">
<pin_list>
<pin id="457" dir="0" index="0" bw="16" slack="1"/>
<pin id="458" dir="1" index="1" bw="16" slack="1"/>
</pin_list>
<bind>
<opset="layer7_out "/>
</bind>
</comp>

<comp id="461" class="1005" name="layer7_out_1_reg_461">
<pin_list>
<pin id="462" dir="0" index="0" bw="16" slack="1"/>
<pin id="463" dir="1" index="1" bw="16" slack="1"/>
</pin_list>
<bind>
<opset="layer7_out_1 "/>
</bind>
</comp>

<comp id="466" class="1005" name="layer7_out_2_reg_466">
<pin_list>
<pin id="467" dir="0" index="0" bw="16" slack="1"/>
<pin id="468" dir="1" index="1" bw="16" slack="1"/>
</pin_list>
<bind>
<opset="layer7_out_2 "/>
</bind>
</comp>

<comp id="471" class="1005" name="layer7_out_3_reg_471">
<pin_list>
<pin id="472" dir="0" index="0" bw="16" slack="1"/>
<pin id="473" dir="1" index="1" bw="16" slack="1"/>
</pin_list>
<bind>
<opset="layer7_out_3 "/>
</bind>
</comp>

<comp id="476" class="1005" name="layer7_out_4_reg_476">
<pin_list>
<pin id="477" dir="0" index="0" bw="16" slack="1"/>
<pin id="478" dir="1" index="1" bw="16" slack="1"/>
</pin_list>
<bind>
<opset="layer7_out_4 "/>
</bind>
</comp>

<comp id="481" class="1005" name="layer7_out_5_reg_481">
<pin_list>
<pin id="482" dir="0" index="0" bw="16" slack="1"/>
<pin id="483" dir="1" index="1" bw="16" slack="1"/>
</pin_list>
<bind>
<opset="layer7_out_5 "/>
</bind>
</comp>

</comp_list>

<net_list>
<net id="58"><net_src comp="18" pin="0"/><net_sink comp="54" pin=0"/></net>

<net id="59"><net_src comp="0" pin="0"/><net_sink comp="54" pin=1"/></net>

<net id="65"><net_src comp="52" pin="0"/><net_sink comp="60" pin=0"/></net>

<net id="66"><net_src comp="2" pin="0"/><net_sink comp="60" pin=1"/></net>

<net id="72"><net_src comp="52" pin="0"/><net_sink comp="67" pin=0"/></net>

<net id="73"><net_src comp="4" pin="0"/><net_sink comp="67" pin=1"/></net>

<net id="79"><net_src comp="52" pin="0"/><net_sink comp="74" pin=0"/></net>

<net id="80"><net_src comp="6" pin="0"/><net_sink comp="74" pin=1"/></net>

<net id="86"><net_src comp="52" pin="0"/><net_sink comp="81" pin=0"/></net>

<net id="87"><net_src comp="8" pin="0"/><net_sink comp="81" pin=1"/></net>

<net id="93"><net_src comp="52" pin="0"/><net_sink comp="88" pin=0"/></net>

<net id="94"><net_src comp="10" pin="0"/><net_sink comp="88" pin=1"/></net>

<net id="100"><net_src comp="52" pin="0"/><net_sink comp="95" pin=0"/></net>

<net id="101"><net_src comp="12" pin="0"/><net_sink comp="95" pin=1"/></net>

<net id="107"><net_src comp="52" pin="0"/><net_sink comp="102" pin=0"/></net>

<net id="108"><net_src comp="14" pin="0"/><net_sink comp="102" pin=1"/></net>

<net id="114"><net_src comp="52" pin="0"/><net_sink comp="109" pin=0"/></net>

<net id="115"><net_src comp="16" pin="0"/><net_sink comp="109" pin=1"/></net>

<net id="120"><net_src comp="20" pin="0"/><net_sink comp="116" pin=0"/></net>

<net id="121"><net_src comp="54" pin="2"/><net_sink comp="116" pin=1"/></net>

<net id="131"><net_src comp="22" pin="0"/><net_sink comp="122" pin=0"/></net>

<net id="141"><net_src comp="24" pin="0"/><net_sink comp="132" pin=0"/></net>

<net id="148"><net_src comp="26" pin="0"/><net_sink comp="142" pin=0"/></net>

<net id="155"><net_src comp="28" pin="0"/><net_sink comp="149" pin=0"/></net>

<net id="165"><net_src comp="30" pin="0"/><net_sink comp="156" pin=0"/></net>

<net id="175"><net_src comp="32" pin="0"/><net_sink comp="166" pin=0"/></net>

<net id="179"><net_src comp="116" pin="2"/><net_sink comp="176" pin=0"/></net>

<net id="183"><net_src comp="116" pin="2"/><net_sink comp="180" pin=0"/></net>

<net id="187"><net_src comp="116" pin="2"/><net_sink comp="184" pin=0"/></net>

<net id="191"><net_src comp="116" pin="2"/><net_sink comp="188" pin=0"/></net>

<net id="195"><net_src comp="116" pin="2"/><net_sink comp="192" pin=0"/></net>

<net id="199"><net_src comp="116" pin="2"/><net_sink comp="196" pin=0"/></net>

<net id="203"><net_src comp="122" pin="7"/><net_sink comp="200" pin=0"/></net>

<net id="207"><net_src comp="122" pin="7"/><net_sink comp="204" pin=0"/></net>

<net id="211"><net_src comp="122" pin="7"/><net_sink comp="208" pin=0"/></net>

<net id="215"><net_src comp="122" pin="7"/><net_sink comp="212" pin=0"/></net>

<net id="219"><net_src comp="122" pin="7"/><net_sink comp="216" pin=0"/></net>

<net id="223"><net_src comp="122" pin="7"/><net_sink comp="220" pin=0"/></net>

<net id="227"><net_src comp="132" pin="7"/><net_sink comp="224" pin=0"/></net>

<net id="231"><net_src comp="132" pin="7"/><net_sink comp="228" pin=0"/></net>

<net id="235"><net_src comp="132" pin="7"/><net_sink comp="232" pin=0"/></net>

<net id="239"><net_src comp="142" pin="4"/><net_sink comp="236" pin=0"/></net>

<net id="243"><net_src comp="142" pin="4"/><net_sink comp="240" pin=0"/></net>

<net id="247"><net_src comp="142" pin="4"/><net_sink comp="244" pin=0"/></net>

<net id="251"><net_src comp="149" pin="4"/><net_sink comp="248" pin=0"/></net>

<net id="255"><net_src comp="149" pin="4"/><net_sink comp="252" pin=0"/></net>

<net id="259"><net_src comp="149" pin="4"/><net_sink comp="256" pin=0"/></net>

<net id="263"><net_src comp="149" pin="4"/><net_sink comp="260" pin=0"/></net>

<net id="267"><net_src comp="149" pin="4"/><net_sink comp="264" pin=0"/></net>

<net id="271"><net_src comp="149" pin="4"/><net_sink comp="268" pin=0"/></net>

<net id="275"><net_src comp="156" pin="7"/><net_sink comp="272" pin=0"/></net>

<net id="279"><net_src comp="156" pin="7"/><net_sink comp="276" pin=0"/></net>

<net id="283"><net_src comp="156" pin="7"/><net_sink comp="280" pin=0"/></net>

<net id="287"><net_src comp="156" pin="7"/><net_sink comp="284" pin=0"/></net>

<net id="291"><net_src comp="156" pin="7"/><net_sink comp="288" pin=0"/></net>

<net id="295"><net_src comp="156" pin="7"/><net_sink comp="292" pin=0"/></net>

<net id="299"><net_src comp="166" pin="7"/><net_sink comp="296" pin=0"/></net>

<net id="300"><net_src comp="296" pin="1"/><net_sink comp="60" pin=2"/></net>

<net id="304"><net_src comp="166" pin="7"/><net_sink comp="301" pin=0"/></net>

<net id="305"><net_src comp="301" pin="1"/><net_sink comp="67" pin=2"/></net>

<net id="309"><net_src comp="166" pin="7"/><net_sink comp="306" pin=0"/></net>

<net id="310"><net_src comp="306" pin="1"/><net_sink comp="74" pin=2"/></net>

<net id="314"><net_src comp="166" pin="7"/><net_sink comp="311" pin=0"/></net>

<net id="315"><net_src comp="311" pin="1"/><net_sink comp="81" pin=2"/></net>

<net id="319"><net_src comp="166" pin="7"/><net_sink comp="316" pin=0"/></net>

<net id="320"><net_src comp="316" pin="1"/><net_sink comp="88" pin=2"/></net>

<net id="324"><net_src comp="166" pin="7"/><net_sink comp="321" pin=0"/></net>

<net id="325"><net_src comp="321" pin="1"/><net_sink comp="95" pin=2"/></net>

<net id="329"><net_src comp="166" pin="7"/><net_sink comp="326" pin=0"/></net>

<net id="330"><net_src comp="326" pin="1"/><net_sink comp="102" pin=2"/></net>

<net id="334"><net_src comp="166" pin="7"/><net_sink comp="331" pin=0"/></net>

<net id="335"><net_src comp="331" pin="1"/><net_sink comp="109" pin=2"/></net>

<net id="339"><net_src comp="176" pin="1"/><net_sink comp="336" pin=0"/></net>

<net id="340"><net_src comp="336" pin="1"/><net_sink comp="122" pin=1"/></net>

<net id="344"><net_src comp="180" pin="1"/><net_sink comp="341" pin=0"/></net>

<net id="345"><net_src comp="341" pin="1"/><net_sink comp="122" pin=2"/></net>

<net id="349"><net_src comp="184" pin="1"/><net_sink comp="346" pin=0"/></net>

<net id="350"><net_src comp="346" pin="1"/><net_sink comp="122" pin=3"/></net>

<net id="354"><net_src comp="188" pin="1"/><net_sink comp="351" pin=0"/></net>

<net id="355"><net_src comp="351" pin="1"/><net_sink comp="122" pin=4"/></net>

<net id="359"><net_src comp="192" pin="1"/><net_sink comp="356" pin=0"/></net>

<net id="360"><net_src comp="356" pin="1"/><net_sink comp="122" pin=5"/></net>

<net id="364"><net_src comp="196" pin="1"/><net_sink comp="361" pin=0"/></net>

<net id="365"><net_src comp="361" pin="1"/><net_sink comp="122" pin=6"/></net>

<net id="369"><net_src comp="200" pin="1"/><net_sink comp="366" pin=0"/></net>

<net id="370"><net_src comp="366" pin="1"/><net_sink comp="132" pin=1"/></net>

<net id="374"><net_src comp="204" pin="1"/><net_sink comp="371" pin=0"/></net>

<net id="375"><net_src comp="371" pin="1"/><net_sink comp="132" pin=2"/></net>

<net id="379"><net_src comp="208" pin="1"/><net_sink comp="376" pin=0"/></net>

<net id="380"><net_src comp="376" pin="1"/><net_sink comp="132" pin=3"/></net>

<net id="384"><net_src comp="212" pin="1"/><net_sink comp="381" pin=0"/></net>

<net id="385"><net_src comp="381" pin="1"/><net_sink comp="132" pin=4"/></net>

<net id="389"><net_src comp="216" pin="1"/><net_sink comp="386" pin=0"/></net>

<net id="390"><net_src comp="386" pin="1"/><net_sink comp="132" pin=5"/></net>

<net id="394"><net_src comp="220" pin="1"/><net_sink comp="391" pin=0"/></net>

<net id="395"><net_src comp="391" pin="1"/><net_sink comp="132" pin=6"/></net>

<net id="399"><net_src comp="224" pin="1"/><net_sink comp="396" pin=0"/></net>

<net id="400"><net_src comp="396" pin="1"/><net_sink comp="142" pin=1"/></net>

<net id="404"><net_src comp="228" pin="1"/><net_sink comp="401" pin=0"/></net>

<net id="405"><net_src comp="401" pin="1"/><net_sink comp="142" pin=2"/></net>

<net id="409"><net_src comp="232" pin="1"/><net_sink comp="406" pin=0"/></net>

<net id="410"><net_src comp="406" pin="1"/><net_sink comp="142" pin=3"/></net>

<net id="414"><net_src comp="236" pin="1"/><net_sink comp="411" pin=0"/></net>

<net id="415"><net_src comp="411" pin="1"/><net_sink comp="149" pin=1"/></net>

<net id="419"><net_src comp="240" pin="1"/><net_sink comp="416" pin=0"/></net>

<net id="420"><net_src comp="416" pin="1"/><net_sink comp="149" pin=2"/></net>

<net id="424"><net_src comp="244" pin="1"/><net_sink comp="421" pin=0"/></net>

<net id="425"><net_src comp="421" pin="1"/><net_sink comp="149" pin=3"/></net>

<net id="429"><net_src comp="248" pin="1"/><net_sink comp="426" pin=0"/></net>

<net id="430"><net_src comp="426" pin="1"/><net_sink comp="156" pin=1"/></net>

<net id="434"><net_src comp="252" pin="1"/><net_sink comp="431" pin=0"/></net>

<net id="435"><net_src comp="431" pin="1"/><net_sink comp="156" pin=2"/></net>

<net id="439"><net_src comp="256" pin="1"/><net_sink comp="436" pin=0"/></net>

<net id="440"><net_src comp="436" pin="1"/><net_sink comp="156" pin=3"/></net>

<net id="444"><net_src comp="260" pin="1"/><net_sink comp="441" pin=0"/></net>

<net id="445"><net_src comp="441" pin="1"/><net_sink comp="156" pin=4"/></net>

<net id="449"><net_src comp="264" pin="1"/><net_sink comp="446" pin=0"/></net>

<net id="450"><net_src comp="446" pin="1"/><net_sink comp="156" pin=5"/></net>

<net id="454"><net_src comp="268" pin="1"/><net_sink comp="451" pin=0"/></net>

<net id="455"><net_src comp="451" pin="1"/><net_sink comp="156" pin=6"/></net>

<net id="459"><net_src comp="272" pin="1"/><net_sink comp="456" pin=0"/></net>

<net id="460"><net_src comp="456" pin="1"/><net_sink comp="166" pin=1"/></net>

<net id="464"><net_src comp="276" pin="1"/><net_sink comp="461" pin=0"/></net>

<net id="465"><net_src comp="461" pin="1"/><net_sink comp="166" pin=2"/></net>

<net id="469"><net_src comp="280" pin="1"/><net_sink comp="466" pin=0"/></net>

<net id="470"><net_src comp="466" pin="1"/><net_sink comp="166" pin=3"/></net>

<net id="474"><net_src comp="284" pin="1"/><net_sink comp="471" pin=0"/></net>

<net id="475"><net_src comp="471" pin="1"/><net_sink comp="166" pin=4"/></net>

<net id="479"><net_src comp="288" pin="1"/><net_sink comp="476" pin=0"/></net>

<net id="480"><net_src comp="476" pin="1"/><net_sink comp="166" pin=5"/></net>

<net id="484"><net_src comp="292" pin="1"/><net_sink comp="481" pin=0"/></net>

<net id="485"><net_src comp="481" pin="1"/><net_sink comp="166" pin=6"/></net>

</net_list>

</model> 
---------------- Datapath Model END ------------------

* FSMD analyzer results:
  - Output states:
	Port: layer8_out_0 | {29 }
	Port: layer8_out_1 | {29 }
	Port: layer8_out_2 | {29 }
	Port: layer8_out_3 | {29 }
	Port: layer8_out_4 | {29 }
	Port: layer8_out_5 | {29 }
	Port: layer8_out_6 | {29 }
	Port: layer8_out_7 | {29 }
 - Input state : 
	Port: myproject : input_layer | {1 }
  - Chain level:
	State 1
	State 2
	State 3
	State 4
	State 5
	State 6
	State 7
		layer2_out : 1
		layer2_out_1 : 1
		layer2_out_2 : 1
		layer2_out_3 : 1
		layer2_out_4 : 1
		layer2_out_5 : 1
	State 8
		layer3_out : 1
		layer3_out_1 : 1
		layer3_out_2 : 1
		layer3_out_3 : 1
		layer3_out_4 : 1
		layer3_out_5 : 1
	State 9
	State 10
	State 11
	State 12
	State 13
	State 14
		layer4_out : 1
		layer4_out_1 : 1
		layer4_out_2 : 1
	State 15
		layer5_out : 1
		layer5_out_1 : 1
		layer5_out_2 : 1
	State 16
	State 17
	State 18
	State 19
	State 20
	State 21
		layer6_out : 1
		layer6_out_1 : 1
		layer6_out_2 : 1
		layer6_out_3 : 1
		layer6_out_4 : 1
		layer6_out_5 : 1
	State 22
		layer7_out : 1
		layer7_out_1 : 1
		layer7_out_2 : 1
		layer7_out_3 : 1
		layer7_out_4 : 1
		layer7_out_5 : 1
	State 23
	State 24
	State 25
	State 26
	State 27
	State 28
	State 29
		layer8_out_0_ret : 1
		write_ln54 : 2
		layer8_out_1_ret : 1
		write_ln54 : 2
		layer8_out_2_ret : 1
		write_ln54 : 2
		layer8_out_3_ret : 1
		write_ln54 : 2
		layer8_out_4_ret : 1
		write_ln54 : 2
		layer8_out_5_ret : 1
		write_ln54 : 2
		layer8_out_6_ret : 1
		write_ln54 : 2
		layer8_out_7_ret : 1
		write_ln54 : 2


============================================================
+ Verbose Summary: Datapath Resource usage 
============================================================

* Functional unit list:
|----------|------------------------------------------------------------------------------|---------|---------|---------|---------|
| Operation|                                Functional Unit                               |   DSP   |  Delay  |    FF   |   LUT   |
|----------|------------------------------------------------------------------------------|---------|---------|---------|---------|
|          |  grp_dense_latency_ap_fixed_16_6_5_3_0_ap_fixed_16_6_5_3_0_config2_s_fu_116  |    12   |  41.137 |   2272  |   1408  |
|          | call_ret2_relu_ap_fixed_16_6_5_3_0_ap_fixed_16_6_5_3_0_relu_config3_s_fu_122 |    0    |    0    |    0    |   228   |
|          |  grp_dense_latency_ap_fixed_16_6_5_3_0_ap_fixed_16_6_5_3_0_config4_s_fu_132  |    5    | 16.8134 |   954   |   592   |
|   call   | call_ret4_relu_ap_fixed_16_6_5_3_0_ap_fixed_16_6_5_3_0_relu_config5_s_fu_142 |    0    |    0    |    0    |   114   |
|          |  grp_dense_latency_ap_fixed_16_6_5_3_0_ap_fixed_16_6_5_3_0_config6_s_fu_149  |    5    |  16.781 |   854   |   434   |
|          |  call_ret_relu_ap_fixed_16_6_5_3_0_ap_fixed_16_6_5_3_0_relu_config7_s_fu_156 |    0    |    0    |    0    |   228   |
|          |  grp_dense_latency_ap_fixed_16_6_5_3_0_ap_fixed_16_6_5_3_0_config8_s_fu_166  |    12   | 41.2667 |   2217  |   1372  |
|----------|------------------------------------------------------------------------------|---------|---------|---------|---------|
|   read   |                          input_layer_read_read_fu_54                         |    0    |    0    |    0    |    0    |
|----------|------------------------------------------------------------------------------|---------|---------|---------|---------|
|          |                            write_ln54_write_fu_60                            |    0    |    0    |    0    |    0    |
|          |                            write_ln54_write_fu_67                            |    0    |    0    |    0    |    0    |
|          |                            write_ln54_write_fu_74                            |    0    |    0    |    0    |    0    |
|   write  |                            write_ln54_write_fu_81                            |    0    |    0    |    0    |    0    |
|          |                            write_ln54_write_fu_88                            |    0    |    0    |    0    |    0    |
|          |                            write_ln54_write_fu_95                            |    0    |    0    |    0    |    0    |
|          |                            write_ln54_write_fu_102                           |    0    |    0    |    0    |    0    |
|          |                            write_ln54_write_fu_109                           |    0    |    0    |    0    |    0    |
|----------|------------------------------------------------------------------------------|---------|---------|---------|---------|
|          |                               layer2_out_fu_176                              |    0    |    0    |    0    |    0    |
|          |                              layer2_out_1_fu_180                             |    0    |    0    |    0    |    0    |
|          |                              layer2_out_2_fu_184                             |    0    |    0    |    0    |    0    |
|          |                              layer2_out_3_fu_188                             |    0    |    0    |    0    |    0    |
|          |                              layer2_out_4_fu_192                             |    0    |    0    |    0    |    0    |
|          |                              layer2_out_5_fu_196                             |    0    |    0    |    0    |    0    |
|          |                               layer3_out_fu_200                              |    0    |    0    |    0    |    0    |
|          |                              layer3_out_1_fu_204                             |    0    |    0    |    0    |    0    |
|          |                              layer3_out_2_fu_208                             |    0    |    0    |    0    |    0    |
|          |                              layer3_out_3_fu_212                             |    0    |    0    |    0    |    0    |
|          |                              layer3_out_4_fu_216                             |    0    |    0    |    0    |    0    |
|          |                              layer3_out_5_fu_220                             |    0    |    0    |    0    |    0    |
|          |                               layer4_out_fu_224                              |    0    |    0    |    0    |    0    |
|          |                              layer4_out_1_fu_228                             |    0    |    0    |    0    |    0    |
|          |                              layer4_out_2_fu_232                             |    0    |    0    |    0    |    0    |
|          |                               layer5_out_fu_236                              |    0    |    0    |    0    |    0    |
|          |                              layer5_out_1_fu_240                             |    0    |    0    |    0    |    0    |
|          |                              layer5_out_2_fu_244                             |    0    |    0    |    0    |    0    |
|extractvalue|                               layer6_out_fu_248                              |    0    |    0    |    0    |    0    |
|          |                              layer6_out_1_fu_252                             |    0    |    0    |    0    |    0    |
|          |                              layer6_out_2_fu_256                             |    0    |    0    |    0    |    0    |
|          |                              layer6_out_3_fu_260                             |    0    |    0    |    0    |    0    |
|          |                              layer6_out_4_fu_264                             |    0    |    0    |    0    |    0    |
|          |                              layer6_out_5_fu_268                             |    0    |    0    |    0    |    0    |
|          |                               layer7_out_fu_272                              |    0    |    0    |    0    |    0    |
|          |                              layer7_out_1_fu_276                             |    0    |    0    |    0    |    0    |
|          |                              layer7_out_2_fu_280                             |    0    |    0    |    0    |    0    |
|          |                              layer7_out_3_fu_284                             |    0    |    0    |    0    |    0    |
|          |                              layer7_out_4_fu_288                             |    0    |    0    |    0    |    0    |
|          |                              layer7_out_5_fu_292                             |    0    |    0    |    0    |    0    |
|          |                            layer8_out_0_ret_fu_296                           |    0    |    0    |    0    |    0    |
|          |                            layer8_out_1_ret_fu_301                           |    0    |    0    |    0    |    0    |
|          |                            layer8_out_2_ret_fu_306                           |    0    |    0    |    0    |    0    |
|          |                            layer8_out_3_ret_fu_311                           |    0    |    0    |    0    |    0    |
|          |                            layer8_out_4_ret_fu_316                           |    0    |    0    |    0    |    0    |
|          |                            layer8_out_5_ret_fu_321                           |    0    |    0    |    0    |    0    |
|          |                            layer8_out_6_ret_fu_326                           |    0    |    0    |    0    |    0    |
|          |                            layer8_out_7_ret_fu_331                           |    0    |    0    |    0    |    0    |
|----------|------------------------------------------------------------------------------|---------|---------|---------|---------|
|   Total  |                                                                              |    34   | 115.998 |   6297  |   4376  |
|----------|------------------------------------------------------------------------------|---------|---------|---------|---------|

Memories:
N/A

* Register list:
+--------------------+--------+
|                    |   FF   |
+--------------------+--------+
|layer2_out_1_reg_341|   16   |
|layer2_out_2_reg_346|   16   |
|layer2_out_3_reg_351|   16   |
|layer2_out_4_reg_356|   16   |
|layer2_out_5_reg_361|   16   |
| layer2_out_reg_336 |   16   |
|layer3_out_1_reg_371|   16   |
|layer3_out_2_reg_376|   16   |
|layer3_out_3_reg_381|   16   |
|layer3_out_4_reg_386|   16   |
|layer3_out_5_reg_391|   16   |
| layer3_out_reg_366 |   16   |
|layer4_out_1_reg_401|   16   |
|layer4_out_2_reg_406|   16   |
| layer4_out_reg_396 |   16   |
|layer5_out_1_reg_416|   16   |
|layer5_out_2_reg_421|   16   |
| layer5_out_reg_411 |   16   |
|layer6_out_1_reg_431|   16   |
|layer6_out_2_reg_436|   16   |
|layer6_out_3_reg_441|   16   |
|layer6_out_4_reg_446|   16   |
|layer6_out_5_reg_451|   16   |
| layer6_out_reg_426 |   16   |
|layer7_out_1_reg_461|   16   |
|layer7_out_2_reg_466|   16   |
|layer7_out_3_reg_471|   16   |
|layer7_out_4_reg_476|   16   |
|layer7_out_5_reg_481|   16   |
| layer7_out_reg_456 |   16   |
+--------------------+--------+
|        Total       |   480  |
+--------------------+--------+

* Multiplexer (MUX) list: 
|--------|------|------|------|--------|
|  Comp  |  Pin | Size |  BW  | S x BW |
|--------|------|------|------|--------|
|  Total |      |      |      |    0   |
|--------|------|------|------|--------|



* Summary:
+-----------+--------+--------+--------+--------+
|           |   DSP  |  Delay |   FF   |   LUT  |
+-----------+--------+--------+--------+--------+
|  Function |   34   |   115  |  6297  |  4376  |
|   Memory  |    -   |    -   |    -   |    -   |
|Multiplexer|    -   |    -   |    -   |    -   |
|  Register |    -   |    -   |   480  |    -   |
+-----------+--------+--------+--------+--------+
|   Total   |   34   |   115  |  6777  |  4376  |
+-----------+--------+--------+--------+--------+
