

================================================================
== Vitis HLS Report for 'myproject'
================================================================
* Date:           Fri Feb 20 14:05:36 2026

* Version:        2023.2 (Build 4023990 on Oct 11 2023)
* Project:        myproject_prj
* Solution:       solution1 (Vivado IP Flow Target)
* Product family: artix7
* Target device:  xc7a50t-csg324-1


================================================================
== Performance Estimates
================================================================
+ Timing: 
    * Summary: 
    +--------+---------+----------+------------+
    |  Clock |  Target | Estimated| Uncertainty|
    +--------+---------+----------+------------+
    |ap_clk  |  5.00 ns|  4.373 ns|     0.62 ns|
    +--------+---------+----------+------------+

+ Latency: 
    * Summary: 
    +---------+---------+----------+----------+-----+-----+---------+
    |  Latency (cycles) |  Latency (absolute) |  Interval | Pipeline|
    |   min   |   max   |    min   |    max   | min | max |   Type  |
    +---------+---------+----------+----------+-----+-----+---------+
    |       28|       28|  0.140 us|  0.140 us|    4|    4|      yes|
    +---------+---------+----------+----------+-----+-----+---------+

    + Detail: 
        * Instance: 
        N/A

        * Loop: 
        N/A

============================================================
+ Verbose Summary: Synthesis Manager
============================================================
InlineROM: 1
ExposeGlobal: 0
============================================================
+ Verbose Summary: CDFG Model
============================================================
IsTopModel: 1
ResetActiveHigh: 1
IsCombinational: 0
IsDatapathOnly: 0
HasWiredReturn: 1
HasMFsm: 2
HasVarLatency: 0
IsPipeline: 1
IsRtlPipelined: 1
IsInstanceOverlapped: 0
IsDontTouch: 0
HasImplIP: 0
IsGatedGlobalClock: 0

+ Individual pipeline summary: 
  * Pipeline-0: initiation interval (II) = 4, depth = 29


============================================================
+ Verbose Summary: Schedule
============================================================
* Number of FSM states : 29
* Pipeline : 1
  Pipeline-0 : II = 4, D = 29, States = { 1 2 3 4 5 6 7 8 9 10 11 12 13 14 15 16 17 18 19 20 21 22 23 24 25 26 27 28 29 }
* Dataflow Pipeline: 0

* FSM state transitions: 
1 --> 2 
2 --> 3 
3 --> 4 
4 --> 5 
5 --> 6 
6 --> 7 
7 --> 8 
8 --> 9 
9 --> 10 
10 --> 11 
11 --> 12 
12 --> 13 
13 --> 14 
14 --> 15 
15 --> 16 
16 --> 17 
17 --> 18 
18 --> 19 
19 --> 20 
20 --> 21 
21 --> 22 
22 --> 23 
23 --> 24 
24 --> 25 
25 --> 26 
26 --> 27 
27 --> 28 
28 --> 29 
29 --> 

* FSM state operations: 

State 1 <SV = 0> <Delay = 4.27>
ST_1 : Operation 30 [1/1] (0.00ns)   --->   "%input_layer_read = read i128 @_ssdm_op_Read.ap_vld.i128P0A, i128 %input_layer"   --->   Operation 30 'read' 'input_layer_read' <Predicate = true> <Delay = 0.00>
ST_1 : Operation 31 [7/7] (4.27ns)   --->   "%call_ret1 = call i96 @dense_latency<ap_fixed<16, 6, 5, 3, 0>, ap_fixed<16, 6, 5, 3, 0>, config2>, i128 %input_layer_read" [firmware/nnet_utils/nnet_dense.h:54->firmware/nnet_utils/nnet_dense.h:45->firmware/myproject.cpp:56]   --->   Operation 31 'call' 'call_ret1' <Predicate = true> <Delay = 4.27> <CoreType = "Generic">   --->   Core 0 '' <Latency = 0> <II = 1> <Delay = 1.00> <Generic> <Opcode : >

State 2 <SV = 1> <Delay = 4.28>
ST_2 : Operation 32 [6/7] (4.28ns)   --->   "%call_ret1 = call i96 @dense_latency<ap_fixed<16, 6, 5, 3, 0>, ap_fixed<16, 6, 5, 3, 0>, config2>, i128 %input_layer_read" [firmware/nnet_utils/nnet_dense.h:54->firmware/nnet_utils/nnet_dense.h:45->firmware/myproject.cpp:56]   --->   Operation 32 'call' 'call_ret1' <Predicate = true> <Delay = 4.28> <CoreType = "Generic">   --->   Core 0 '' <Latency = 0> <II = 1> <Delay = 1.00> <Generic> <Opcode : >

State 3 <SV = 2> <Delay = 4.28>
ST_3 : Operation 33 [5/7] (4.28ns)   --->   "%call_ret1 = call i96 @dense_latency<ap_fixed<16, 6, 5, 3, 0>, ap_fixed<16, 6, 5, 3, 0>, config2>, i128 %input_layer_read" [firmware/nnet_utils/nnet_dense.h:54->firmware/nnet_utils/nnet_dense.h:45->firmware/myproject.cpp:56]   --->   Operation 33 'call' 'call_ret1' <Predicate = true> <Delay = 4.28> <CoreType = "Generic">   --->   Core 0 '' <Latency = 0> <II = 1> <Delay = 1.00> <Generic> <Opcode : >

State 4 <SV = 3> <Delay = 4.28>
ST_4 : Operation 34 [4/7] (4.28ns)   --->   "%call_ret1 = call i96 @dense_latency<ap_fixed<16, 6, 5, 3, 0>, ap_fixed<16, 6, 5, 3, 0>, config2>, i128 %input_layer_read" [firmware/nnet_utils/nnet_dense.h:54->firmware/nnet_utils/nnet_dense.h:45->firmware/myproject.cpp:56]   --->   Operation 34 'call' 'call_ret1' <Predicate = true> <Delay = 4.28> <CoreType = "Generic">   --->   Core 0 '' <Latency = 0> <II = 1> <Delay = 1.00> <Generic> <Opcode : >

State 5 <SV = 4> <Delay = 4.28>
ST_5 : Operation 35 [3/7] (4.28ns)   --->   "%call_ret1 = call i96 @dense_latency<ap_fixed<16, 6, 5, 3, 0>, ap_fixed<16, 6, 5, 3, 0>, config2>, i128 %input_layer_read" [firmware/nnet_utils/nnet_dense.h:54->firmware/nnet_utils/nnet_dense.h:45->firmware/myproject.cpp:56]   --->   Operation 35 'call' 'call_ret1' <Predicate = true> <Delay = 4.28> <CoreType = "Generic">   --->   Core 0 '' <Latency = 0> <II = 1> <Delay = 1.00> <Generic> <Opcode : >

State 6 <SV = 5> <Delay = 4.28>
ST_6 : Operation 36 [2/7] (4.28ns)   --->   "%call_ret1 = call i96 @dense_latency<ap_fixed<16, 6, 5, 3, 0>, ap_fixed<16, 6, 5, 3, 0>, config2>, i128 %input_layer_read" [firmware/nnet_utils/nnet_dense.h:54->firmware/nnet_utils/nnet_dense.h:45->firmware/myproject.cpp:56]   --->   Operation 36 'call' 'call_ret1' <Predicate = true> <Delay = 4.28> <CoreType = "Generic">   --->   Core 0 '' <Latency = 0> <II = 1> <Delay = 1.00> <Generic> <Opcode : >

State 7 <SV = 6> <Delay = 4.03>
ST_7 : Operation 37 [1/7] (4.03ns)   --->   "%call_ret1 = call i96 @dense_latency<ap_fixed<16, 6, 5, 3, 0>, ap_fixed<16, 6, 5, 3, 0>, config2>, i128 %input_layer_read" [firmware/nnet_utils/nnet_dense.h:54->firmware/nnet_utils/nnet_dense.h:45->firmware/myproject.cpp:56]   --->   Operation 37 'call' 'call_ret1' <Predicate = true> <Delay = 4.03> <CoreType = "Generic">   --->   Core 0 '' <Latency = 0> <II = 1> <Delay = 1.00> <Generic> <Opcode : >
ST_7 : Operation 38 [1/1] (0.00ns)   --->   "%layer2_out = extractvalue i96 %call_ret1" [firmware/nnet_utils/nnet_dense.h:54->firmware/nnet_utils/nnet_dense.h:45->firmware/myproject.cpp:56]   --->   Operation 38 'extractvalue' 'layer2_out' <Predicate = true> <Delay = 0.00>
ST_7 : Operation 39 [1/1] (0.00ns)   --->   "%layer2_out_1 = extractvalue i96 %call_ret1" [firmware/nnet_utils/nnet_dense.h:54->firmware/nnet_utils/nnet_dense.h:45->firmware/myproject.cpp:56]   --->   Operation 39 'extractvalue' 'layer2_out_1' <Predicate = true> <Delay = 0.00>
ST_7 : Operation 40 [1/1] (0.00ns)   --->   "%layer2_out_2 = extractvalue i96 %call_ret1" [firmware/nnet_utils/nnet_dense.h:54->firmware/nnet_utils/nnet_dense.h:45->firmware/myproject.cpp:56]   --->   Operation 40 'extractvalue' 'layer2_out_2' <Predicate = true> <Delay = 0.00>
ST_7 : Operation 41 [1/1] (0.00ns)   --->   "%layer2_out_3 = extractvalue i96 %call_ret1" [firmware/nnet_utils/nnet_dense.h:54->firmware/nnet_utils/nnet_dense.h:45->firmware/myproject.cpp:56]   --->   Operation 41 'extractvalue' 'layer2_out_3' <Predicate = true> <Delay = 0.00>
ST_7 : Operation 42 [1/1] (0.00ns)   --->   "%layer2_out_4 = extractvalue i96 %call_ret1" [firmware/nnet_utils/nnet_dense.h:54->firmware/nnet_utils/nnet_dense.h:45->firmware/myproject.cpp:56]   --->   Operation 42 'extractvalue' 'layer2_out_4' <Predicate = true> <Delay = 0.00>
ST_7 : Operation 43 [1/1] (0.00ns)   --->   "%layer2_out_5 = extractvalue i96 %call_ret1" [firmware/nnet_utils/nnet_dense.h:54->firmware/nnet_utils/nnet_dense.h:45->firmware/myproject.cpp:56]   --->   Operation 43 'extractvalue' 'layer2_out_5' <Predicate = true> <Delay = 0.00>

State 8 <SV = 7> <Delay = 3.14>
ST_8 : Operation 44 [1/1] (3.14ns)   --->   "%call_ret2 = call i96 @relu<ap_fixed<16, 6, 5, 3, 0>, ap_fixed<16, 6, 5, 3, 0>, relu_config3>, i16 %layer2_out, i16 %layer2_out_1, i16 %layer2_out_2, i16 %layer2_out_3, i16 %layer2_out_4, i16 %layer2_out_5" [firmware/myproject.cpp:58]   --->   Operation 44 'call' 'call_ret2' <Predicate = true> <Delay = 3.14> <CoreType = "Generic">   --->   Core 0 '' <Latency = 0> <II = 1> <Delay = 1.00> <Generic> <Opcode : >
ST_8 : Operation 45 [1/1] (0.00ns)   --->   "%layer3_out = extractvalue i96 %call_ret2" [firmware/myproject.cpp:58]   --->   Operation 45 'extractvalue' 'layer3_out' <Predicate = true> <Delay = 0.00>
ST_8 : Operation 46 [1/1] (0.00ns)   --->   "%layer3_out_1 = extractvalue i96 %call_ret2" [firmware/myproject.cpp:58]   --->   Operation 46 'extractvalue' 'layer3_out_1' <Predicate = true> <Delay = 0.00>
ST_8 : Operation 47 [1/1] (0.00ns)   --->   "%layer3_out_2 = extractvalue i96 %call_ret2" [firmware/myproject.cpp:58]   --->   Operation 47 'extractvalue' 'layer3_out_2' <Predicate = true> <Delay = 0.00>
ST_8 : Operation 48 [1/1] (0.00ns)   --->   "%layer3_out_3 = extractvalue i96 %call_ret2" [firmware/myproject.cpp:58]   --->   Operation 48 'extractvalue' 'layer3_out_3' <Predicate = true> <Delay = 0.00>
ST_8 : Operation 49 [1/1] (0.00ns)   --->   "%layer3_out_4 = extractvalue i96 %call_ret2" [firmware/myproject.cpp:58]   --->   Operation 49 'extractvalue' 'layer3_out_4' <Predicate = true> <Delay = 0.00>
ST_8 : Operation 50 [1/1] (0.00ns)   --->   "%layer3_out_5 = extractvalue i96 %call_ret2" [firmware/myproject.cpp:58]   --->   Operation 50 'extractvalue' 'layer3_out_5' <Predicate = true> <Delay = 0.00>

State 9 <SV = 8> <Delay = 4.27>
ST_9 : Operation 51 [6/6] (4.27ns)   --->   "%call_ret3 = call i48 @dense_latency<ap_fixed<16, 6, 5, 3, 0>, ap_fixed<16, 6, 5, 3, 0>, config4>, i16 %layer3_out, i16 %layer3_out_1, i16 %layer3_out_2, i16 %layer3_out_3, i16 %layer3_out_4, i16 %layer3_out_5" [firmware/nnet_utils/nnet_dense.h:54->firmware/nnet_utils/nnet_dense.h:45->firmware/myproject.cpp:60]   --->   Operation 51 'call' 'call_ret3' <Predicate = true> <Delay = 4.27> <CoreType = "Generic">   --->   Core 0 '' <Latency = 0> <II = 1> <Delay = 1.00> <Generic> <Opcode : >

State 10 <SV = 9> <Delay = 4.27>
ST_10 : Operation 52 [5/6] (4.27ns)   --->   "%call_ret3 = call i48 @dense_latency<ap_fixed<16, 6, 5, 3, 0>, ap_fixed<16, 6, 5, 3, 0>, config4>, i16 %layer3_out, i16 %layer3_out_1, i16 %layer3_out_2, i16 %layer3_out_3, i16 %layer3_out_4, i16 %layer3_out_5" [firmware/nnet_utils/nnet_dense.h:54->firmware/nnet_utils/nnet_dense.h:45->firmware/myproject.cpp:60]   --->   Operation 52 'call' 'call_ret3' <Predicate = true> <Delay = 4.27> <CoreType = "Generic">   --->   Core 0 '' <Latency = 0> <II = 1> <Delay = 1.00> <Generic> <Opcode : >

State 11 <SV = 10> <Delay = 4.27>
ST_11 : Operation 53 [4/6] (4.27ns)   --->   "%call_ret3 = call i48 @dense_latency<ap_fixed<16, 6, 5, 3, 0>, ap_fixed<16, 6, 5, 3, 0>, config4>, i16 %layer3_out, i16 %layer3_out_1, i16 %layer3_out_2, i16 %layer3_out_3, i16 %layer3_out_4, i16 %layer3_out_5" [firmware/nnet_utils/nnet_dense.h:54->firmware/nnet_utils/nnet_dense.h:45->firmware/myproject.cpp:60]   --->   Operation 53 'call' 'call_ret3' <Predicate = true> <Delay = 4.27> <CoreType = "Generic">   --->   Core 0 '' <Latency = 0> <II = 1> <Delay = 1.00> <Generic> <Opcode : >

State 12 <SV = 11> <Delay = 4.27>
ST_12 : Operation 54 [3/6] (4.27ns)   --->   "%call_ret3 = call i48 @dense_latency<ap_fixed<16, 6, 5, 3, 0>, ap_fixed<16, 6, 5, 3, 0>, config4>, i16 %layer3_out, i16 %layer3_out_1, i16 %layer3_out_2, i16 %layer3_out_3, i16 %layer3_out_4, i16 %layer3_out_5" [firmware/nnet_utils/nnet_dense.h:54->firmware/nnet_utils/nnet_dense.h:45->firmware/myproject.cpp:60]   --->   Operation 54 'call' 'call_ret3' <Predicate = true> <Delay = 4.27> <CoreType = "Generic">   --->   Core 0 '' <Latency = 0> <II = 1> <Delay = 1.00> <Generic> <Opcode : >

State 13 <SV = 12> <Delay = 4.27>
ST_13 : Operation 55 [2/6] (4.27ns)   --->   "%call_ret3 = call i48 @dense_latency<ap_fixed<16, 6, 5, 3, 0>, ap_fixed<16, 6, 5, 3, 0>, config4>, i16 %layer3_out, i16 %layer3_out_1, i16 %layer3_out_2, i16 %layer3_out_3, i16 %layer3_out_4, i16 %layer3_out_5" [firmware/nnet_utils/nnet_dense.h:54->firmware/nnet_utils/nnet_dense.h:45->firmware/myproject.cpp:60]   --->   Operation 55 'call' 'call_ret3' <Predicate = true> <Delay = 4.27> <CoreType = "Generic">   --->   Core 0 '' <Latency = 0> <II = 1> <Delay = 1.00> <Generic> <Opcode : >

State 14 <SV = 13> <Delay = 4.03>
ST_14 : Operation 56 [1/6] (4.03ns)   --->   "%call_ret3 = call i48 @dense_latency<ap_fixed<16, 6, 5, 3, 0>, ap_fixed<16, 6, 5, 3, 0>, config4>, i16 %layer3_out, i16 %layer3_out_1, i16 %layer3_out_2, i16 %layer3_out_3, i16 %layer3_out_4, i16 %layer3_out_5" [firmware/nnet_utils/nnet_dense.h:54->firmware/nnet_utils/nnet_dense.h:45->firmware/myproject.cpp:60]   --->   Operation 56 'call' 'call_ret3' <Predicate = true> <Delay = 4.03> <CoreType = "Generic">   --->   Core 0 '' <Latency = 0> <II = 1> <Delay = 1.00> <Generic> <Opcode : >
ST_14 : Operation 57 [1/1] (0.00ns)   --->   "%layer4_out = extractvalue i48 %call_ret3" [firmware/nnet_utils/nnet_dense.h:54->firmware/nnet_utils/nnet_dense.h:45->firmware/myproject.cpp:60]   --->   Operation 57 'extractvalue' 'layer4_out' <Predicate = true> <Delay = 0.00>
ST_14 : Operation 58 [1/1] (0.00ns)   --->   "%layer4_out_1 = extractvalue i48 %call_ret3" [firmware/nnet_utils/nnet_dense.h:54->firmware/nnet_utils/nnet_dense.h:45->firmware/myproject.cpp:60]   --->   Operation 58 'extractvalue' 'layer4_out_1' <Predicate = true> <Delay = 0.00>
ST_14 : Operation 59 [1/1] (0.00ns)   --->   "%layer4_out_2 = extractvalue i48 %call_ret3" [firmware/nnet_utils/nnet_dense.h:54->firmware/nnet_utils/nnet_dense.h:45->firmware/myproject.cpp:60]   --->   Operation 59 'extractvalue' 'layer4_out_2' <Predicate = true> <Delay = 0.00>

State 15 <SV = 14> <Delay = 3.14>
ST_15 : Operation 60 [1/1] (3.14ns)   --->   "%call_ret4 = call i48 @relu<ap_fixed<16, 6, 5, 3, 0>, ap_fixed<16, 6, 5, 3, 0>, relu_config5>, i16 %layer4_out, i16 %layer4_out_1, i16 %layer4_out_2" [firmware/myproject.cpp:62]   --->   Operation 60 'call' 'call_ret4' <Predicate = true> <Delay = 3.14> <CoreType = "Generic">   --->   Core 0 '' <Latency = 0> <II = 1> <Delay = 1.00> <Generic> <Opcode : >
ST_15 : Operation 61 [1/1] (0.00ns)   --->   "%layer5_out = extractvalue i48 %call_ret4" [firmware/myproject.cpp:62]   --->   Operation 61 'extractvalue' 'layer5_out' <Predicate = true> <Delay = 0.00>
ST_15 : Operation 62 [1/1] (0.00ns)   --->   "%layer5_out_1 = extractvalue i48 %call_ret4" [firmware/myproject.cpp:62]   --->   Operation 62 'extractvalue' 'layer5_out_1' <Predicate = true> <Delay = 0.00>
ST_15 : Operation 63 [1/1] (0.00ns)   --->   "%layer5_out_2 = extractvalue i48 %call_ret4" [firmware/myproject.cpp:62]   --->   Operation 63 'extractvalue' 'layer5_out_2' <Predicate = true> <Delay = 0.00>

State 16 <SV = 15> <Delay = 3.35>
ST_16 : Operation 64 [6/6] (3.35ns)   --->   "%call_ret5 = call i96 @dense_latency<ap_fixed<16, 6, 5, 3, 0>, ap_fixed<16, 6, 5, 3, 0>, config6>, i16 %layer5_out, i16 %layer5_out_1, i16 %layer5_out_2" [firmware/nnet_utils/nnet_dense.h:54->firmware/nnet_utils/nnet_dense.h:45->firmware/myproject.cpp:64]   --->   Operation 64 'call' 'call_ret5' <Predicate = true> <Delay = 3.35> <CoreType = "Generic">   --->   Core 0 '' <Latency = 0> <II = 1> <Delay = 1.00> <Generic> <Opcode : >

State 17 <SV = 16> <Delay = 4.32>
ST_17 : Operation 65 [5/6] (4.32ns)   --->   "%call_ret5 = call i96 @dense_latency<ap_fixed<16, 6, 5, 3, 0>, ap_fixed<16, 6, 5, 3, 0>, config6>, i16 %layer5_out, i16 %layer5_out_1, i16 %layer5_out_2" [firmware/nnet_utils/nnet_dense.h:54->firmware/nnet_utils/nnet_dense.h:45->firmware/myproject.cpp:64]   --->   Operation 65 'call' 'call_ret5' <Predicate = true> <Delay = 4.32> <CoreType = "Generic">   --->   Core 0 '' <Latency = 0> <II = 1> <Delay = 1.00> <Generic> <Opcode : >

State 18 <SV = 17> <Delay = 4.32>
ST_18 : Operation 66 [4/6] (4.32ns)   --->   "%call_ret5 = call i96 @dense_latency<ap_fixed<16, 6, 5, 3, 0>, ap_fixed<16, 6, 5, 3, 0>, config6>, i16 %layer5_out, i16 %layer5_out_1, i16 %layer5_out_2" [firmware/nnet_utils/nnet_dense.h:54->firmware/nnet_utils/nnet_dense.h:45->firmware/myproject.cpp:64]   --->   Operation 66 'call' 'call_ret5' <Predicate = true> <Delay = 4.32> <CoreType = "Generic">   --->   Core 0 '' <Latency = 0> <II = 1> <Delay = 1.00> <Generic> <Opcode : >

State 19 <SV = 18> <Delay = 4.32>
ST_19 : Operation 67 [3/6] (4.32ns)   --->   "%call_ret5 = call i96 @dense_latency<ap_fixed<16, 6, 5, 3, 0>, ap_fixed<16, 6, 5, 3, 0>, config6>, i16 %layer5_out, i16 %layer5_out_1, i16 %layer5_out_2" [firmware/nnet_utils/nnet_dense.h:54->firmware/nnet_utils/nnet_dense.h:45->firmware/myproject.cpp:64]   --->   Operation 67 'call' 'call_ret5' <Predicate = true> <Delay = 4.32> <CoreType = "Generic">   --->   Core 0 '' <Latency = 0> <II = 1> <Delay = 1.00> <Generic> <Opcode : >

State 20 <SV = 19> <Delay = 4.32>
ST_20 : Operation 68 [2/6] (4.32ns)   --->   "%call_ret5 = call i96 @dense_latency<ap_fixed<16, 6, 5, 3, 0>, ap_fixed<16, 6, 5, 3, 0>, config6>, i16 %layer5_out, i16 %layer5_out_1, i16 %layer5_out_2" [firmware/nnet_utils/nnet_dense.h:54->firmware/nnet_utils/nnet_dense.h:45->firmware/myproject.cpp:64]   --->   Operation 68 'call' 'call_ret5' <Predicate = true> <Delay = 4.32> <CoreType = "Generic">   --->   Core 0 '' <Latency = 0> <II = 1> <Delay = 1.00> <Generic> <Opcode : >

State 21 <SV = 20> <Delay = 4.03>
ST_21 : Operation 69 [1/6] (4.03ns)   --->   "%call_ret5 = call i96 @dense_latency<ap_fixed<16, 6, 5, 3, 0>, ap_fixed<16, 6, 5, 3, 0>, config6>, i16 %layer5_out, i16 %layer5_out_1, i16 %layer5_out_2" [firmware/nnet_utils/nnet_dense.h:54->firmware/nnet_utils/nnet_dense.h:45->firmware/myproject.cpp:64]   --->   Operation 69 'call' 'call_ret5' <Predicate = true> <Delay = 4.03> <CoreType = "Generic">   --->   Core 0 '' <Latency = 0> <II = 1> <Delay = 1.00> <Generic> <Opcode : >
ST_21 : Operation 70 [1/1] (0.00ns)   --->   "%layer6_out = extractvalue i96 %call_ret5" [firmware/nnet_utils/nnet_dense.h:54->firmware/nnet_utils/nnet_dense.h:45->firmware/myproject.cpp:64]   --->   Operation 70 'extractvalue' 'layer6_out' <Predicate = true> <Delay = 0.00>
ST_21 : Operation 71 [1/1] (0.00ns)   --->   "%layer6_out_1 = extractvalue i96 %call_ret5" [firmware/nnet_utils/nnet_dense.h:54->firmware/nnet_utils/nnet_dense.h:45->firmware/myproject.cpp:64]   --->   Operation 71 'extractvalue' 'layer6_out_1' <Predicate = true> <Delay = 0.00>
ST_21 : Operation 72 [1/1] (0.00ns)   --->   "%layer6_out_2 = extractvalue i96 %call_ret5" [firmware/nnet_utils/nnet_dense.h:54->firmware/nnet_utils/nnet_dense.h:45->firmware/myproject.cpp:64]   --->   Operation 72 'extractvalue' 'layer6_out_2' <Predicate = true> <Delay = 0.00>
ST_21 : Operation 73 [1/1] (0.00ns)   --->   "%layer6_out_3 = extractvalue i96 %call_ret5" [firmware/nnet_utils/nnet_dense.h:54->firmware/nnet_utils/nnet_dense.h:45->firmware/myproject.cpp:64]   --->   Operation 73 'extractvalue' 'layer6_out_3' <Predicate = true> <Delay = 0.00>
ST_21 : Operation 74 [1/1] (0.00ns)   --->   "%layer6_out_4 = extractvalue i96 %call_ret5" [firmware/nnet_utils/nnet_dense.h:54->firmware/nnet_utils/nnet_dense.h:45->firmware/myproject.cpp:64]   --->   Operation 74 'extractvalue' 'layer6_out_4' <Predicate = true> <Delay = 0.00>
ST_21 : Operation 75 [1/1] (0.00ns)   --->   "%layer6_out_5 = extractvalue i96 %call_ret5" [firmware/nnet_utils/nnet_dense.h:54->firmware/nnet_utils/nnet_dense.h:45->firmware/myproject.cpp:64]   --->   Operation 75 'extractvalue' 'layer6_out_5' <Predicate = true> <Delay = 0.00>

State 22 <SV = 21> <Delay = 3.14>
ST_22 : Operation 76 [1/1] (3.14ns)   --->   "%call_ret = call i96 @relu<ap_fixed<16, 6, 5, 3, 0>, ap_fixed<16, 6, 5, 3, 0>, relu_config7>, i16 %layer6_out, i16 %layer6_out_1, i16 %layer6_out_2, i16 %layer6_out_3, i16 %layer6_out_4, i16 %layer6_out_5" [firmware/myproject.cpp:66]   --->   Operation 76 'call' 'call_ret' <Predicate = true> <Delay = 3.14> <CoreType = "Generic">   --->   Core 0 '' <Latency = 0> <II = 1> <Delay = 1.00> <Generic> <Opcode : >
ST_22 : Operation 77 [1/1] (0.00ns)   --->   "%layer7_out = extractvalue i96 %call_ret" [firmware/myproject.cpp:66]   --->   Operation 77 'extractvalue' 'layer7_out' <Predicate = true> <Delay = 0.00>
ST_22 : Operation 78 [1/1] (0.00ns)   --->   "%layer7_out_1 = extractvalue i96 %call_ret" [firmware/myproject.cpp:66]   --->   Operation 78 'extractvalue' 'layer7_out_1' <Predicate = true> <Delay = 0.00>
ST_22 : Operation 79 [1/1] (0.00ns)   --->   "%layer7_out_2 = extractvalue i96 %call_ret" [firmware/myproject.cpp:66]   --->   Operation 79 'extractvalue' 'layer7_out_2' <Predicate = true> <Delay = 0.00>
ST_22 : Operation 80 [1/1] (0.00ns)   --->   "%layer7_out_3 = extractvalue i96 %call_ret" [firmware/myproject.cpp:66]   --->   Operation 80 'extractvalue' 'layer7_out_3' <Predicate = true> <Delay = 0.00>
ST_22 : Operation 81 [1/1] (0.00ns)   --->   "%layer7_out_4 = extractvalue i96 %call_ret" [firmware/myproject.cpp:66]   --->   Operation 81 'extractvalue' 'layer7_out_4' <Predicate = true> <Delay = 0.00>
ST_22 : Operation 82 [1/1] (0.00ns)   --->   "%layer7_out_5 = extractvalue i96 %call_ret" [firmware/myproject.cpp:66]   --->   Operation 82 'extractvalue' 'layer7_out_5' <Predicate = true> <Delay = 0.00>

State 23 <SV = 22> <Delay = 3.35>
ST_23 : Operation 83 [7/7] (3.35ns)   --->   "%call_ret6 = call i128 @dense_latency<ap_fixed<16, 6, 5, 3, 0>, ap_fixed<16, 6, 5, 3, 0>, config8>, i16 %layer7_out, i16 %layer7_out_1, i16 %layer7_out_2, i16 %layer7_out_3, i16 %layer7_out_4, i16 %layer7_out_5" [firmware/nnet_utils/nnet_dense.h:54->firmware/nnet_utils/nnet_dense.h:45->firmware/myproject.cpp:68]   --->   Operation 83 'call' 'call_ret6' <Predicate = true> <Delay = 3.35> <CoreType = "Generic">   --->   Core 0 '' <Latency = 0> <II = 1> <Delay = 1.00> <Generic> <Opcode : >

State 24 <SV = 23> <Delay = 4.37>
ST_24 : Operation 84 [6/7] (4.37ns)   --->   "%call_ret6 = call i128 @dense_latency<ap_fixed<16, 6, 5, 3, 0>, ap_fixed<16, 6, 5, 3, 0>, config8>, i16 %layer7_out, i16 %layer7_out_1, i16 %layer7_out_2, i16 %layer7_out_3, i16 %layer7_out_4, i16 %layer7_out_5" [firmware/nnet_utils/nnet_dense.h:54->firmware/nnet_utils/nnet_dense.h:45->firmware/myproject.cpp:68]   --->   Operation 84 'call' 'call_ret6' <Predicate = true> <Delay = 4.37> <CoreType = "Generic">   --->   Core 0 '' <Latency = 0> <II = 1> <Delay = 1.00> <Generic> <Opcode : >

State 25 <SV = 24> <Delay = 4.37>
ST_25 : Operation 85 [5/7] (4.37ns)   --->   "%call_ret6 = call i128 @dense_latency<ap_fixed<16, 6, 5, 3, 0>, ap_fixed<16, 6, 5, 3, 0>, config8>, i16 %layer7_out, i16 %layer7_out_1, i16 %layer7_out_2, i16 %layer7_out_3, i16 %layer7_out_4, i16 %layer7_out_5" [firmware/nnet_utils/nnet_dense.h:54->firmware/nnet_utils/nnet_dense.h:45->firmware/myproject.cpp:68]   --->   Operation 85 'call' 'call_ret6' <Predicate = true> <Delay = 4.37> <CoreType = "Generic">   --->   Core 0 '' <Latency = 0> <II = 1> <Delay = 1.00> <Generic> <Opcode : >

State 26 <SV = 25> <Delay = 4.37>
ST_26 : Operation 86 [4/7] (4.37ns)   --->   "%call_ret6 = call i128 @dense_latency<ap_fixed<16, 6, 5, 3, 0>, ap_fixed<16, 6, 5, 3, 0>, config8>, i16 %layer7_out, i16 %layer7_out_1, i16 %layer7_out_2, i16 %layer7_out_3, i16 %layer7_out_4, i16 %layer7_out_5" [firmware/nnet_utils/nnet_dense.h:54->firmware/nnet_utils/nnet_dense.h:45->firmware/myproject.cpp:68]   --->   Operation 86 'call' 'call_ret6' <Predicate = true> <Delay = 4.37> <CoreType = "Generic">   --->   Core 0 '' <Latency = 0> <II = 1> <Delay = 1.00> <Generic> <Opcode : >

State 27 <SV = 26> <Delay = 4.37>
ST_27 : Operation 87 [3/7] (4.37ns)   --->   "%call_ret6 = call i128 @dense_latency<ap_fixed<16, 6, 5, 3, 0>, ap_fixed<16, 6, 5, 3, 0>, config8>, i16 %layer7_out, i16 %layer7_out_1, i16 %layer7_out_2, i16 %layer7_out_3, i16 %layer7_out_4, i16 %layer7_out_5" [firmware/nnet_utils/nnet_dense.h:54->firmware/nnet_utils/nnet_dense.h:45->firmware/myproject.cpp:68]   --->   Operation 87 'call' 'call_ret6' <Predicate = true> <Delay = 4.37> <CoreType = "Generic">   --->   Core 0 '' <Latency = 0> <II = 1> <Delay = 1.00> <Generic> <Opcode : >

State 28 <SV = 27> <Delay = 4.37>
ST_28 : Operation 88 [2/7] (4.37ns)   --->   "%call_ret6 = call i128 @dense_latency<ap_fixed<16, 6, 5, 3, 0>, ap_fixed<16, 6, 5, 3, 0>, config8>, i16 %layer7_out, i16 %layer7_out_1, i16 %layer7_out_2, i16 %layer7_out_3, i16 %layer7_out_4, i16 %layer7_out_5" [firmware/nnet_utils/nnet_dense.h:54->firmware/nnet_utils/nnet_dense.h:45->firmware/myproject.cpp:68]   --->   Operation 88 'call' 'call_ret6' <Predicate = true> <Delay = 4.37> <CoreType = "Generic">   --->   Core 0 '' <Latency = 0> <II = 1> <Delay = 1.00> <Generic> <Opcode : >

State 29 <SV = 28> <Delay = 4.03>
ST_29 : Operation 89 [1/1] (0.00ns)   --->   "%specpipeline_ln0 = specpipeline void @_ssdm_op_SpecPipeline, i32 4294967295, i32 0, i32 0, i32 0, void @empty_0"   --->   Operation 89 'specpipeline' 'specpipeline_ln0' <Predicate = true> <Delay = 0.00>
ST_29 : Operation 90 [1/1] (0.00ns)   --->   "%spectopmodule_ln0 = spectopmodule void @_ssdm_op_SpecTopModule, void @empty_2"   --->   Operation 90 'spectopmodule' 'spectopmodule_ln0' <Predicate = true> <Delay = 0.00>
ST_29 : Operation 91 [1/1] (0.00ns)   --->   "%specbitsmap_ln0 = specbitsmap void @_ssdm_op_SpecBitsMap, i128 %input_layer"   --->   Operation 91 'specbitsmap' 'specbitsmap_ln0' <Predicate = true> <Delay = 0.00>
ST_29 : Operation 92 [1/1] (0.00ns)   --->   "%specinterface_ln0 = specinterface void @_ssdm_op_SpecInterface, i128 %input_layer, void @empty, i32 0, i32 0, void @empty_0, i32 0, i32 0, void @empty_0, void @empty_0, void @empty_0, i32 0, i32 0, i32 0, i32 0, void @empty_0, void @empty_0, i32 4294967295, i32 0"   --->   Operation 92 'specinterface' 'specinterface_ln0' <Predicate = true> <Delay = 0.00>
ST_29 : Operation 93 [1/1] (0.00ns)   --->   "%specbitsmap_ln0 = specbitsmap void @_ssdm_op_SpecBitsMap, i16 %layer8_out_0"   --->   Operation 93 'specbitsmap' 'specbitsmap_ln0' <Predicate = true> <Delay = 0.00>
ST_29 : Operation 94 [1/1] (0.00ns)   --->   "%specinterface_ln0 = specinterface void @_ssdm_op_SpecInterface, i16 %layer8_out_0, void @empty, i32 0, i32 0, void @empty_0, i32 0, i32 0, void @empty_0, void @empty_0, void @empty_0, i32 0, i32 0, i32 0, i32 0, void @empty_0, void @empty_0, i32 4294967295, i32 0"   --->   Operation 94 'specinterface' 'specinterface_ln0' <Predicate = true> <Delay = 0.00>
ST_29 : Operation 95 [1/1] (0.00ns)   --->   "%specbitsmap_ln0 = specbitsmap void @_ssdm_op_SpecBitsMap, i16 %layer8_out_1"   --->   Operation 95 'specbitsmap' 'specbitsmap_ln0' <Predicate = true> <Delay = 0.00>
ST_29 : Operation 96 [1/1] (0.00ns)   --->   "%specinterface_ln0 = specinterface void @_ssdm_op_SpecInterface, i16 %layer8_out_1, void @empty, i32 0, i32 0, void @empty_0, i32 0, i32 0, void @empty_0, void @empty_0, void @empty_0, i32 0, i32 0, i32 0, i32 0, void @empty_0, void @empty_0, i32 4294967295, i32 0"   --->   Operation 96 'specinterface' 'specinterface_ln0' <Predicate = true> <Delay = 0.00>
ST_29 : Operation 97 [1/1] (0.00ns)   --->   "%specbitsmap_ln0 = specbitsmap void @_ssdm_op_SpecBitsMap, i16 %layer8_out_2"   --->   Operation 97 'specbitsmap' 'specbitsmap_ln0' <Predicate = true> <Delay = 0.00>
ST_29 : Operation 98 [1/1] (0.00ns)   --->   "%specinterface_ln0 = specinterface void @_ssdm_op_SpecInterface, i16 %layer8_out_2, void @empty, i32 0, i32 0, void @empty_0, i32 0, i32 0, void @empty_0, void @empty_0, void @empty_0, i32 0, i32 0, i32 0, i32 0, void @empty_0, void @empty_0, i32 4294967295, i32 0"   --->   Operation 98 'specinterface' 'specinterface_ln0' <Predicate = true> <Delay = 0.00>
ST_29 : Operation 99 [1/1] (0.00ns)   --->   "%specbitsmap_ln0 = specbitsmap void @_ssdm_op_SpecBitsMap, i16 %layer8_out_3"   --->   Operation 99 'specbitsmap' 'specbitsmap_ln0' <Predicate = true> <Delay = 0.00>
ST_29 : Operation 100 [1/1] (0.00ns)   --->   "%specinterface_ln0 = specinterface void @_ssdm_op_SpecInterface, i16 %layer8_out_3, void @empty, i32 0, i32 0, void @empty_0, i32 0, i32 0, void @empty_0, void @empty_0, void @empty_0, i32 0, i32 0, i32 0, i32 0, void @empty_0, void @empty_0, i32 4294967295, i32 0"   --->   Operation 100 'specinterface' 'specinterface_ln0' <Predicate = true> <Delay = 0.00>
ST_29 : Operation 101 [1/1] (0.00ns)   --->   "%specbitsmap_ln0 = specbitsmap void @_ssdm_op_SpecBitsMap, i16 %layer8_out_4"   --->   Operation 101 'specbitsmap' 'specbitsmap_ln0' <Predicate = true> <Delay = 0.00>
ST_29 : Operation 102 [1/1] (0.00ns)   --->   "%specinterface_ln0 = specinterface void @_ssdm_op_SpecInterface, i16 %layer8_out_4, void @empty, i32 0, i32 0, void @empty_0, i32 0, i32 0, void @empty_0, void @empty_0, void @empty_0, i32 0, i32 0, i32 0, i32 0, void @empty_0, void @empty_0, i32 4294967295, i32 0"   --->   Operation 102 'specinterface' 'specinterface_ln0' <Predicate = true> <Delay = 0.00>
ST_29 : Operation 103 [1/1] (0.00ns)   --->   "%specbitsmap_ln0 = specbitsmap void @_ssdm_op_SpecBitsMap, i16 %layer8_out_5"   --->   Operation 103 'specbitsmap' 'specbitsmap_ln0' <Predicate = true> <Delay = 0.00>
ST_29 : Operation 104 [1/1] (0.00ns)   --->   "%specinterface_ln0 = specinterface void @_ssdm_op_SpecInterface, i16 %layer8_out_5, void @empty, i32 0, i32 0, void @empty_0, i32 0, i32 0, void @empty_0, void @empty_0, void @empty_0, i32 0, i32 0, i32 0, i32 0, void @empty_0, void @empty_0, i32 4294967295, i32 0"   --->   Operation 104 'specinterface' 'specinterface_ln0' <Predicate = true> <Delay = 0.00>
ST_29 : Operation 105 [1/1] (0.00ns)   --->   "%specbitsmap_ln0 = specbitsmap void @_ssdm_op_SpecBitsMap, i16 %layer8_out_6"   --->   Operation 105 'specbitsmap' 'specbitsmap_ln0' <Predicate = true> <Delay = 0.00>
ST_29 : Operation 106 [1/1] (0.00ns)   --->   "%specinterface_ln0 = specinterface void @_ssdm_op_SpecInterface, i16 %layer8_out_6, void @empty, i32 0, i32 0, void @empty_0, i32 0, i32 0, void @empty_0, void @empty_0, void @empty_0, i32 0, i32 0, i32 0, i32 0, void @empty_0, void @empty_0, i32 4294967295, i32 0"   --->   Operation 106 'specinterface' 'specinterface_ln0' <Predicate = true> <Delay = 0.00>
ST_29 : Operation 107 [1/1] (0.00ns)   --->   "%specbitsmap_ln0 = specbitsmap void @_ssdm_op_SpecBitsMap, i16 %layer8_out_7"   --->   Operation 107 'specbitsmap' 'specbitsmap_ln0' <Predicate = true> <Delay = 0.00>
ST_29 : Operation 108 [1/1] (0.00ns)   --->   "%specinterface_ln0 = specinterface void @_ssdm_op_SpecInterface, i16 %layer8_out_7, void @empty, i32 0, i32 0, void @empty_0, i32 0, i32 0, void @empty_0, void @empty_0, void @empty_0, i32 0, i32 0, i32 0, i32 0, void @empty_0, void @empty_0, i32 4294967295, i32 0"   --->   Operation 108 'specinterface' 'specinterface_ln0' <Predicate = true> <Delay = 0.00>
ST_29 : Operation 109 [1/7] (4.03ns)   --->   "%call_ret6 = call i128 @dense_latency<ap_fixed<16, 6, 5, 3, 0>, ap_fixed<16, 6, 5, 3, 0>, config8>, i16 %layer7_out, i16 %layer7_out_1, i16 %layer7_out_2, i16 %layer7_out_3, i16 %layer7_out_4, i16 %layer7_out_5" [firmware/nnet_utils/nnet_dense.h:54->firmware/nnet_utils/nnet_dense.h:45->firmware/myproject.cpp:68]   --->   Operation 109 'call' 'call_ret6' <Predicate = true> <Delay = 4.03> <CoreType = "Generic">   --->   Core 0 '' <Latency = 0> <II = 1> <Delay = 1.00> <Generic> <Opcode : >
ST_29 : Operation 110 [1/1] (0.00ns)   --->   "%layer8_out_0_ret = extractvalue i128 %call_ret6" [firmware/nnet_utils/nnet_dense.h:54->firmware/nnet_utils/nnet_dense.h:45->firmware/myproject.cpp:68]   --->   Operation 110 'extractvalue' 'layer8_out_0_ret' <Predicate = true> <Delay = 0.00>
ST_29 : Operation 111 [1/1] (0.00ns)   --->   "%write_ln54 = write void @_ssdm_op_Write.ap_vld.i16P0A, i16 %layer8_out_0, i16 %layer8_out_0_ret" [firmware/nnet_utils/nnet_dense.h:54->firmware/nnet_utils/nnet_dense.h:45->firmware/myproject.cpp:68]   --->   Operation 111 'write' 'write_ln54' <Predicate = true> <Delay = 0.00>
ST_29 : Operation 112 [1/1] (0.00ns)   --->   "%layer8_out_1_ret = extractvalue i128 %call_ret6" [firmware/nnet_utils/nnet_dense.h:54->firmware/nnet_utils/nnet_dense.h:45->firmware/myproject.cpp:68]   --->   Operation 112 'extractvalue' 'layer8_out_1_ret' <Predicate = true> <Delay = 0.00>
ST_29 : Operation 113 [1/1] (0.00ns)   --->   "%write_ln54 = write void @_ssdm_op_Write.ap_vld.i16P0A, i16 %layer8_out_1, i16 %layer8_out_1_ret" [firmware/nnet_utils/nnet_dense.h:54->firmware/nnet_utils/nnet_dense.h:45->firmware/myproject.cpp:68]   --->   Operation 113 'write' 'write_ln54' <Predicate = true> <Delay = 0.00>
ST_29 : Operation 114 [1/1] (0.00ns)   --->   "%layer8_out_2_ret = extractvalue i128 %call_ret6" [firmware/nnet_utils/nnet_dense.h:54->firmware/nnet_utils/nnet_dense.h:45->firmware/myproject.cpp:68]   --->   Operation 114 'extractvalue' 'layer8_out_2_ret' <Predicate = true> <Delay = 0.00>
ST_29 : Operation 115 [1/1] (0.00ns)   --->   "%write_ln54 = write void @_ssdm_op_Write.ap_vld.i16P0A, i16 %layer8_out_2, i16 %layer8_out_2_ret" [firmware/nnet_utils/nnet_dense.h:54->firmware/nnet_utils/nnet_dense.h:45->firmware/myproject.cpp:68]   --->   Operation 115 'write' 'write_ln54' <Predicate = true> <Delay = 0.00>
ST_29 : Operation 116 [1/1] (0.00ns)   --->   "%layer8_out_3_ret = extractvalue i128 %call_ret6" [firmware/nnet_utils/nnet_dense.h:54->firmware/nnet_utils/nnet_dense.h:45->firmware/myproject.cpp:68]   --->   Operation 116 'extractvalue' 'layer8_out_3_ret' <Predicate = true> <Delay = 0.00>
ST_29 : Operation 117 [1/1] (0.00ns)   --->   "%write_ln54 = write void @_ssdm_op_Write.ap_vld.i16P0A, i16 %layer8_out_3, i16 %layer8_out_3_ret" [firmware/nnet_utils/nnet_dense.h:54->firmware/nnet_utils/nnet_dense.h:45->firmware/myproject.cpp:68]   --->   Operation 117 'write' 'write_ln54' <Predicate = true> <Delay = 0.00>
ST_29 : Operation 118 [1/1] (0.00ns)   --->   "%layer8_out_4_ret = extractvalue i128 %call_ret6" [firmware/nnet_utils/nnet_dense.h:54->firmware/nnet_utils/nnet_dense.h:45->firmware/myproject.cpp:68]   --->   Operation 118 'extractvalue' 'layer8_out_4_ret' <Predicate = true> <Delay = 0.00>
ST_29 : Operation 119 [1/1] (0.00ns)   --->   "%write_ln54 = write void @_ssdm_op_Write.ap_vld.i16P0A, i16 %layer8_out_4, i16 %layer8_out_4_ret" [firmware/nnet_utils/nnet_dense.h:54->firmware/nnet_utils/nnet_dense.h:45->firmware/myproject.cpp:68]   --->   Operation 119 'write' 'write_ln54' <Predicate = true> <Delay = 0.00>
ST_29 : Operation 120 [1/1] (0.00ns)   --->   "%layer8_out_5_ret = extractvalue i128 %call_ret6" [firmware/nnet_utils/nnet_dense.h:54->firmware/nnet_utils/nnet_dense.h:45->firmware/myproject.cpp:68]   --->   Operation 120 'extractvalue' 'layer8_out_5_ret' <Predicate = true> <Delay = 0.00>
ST_29 : Operation 121 [1/1] (0.00ns)   --->   "%write_ln54 = write void @_ssdm_op_Write.ap_vld.i16P0A, i16 %layer8_out_5, i16 %layer8_out_5_ret" [firmware/nnet_utils/nnet_dense.h:54->firmware/nnet_utils/nnet_dense.h:45->firmware/myproject.cpp:68]   --->   Operation 121 'write' 'write_ln54' <Predicate = true> <Delay = 0.00>
ST_29 : Operation 122 [1/1] (0.00ns)   --->   "%layer8_out_6_ret = extractvalue i128 %call_ret6" [firmware/nnet_utils/nnet_dense.h:54->firmware/nnet_utils/nnet_dense.h:45->firmware/myproject.cpp:68]   --->   Operation 122 'extractvalue' 'layer8_out_6_ret' <Predicate = true> <Delay = 0.00>
ST_29 : Operation 123 [1/1] (0.00ns)   --->   "%write_ln54 = write void @_ssdm_op_Write.ap_vld.i16P0A, i16 %layer8_out_6, i16 %layer8_out_6_ret" [firmware/nnet_utils/nnet_dense.h:54->firmware/nnet_utils/nnet_dense.h:45->firmware/myproject.cpp:68]   --->   Operation 123 'write' 'write_ln54' <Predicate = true> <Delay = 0.00>
ST_29 : Operation 124 [1/1] (0.00ns)   --->   "%layer8_out_7_ret = extractvalue i128 %call_ret6" [firmware/nnet_utils/nnet_dense.h:54->firmware/nnet_utils/nnet_dense.h:45->firmware/myproject.cpp:68]   --->   Operation 124 'extractvalue' 'layer8_out_7_ret' <Predicate = true> <Delay = 0.00>
ST_29 : Operation 125 [1/1] (0.00ns)   --->   "%write_ln54 = write void @_ssdm_op_Write.ap_vld.i16P0A, i16 %layer8_out_7, i16 %layer8_out_7_ret" [firmware/nnet_utils/nnet_dense.h:54->firmware/nnet_utils/nnet_dense.h:45->firmware/myproject.cpp:68]   --->   Operation 125 'write' 'write_ln54' <Predicate = true> <Delay = 0.00>
ST_29 : Operation 126 [1/1] (0.00ns)   --->   "%ret_ln70 = ret" [firmware/myproject.cpp:70]   --->   Operation 126 'ret' 'ret_ln70' <Predicate = true> <Delay = 0.00>


============================================================
+ Verbose Summary: Timing violations
============================================================
Target clock period: 5.000ns, clock uncertainty: 0.625ns.

 <State 1>: 4.271ns
The critical path consists of the following:
	wire read operation ('input_layer_read') on port 'input_layer' [30]  (0.000 ns)
	'call' operation 96 bit ('call_ret1', firmware/nnet_utils/nnet_dense.h:54->firmware/nnet_utils/nnet_dense.h:45->firmware/myproject.cpp:56) to 'dense_latency<ap_fixed<16, 6, 5, 3, 0>, ap_fixed<16, 6, 5, 3, 0>, config2>' [31]  (4.271 ns)

 <State 2>: 4.284ns
The critical path consists of the following:
	'call' operation 96 bit ('call_ret1', firmware/nnet_utils/nnet_dense.h:54->firmware/nnet_utils/nnet_dense.h:45->firmware/myproject.cpp:56) to 'dense_latency<ap_fixed<16, 6, 5, 3, 0>, ap_fixed<16, 6, 5, 3, 0>, config2>' [31]  (4.284 ns)

 <State 3>: 4.284ns
The critical path consists of the following:
	'call' operation 96 bit ('call_ret1', firmware/nnet_utils/nnet_dense.h:54->firmware/nnet_utils/nnet_dense.h:45->firmware/myproject.cpp:56) to 'dense_latency<ap_fixed<16, 6, 5, 3, 0>, ap_fixed<16, 6, 5, 3, 0>, config2>' [31]  (4.284 ns)

 <State 4>: 4.284ns
The critical path consists of the following:
	'call' operation 96 bit ('call_ret1', firmware/nnet_utils/nnet_dense.h:54->firmware/nnet_utils/nnet_dense.h:45->firmware/myproject.cpp:56) to 'dense_latency<ap_fixed<16, 6, 5, 3, 0>, ap_fixed<16, 6, 5, 3, 0>, config2>' [31]  (4.284 ns)

 <State 5>: 4.284ns
The critical path consists of the following:
	'call' operation 96 bit ('call_ret1', firmware/nnet_utils/nnet_dense.h:54->firmware/nnet_utils/nnet_dense.h:45->firmware/myproject.cpp:56) to 'dense_latency<ap_fixed<16, 6, 5, 3, 0>, ap_fixed<16, 6, 5, 3, 0>, config2>' [31]  (4.284 ns)

 <State 6>: 4.284ns
The critical path consists of the following:
	'call' operation 96 bit ('call_ret1', firmware/nnet_utils/nnet_dense.h:54->firmware/nnet_utils/nnet_dense.h:45->firmware/myproject.cpp:56) to 'dense_latency<ap_fixed<16, 6, 5, 3, 0>, ap_fixed<16, 6, 5, 3, 0>, config2>' [31]  (4.284 ns)

 <State 7>: 4.037ns
The critical path consists of the following:
	'call' operation 96 bit ('call_ret1', firmware/nnet_utils/nnet_dense.h:54->firmware/nnet_utils/nnet_dense.h:45->firmware/myproject.cpp:56) to 'dense_latency<ap_fixed<16, 6, 5, 3, 0>, ap_fixed<16, 6, 5, 3, 0>, config2>' [31]  (4.037 ns)

 <State 8>: 3.141ns
The critical path consists of the following:
	'call' operation 96 bit ('call_ret2', firmware/myproject.cpp:58) to 'relu<ap_fixed<16, 6, 5, 3, 0>, ap_fixed<16, 6, 5, 3, 0>, relu_config3>' [38]  (3.141 ns)

 <State 9>: 4.271ns
The critical path consists of the following:
	'call' operation 48 bit ('call_ret3', firmware/nnet_utils/nnet_dense.h:54->firmware/nnet_utils/nnet_dense.h:45->firmware/myproject.cpp:60) to 'dense_latency<ap_fixed<16, 6, 5, 3, 0>, ap_fixed<16, 6, 5, 3, 0>, config4>' [45]  (4.271 ns)

 <State 10>: 4.271ns
The critical path consists of the following:
	'call' operation 48 bit ('call_ret3', firmware/nnet_utils/nnet_dense.h:54->firmware/nnet_utils/nnet_dense.h:45->firmware/myproject.cpp:60) to 'dense_latency<ap_fixed<16, 6, 5, 3, 0>, ap_fixed<16, 6, 5, 3, 0>, config4>' [45]  (4.271 ns)

 <State 11>: 4.271ns
The critical path consists of the following:
	'call' operation 48 bit ('call_ret3', firmware/nnet_utils/nnet_dense.h:54->firmware/nnet_utils/nnet_dense.h:45->firmware/myproject.cpp:60) to 'dense_latency<ap_fixed<16, 6, 5, 3, 0>, ap_fixed<16, 6, 5, 3, 0>, config4>' [45]  (4.271 ns)

 <State 12>: 4.271ns
The critical path consists of the following:
	'call' operation 48 bit ('call_ret3', firmware/nnet_utils/nnet_dense.h:54->firmware/nnet_utils/nnet_dense.h:45->firmware/myproject.cpp:60) to 'dense_latency<ap_fixed<16, 6, 5, 3, 0>, ap_fixed<16, 6, 5, 3, 0>, config4>' [45]  (4.271 ns)

 <State 13>: 4.271ns
The critical path consists of the following:
	'call' operation 48 bit ('call_ret3', firmware/nnet_utils/nnet_dense.h:54->firmware/nnet_utils/nnet_dense.h:45->firmware/myproject.cpp:60) to 'dense_latency<ap_fixed<16, 6, 5, 3, 0>, ap_fixed<16, 6, 5, 3, 0>, config4>' [45]  (4.271 ns)

 <State 14>: 4.037ns
The critical path consists of the following:
	'call' operation 48 bit ('call_ret3', firmware/nnet_utils/nnet_dense.h:54->firmware/nnet_utils/nnet_dense.h:45->firmware/myproject.cpp:60) to 'dense_latency<ap_fixed<16, 6, 5, 3, 0>, ap_fixed<16, 6, 5, 3, 0>, config4>' [45]  (4.037 ns)

 <State 15>: 3.141ns
The critical path consists of the following:
	'call' operation 48 bit ('call_ret4', firmware/myproject.cpp:62) to 'relu<ap_fixed<16, 6, 5, 3, 0>, ap_fixed<16, 6, 5, 3, 0>, relu_config5>' [49]  (3.141 ns)

 <State 16>: 3.352ns
The critical path consists of the following:
	'call' operation 96 bit ('call_ret5', firmware/nnet_utils/nnet_dense.h:54->firmware/nnet_utils/nnet_dense.h:45->firmware/myproject.cpp:64) to 'dense_latency<ap_fixed<16, 6, 5, 3, 0>, ap_fixed<16, 6, 5, 3, 0>, config6>' [53]  (3.352 ns)

 <State 17>: 4.329ns
The critical path consists of the following:
	'call' operation 96 bit ('call_ret5', firmware/nnet_utils/nnet_dense.h:54->firmware/nnet_utils/nnet_dense.h:45->firmware/myproject.cpp:64) to 'dense_latency<ap_fixed<16, 6, 5, 3, 0>, ap_fixed<16, 6, 5, 3, 0>, config6>' [53]  (4.329 ns)

 <State 18>: 4.329ns
The critical path consists of the following:
	'call' operation 96 bit ('call_ret5', firmware/nnet_utils/nnet_dense.h:54->firmware/nnet_utils/nnet_dense.h:45->firmware/myproject.cpp:64) to 'dense_latency<ap_fixed<16, 6, 5, 3, 0>, ap_fixed<16, 6, 5, 3, 0>, config6>' [53]  (4.329 ns)

 <State 19>: 4.329ns
The critical path consists of the following:
	'call' operation 96 bit ('call_ret5', firmware/nnet_utils/nnet_dense.h:54->firmware/nnet_utils/nnet_dense.h:45->firmware/myproject.cpp:64) to 'dense_latency<ap_fixed<16, 6, 5, 3, 0>, ap_fixed<16, 6, 5, 3, 0>, config6>' [53]  (4.329 ns)

 <State 20>: 4.329ns
The critical path consists of the following:
	'call' operation 96 bit ('call_ret5', firmware/nnet_utils/nnet_dense.h:54->firmware/nnet_utils/nnet_dense.h:45->firmware/myproject.cpp:64) to 'dense_latency<ap_fixed<16, 6, 5, 3, 0>, ap_fixed<16, 6, 5, 3, 0>, config6>' [53]  (4.329 ns)

 <State 21>: 4.037ns
The critical path consists of the following:
	'call' operation 96 bit ('call_ret5', firmware/nnet_utils/nnet_dense.h:54->firmware/nnet_utils/nnet_dense.h:45->firmware/myproject.cpp:64) to 'dense_latency<ap_fixed<16, 6, 5, 3, 0>, ap_fixed<16, 6, 5, 3, 0>, config6>' [53]  (4.037 ns)

 <State 22>: 3.141ns
The critical path consists of the following:
	'call' operation 96 bit ('call_ret', firmware/myproject.cpp:66) to 'relu<ap_fixed<16, 6, 5, 3, 0>, ap_fixed<16, 6, 5, 3, 0>, relu_config7>' [60]  (3.141 ns)

 <State 23>: 3.352ns
The critical path consists of the following:
	'call' operation 128 bit ('call_ret6', firmware/nnet_utils/nnet_dense.h:54->firmware/nnet_utils/nnet_dense.h:45->firmware/myproject.cpp:68) to 'dense_latency<ap_fixed<16, 6, 5, 3, 0>, ap_fixed<16, 6, 5, 3, 0>, config8>' [67]  (3.352 ns)

 <State 24>: 4.373ns
The critical path consists of the following:
	'call' operation 128 bit ('call_ret6', firmware/nnet_utils/nnet_dense.h:54->firmware/nnet_utils/nnet_dense.h:45->firmware/myproject.cpp:68) to 'dense_latency<ap_fixed<16, 6, 5, 3, 0>, ap_fixed<16, 6, 5, 3, 0>, config8>' [67]  (4.373 ns)

 <State 25>: 4.373ns
The critical path consists of the following:
	'call' operation 128 bit ('call_ret6', firmware/nnet_utils/nnet_dense.h:54->firmware/nnet_utils/nnet_dense.h:45->firmware/myproject.cpp:68) to 'dense_latency<ap_fixed<16, 6, 5, 3, 0>, ap_fixed<16, 6, 5, 3, 0>, config8>' [67]  (4.373 ns)

 <State 26>: 4.373ns
The critical path consists of the following:
	'call' operation 128 bit ('call_ret6', firmware/nnet_utils/nnet_dense.h:54->firmware/nnet_utils/nnet_dense.h:45->firmware/myproject.cpp:68) to 'dense_latency<ap_fixed<16, 6, 5, 3, 0>, ap_fixed<16, 6, 5, 3, 0>, config8>' [67]  (4.373 ns)

 <State 27>: 4.373ns
The critical path consists of the following:
	'call' operation 128 bit ('call_ret6', firmware/nnet_utils/nnet_dense.h:54->firmware/nnet_utils/nnet_dense.h:45->firmware/myproject.cpp:68) to 'dense_latency<ap_fixed<16, 6, 5, 3, 0>, ap_fixed<16, 6, 5, 3, 0>, config8>' [67]  (4.373 ns)

 <State 28>: 4.373ns
The critical path consists of the following:
	'call' operation 128 bit ('call_ret6', firmware/nnet_utils/nnet_dense.h:54->firmware/nnet_utils/nnet_dense.h:45->firmware/myproject.cpp:68) to 'dense_latency<ap_fixed<16, 6, 5, 3, 0>, ap_fixed<16, 6, 5, 3, 0>, config8>' [67]  (4.373 ns)

 <State 29>: 4.037ns
The critical path consists of the following:
	'call' operation 128 bit ('call_ret6', firmware/nnet_utils/nnet_dense.h:54->firmware/nnet_utils/nnet_dense.h:45->firmware/myproject.cpp:68) to 'dense_latency<ap_fixed<16, 6, 5, 3, 0>, ap_fixed<16, 6, 5, 3, 0>, config8>' [67]  (4.037 ns)


============================================================
+ Verbose Summary: Binding
============================================================
N/A
* FSMD analyzer results:
  - Output states:
 - Input state : 
  - Chain level:
	State 1
	State 2
	State 3
	State 4
	State 5
	State 6
	State 7
	State 8
	State 9
	State 10
	State 11
	State 12
	State 13
	State 14
	State 15
	State 16
	State 17
	State 18
	State 19
	State 20
	State 21
	State 22
	State 23
	State 24
	State 25
	State 26
	State 27
	State 28
	State 29


============================================================
+ Verbose Summary: Datapath Resource usage 
============================================================
N/A
